=========================Fri Jul 26 19:34:46 2019
1564140930:3:2:0:75:1:-1:2:3:-1:-1:-1:-1:data:send
1564140930:2:5:0:75:-1:-1:-1:-1:-1:1:2:0:data:send
1564140932:2:5:-1:-1:-1:-1:-1:-1:-1:2:1:0:ack:recv
1564140940:3:2:1:75:1:-1:2:3:-1:-1:-1:-1:data:send
1564140940:2:5:1:75:-1:-1:-1:-1:-1:1:2:1:data:send
1564140942:2:5:-1:-1:-1:-1:-1:-1:-1:2:1:1:ack:recv
1564140950:3:2:2:75:1:-1:2:3:-1:-1:-1:-1:data:send
1564140950:2:5:2:75:-1:-1:-1:-1:-1:1:2:2:data:send
1564140952:2:5:-1:-1:-1:-1:-1:-1:-1:2:1:2:ack:recv
1564140960:3:2:3:75:1:-1:2:3:-1:-1:-1:-1:data:send
1564140960:2:5:3:75:-1:-1:-1:-1:-1:1:2:3:data:send
1564140962:2:5:-1:-1:-1:-1:-1:-1:-1:2:1:3:ack:recv
1564140970:3:2:4:75:1:-1:2:3:-1:-1:-1:-1:data:send
1564140970:2:5:4:75:-1:-1:-1:-1:-1:1:2:4:data:send
1564140972:2:5:-1:-1:-1:-1:-1:-1:-1:2:1:4:ack:recv
1564140980:3:2:5:75:1:-1:2:3:-1:-1:-1:-1:data:send
1564140980:2:5:5:75:-1:-1:-1:-1:-1:1:2:5:data:send
1564140982:2:5:-1:-1:-1:-1:-1:-1:-1:2:1:5:ack:recv
1564140990:3:2:6:75:1:-1:2:3:-1:-1:-1:-1:data:send
1564140990:2:5:6:75:-1:-1:-1:-1:-1:1:2:6:data:send
1564140992:2:5:-1:-1:-1:-1:-1:-1:-1:2:1:6:ack:recv
1564141000:3:2:7:75:1:-1:2:3:-1:-1:-1:-1:data:send
1564141000:2:5:7:75:-1:-1:-1:-1:-1:1:2:7:data:send
1564141002:2:5:-1:-1:-1:-1:-1:-1:-1:2:1:7:ack:recv
1564141010:3:2:8:75:1:-1:2:3:-1:-1:-1:-1:data:send
1564141010:2:5:8:75:-1:-1:-1:-1:-1:1:2:8:data:send
1564141012:2:5:-1:-1:-1:-1:-1:-1:-1:2:1:8:ack:recv
1564141020:3:2:9:75:1:-1:2:3:-1:-1:-1:-1:data:send
1564141020:2:5:9:75:-1:-1:-1:-1:-1:1:2:9:data:send
1564141028:2:5:9:75:-1:-1:-1:-1:-1:1:2:9:data:resend
1564141030:3:2:10:75:1:-1:2:3:-1:-1:-1:-1:data:send
1564141030:2:5:10:75:-1:-1:-1:-1:-1:1:2:10:data:send
1564141032:2:5:-1:-1:-1:-1:-1:-1:-1:2:1:10:ack:recv
1564141040:3:2:11:75:1:-1:2:3:-1:-1:-1:-1:data:send
1564141040:2:5:11:75:-1:-1:-1:-1:-1:1:2:11:data:send
1564141041:2:5:9:75:-1:-1:-1:-1:-1:1:2:9:data:resend
1564141050:3:2:12:75:1:-1:2:3:-1:-1:-1:-1:data:send
1564141050:2:5:12:75:-1:-1:-1:-1:-1:1:2:12:data:send
1564141052:2:5:9:75:-1:-1:-1:-1:-1:1:2:9:data:resend
1564141052:2:5:11:75:-1:-1:-1:-1:-1:1:2:11:data:resend
1564141054:2:5:-1:-1:-1:-1:-1:-1:-1:2:1:11:ack:recv
1564141056:2:5:12:75:-1:-1:-1:-1:-1:1:2:12:data:resend
1564141058:2:5:-1:-1:-1:-1:-1:-1:-1:2:1:12:ack:recv
1564141060:3:2:13:75:1:-1:2:3:-1:-1:-1:-1:data:send
1564141060:2:5:13:75:-1:-1:-1:-1:-1:1:2:13:data:send
1564141062:2:5:-1:-1:-1:-1:-1:-1:-1:2:1:13:ack:recv
1564141070:3:2:14:75:1:-1:2:3:-1:-1:-1:-1:data:send
1564141070:2:5:14:75:-1:-1:-1:-1:-1:1:2:14:data:send
1564141072:2:5:-1:-1:-1:-1:-1:-1:-1:2:1:14:ack:recv
1564141080:3:2:15:75:1:-1:2:3:-1:-1:-1:-1:data:send
1564141080:2:5:15:75:-1:-1:-1:-1:-1:1:2:15:data:send
1564141082:2:5:-1:-1:-1:-1:-1:-1:-1:2:1:15:ack:recv
1564141090:3:2:16:75:1:-1:2:3:-1:-1:-1:-1:data:send
1564141090:2:5:16:75:-1:-1:-1:-1:-1:1:2:16:data:send
1564141092:2:5:-1:-1:-1:-1:-1:-1:-1:2:1:16:ack:recv
1564141100:3:2:17:75:1:-1:2:3:-1:-1:-1:-1:data:send
1564141100:2:5:17:75:-1:-1:-1:-1:-1:1:2:17:data:send
1564141108:2:5:17:75:-1:-1:-1:-1:-1:1:2:17:data:resend
1564141110:3:2:18:75:1:-1:2:3:-1:-1:-1:-1:data:send
1564141110:2:5:18:75:-1:-1:-1:-1:-1:1:2:18:data:send
1564141112:2:5:-1:-1:-1:-1:-1:-1:-1:2:1:18:ack:recv
1564141116:2:5:17:75:-1:-1:-1:-1:-1:1:2:17:data:resend
1564141118:2:5:-1:-1:-1:-1:-1:-1:-1:2:1:17:ack:recv
1564141120:3:2:19:75:1:-1:2:3:-1:-1:-1:-1:data:send
1564141120:2:5:19:75:-1:-1:-1:-1:-1:1:2:19:data:send
1564141122:2:5:-1:-1:-1:-1:-1:-1:-1:2:1:19:ack:recv
1564141130:3:2:20:75:1:-1:2:3:-1:-1:-1:-1:data:send
1564141130:2:5:20:75:-1:-1:-1:-1:-1:1:2:20:data:send
1564141139:2:5:20:75:-1:-1:-1:-1:-1:1:2:20:data:resend
1564141140:3:2:21:75:1:-1:2:3:-1:-1:-1:-1:data:send
1564141140:2:5:21:75:-1:-1:-1:-1:-1:1:2:21:data:send
1564141141:2:5:-1:-1:-1:-1:-1:-1:-1:2:1:20:ack:recv
1564141150:2:5:21:75:-1:-1:-1:-1:-1:1:2:21:data:resend
1564141150:3:2:22:75:1:-1:2:3:-1:-1:-1:-1:data:send
1564141150:2:5:22:75:-1:-1:-1:-1:-1:1:2:22:data:send
1564141152:2:5:-1:-1:-1:-1:-1:-1:-1:2:1:21:ack:recv
1564141153:2:5:-1:-1:-1:-1:-1:-1:-1:2:1:22:ack:recv
1564141160:3:2:23:75:1:-1:2:3:-1:-1:-1:-1:data:send
1564141160:2:5:23:75:-1:-1:-1:-1:-1:1:2:23:data:send
1564141165:2:5:23:75:-1:-1:-1:-1:-1:1:2:23:data:resend
1564141170:2:5:23:75:-1:-1:-1:-1:-1:1:2:23:data:resend
1564141170:3:2:24:75:1:-1:2:3:-1:-1:-1:-1:data:send
1564141170:2:5:24:75:-1:-1:-1:-1:-1:1:2:24:data:send
1564141172:2:5:-1:-1:-1:-1:-1:-1:-1:2:1:23:ack:recv
1564141179:2:5:24:75:-1:-1:-1:-1:-1:1:2:24:data:resend
1564141180:3:2:25:75:1:-1:2:3:-1:-1:-1:-1:data:send
1564141180:2:5:25:75:-1:-1:-1:-1:-1:1:2:25:data:send
1564141181:2:5:-1:-1:-1:-1:-1:-1:-1:2:1:24:ack:recv
1564141187:2:5:25:75:-1:-1:-1:-1:-1:1:2:25:data:resend
1564141189:2:5:-1:-1:-1:-1:-1:-1:-1:2:1:25:ack:recv
1564141190:3:2:26:75:1:-1:2:3:-1:-1:-1:-1:data:send
1564141190:2:5:26:75:-1:-1:-1:-1:-1:1:2:26:data:send
1564141200:3:2:27:75:1:-1:2:3:-1:-1:-1:-1:data:send
1564141200:2:5:27:75:-1:-1:-1:-1:-1:1:2:27:data:send
1564141202:2:5:-1:-1:-1:-1:-1:-1:-1:2:1:27:ack:recv
1564141203:2:5:26:75:-1:-1:-1:-1:-1:1:2:26:data:resend
1564141205:2:5:-1:-1:-1:-1:-1:-1:-1:2:1:26:ack:recv
1564141210:3:2:28:75:1:-1:2:3:-1:-1:-1:-1:data:send
1564141210:2:5:28:75:-1:-1:-1:-1:-1:1:2:28:data:send
1564141212:2:5:-1:-1:-1:-1:-1:-1:-1:2:1:28:ack:recv
1564141220:3:2:29:75:1:-1:2:3:-1:-1:-1:-1:data:send
1564141220:2:5:29:75:-1:-1:-1:-1:-1:1:2:29:data:send
1564141222:2:5:-1:-1:-1:-1:-1:-1:-1:2:1:29:ack:recv
1564141230:3:2:30:75:1:-1:2:3:-1:-1:-1:-1:data:send
1564141230:2:5:30:75:-1:-1:-1:-1:-1:1:2:30:data:send
1564141232:2:5:-1:-1:-1:-1:-1:-1:-1:2:1:30:ack:recv
1564141240:3:2:31:75:1:-1:2:3:-1:-1:-1:-1:data:send
1564141240:2:5:31:75:-1:-1:-1:-1:-1:1:2:31:data:send
1564141242:2:5:-1:-1:-1:-1:-1:-1:-1:2:1:31:ack:recv
1564141250:3:2:32:75:1:-1:2:3:-1:-1:-1:-1:data:send
1564141250:2:5:32:75:-1:-1:-1:-1:-1:1:2:32:data:send
1564141258:2:5:32:75:-1:-1:-1:-1:-1:1:2:32:data:resend
1564141260:3:2:33:75:1:-1:2:3:-1:-1:-1:-1:data:send
1564141260:2:5:33:75:-1:-1:-1:-1:-1:1:2:33:data:send
1564141262:2:5:-1:-1:-1:-1:-1:-1:-1:2:1:33:ack:recv
1564141267:2:5:32:75:-1:-1:-1:-1:-1:1:2:32:data:resend
1564141269:2:5:-1:-1:-1:-1:-1:-1:-1:2:1:32:ack:recv
1564141270:3:2:34:75:1:-1:2:3:-1:-1:-1:-1:data:send
1564141270:2:5:34:75:-1:-1:-1:-1:-1:1:2:34:data:send
1564141280:3:2:35:75:1:-1:2:3:-1:-1:-1:-1:data:send
1564141280:2:5:35:75:-1:-1:-1:-1:-1:1:2:35:data:send
1564141281:2:5:34:75:-1:-1:-1:-1:-1:1:2:34:data:resend
1564141282:2:5:-1:-1:-1:-1:-1:-1:-1:2:1:35:ack:recv
1564141290:3:2:36:75:1:-1:2:3:-1:-1:-1:-1:data:send
1564141290:2:5:36:75:-1:-1:-1:-1:-1:1:2:36:data:send
1564141292:2:5:34:75:-1:-1:-1:-1:-1:1:2:34:data:resend
1564141294:2:5:-1:-1:-1:-1:-1:-1:-1:2:1:34:ack:recv
1564141300:3:2:37:75:1:-1:2:3:-1:-1:-1:-1:data:send
1564141300:2:5:37:75:-1:-1:-1:-1:-1:1:2:37:data:send
1564141302:2:5:36:75:-1:-1:-1:-1:-1:1:2:36:data:resend
1564141302:2:5:-1:-1:-1:-1:-1:-1:-1:2:1:37:ack:recv
1564141308:2:5:36:75:-1:-1:-1:-1:-1:1:2:36:data:resend
1564141310:3:2:38:75:1:-1:2:3:-1:-1:-1:-1:data:send
1564141310:2:5:38:75:-1:-1:-1:-1:-1:1:2:38:data:send
1564141317:2:5:36:75:-1:-1:-1:-1:-1:1:2:36:data:resend
1564141319:2:5:-1:-1:-1:-1:-1:-1:-1:2:1:36:ack:recv
1564141320:2:5:38:75:-1:-1:-1:-1:-1:1:2:38:data:resend
1564141320:3:2:39:75:1:-1:2:3:-1:-1:-1:-1:data:send
1564141320:2:5:39:75:-1:-1:-1:-1:-1:1:2:39:data:send
1564141323:2:5:-1:-1:-1:-1:-1:-1:-1:2:1:39:ack:recv
1564141330:3:2:40:75:1:-1:2:3:-1:-1:-1:-1:data:send
1564141330:2:5:40:75:-1:-1:-1:-1:-1:1:2:40:data:send
1564141331:2:5:38:75:-1:-1:-1:-1:-1:1:2:38:data:resend
1564141332:2:5:-1:-1:-1:-1:-1:-1:-1:2:1:40:ack:recv
1564141340:3:2:41:75:1:-1:2:3:-1:-1:-1:-1:data:send
1564141340:2:5:41:75:-1:-1:-1:-1:-1:1:2:41:data:send
1564141342:2:5:38:75:-1:-1:-1:-1:-1:1:2:38:data:resend
1564141344:2:5:-1:-1:-1:-1:-1:-1:-1:2:1:38:ack:recv
1564141350:3:2:42:75:1:-1:2:3:-1:-1:-1:-1:data:send
1564141350:2:5:42:75:-1:-1:-1:-1:-1:1:2:42:data:send
1564141352:2:5:-1:-1:-1:-1:-1:-1:-1:2:1:42:ack:recv
1564141353:2:5:41:75:-1:-1:-1:-1:-1:1:2:41:data:resend
1564141360:3:2:43:75:1:-1:2:3:-1:-1:-1:-1:data:send
1564141360:2:5:43:75:-1:-1:-1:-1:-1:1:2:43:data:send
1564141362:2:5:41:75:-1:-1:-1:-1:-1:1:2:41:data:resend
1564141364:2:5:-1:-1:-1:-1:-1:-1:-1:2:1:41:ack:recv
1564141369:2:5:43:75:-1:-1:-1:-1:-1:1:2:43:data:resend
1564141370:3:2:44:75:1:-1:2:3:-1:-1:-1:-1:data:send
1564141370:2:5:44:75:-1:-1:-1:-1:-1:1:2:44:data:send
1564141371:2:5:-1:-1:-1:-1:-1:-1:-1:2:1:43:ack:recv
1564141379:2:5:44:75:-1:-1:-1:-1:-1:1:2:44:data:resend
1564141380:3:2:45:75:1:-1:2:3:-1:-1:-1:-1:data:send
1564141380:2:5:45:75:-1:-1:-1:-1:-1:1:2:45:data:send
1564141381:2:5:-1:-1:-1:-1:-1:-1:-1:2:1:44:ack:recv
1564141390:3:2:46:75:1:-1:2:3:-1:-1:-1:-1:data:send
1564141390:2:5:46:75:-1:-1:-1:-1:-1:1:2:46:data:send
1564141391:2:5:45:75:-1:-1:-1:-1:-1:1:2:45:data:resend
1564141392:2:5:-1:-1:-1:-1:-1:-1:-1:2:1:46:ack:recv
1564141400:3:2:47:75:1:-1:2:3:-1:-1:-1:-1:data:send
1564141400:2:5:47:75:-1:-1:-1:-1:-1:1:2:47:data:send
1564141402:2:5:-1:-1:-1:-1:-1:-1:-1:2:1:47:ack:recv
1564141404:2:5:45:75:-1:-1:-1:-1:-1:1:2:45:data:resend
1564141406:2:5:-1:-1:-1:-1:-1:-1:-1:2:1:45:ack:recv
1564141410:3:2:48:75:1:-1:2:3:-1:-1:-1:-1:data:send
1564141410:2:5:48:75:-1:-1:-1:-1:-1:1:2:48:data:send
1564141412:2:5:-1:-1:-1:-1:-1:-1:-1:2:1:48:ack:recv
1564141420:3:2:49:75:1:-1:2:3:-1:-1:-1:-1:data:send
1564141420:2:5:49:75:-1:-1:-1:-1:-1:1:2:49:data:send
1564141422:2:5:-1:-1:-1:-1:-1:-1:-1:2:1:49:ack:recv
1564141430:3:2:50:75:1:-1:2:3:-1:-1:-1:-1:data:send
1564141430:2:5:50:75:-1:-1:-1:-1:-1:1:2:50:data:send
1564141432:2:5:-1:-1:-1:-1:-1:-1:-1:2:1:50:ack:recv
1564141440:3:2:51:75:1:-1:2:3:-1:-1:-1:-1:data:send
1564141440:2:5:51:75:-1:-1:-1:-1:-1:1:2:51:data:send
1564141442:2:5:-1:-1:-1:-1:-1:-1:-1:2:1:51:ack:recv
1564141450:3:2:52:75:1:-1:2:3:-1:-1:-1:-1:data:send
1564141450:2:5:52:75:-1:-1:-1:-1:-1:1:2:52:data:send
1564141452:2:5:-1:-1:-1:-1:-1:-1:-1:2:1:52:ack:recv
1564141460:3:2:53:75:1:-1:2:3:-1:-1:-1:-1:data:send
1564141460:2:5:53:75:-1:-1:-1:-1:-1:1:2:53:data:send
1564141462:2:5:-1:-1:-1:-1:-1:-1:-1:2:1:53:ack:recv
1564141470:3:2:54:75:1:-1:2:3:-1:-1:-1:-1:data:send
1564141470:2:5:54:75:-1:-1:-1:-1:-1:1:2:54:data:send
1564141472:2:5:-1:-1:-1:-1:-1:-1:-1:2:1:54:ack:recv
1564141480:3:2:55:75:1:-1:2:3:-1:-1:-1:-1:data:send
1564141480:2:5:55:75:-1:-1:-1:-1:-1:1:2:55:data:send
1564141485:2:5:55:75:-1:-1:-1:-1:-1:1:2:55:data:resend
1564141487:2:5:-1:-1:-1:-1:-1:-1:-1:2:1:55:ack:recv
1564141490:3:2:56:75:1:-1:2:3:-1:-1:-1:-1:data:send
1564141490:2:5:56:75:-1:-1:-1:-1:-1:1:2:56:data:send
1564141500:3:2:57:75:1:-1:2:3:-1:-1:-1:-1:data:send
1564141500:2:5:57:75:-1:-1:-1:-1:-1:1:2:57:data:send
1564141502:2:5:56:75:-1:-1:-1:-1:-1:1:2:56:data:resend
1564141504:2:5:-1:-1:-1:-1:-1:-1:-1:2:1:56:ack:recv
1564141510:3:2:58:75:1:-1:2:3:-1:-1:-1:-1:data:send
1564141510:2:5:58:75:-1:-1:-1:-1:-1:1:2:58:data:send
1564141511:2:5:57:75:-1:-1:-1:-1:-1:1:2:57:data:resend
1564141512:2:5:-1:-1:-1:-1:-1:-1:-1:2:1:58:ack:recv
1564141517:2:5:57:75:-1:-1:-1:-1:-1:1:2:57:data:resend
1564141519:2:5:-1:-1:-1:-1:-1:-1:-1:2:1:57:ack:recv
1564141520:3:2:59:75:1:-1:2:3:-1:-1:-1:-1:data:send
1564141520:2:5:59:75:-1:-1:-1:-1:-1:1:2:59:data:send
1564141522:2:5:-1:-1:-1:-1:-1:-1:-1:2:1:59:ack:recv
1564141530:3:2:60:75:1:-1:2:3:-1:-1:-1:-1:data:send
1564141530:2:5:60:75:-1:-1:-1:-1:-1:1:2:60:data:send
1564141532:2:5:-1:-1:-1:-1:-1:-1:-1:2:1:60:ack:recv
1564141540:3:2:61:75:1:-1:2:3:-1:-1:-1:-1:data:send
1564141540:2:5:61:75:-1:-1:-1:-1:-1:1:2:61:data:send
1564141547:2:5:61:75:-1:-1:-1:-1:-1:1:2:61:data:resend
1564141549:2:5:-1:-1:-1:-1:-1:-1:-1:2:1:61:ack:recv
1564141550:3:2:62:75:1:-1:2:3:-1:-1:-1:-1:data:send
1564141550:2:5:62:75:-1:-1:-1:-1:-1:1:2:62:data:send
1564141552:2:5:-1:-1:-1:-1:-1:-1:-1:2:1:62:ack:recv
