=========================Fri Jul 26 19:34:47 2019
1564140931:2:5:0:75:-1:-1:-1:-1:-1:1:2:0:data:recv
1564140931:2:5:-1:-1:-1:-1:-1:-1:-1:2:1:0:ack:send
1564140931:3:2:0:75:1:-1:3:3:-1:-1:-1:-1:data:forward
1564140931:2:5:0:75:-1:-1:-1:-1:-1:2:3:0:data:send
1564140933:2:5:-1:-1:-1:-1:-1:-1:-1:3:2:0:ack:recv
1564140941:2:5:1:75:-1:-1:-1:-1:-1:1:2:1:data:recv
1564140941:2:5:-1:-1:-1:-1:-1:-1:-1:2:1:1:ack:send
1564140941:3:2:1:75:1:-1:3:3:-1:-1:-1:-1:data:forward
1564140941:2:5:1:75:-1:-1:-1:-1:-1:2:3:1:data:send
1564140943:2:5:-1:-1:-1:-1:-1:-1:-1:3:2:1:ack:recv
1564140951:2:5:2:75:-1:-1:-1:-1:-1:1:2:2:data:recv
1564140951:2:5:-1:-1:-1:-1:-1:-1:-1:2:1:2:ack:send
1564140951:3:2:2:75:1:-1:3:3:-1:-1:-1:-1:data:forward
1564140951:2:5:2:75:-1:-1:-1:-1:-1:2:3:2:data:send
1564140961:2:5:3:75:-1:-1:-1:-1:-1:1:2:3:data:recv
1564140961:2:5:-1:-1:-1:-1:-1:-1:-1:2:1:3:ack:send
1564140961:3:2:3:75:1:-1:3:3:-1:-1:-1:-1:data:forward
1564140961:2:5:3:75:-1:-1:-1:-1:-1:2:3:3:data:send
1564140963:2:5:-1:-1:-1:-1:-1:-1:-1:3:2:3:ack:recv
1564140964:2:5:2:75:-1:-1:-1:-1:-1:2:3:2:data:resend
1564140966:2:5:-1:-1:-1:-1:-1:-1:-1:3:2:2:ack:recv
1564140971:2:5:4:75:-1:-1:-1:-1:-1:1:2:4:data:recv
1564140971:2:5:-1:-1:-1:-1:-1:-1:-1:2:1:4:ack:send
1564140971:3:2:4:75:1:-1:3:3:-1:-1:-1:-1:data:forward
1564140971:2:5:4:75:-1:-1:-1:-1:-1:2:3:4:data:send
1564140973:2:5:-1:-1:-1:-1:-1:-1:-1:3:2:4:ack:recv
1564140981:2:5:5:75:-1:-1:-1:-1:-1:1:2:5:data:recv
1564140981:2:5:-1:-1:-1:-1:-1:-1:-1:2:1:5:ack:send
1564140981:3:2:5:75:1:-1:3:3:-1:-1:-1:-1:data:forward
1564140981:2:5:5:75:-1:-1:-1:-1:-1:2:3:5:data:send
1564140983:2:5:-1:-1:-1:-1:-1:-1:-1:3:2:5:ack:recv
1564140991:2:5:6:75:-1:-1:-1:-1:-1:1:2:6:data:recv
1564140991:2:5:-1:-1:-1:-1:-1:-1:-1:2:1:6:ack:send
1564140991:3:2:6:75:1:-1:3:3:-1:-1:-1:-1:data:forward
1564140991:2:5:6:75:-1:-1:-1:-1:-1:2:3:6:data:send
1564140993:2:5:-1:-1:-1:-1:-1:-1:-1:3:2:6:ack:recv
1564141001:2:5:7:75:-1:-1:-1:-1:-1:1:2:7:data:recv
1564141001:2:5:-1:-1:-1:-1:-1:-1:-1:2:1:7:ack:send
1564141001:3:2:7:75:1:-1:3:3:-1:-1:-1:-1:data:forward
1564141001:2:5:7:75:-1:-1:-1:-1:-1:2:3:7:data:send
1564141003:2:5:-1:-1:-1:-1:-1:-1:-1:3:2:7:ack:recv
1564141011:2:5:8:75:-1:-1:-1:-1:-1:1:2:8:data:recv
1564141011:2:5:-1:-1:-1:-1:-1:-1:-1:2:1:8:ack:send
1564141011:3:2:8:75:1:-1:3:3:-1:-1:-1:-1:data:forward
1564141011:2:5:8:75:-1:-1:-1:-1:-1:2:3:8:data:send
1564141013:2:5:-1:-1:-1:-1:-1:-1:-1:3:2:8:ack:recv
1564141021:2:5:9:75:-1:-1:-1:-1:-1:1:2:9:data:recv
1564141021:2:5:-1:-1:-1:-1:-1:-1:-1:2:1:9:ack:send
1564141021:3:2:9:75:1:-1:3:3:-1:-1:-1:-1:data:forward
1564141021:2:5:9:75:-1:-1:-1:-1:-1:2:3:9:data:send
1564141023:2:5:-1:-1:-1:-1:-1:-1:-1:3:2:9:ack:recv
1564141029:2:5:9:75:-1:-1:-1:-1:-1:1:2:9:data:recv
1564141029:2:5:-1:-1:-1:-1:-1:-1:-1:2:1:9:ack:send
1564141031:2:5:10:75:-1:-1:-1:-1:-1:1:2:10:data:recv
1564141031:2:5:-1:-1:-1:-1:-1:-1:-1:2:1:10:ack:send
1564141031:3:2:10:75:1:-1:3:3:-1:-1:-1:-1:data:forward
1564141031:2:5:10:75:-1:-1:-1:-1:-1:2:3:10:data:send
1564141033:2:5:-1:-1:-1:-1:-1:-1:-1:3:2:10:ack:recv
1564141041:2:5:11:75:-1:-1:-1:-1:-1:1:2:11:data:recv
1564141041:2:5:-1:-1:-1:-1:-1:-1:-1:2:1:11:ack:send
1564141041:3:2:11:75:1:-1:3:3:-1:-1:-1:-1:data:forward
1564141041:2:5:11:75:-1:-1:-1:-1:-1:2:3:11:data:send
1564141043:2:5:-1:-1:-1:-1:-1:-1:-1:3:2:11:ack:recv
1564141051:2:5:12:75:-1:-1:-1:-1:-1:1:2:12:data:recv
1564141051:2:5:-1:-1:-1:-1:-1:-1:-1:2:1:12:ack:send
1564141051:3:2:12:75:1:-1:3:3:-1:-1:-1:-1:data:forward
1564141051:2:5:12:75:-1:-1:-1:-1:-1:2:3:12:data:send
1564141054:2:5:11:75:-1:-1:-1:-1:-1:1:2:11:data:recv
1564141054:2:5:-1:-1:-1:-1:-1:-1:-1:2:1:11:ack:send
1564141057:2:5:12:75:-1:-1:-1:-1:-1:1:2:12:data:recv
1564141057:2:5:-1:-1:-1:-1:-1:-1:-1:2:1:12:ack:send
1564141061:2:5:13:75:-1:-1:-1:-1:-1:1:2:13:data:recv
1564141061:2:5:-1:-1:-1:-1:-1:-1:-1:2:1:13:ack:send
1564141061:3:2:13:75:1:-1:3:3:-1:-1:-1:-1:data:forward
1564141061:2:5:13:75:-1:-1:-1:-1:-1:2:3:13:data:send
1564141063:2:5:12:75:-1:-1:-1:-1:-1:2:3:12:data:resend
1564141065:2:5:-1:-1:-1:-1:-1:-1:-1:3:2:12:ack:recv
1564141069:2:5:13:75:-1:-1:-1:-1:-1:2:3:13:data:resend
1564141071:2:5:14:75:-1:-1:-1:-1:-1:1:2:14:data:recv
1564141071:2:5:-1:-1:-1:-1:-1:-1:-1:2:1:14:ack:send
1564141071:3:2:14:75:1:-1:3:3:-1:-1:-1:-1:data:forward
1564141071:2:5:14:75:-1:-1:-1:-1:-1:2:3:14:data:send
1564141073:2:5:-1:-1:-1:-1:-1:-1:-1:3:2:14:ack:recv
1564141081:2:5:15:75:-1:-1:-1:-1:-1:1:2:15:data:recv
1564141081:2:5:-1:-1:-1:-1:-1:-1:-1:2:1:15:ack:send
1564141081:3:2:15:75:1:-1:3:3:-1:-1:-1:-1:data:forward
1564141081:2:5:15:75:-1:-1:-1:-1:-1:2:3:15:data:send
1564141082:2:5:13:75:-1:-1:-1:-1:-1:2:3:13:data:resend
1564141083:2:5:-1:-1:-1:-1:-1:-1:-1:3:2:15:ack:recv
1564141084:2:5:-1:-1:-1:-1:-1:-1:-1:3:2:13:ack:recv
1564141091:2:5:16:75:-1:-1:-1:-1:-1:1:2:16:data:recv
1564141091:2:5:-1:-1:-1:-1:-1:-1:-1:2:1:16:ack:send
1564141091:3:2:16:75:1:-1:3:3:-1:-1:-1:-1:data:forward
1564141091:2:5:16:75:-1:-1:-1:-1:-1:2:3:16:data:send
1564141101:2:5:16:75:-1:-1:-1:-1:-1:2:3:16:data:resend
1564141101:2:5:17:75:-1:-1:-1:-1:-1:1:2:17:data:recv
1564141101:2:5:-1:-1:-1:-1:-1:-1:-1:2:1:17:ack:send
1564141101:3:2:17:75:1:-1:3:3:-1:-1:-1:-1:data:forward
1564141101:2:5:17:75:-1:-1:-1:-1:-1:2:3:17:data:send
1564141103:2:5:-1:-1:-1:-1:-1:-1:-1:3:2:16:ack:recv
1564141109:2:5:17:75:-1:-1:-1:-1:-1:1:2:17:data:recv
1564141109:2:5:-1:-1:-1:-1:-1:-1:-1:2:1:17:ack:send
1564141111:2:5:18:75:-1:-1:-1:-1:-1:1:2:18:data:recv
1564141111:2:5:-1:-1:-1:-1:-1:-1:-1:2:1:18:ack:send
1564141111:3:2:18:75:1:-1:3:3:-1:-1:-1:-1:data:forward
1564141111:2:5:18:75:-1:-1:-1:-1:-1:2:3:18:data:send
1564141113:2:5:-1:-1:-1:-1:-1:-1:-1:3:2:18:ack:recv
1564141114:2:5:17:75:-1:-1:-1:-1:-1:2:3:17:data:resend
1564141116:2:5:-1:-1:-1:-1:-1:-1:-1:3:2:17:ack:recv
1564141117:2:5:17:75:-1:-1:-1:-1:-1:1:2:17:data:recv
1564141117:2:5:-1:-1:-1:-1:-1:-1:-1:2:1:17:ack:send
1564141121:2:5:19:75:-1:-1:-1:-1:-1:1:2:19:data:recv
1564141121:2:5:-1:-1:-1:-1:-1:-1:-1:2:1:19:ack:send
1564141121:3:2:19:75:1:-1:3:3:-1:-1:-1:-1:data:forward
1564141121:2:5:19:75:-1:-1:-1:-1:-1:2:3:19:data:send
1564141123:2:5:-1:-1:-1:-1:-1:-1:-1:3:2:19:ack:recv
1564141140:2:5:20:75:-1:-1:-1:-1:-1:1:2:20:data:recv
1564141140:2:5:-1:-1:-1:-1:-1:-1:-1:2:1:20:ack:send
1564141140:3:2:20:75:1:-1:3:3:-1:-1:-1:-1:data:forward
1564141140:2:5:20:75:-1:-1:-1:-1:-1:2:3:20:data:send
1564141142:2:5:-1:-1:-1:-1:-1:-1:-1:3:2:20:ack:recv
1564141151:2:5:21:75:-1:-1:-1:-1:-1:1:2:21:data:recv
1564141151:2:5:-1:-1:-1:-1:-1:-1:-1:2:1:21:ack:send
1564141151:3:2:21:75:1:-1:3:3:-1:-1:-1:-1:data:forward
1564141151:2:5:21:75:-1:-1:-1:-1:-1:2:3:21:data:send
1564141152:2:5:22:75:-1:-1:-1:-1:-1:1:2:22:data:recv
1564141152:2:5:-1:-1:-1:-1:-1:-1:-1:2:1:22:ack:send
1564141152:3:2:22:75:1:-1:3:3:-1:-1:-1:-1:data:forward
1564141152:2:5:22:75:-1:-1:-1:-1:-1:2:3:22:data:send
1564141157:2:5:21:75:-1:-1:-1:-1:-1:2:3:21:data:resend
1564141161:2:5:23:75:-1:-1:-1:-1:-1:1:2:23:data:recv
1564141161:2:5:-1:-1:-1:-1:-1:-1:-1:2:1:23:ack:send
1564141161:3:2:23:75:1:-1:3:3:-1:-1:-1:-1:data:forward
1564141161:2:5:23:75:-1:-1:-1:-1:-1:2:3:23:data:send
1564141163:2:5:22:75:-1:-1:-1:-1:-1:2:3:22:data:resend
1564141165:2:5:-1:-1:-1:-1:-1:-1:-1:3:2:22:ack:recv
1564141166:2:5:21:75:-1:-1:-1:-1:-1:2:3:21:data:resend
1564141166:2:5:23:75:-1:-1:-1:-1:-1:1:2:23:data:recv
1564141166:2:5:-1:-1:-1:-1:-1:-1:-1:2:1:23:ack:send
1564141168:2:5:-1:-1:-1:-1:-1:-1:-1:3:2:21:ack:recv
1564141171:2:5:23:75:-1:-1:-1:-1:-1:1:2:23:data:recv
1564141171:2:5:-1:-1:-1:-1:-1:-1:-1:2:1:23:ack:send
1564141174:2:5:23:75:-1:-1:-1:-1:-1:2:3:23:data:resend
1564141176:2:5:-1:-1:-1:-1:-1:-1:-1:3:2:23:ack:recv
1564141180:2:5:24:75:-1:-1:-1:-1:-1:1:2:24:data:recv
1564141180:2:5:-1:-1:-1:-1:-1:-1:-1:2:1:24:ack:send
1564141180:3:2:24:75:1:-1:3:3:-1:-1:-1:-1:data:forward
1564141180:2:5:24:75:-1:-1:-1:-1:-1:2:3:24:data:send
1564141183:2:5:-1:-1:-1:-1:-1:-1:-1:3:2:24:ack:recv
1564141188:2:5:25:75:-1:-1:-1:-1:-1:1:2:25:data:recv
1564141188:2:5:-1:-1:-1:-1:-1:-1:-1:2:1:25:ack:send
1564141188:3:2:25:75:1:-1:3:3:-1:-1:-1:-1:data:forward
1564141188:2:5:25:75:-1:-1:-1:-1:-1:2:3:25:data:send
1564141191:2:5:-1:-1:-1:-1:-1:-1:-1:3:2:25:ack:recv
1564141201:2:5:27:75:-1:-1:-1:-1:-1:1:2:27:data:recv
1564141201:2:5:-1:-1:-1:-1:-1:-1:-1:2:1:27:ack:send
1564141201:3:2:27:75:1:-1:3:3:-1:-1:-1:-1:data:forward
1564141201:2:5:27:75:-1:-1:-1:-1:-1:2:3:26:data:send
1564141204:2:5:-1:-1:-1:-1:-1:-1:-1:3:2:26:ack:recv
1564141204:2:5:26:75:-1:-1:-1:-1:-1:1:2:26:data:recv
1564141204:2:5:-1:-1:-1:-1:-1:-1:-1:2:1:26:ack:send
1564141204:3:2:26:75:1:-1:3:3:-1:-1:-1:-1:data:forward
1564141204:2:5:26:75:-1:-1:-1:-1:-1:2:3:27:data:send
1564141207:2:5:-1:-1:-1:-1:-1:-1:-1:3:2:27:ack:recv
1564141211:2:5:28:75:-1:-1:-1:-1:-1:1:2:28:data:recv
1564141211:2:5:-1:-1:-1:-1:-1:-1:-1:2:1:28:ack:send
1564141211:3:2:28:75:1:-1:3:3:-1:-1:-1:-1:data:forward
1564141211:2:5:28:75:-1:-1:-1:-1:-1:2:3:28:data:send
1564141214:2:5:-1:-1:-1:-1:-1:-1:-1:3:2:28:ack:recv
1564141221:2:5:29:75:-1:-1:-1:-1:-1:1:2:29:data:recv
1564141221:2:5:-1:-1:-1:-1:-1:-1:-1:2:1:29:ack:send
1564141221:3:2:29:75:1:-1:3:3:-1:-1:-1:-1:data:forward
1564141221:2:5:29:75:-1:-1:-1:-1:-1:2:3:29:data:send
1564141224:2:5:-1:-1:-1:-1:-1:-1:-1:3:2:29:ack:recv
1564141231:2:5:30:75:-1:-1:-1:-1:-1:1:2:30:data:recv
1564141231:2:5:-1:-1:-1:-1:-1:-1:-1:2:1:30:ack:send
1564141231:3:2:30:75:1:-1:3:3:-1:-1:-1:-1:data:forward
1564141231:2:5:30:75:-1:-1:-1:-1:-1:2:3:30:data:send
1564141234:2:5:-1:-1:-1:-1:-1:-1:-1:3:2:30:ack:recv
1564141241:2:5:31:75:-1:-1:-1:-1:-1:1:2:31:data:recv
1564141241:2:5:-1:-1:-1:-1:-1:-1:-1:2:1:31:ack:send
1564141241:3:2:31:75:1:-1:3:3:-1:-1:-1:-1:data:forward
1564141241:2:5:31:75:-1:-1:-1:-1:-1:2:3:31:data:send
1564141244:2:5:-1:-1:-1:-1:-1:-1:-1:3:2:31:ack:recv
1564141259:2:5:32:75:-1:-1:-1:-1:-1:1:2:32:data:recv
1564141259:2:5:-1:-1:-1:-1:-1:-1:-1:2:1:32:ack:send
1564141259:3:2:32:75:1:-1:3:3:-1:-1:-1:-1:data:forward
1564141259:2:5:32:75:-1:-1:-1:-1:-1:2:3:32:data:send
1564141261:2:5:33:75:-1:-1:-1:-1:-1:1:2:33:data:recv
1564141261:2:5:-1:-1:-1:-1:-1:-1:-1:2:1:33:ack:send
1564141261:3:2:33:75:1:-1:3:3:-1:-1:-1:-1:data:forward
1564141261:2:5:33:75:-1:-1:-1:-1:-1:2:3:33:data:send
1564141264:2:5:-1:-1:-1:-1:-1:-1:-1:3:2:33:ack:recv
1564141268:2:5:32:75:-1:-1:-1:-1:-1:1:2:32:data:recv
1564141268:2:5:-1:-1:-1:-1:-1:-1:-1:2:1:32:ack:send
1564141269:2:5:32:75:-1:-1:-1:-1:-1:2:3:32:data:resend
1564141275:2:5:32:75:-1:-1:-1:-1:-1:2:3:32:data:resend
1564141278:2:5:-1:-1:-1:-1:-1:-1:-1:3:2:32:ack:recv
1564141281:2:5:35:75:-1:-1:-1:-1:-1:1:2:35:data:recv
1564141281:2:5:-1:-1:-1:-1:-1:-1:-1:2:1:35:ack:send
1564141281:3:2:35:75:1:-1:3:3:-1:-1:-1:-1:data:forward
1564141281:2:5:35:75:-1:-1:-1:-1:-1:2:3:34:data:send
1564141284:2:5:-1:-1:-1:-1:-1:-1:-1:3:2:34:ack:recv
1564141291:2:5:36:75:-1:-1:-1:-1:-1:1:2:36:data:recv
1564141291:2:5:-1:-1:-1:-1:-1:-1:-1:2:1:36:ack:send
1564141291:3:2:36:75:1:-1:3:3:-1:-1:-1:-1:data:forward
1564141291:2:5:36:75:-1:-1:-1:-1:-1:2:3:35:data:send
1564141293:2:5:34:75:-1:-1:-1:-1:-1:1:2:34:data:recv
1564141293:2:5:-1:-1:-1:-1:-1:-1:-1:2:1:34:ack:send
1564141293:3:2:34:75:1:-1:3:3:-1:-1:-1:-1:data:forward
1564141293:2:5:34:75:-1:-1:-1:-1:-1:2:3:36:data:send
1564141296:2:5:-1:-1:-1:-1:-1:-1:-1:3:2:36:ack:recv
1564141299:2:5:36:75:-1:-1:-1:-1:-1:2:3:35:data:resend
1564141301:2:5:37:74:-1:-1:-1:-1:-1:1:2:37:data:recv
1564141301:2:5:-1:-1:-1:-1:-1:-1:-1:2:1:37:ack:send
1564141301:3:2:37:74:1:-1:3:3:-1:-1:-1:-1:data:forward
1564141301:2:5:37:74:-1:-1:-1:-1:-1:2:3:37:data:send
1564141304:2:5:-1:-1:-1:-1:-1:-1:-1:3:2:37:ack:recv
1564141309:2:5:36:75:-1:-1:-1:-1:-1:1:2:36:data:recv
1564141309:2:5:-1:-1:-1:-1:-1:-1:-1:2:1:36:ack:send
1564141310:2:5:36:75:-1:-1:-1:-1:-1:2:3:35:data:resend
1564141313:2:5:-1:-1:-1:-1:-1:-1:-1:3:2:35:ack:recv
1564141318:2:5:36:75:-1:-1:-1:-1:-1:1:2:36:data:recv
1564141318:2:5:-1:-1:-1:-1:-1:-1:-1:2:1:36:ack:send
1564141322:2:5:39:75:-1:-1:-1:-1:-1:1:2:39:data:recv
1564141322:2:5:-1:-1:-1:-1:-1:-1:-1:2:1:39:ack:send
1564141322:3:2:39:75:1:-1:3:3:-1:-1:-1:-1:data:forward
1564141322:2:5:39:75:-1:-1:-1:-1:-1:2:3:38:data:send
1564141324:2:5:-1:-1:-1:-1:-1:-1:-1:3:2:38:ack:recv
1564141331:2:5:40:75:-1:-1:-1:-1:-1:1:2:40:data:recv
1564141331:2:5:-1:-1:-1:-1:-1:-1:-1:2:1:40:ack:send
1564141331:3:2:40:75:1:-1:3:3:-1:-1:-1:-1:data:forward
1564141331:2:5:40:75:-1:-1:-1:-1:-1:2:3:39:data:send
1564141334:2:5:-1:-1:-1:-1:-1:-1:-1:3:2:39:ack:recv
1564141341:2:5:41:75:-1:-1:-1:-1:-1:1:2:41:data:recv
1564141341:2:5:-1:-1:-1:-1:-1:-1:-1:2:1:41:ack:send
1564141341:3:2:41:75:1:-1:3:3:-1:-1:-1:-1:data:forward
1564141341:2:5:41:75:-1:-1:-1:-1:-1:2:3:40:data:send
1564141343:2:5:38:75:-1:-1:-1:-1:-1:1:2:38:data:recv
1564141343:2:5:-1:-1:-1:-1:-1:-1:-1:2:1:38:ack:send
1564141343:3:2:38:75:1:-1:3:3:-1:-1:-1:-1:data:forward
1564141343:2:5:38:75:-1:-1:-1:-1:-1:2:3:41:data:send
1564141346:2:5:-1:-1:-1:-1:-1:-1:-1:3:2:41:ack:recv
1564141351:2:5:42:75:-1:-1:-1:-1:-1:1:2:42:data:recv
1564141351:2:5:-1:-1:-1:-1:-1:-1:-1:2:1:42:ack:send
1564141351:3:2:42:75:1:-1:3:3:-1:-1:-1:-1:data:forward
1564141351:2:5:42:75:-1:-1:-1:-1:-1:2:3:42:data:send
1564141353:2:5:41:75:-1:-1:-1:-1:-1:2:3:40:data:resend
1564141356:2:5:-1:-1:-1:-1:-1:-1:-1:3:2:40:ack:recv
1564141360:2:5:42:75:-1:-1:-1:-1:-1:2:3:42:data:resend
1564141363:2:5:-1:-1:-1:-1:-1:-1:-1:3:2:42:ack:recv
1564141363:2:5:41:75:-1:-1:-1:-1:-1:1:2:41:data:recv
1564141363:2:5:-1:-1:-1:-1:-1:-1:-1:2:1:41:ack:send
1564141370:2:5:43:75:-1:-1:-1:-1:-1:1:2:43:data:recv
1564141370:2:5:-1:-1:-1:-1:-1:-1:-1:2:1:43:ack:send
1564141370:3:2:43:75:1:-1:3:3:-1:-1:-1:-1:data:forward
1564141371:2:5:43:75:-1:-1:-1:-1:-1:2:3:43:data:send
1564141373:2:5:-1:-1:-1:-1:-1:-1:-1:3:2:43:ack:recv
1564141381:2:5:44:75:-1:-1:-1:-1:-1:1:2:44:data:recv
1564141381:2:5:-1:-1:-1:-1:-1:-1:-1:2:1:44:ack:send
1564141381:3:2:44:75:1:-1:3:3:-1:-1:-1:-1:data:forward
1564141381:2:5:44:75:-1:-1:-1:-1:-1:2:3:44:data:send
1564141383:2:5:-1:-1:-1:-1:-1:-1:-1:3:2:44:ack:recv
1564141392:2:5:46:75:-1:-1:-1:-1:-1:1:2:46:data:recv
1564141392:2:5:-1:-1:-1:-1:-1:-1:-1:2:1:46:ack:send
1564141392:3:2:46:75:1:-1:3:3:-1:-1:-1:-1:data:forward
1564141392:2:5:46:75:-1:-1:-1:-1:-1:2:3:45:data:send
1564141394:2:5:-1:-1:-1:-1:-1:-1:-1:3:2:45:ack:recv
1564141402:2:5:47:75:-1:-1:-1:-1:-1:1:2:47:data:recv
1564141402:2:5:-1:-1:-1:-1:-1:-1:-1:2:1:47:ack:send
1564141402:3:2:47:75:1:-1:3:3:-1:-1:-1:-1:data:forward
1564141402:2:5:47:75:-1:-1:-1:-1:-1:2:3:46:data:send
1564141404:2:5:-1:-1:-1:-1:-1:-1:-1:3:2:46:ack:recv
1564141406:2:5:45:75:-1:-1:-1:-1:-1:1:2:45:data:recv
1564141406:2:5:-1:-1:-1:-1:-1:-1:-1:2:1:45:ack:send
1564141406:3:2:45:75:1:-1:3:3:-1:-1:-1:-1:data:forward
1564141406:2:5:45:75:-1:-1:-1:-1:-1:2:3:47:data:send
1564141408:2:5:-1:-1:-1:-1:-1:-1:-1:3:2:47:ack:recv
1564141412:2:5:48:75:-1:-1:-1:-1:-1:1:2:48:data:recv
1564141412:2:5:-1:-1:-1:-1:-1:-1:-1:2:1:48:ack:send
1564141412:3:2:48:75:1:-1:3:3:-1:-1:-1:-1:data:forward
1564141412:2:5:48:75:-1:-1:-1:-1:-1:2:3:48:data:send
1564141414:2:5:-1:-1:-1:-1:-1:-1:-1:3:2:48:ack:recv
1564141422:2:5:49:75:-1:-1:-1:-1:-1:1:2:49:data:recv
1564141422:2:5:-1:-1:-1:-1:-1:-1:-1:2:1:49:ack:send
1564141422:3:2:49:75:1:-1:3:3:-1:-1:-1:-1:data:forward
1564141422:2:5:49:75:-1:-1:-1:-1:-1:2:3:49:data:send
1564141424:2:5:-1:-1:-1:-1:-1:-1:-1:3:2:49:ack:recv
1564141432:2:5:50:75:-1:-1:-1:-1:-1:1:2:50:data:recv
1564141432:2:5:-1:-1:-1:-1:-1:-1:-1:2:1:50:ack:send
1564141432:3:2:50:75:1:-1:3:3:-1:-1:-1:-1:data:forward
1564141432:2:5:50:75:-1:-1:-1:-1:-1:2:3:50:data:send
1564141434:2:5:-1:-1:-1:-1:-1:-1:-1:3:2:50:ack:recv
1564141442:2:5:51:75:-1:-1:-1:-1:-1:1:2:51:data:recv
1564141442:2:5:-1:-1:-1:-1:-1:-1:-1:2:1:51:ack:send
1564141442:3:2:51:75:1:-1:3:3:-1:-1:-1:-1:data:forward
1564141442:2:5:51:75:-1:-1:-1:-1:-1:2:3:51:data:send
1564141444:2:5:-1:-1:-1:-1:-1:-1:-1:3:2:51:ack:recv
1564141452:2:5:52:75:-1:-1:-1:-1:-1:1:2:52:data:recv
1564141452:2:5:-1:-1:-1:-1:-1:-1:-1:2:1:52:ack:send
1564141452:3:2:52:75:1:-1:3:3:-1:-1:-1:-1:data:forward
1564141452:2:5:52:75:-1:-1:-1:-1:-1:2:3:52:data:send
1564141454:2:5:-1:-1:-1:-1:-1:-1:-1:3:2:52:ack:recv
1564141462:2:5:53:75:-1:-1:-1:-1:-1:1:2:53:data:recv
1564141462:2:5:-1:-1:-1:-1:-1:-1:-1:2:1:53:ack:send
1564141462:3:2:53:75:1:-1:3:3:-1:-1:-1:-1:data:forward
1564141462:2:5:53:75:-1:-1:-1:-1:-1:2:3:53:data:send
1564141464:2:5:-1:-1:-1:-1:-1:-1:-1:3:2:53:ack:recv
1564141472:2:5:54:75:-1:-1:-1:-1:-1:1:2:54:data:recv
1564141472:2:5:-1:-1:-1:-1:-1:-1:-1:2:1:54:ack:send
1564141472:3:2:54:75:1:-1:3:3:-1:-1:-1:-1:data:forward
1564141472:2:5:54:75:-1:-1:-1:-1:-1:2:3:54:data:send
1564141474:2:5:-1:-1:-1:-1:-1:-1:-1:3:2:54:ack:recv
1564141487:2:5:55:75:-1:-1:-1:-1:-1:1:2:55:data:recv
1564141487:2:5:-1:-1:-1:-1:-1:-1:-1:2:1:55:ack:send
1564141487:3:2:55:75:1:-1:3:3:-1:-1:-1:-1:data:forward
1564141487:2:5:55:75:-1:-1:-1:-1:-1:2:3:55:data:send
1564141489:2:5:-1:-1:-1:-1:-1:-1:-1:3:2:55:ack:recv
1564141502:2:5:57:75:-1:-1:-1:-1:-1:1:2:57:data:recv
1564141502:2:5:-1:-1:-1:-1:-1:-1:-1:2:1:57:ack:send
1564141502:3:2:57:75:1:-1:3:3:-1:-1:-1:-1:data:forward
1564141502:2:5:57:75:-1:-1:-1:-1:-1:2:3:56:data:send
1564141504:2:5:56:75:-1:-1:-1:-1:-1:1:2:56:data:recv
1564141504:2:5:-1:-1:-1:-1:-1:-1:-1:2:1:56:ack:send
1564141504:3:2:56:75:1:-1:3:3:-1:-1:-1:-1:data:forward
1564141504:2:5:56:75:-1:-1:-1:-1:-1:2:3:57:data:send
1564141506:2:5:57:75:-1:-1:-1:-1:-1:2:3:56:data:resend
1564141512:2:5:58:75:-1:-1:-1:-1:-1:1:2:58:data:recv
1564141512:2:5:-1:-1:-1:-1:-1:-1:-1:2:1:58:ack:send
1564141512:3:2:58:75:1:-1:3:3:-1:-1:-1:-1:data:forward
1564141512:2:5:58:75:-1:-1:-1:-1:-1:2:3:58:data:send
1564141513:2:5:56:75:-1:-1:-1:-1:-1:2:3:57:data:resend
1564141513:2:5:57:75:-1:-1:-1:-1:-1:2:3:56:data:resend
1564141515:2:5:-1:-1:-1:-1:-1:-1:-1:3:2:57:ack:recv
1564141515:2:5:-1:-1:-1:-1:-1:-1:-1:3:2:56:ack:recv
1564141519:2:5:57:75:-1:-1:-1:-1:-1:1:2:57:data:recv
1564141519:2:5:-1:-1:-1:-1:-1:-1:-1:2:1:57:ack:send
1564141519:2:5:58:75:-1:-1:-1:-1:-1:2:3:58:data:resend
1564141521:2:5:-1:-1:-1:-1:-1:-1:-1:3:2:58:ack:recv
1564141522:2:5:59:75:-1:-1:-1:-1:-1:1:2:59:data:recv
1564141522:2:5:-1:-1:-1:-1:-1:-1:-1:2:1:59:ack:send
1564141522:3:2:59:75:1:-1:3:3:-1:-1:-1:-1:data:forward
1564141522:2:5:59:75:-1:-1:-1:-1:-1:2:3:59:data:send
1564141524:2:5:-1:-1:-1:-1:-1:-1:-1:3:2:59:ack:recv
1564141532:2:5:60:75:-1:-1:-1:-1:-1:1:2:60:data:recv
1564141532:2:5:-1:-1:-1:-1:-1:-1:-1:2:1:60:ack:send
1564141532:3:2:60:75:1:-1:3:3:-1:-1:-1:-1:data:forward
1564141532:2:5:60:75:-1:-1:-1:-1:-1:2:3:60:data:send
1564141534:2:5:-1:-1:-1:-1:-1:-1:-1:3:2:60:ack:recv
1564141542:2:5:61:75:-1:-1:-1:-1:-1:1:2:61:data:recv
1564141542:2:5:-1:-1:-1:-1:-1:-1:-1:2:1:61:ack:send
1564141542:3:2:61:75:1:-1:3:3:-1:-1:-1:-1:data:forward
1564141542:2:5:61:75:-1:-1:-1:-1:-1:2:3:61:data:send
1564141544:2:5:-1:-1:-1:-1:-1:-1:-1:3:2:61:ack:recv
1564141549:2:5:61:75:-1:-1:-1:-1:-1:1:2:61:data:recv
1564141549:2:5:-1:-1:-1:-1:-1:-1:-1:2:1:61:ack:send
1564141552:2:5:62:75:-1:-1:-1:-1:-1:1:2:62:data:recv
1564141552:2:5:-1:-1:-1:-1:-1:-1:-1:2:1:62:ack:send
1564141552:3:2:62:75:1:-1:3:3:-1:-1:-1:-1:data:forward
1564141552:2:5:62:75:-1:-1:-1:-1:-1:2:3:62:data:send
1564141554:2:5:-1:-1:-1:-1:-1:-1:-1:3:2:62:ack:recv
