=========================Fri Jul 26 15:09:29 2019
1564124994:3:2:0:10:1:-1:2:5:-1:-1:-1:-1:data:send
1564124994:2:7:10:1:-1:-1:-1:-1:-1:1:2:0:data:send
1564124996:2:7:-1:-1:-1:-1:-1:-1:-1:2:1:0:ack:recv
1564125001:2:7:1:9:-1:-1:-1:-1:-1:2:1:1:data:recv
1564125001:2:7:-1:-1:-1:-1:-1:-1:-1:1:2:1:ack:send
1564125001:3:2:0:9:5:-1:1:1:-1:-1:-1:-1:data:sendUp
1564125047:3:2:1:77:1:-1:2:5:-1:-1:-1:-1:data:send
1564125047:2:7:77:2:-1:-1:-1:-1:-1:1:2:1:data:send
1564125070:3:2:2:77:1:-1:2:5:-1:-1:-1:-1:data:send
1564125070:2:7:77:3:-1:-1:-1:-1:-1:1:2:2:data:send
1564125093:3:2:3:77:1:-1:2:5:-1:-1:-1:-1:data:send
1564125093:2:7:77:4:-1:-1:-1:-1:-1:1:2:3:data:send
1564125116:3:2:4:77:1:-1:2:5:-1:-1:-1:-1:data:send
1564125116:2:7:77:5:-1:-1:-1:-1:-1:1:2:4:data:send
1564125139:3:2:5:77:1:-1:2:5:-1:-1:-1:-1:data:send
1564125139:2:7:77:6:-1:-1:-1:-1:-1:1:2:5:data:send
1564125162:3:2:6:77:1:-1:2:5:-1:-1:-1:-1:data:send
1564125162:2:7:77:7:-1:-1:-1:-1:-1:1:2:6:data:send
1564125185:3:2:7:77:1:-1:2:5:-1:-1:-1:-1:data:send
1564125185:2:7:77:8:-1:-1:-1:-1:-1:1:2:7:data:send
1564125208:3:2:8:77:1:-1:2:5:-1:-1:-1:-1:data:send
1564125208:2:7:77:9:-1:-1:-1:-1:-1:1:2:8:data:send
1564125232:3:2:9:77:1:-1:2:5:-1:-1:-1:-1:data:send
1564125232:2:7:77:10:-1:-1:-1:-1:-1:1:2:9:data:send
1564125255:3:2:10:77:1:-1:2:5:-1:-1:-1:-1:data:send
1564125255:2:7:77:11:-1:-1:-1:-1:-1:1:2:10:data:send
1564125278:3:2:11:77:1:-1:2:5:-1:-1:-1:-1:data:send
1564125278:2:7:77:12:-1:-1:-1:-1:-1:1:2:11:data:send
1564125301:3:2:12:77:1:-1:2:5:-1:-1:-1:-1:data:send
1564125301:2:7:77:13:-1:-1:-1:-1:-1:1:2:12:data:send
1564125324:3:2:13:77:1:-1:2:5:-1:-1:-1:-1:data:send
1564125324:2:7:77:14:-1:-1:-1:-1:-1:1:2:13:data:send
1564125347:3:2:14:77:1:-1:2:5:-1:-1:-1:-1:data:send
1564125347:2:7:77:15:-1:-1:-1:-1:-1:1:2:14:data:send
1564125370:3:2:15:77:1:-1:2:5:-1:-1:-1:-1:data:send
1564125370:2:7:77:16:-1:-1:-1:-1:-1:1:2:15:data:send
1564125393:3:2:16:77:1:-1:2:5:-1:-1:-1:-1:data:send
1564125393:2:7:77:17:-1:-1:-1:-1:-1:1:2:16:data:send
1564125416:3:2:17:77:1:-1:2:5:-1:-1:-1:-1:data:send
1564125416:2:7:77:18:-1:-1:-1:-1:-1:1:2:17:data:send
1564125439:3:2:18:77:1:-1:2:5:-1:-1:-1:-1:data:send
1564125439:2:7:77:19:-1:-1:-1:-1:-1:1:2:18:data:send
1564125462:3:2:19:77:1:-1:2:5:-1:-1:-1:-1:data:send
1564125462:2:7:77:20:-1:-1:-1:-1:-1:1:2:19:data:send
1564125485:3:2:20:77:1:-1:2:5:-1:-1:-1:-1:data:send
1564125485:2:7:77:21:-1:-1:-1:-1:-1:1:2:20:data:send
1564125508:3:2:21:77:1:-1:2:5:-1:-1:-1:-1:data:send
1564125508:2:7:77:22:-1:-1:-1:-1:-1:1:2:21:data:send
1564125531:3:2:22:77:1:-1:2:5:-1:-1:-1:-1:data:send
1564125531:2:7:77:23:-1:-1:-1:-1:-1:1:2:22:data:send
1564125554:3:2:23:77:1:-1:2:5:-1:-1:-1:-1:data:send
1564125554:2:7:77:24:-1:-1:-1:-1:-1:1:2:23:data:send
1564125577:3:2:24:77:1:-1:2:5:-1:-1:-1:-1:data:send
1564125577:2:7:77:25:-1:-1:-1:-1:-1:1:2:24:data:send
1564125600:3:2:25:77:1:-1:2:5:-1:-1:-1:-1:data:send
1564125600:2:7:77:26:-1:-1:-1:-1:-1:1:2:25:data:send
1564125623:3:2:26:77:1:-1:2:5:-1:-1:-1:-1:data:send
1564125623:2:7:77:27:-1:-1:-1:-1:-1:1:2:26:data:send
1564125646:3:2:27:77:1:-1:2:5:-1:-1:-1:-1:data:send
1564125646:2:7:77:28:-1:-1:-1:-1:-1:1:2:27:data:send
1564125669:3:2:28:77:1:-1:2:5:-1:-1:-1:-1:data:send
1564125669:2:7:77:29:-1:-1:-1:-1:-1:1:2:28:data:send
1564125692:3:2:29:77:1:-1:2:5:-1:-1:-1:-1:data:send
1564125692:2:7:77:30:-1:-1:-1:-1:-1:1:2:29:data:send
1564125715:3:2:30:77:1:-1:2:5:-1:-1:-1:-1:data:send
1564125715:2:7:77:31:-1:-1:-1:-1:-1:1:2:30:data:send
1564125738:3:2:31:77:1:-1:2:5:-1:-1:-1:-1:data:send
1564125738:2:7:77:32:-1:-1:-1:-1:-1:1:2:31:data:send
1564125761:3:2:32:77:1:-1:2:5:-1:-1:-1:-1:data:send
1564125761:2:7:77:33:-1:-1:-1:-1:-1:1:2:32:data:send
1564125784:3:2:33:77:1:-1:2:5:-1:-1:-1:-1:data:send
1564125784:2:7:77:34:-1:-1:-1:-1:-1:1:2:33:data:send
1564125807:3:2:34:77:1:-1:2:5:-1:-1:-1:-1:data:send
1564125807:2:7:77:35:-1:-1:-1:-1:-1:1:2:34:data:send
1564125830:3:2:35:77:1:-1:2:5:-1:-1:-1:-1:data:send
1564125830:2:7:77:36:-1:-1:-1:-1:-1:1:2:35:data:send
1564125853:3:2:36:77:1:-1:2:5:-1:-1:-1:-1:data:send
1564125853:2:7:77:37:-1:-1:-1:-1:-1:1:2:36:data:send
1564125876:3:2:37:77:1:-1:2:5:-1:-1:-1:-1:data:send
1564125876:2:7:77:38:-1:-1:-1:-1:-1:1:2:37:data:send
1564125899:3:2:38:77:1:-1:2:5:-1:-1:-1:-1:data:send
1564125899:2:7:77:39:-1:-1:-1:-1:-1:1:2:38:data:send
1564125922:3:2:39:77:1:-1:2:5:-1:-1:-1:-1:data:send
1564125922:2:7:77:40:-1:-1:-1:-1:-1:1:2:39:data:send
1564125945:3:2:40:77:1:-1:2:5:-1:-1:-1:-1:data:send
1564125945:2:7:77:41:-1:-1:-1:-1:-1:1:2:40:data:send
1564125968:3:2:41:77:1:-1:2:5:-1:-1:-1:-1:data:send
1564125968:2:7:77:42:-1:-1:-1:-1:-1:1:2:41:data:send
1564125991:3:2:42:77:1:-1:2:5:-1:-1:-1:-1:data:send
1564125991:2:7:77:43:-1:-1:-1:-1:-1:1:2:42:data:send
1564126014:3:2:43:77:1:-1:2:5:-1:-1:-1:-1:data:send
1564126014:2:7:77:44:-1:-1:-1:-1:-1:1:2:43:data:send
1564126037:3:2:44:77:1:-1:2:5:-1:-1:-1:-1:data:send
1564126037:2:7:77:45:-1:-1:-1:-1:-1:1:2:44:data:send
1564126060:3:2:45:77:1:-1:2:5:-1:-1:-1:-1:data:send
1564126060:2:7:77:46:-1:-1:-1:-1:-1:1:2:45:data:send
1564126083:3:2:46:77:1:-1:2:5:-1:-1:-1:-1:data:send
1564126083:2:7:77:47:-1:-1:-1:-1:-1:1:2:46:data:send
1564126106:3:2:47:77:1:-1:2:5:-1:-1:-1:-1:data:send
1564126106:2:7:77:48:-1:-1:-1:-1:-1:1:2:47:data:send
1564126129:3:2:48:77:1:-1:2:5:-1:-1:-1:-1:data:send
1564126129:2:7:77:49:-1:-1:-1:-1:-1:1:2:48:data:send
1564126152:3:2:49:77:1:-1:2:5:-1:-1:-1:-1:data:send
1564126152:2:7:77:50:-1:-1:-1:-1:-1:1:2:49:data:send
1564126175:3:2:50:77:1:-1:2:5:-1:-1:-1:-1:data:send
1564126175:2:7:77:51:-1:-1:-1:-1:-1:1:2:50:data:send
1564126198:3:2:51:77:1:-1:2:5:-1:-1:-1:-1:data:send
1564126198:2:7:77:52:-1:-1:-1:-1:-1:1:2:51:data:send
1564126221:3:2:52:77:1:-1:2:5:-1:-1:-1:-1:data:send
1564126221:2:7:77:53:-1:-1:-1:-1:-1:1:2:52:data:send
1564126244:3:2:53:77:1:-1:2:5:-1:-1:-1:-1:data:send
1564126244:2:7:77:54:-1:-1:-1:-1:-1:1:2:53:data:send
1564126267:3:2:54:77:1:-1:2:5:-1:-1:-1:-1:data:send
1564126267:2:7:77:55:-1:-1:-1:-1:-1:1:2:54:data:send
1564126290:3:2:55:77:1:-1:2:5:-1:-1:-1:-1:data:send
1564126290:2:7:77:56:-1:-1:-1:-1:-1:1:2:55:data:send
1564126313:3:2:56:77:1:-1:2:5:-1:-1:-1:-1:data:send
1564126313:2:7:77:57:-1:-1:-1:-1:-1:1:2:56:data:send
1564126337:3:2:57:77:1:-1:2:5:-1:-1:-1:-1:data:send
1564126337:2:7:77:58:-1:-1:-1:-1:-1:1:2:57:data:send
1564126360:3:2:58:77:1:-1:2:5:-1:-1:-1:-1:data:send
1564126360:2:7:77:59:-1:-1:-1:-1:-1:1:2:58:data:send
1564126383:3:2:59:77:1:-1:2:5:-1:-1:-1:-1:data:send
1564126383:2:7:77:60:-1:-1:-1:-1:-1:1:2:59:data:send
1564126406:3:2:60:77:1:-1:2:5:-1:-1:-1:-1:data:send
1564126406:2:7:77:61:-1:-1:-1:-1:-1:1:2:60:data:send
1564126429:3:2:61:77:1:-1:2:5:-1:-1:-1:-1:data:send
1564126429:2:7:77:62:-1:-1:-1:-1:-1:1:2:61:data:send
1564126452:3:2:62:77:1:-1:2:5:-1:-1:-1:-1:data:send
1564126452:2:7:77:63:-1:-1:-1:-1:-1:1:2:62:data:send
1564126475:3:2:63:77:1:-1:2:5:-1:-1:-1:-1:data:send
1564126475:2:7:77:64:-1:-1:-1:-1:-1:1:2:63:data:send
1564126498:3:2:64:77:1:-1:2:5:-1:-1:-1:-1:data:send
1564126498:2:7:77:65:-1:-1:-1:-1:-1:1:2:64:data:send
1564126521:3:2:65:77:1:-1:2:5:-1:-1:-1:-1:data:send
1564126521:2:7:77:66:-1:-1:-1:-1:-1:1:2:65:data:send
1564126544:3:2:66:77:1:-1:2:5:-1:-1:-1:-1:data:send
1564126544:2:7:77:67:-1:-1:-1:-1:-1:1:2:66:data:send
1564126567:3:2:67:77:1:-1:2:5:-1:-1:-1:-1:data:send
1564126567:2:7:77:68:-1:-1:-1:-1:-1:1:2:67:data:send
1564126590:3:2:68:77:1:-1:2:5:-1:-1:-1:-1:data:send
1564126590:2:7:77:69:-1:-1:-1:-1:-1:1:2:68:data:send
1564126613:3:2:69:77:1:-1:2:5:-1:-1:-1:-1:data:send
1564126613:2:7:77:70:-1:-1:-1:-1:-1:1:2:69:data:send
1564126636:3:2:70:77:1:-1:2:5:-1:-1:-1:-1:data:send
1564126636:2:7:77:71:-1:-1:-1:-1:-1:1:2:70:data:send
1564126659:3:2:71:77:1:-1:2:5:-1:-1:-1:-1:data:send
1564126659:2:7:77:72:-1:-1:-1:-1:-1:1:2:71:data:send
1564126682:3:2:72:77:1:-1:2:5:-1:-1:-1:-1:data:send
1564126682:2:7:77:73:-1:-1:-1:-1:-1:1:2:72:data:send
1564126705:3:2:73:77:1:-1:2:5:-1:-1:-1:-1:data:send
1564126705:2:7:77:74:-1:-1:-1:-1:-1:1:2:73:data:send
1564126728:3:2:74:77:1:-1:2:5:-1:-1:-1:-1:data:send
1564126728:2:7:77:75:-1:-1:-1:-1:-1:1:2:74:data:send
1564126751:3:2:75:77:1:-1:2:5:-1:-1:-1:-1:data:send
1564126751:2:7:77:76:-1:-1:-1:-1:-1:1:2:75:data:send
1564126774:3:2:76:77:1:-1:2:5:-1:-1:-1:-1:data:send
1564126774:2:7:77:77:-1:-1:-1:-1:-1:1:2:76:data:send
1564126797:3:2:77:77:1:-1:2:5:-1:-1:-1:-1:data:send
1564126797:2:7:77:78:-1:-1:-1:-1:-1:1:2:77:data:send
1564126820:3:2:78:77:1:-1:2:5:-1:-1:-1:-1:data:send
1564126820:2:7:77:79:-1:-1:-1:-1:-1:1:2:78:data:send
1564126843:3:2:79:77:1:-1:2:5:-1:-1:-1:-1:data:send
1564126843:2:7:77:80:-1:-1:-1:-1:-1:1:2:79:data:send
1564126866:3:2:80:77:1:-1:2:5:-1:-1:-1:-1:data:send
1564126866:2:7:77:81:-1:-1:-1:-1:-1:1:2:80:data:send
1564126889:3:2:81:77:1:-1:2:5:-1:-1:-1:-1:data:send
1564126889:2:7:77:82:-1:-1:-1:-1:-1:1:2:81:data:send
1564126912:3:2:82:77:1:-1:2:5:-1:-1:-1:-1:data:send
1564126912:2:7:77:83:-1:-1:-1:-1:-1:1:2:82:data:send
1564126935:3:2:83:77:1:-1:2:5:-1:-1:-1:-1:data:send
1564126935:2:7:77:84:-1:-1:-1:-1:-1:1:2:83:data:send
1564126958:3:2:84:77:1:-1:2:5:-1:-1:-1:-1:data:send
1564126958:2:7:77:85:-1:-1:-1:-1:-1:1:2:84:data:send
1564126981:3:2:85:77:1:-1:2:5:-1:-1:-1:-1:data:send
1564126981:2:7:77:86:-1:-1:-1:-1:-1:1:2:85:data:send
1564127004:3:2:86:77:1:-1:2:5:-1:-1:-1:-1:data:send
1564127004:2:7:77:87:-1:-1:-1:-1:-1:1:2:86:data:send
1564127027:3:2:87:77:1:-1:2:5:-1:-1:-1:-1:data:send
1564127027:2:7:77:88:-1:-1:-1:-1:-1:1:2:87:data:send
1564127050:3:2:88:77:1:-1:2:5:-1:-1:-1:-1:data:send
1564127050:2:7:77:89:-1:-1:-1:-1:-1:1:2:88:data:send
1564127073:3:2:89:77:1:-1:2:5:-1:-1:-1:-1:data:send
1564127073:2:7:77:90:-1:-1:-1:-1:-1:1:2:89:data:send
1564127096:3:2:90:77:1:-1:2:5:-1:-1:-1:-1:data:send
1564127096:2:7:77:91:-1:-1:-1:-1:-1:1:2:90:data:send
1564127119:3:2:91:77:1:-1:2:5:-1:-1:-1:-1:data:send
1564127119:2:7:77:92:-1:-1:-1:-1:-1:1:2:91:data:send
1564127142:3:2:92:77:1:-1:2:5:-1:-1:-1:-1:data:send
1564127142:2:7:77:93:-1:-1:-1:-1:-1:1:2:92:data:send
1564127165:3:2:93:77:1:-1:2:5:-1:-1:-1:-1:data:send
1564127165:2:7:77:94:-1:-1:-1:-1:-1:1:2:93:data:send
1564127188:3:2:94:77:1:-1:2:5:-1:-1:-1:-1:data:send
1564127188:2:7:77:95:-1:-1:-1:-1:-1:1:2:94:data:send
1564127211:3:2:95:77:1:-1:2:5:-1:-1:-1:-1:data:send
1564127211:2:7:77:96:-1:-1:-1:-1:-1:1:2:95:data:send
1564127234:3:2:96:77:1:-1:2:5:-1:-1:-1:-1:data:send
1564127234:2:7:77:97:-1:-1:-1:-1:-1:1:2:96:data:send
1564127257:3:2:97:77:1:-1:2:5:-1:-1:-1:-1:data:send
1564127257:2:7:77:98:-1:-1:-1:-1:-1:1:2:97:data:send
1564127280:3:2:98:77:1:-1:2:5:-1:-1:-1:-1:data:send
1564127280:2:7:77:99:-1:-1:-1:-1:-1:1:2:98:data:send
1564127303:3:2:99:77:1:-1:2:5:-1:-1:-1:-1:data:send
1564127303:2:7:77:100:-1:-1:-1:-1:-1:1:2:99:data:send
1564127326:3:2:100:77:1:-1:2:5:-1:-1:-1:-1:data:send
1564127326:2:7:77:101:-1:-1:-1:-1:-1:1:2:100:data:send
1564127349:3:2:101:77:1:-1:2:5:-1:-1:-1:-1:data:send
1564127349:2:7:77:102:-1:-1:-1:-1:-1:1:2:101:data:send
1564127372:3:2:102:77:1:-1:2:5:-1:-1:-1:-1:data:send
1564127372:2:7:77:103:-1:-1:-1:-1:-1:1:2:102:data:send
1564127395:3:2:103:77:1:-1:2:5:-1:-1:-1:-1:data:send
1564127395:2:7:77:104:-1:-1:-1:-1:-1:1:2:103:data:send
1564127418:3:2:104:77:1:-1:2:5:-1:-1:-1:-1:data:send
1564127418:2:7:77:105:-1:-1:-1:-1:-1:1:2:104:data:send
1564127441:3:2:105:77:1:-1:2:5:-1:-1:-1:-1:data:send
1564127441:2:7:77:106:-1:-1:-1:-1:-1:1:2:105:data:send
1564127465:3:2:106:77:1:-1:2:5:-1:-1:-1:-1:data:send
1564127465:2:7:77:107:-1:-1:-1:-1:-1:1:2:106:data:send
1564127488:3:2:107:77:1:-1:2:5:-1:-1:-1:-1:data:send
1564127488:2:7:77:108:-1:-1:-1:-1:-1:1:2:107:data:send
1564127511:3:2:108:77:1:-1:2:5:-1:-1:-1:-1:data:send
1564127511:2:7:77:109:-1:-1:-1:-1:-1:1:2:108:data:send
1564127534:3:2:109:77:1:-1:2:5:-1:-1:-1:-1:data:send
1564127534:2:7:77:110:-1:-1:-1:-1:-1:1:2:109:data:send
1564127557:3:2:110:77:1:-1:2:5:-1:-1:-1:-1:data:send
1564127557:2:7:77:111:-1:-1:-1:-1:-1:1:2:110:data:send
1564127580:3:2:111:77:1:-1:2:5:-1:-1:-1:-1:data:send
1564127580:2:7:77:112:-1:-1:-1:-1:-1:1:2:111:data:send
1564127603:3:2:112:77:1:-1:2:5:-1:-1:-1:-1:data:send
1564127603:2:7:77:113:-1:-1:-1:-1:-1:1:2:112:data:send
1564127626:3:2:113:77:1:-1:2:5:-1:-1:-1:-1:data:send
1564127626:2:7:77:114:-1:-1:-1:-1:-1:1:2:113:data:send
1564127649:3:2:114:77:1:-1:2:5:-1:-1:-1:-1:data:send
1564127649:2:7:77:115:-1:-1:-1:-1:-1:1:2:114:data:send
1564127672:3:2:115:77:1:-1:2:5:-1:-1:-1:-1:data:send
1564127672:2:7:77:116:-1:-1:-1:-1:-1:1:2:115:data:send
1564127695:3:2:116:77:1:-1:2:5:-1:-1:-1:-1:data:send
1564127695:2:7:77:117:-1:-1:-1:-1:-1:1:2:116:data:send
1564127718:3:2:117:77:1:-1:2:5:-1:-1:-1:-1:data:send
1564127718:2:7:77:118:-1:-1:-1:-1:-1:1:2:117:data:send
1564127741:3:2:118:77:1:-1:2:5:-1:-1:-1:-1:data:send
1564127741:2:7:77:119:-1:-1:-1:-1:-1:1:2:118:data:send
1564127764:3:2:119:77:1:-1:2:5:-1:-1:-1:-1:data:send
1564127764:2:7:77:120:-1:-1:-1:-1:-1:1:2:119:data:send
1564127787:3:2:120:77:1:-1:2:5:-1:-1:-1:-1:data:send
1564127787:2:7:77:121:-1:-1:-1:-1:-1:1:2:120:data:send
1564127810:3:2:121:77:1:-1:2:5:-1:-1:-1:-1:data:send
1564127810:2:7:77:122:-1:-1:-1:-1:-1:1:2:121:data:send
1564127833:3:2:122:77:1:-1:2:5:-1:-1:-1:-1:data:send
1564127833:2:7:77:123:-1:-1:-1:-1:-1:1:2:122:data:send
1564127856:3:2:123:77:1:-1:2:5:-1:-1:-1:-1:data:send
1564127856:2:7:77:124:-1:-1:-1:-1:-1:1:2:123:data:send
1564127879:3:2:124:77:1:-1:2:5:-1:-1:-1:-1:data:send
1564127879:2:7:77:125:-1:-1:-1:-1:-1:1:2:124:data:send
1564127902:3:2:125:77:1:-1:2:5:-1:-1:-1:-1:data:send
1564127902:2:7:77:126:-1:-1:-1:-1:-1:1:2:125:data:send
1564127925:3:2:126:77:1:-1:2:5:-1:-1:-1:-1:data:send
1564127925:2:7:77:127:-1:-1:-1:-1:-1:1:2:126:data:send
1564127948:3:2:127:77:1:-1:2:5:-1:-1:-1:-1:data:send
1564127948:2:7:77:128:-1:-1:-1:-1:-1:1:2:127:data:send
1564127971:3:2:128:77:1:-1:2:5:-1:-1:-1:-1:data:send
1564127971:2:7:77:129:-1:-1:-1:-1:-1:1:2:128:data:send
1564127994:3:2:129:77:1:-1:2:5:-1:-1:-1:-1:data:send
1564127994:2:7:77:130:-1:-1:-1:-1:-1:1:2:129:data:send
1564128017:3:2:130:77:1:-1:2:5:-1:-1:-1:-1:data:send
1564128017:2:7:77:131:-1:-1:-1:-1:-1:1:2:130:data:send
1564128040:3:2:131:77:1:-1:2:5:-1:-1:-1:-1:data:send
1564128040:2:7:77:132:-1:-1:-1:-1:-1:1:2:131:data:send
1564128063:3:2:132:77:1:-1:2:5:-1:-1:-1:-1:data:send
1564128063:2:7:77:133:-1:-1:-1:-1:-1:1:2:132:data:send
1564128086:3:2:133:77:1:-1:2:5:-1:-1:-1:-1:data:send
1564128086:2:7:77:134:-1:-1:-1:-1:-1:1:2:133:data:send
1564128109:3:2:134:77:1:-1:2:5:-1:-1:-1:-1:data:send
1564128109:2:7:77:135:-1:-1:-1:-1:-1:1:2:134:data:send
1564128132:3:2:135:77:1:-1:2:5:-1:-1:-1:-1:data:send
1564128132:2:7:77:136:-1:-1:-1:-1:-1:1:2:135:data:send
1564128155:3:2:136:77:1:-1:2:5:-1:-1:-1:-1:data:send
1564128155:2:7:77:137:-1:-1:-1:-1:-1:1:2:136:data:send
1564128178:3:2:137:77:1:-1:2:5:-1:-1:-1:-1:data:send
1564128178:2:7:77:138:-1:-1:-1:-1:-1:1:2:137:data:send
1564128201:3:2:138:77:1:-1:2:5:-1:-1:-1:-1:data:send
1564128201:2:7:77:139:-1:-1:-1:-1:-1:1:2:138:data:send
1564128224:3:2:139:77:1:-1:2:5:-1:-1:-1:-1:data:send
1564128224:2:7:77:140:-1:-1:-1:-1:-1:1:2:139:data:send
1564128247:3:2:140:77:1:-1:2:5:-1:-1:-1:-1:data:send
1564128247:2:7:77:141:-1:-1:-1:-1:-1:1:2:140:data:send
1564128270:3:2:141:77:1:-1:2:5:-1:-1:-1:-1:data:send
1564128270:2:7:77:142:-1:-1:-1:-1:-1:1:2:141:data:send
1564128293:3:2:142:77:1:-1:2:5:-1:-1:-1:-1:data:send
1564128293:2:7:77:143:-1:-1:-1:-1:-1:1:2:142:data:send
1564128316:3:2:143:77:1:-1:2:5:-1:-1:-1:-1:data:send
1564128316:2:7:77:144:-1:-1:-1:-1:-1:1:2:143:data:send
1564128339:3:2:144:77:1:-1:2:5:-1:-1:-1:-1:data:send
1564128339:2:7:77:145:-1:-1:-1:-1:-1:1:2:144:data:send
1564128362:3:2:145:77:1:-1:2:5:-1:-1:-1:-1:data:send
1564128362:2:7:77:146:-1:-1:-1:-1:-1:1:2:145:data:send
1564128385:3:2:146:77:1:-1:2:5:-1:-1:-1:-1:data:send
1564128385:2:7:77:147:-1:-1:-1:-1:-1:1:2:146:data:send
1564128408:3:2:147:77:1:-1:2:5:-1:-1:-1:-1:data:send
1564128408:2:7:77:148:-1:-1:-1:-1:-1:1:2:147:data:send
1564128431:3:2:148:77:1:-1:2:5:-1:-1:-1:-1:data:send
1564128431:2:7:77:149:-1:-1:-1:-1:-1:1:2:148:data:send
1564128454:3:2:149:77:1:-1:2:5:-1:-1:-1:-1:data:send
1564128454:2:7:77:150:-1:-1:-1:-1:-1:1:2:149:data:send
1564128477:3:2:150:77:1:-1:2:5:-1:-1:-1:-1:data:send
1564128477:2:7:77:151:-1:-1:-1:-1:-1:1:2:150:data:send
1564128500:3:2:151:77:1:-1:2:5:-1:-1:-1:-1:data:send
1564128500:2:7:77:152:-1:-1:-1:-1:-1:1:2:151:data:send
1564128523:3:2:152:77:1:-1:2:5:-1:-1:-1:-1:data:send
1564128523:2:7:77:153:-1:-1:-1:-1:-1:1:2:152:data:send
1564128546:3:2:153:77:1:-1:2:5:-1:-1:-1:-1:data:send
1564128546:2:7:77:154:-1:-1:-1:-1:-1:1:2:153:data:send
1564128569:3:2:154:77:1:-1:2:5:-1:-1:-1:-1:data:send
1564128569:2:7:77:155:-1:-1:-1:-1:-1:1:2:154:data:send
1564128592:3:2:155:77:1:-1:2:5:-1:-1:-1:-1:data:send
1564128592:2:7:77:156:-1:-1:-1:-1:-1:1:2:155:data:send
1564128616:3:2:156:77:1:-1:2:5:-1:-1:-1:-1:data:send
1564128616:2:7:77:157:-1:-1:-1:-1:-1:1:2:156:data:send
1564128639:3:2:157:77:1:-1:2:5:-1:-1:-1:-1:data:send
1564128639:2:7:77:158:-1:-1:-1:-1:-1:1:2:157:data:send
1564128662:3:2:158:77:1:-1:2:5:-1:-1:-1:-1:data:send
1564128662:2:7:77:159:-1:-1:-1:-1:-1:1:2:158:data:send
1564128685:3:2:159:77:1:-1:2:5:-1:-1:-1:-1:data:send
1564128685:2:7:77:160:-1:-1:-1:-1:-1:1:2:159:data:send
1564128708:3:2:160:77:1:-1:2:5:-1:-1:-1:-1:data:send
1564128708:2:7:77:161:-1:-1:-1:-1:-1:1:2:160:data:send
1564128731:3:2:161:77:1:-1:2:5:-1:-1:-1:-1:data:send
1564128731:2:7:77:162:-1:-1:-1:-1:-1:1:2:161:data:send
1564128754:3:2:162:77:1:-1:2:5:-1:-1:-1:-1:data:send
1564128754:2:7:77:163:-1:-1:-1:-1:-1:1:2:162:data:send
1564128777:3:2:163:77:1:-1:2:5:-1:-1:-1:-1:data:send
1564128777:2:7:77:164:-1:-1:-1:-1:-1:1:2:163:data:send
1564128800:3:2:164:77:1:-1:2:5:-1:-1:-1:-1:data:send
1564128800:2:7:77:165:-1:-1:-1:-1:-1:1:2:164:data:send
1564128823:3:2:165:77:1:-1:2:5:-1:-1:-1:-1:data:send
1564128823:2:7:77:166:-1:-1:-1:-1:-1:1:2:165:data:send
1564128846:3:2:166:77:1:-1:2:5:-1:-1:-1:-1:data:send
1564128846:2:7:77:167:-1:-1:-1:-1:-1:1:2:166:data:send
1564128869:3:2:167:77:1:-1:2:5:-1:-1:-1:-1:data:send
1564128869:2:7:77:168:-1:-1:-1:-1:-1:1:2:167:data:send
1564128892:3:2:168:77:1:-1:2:5:-1:-1:-1:-1:data:send
1564128892:2:7:77:169:-1:-1:-1:-1:-1:1:2:168:data:send
1564128915:3:2:169:77:1:-1:2:5:-1:-1:-1:-1:data:send
1564128915:2:7:77:170:-1:-1:-1:-1:-1:1:2:169:data:send
1564128938:3:2:170:77:1:-1:2:5:-1:-1:-1:-1:data:send
1564128938:2:7:77:171:-1:-1:-1:-1:-1:1:2:170:data:send
1564128961:3:2:171:77:1:-1:2:5:-1:-1:-1:-1:data:send
1564128961:2:7:77:172:-1:-1:-1:-1:-1:1:2:171:data:send
1564128984:3:2:172:77:1:-1:2:5:-1:-1:-1:-1:data:send
1564128984:2:7:77:173:-1:-1:-1:-1:-1:1:2:172:data:send
1564129007:3:2:173:77:1:-1:2:5:-1:-1:-1:-1:data:send
1564129007:2:7:77:174:-1:-1:-1:-1:-1:1:2:173:data:send
1564129030:3:2:174:77:1:-1:2:5:-1:-1:-1:-1:data:send
1564129030:2:7:77:175:-1:-1:-1:-1:-1:1:2:174:data:send
1564129053:3:2:175:77:1:-1:2:5:-1:-1:-1:-1:data:send
1564129053:2:7:77:176:-1:-1:-1:-1:-1:1:2:175:data:send
1564129076:3:2:176:77:1:-1:2:5:-1:-1:-1:-1:data:send
1564129076:2:7:77:177:-1:-1:-1:-1:-1:1:2:176:data:send
1564129099:3:2:177:77:1:-1:2:5:-1:-1:-1:-1:data:send
1564129099:2:7:77:178:-1:-1:-1:-1:-1:1:2:177:data:send
1564129122:3:2:178:77:1:-1:2:5:-1:-1:-1:-1:data:send
1564129122:2:7:77:179:-1:-1:-1:-1:-1:1:2:178:data:send
1564129145:3:2:179:77:1:-1:2:5:-1:-1:-1:-1:data:send
1564129145:2:7:77:180:-1:-1:-1:-1:-1:1:2:179:data:send
1564129168:3:2:180:77:1:-1:2:5:-1:-1:-1:-1:data:send
1564129168:2:7:77:181:-1:-1:-1:-1:-1:1:2:180:data:send
1564129191:3:2:181:77:1:-1:2:5:-1:-1:-1:-1:data:send
1564129191:2:7:77:182:-1:-1:-1:-1:-1:1:2:181:data:send
1564129214:3:2:182:77:1:-1:2:5:-1:-1:-1:-1:data:send
1564129214:2:7:77:183:-1:-1:-1:-1:-1:1:2:182:data:send
1564129237:3:2:183:77:1:-1:2:5:-1:-1:-1:-1:data:send
1564129237:2:7:77:184:-1:-1:-1:-1:-1:1:2:183:data:send
1564129260:3:2:184:77:1:-1:2:5:-1:-1:-1:-1:data:send
1564129260:2:7:77:185:-1:-1:-1:-1:-1:1:2:184:data:send
1564129283:3:2:185:77:1:-1:2:5:-1:-1:-1:-1:data:send
1564129283:2:7:77:186:-1:-1:-1:-1:-1:1:2:185:data:send
1564129306:3:2:186:77:1:-1:2:5:-1:-1:-1:-1:data:send
1564129306:2:7:77:187:-1:-1:-1:-1:-1:1:2:186:data:send
1564129329:3:2:187:77:1:-1:2:5:-1:-1:-1:-1:data:send
1564129329:2:7:77:188:-1:-1:-1:-1:-1:1:2:187:data:send
1564129352:3:2:188:77:1:-1:2:5:-1:-1:-1:-1:data:send
1564129352:2:7:77:189:-1:-1:-1:-1:-1:1:2:188:data:send
1564129375:3:2:189:77:1:-1:2:5:-1:-1:-1:-1:data:send
1564129375:2:7:77:190:-1:-1:-1:-1:-1:1:2:189:data:send
1564129398:3:2:190:77:1:-1:2:5:-1:-1:-1:-1:data:send
1564129398:2:7:77:191:-1:-1:-1:-1:-1:1:2:190:data:send
1564129421:3:2:191:77:1:-1:2:5:-1:-1:-1:-1:data:send
1564129421:2:7:77:192:-1:-1:-1:-1:-1:1:2:191:data:send
1564129444:3:2:192:77:1:-1:2:5:-1:-1:-1:-1:data:send
1564129444:2:7:77:193:-1:-1:-1:-1:-1:1:2:192:data:send
1564129467:3:2:193:77:1:-1:2:5:-1:-1:-1:-1:data:send
1564129467:2:7:77:194:-1:-1:-1:-1:-1:1:2:193:data:send
1564129490:3:2:194:77:1:-1:2:5:-1:-1:-1:-1:data:send
1564129490:2:7:77:195:-1:-1:-1:-1:-1:1:2:194:data:send
1564129513:3:2:195:77:1:-1:2:5:-1:-1:-1:-1:data:send
1564129513:2:7:77:196:-1:-1:-1:-1:-1:1:2:195:data:send
1564129536:3:2:196:77:1:-1:2:5:-1:-1:-1:-1:data:send
1564129536:2:7:77:197:-1:-1:-1:-1:-1:1:2:196:data:send
1564129559:3:2:197:77:1:-1:2:5:-1:-1:-1:-1:data:send
1564129559:2:7:77:198:-1:-1:-1:-1:-1:1:2:197:data:send
1564129582:3:2:198:77:1:-1:2:5:-1:-1:-1:-1:data:send
1564129582:2:7:77:199:-1:-1:-1:-1:-1:1:2:198:data:send
1564129605:3:2:199:77:1:-1:2:5:-1:-1:-1:-1:data:send
1564129605:2:7:77:200:-1:-1:-1:-1:-1:1:2:199:data:send
1564129628:3:2:200:77:1:-1:2:5:-1:-1:-1:-1:data:send
1564129628:2:7:77:201:-1:-1:-1:-1:-1:1:2:200:data:send
1564129651:3:2:201:77:1:-1:2:5:-1:-1:-1:-1:data:send
1564129651:2:7:77:202:-1:-1:-1:-1:-1:1:2:201:data:send
1564129674:3:2:202:77:1:-1:2:5:-1:-1:-1:-1:data:send
1564129674:2:7:77:203:-1:-1:-1:-1:-1:1:2:202:data:send
1564129697:3:2:203:77:1:-1:2:5:-1:-1:-1:-1:data:send
1564129697:2:7:77:204:-1:-1:-1:-1:-1:1:2:203:data:send
1564129721:3:2:204:77:1:-1:2:5:-1:-1:-1:-1:data:send
1564129721:2:7:77:205:-1:-1:-1:-1:-1:1:2:204:data:send
1564129744:3:2:205:77:1:-1:2:5:-1:-1:-1:-1:data:send
1564129744:2:7:77:206:-1:-1:-1:-1:-1:1:2:205:data:send
1564129767:3:2:206:77:1:-1:2:5:-1:-1:-1:-1:data:send
1564129767:2:7:77:207:-1:-1:-1:-1:-1:1:2:206:data:send
1564129790:3:2:207:77:1:-1:2:5:-1:-1:-1:-1:data:send
1564129790:2:7:77:208:-1:-1:-1:-1:-1:1:2:207:data:send
1564129813:3:2:208:77:1:-1:2:5:-1:-1:-1:-1:data:send
1564129813:2:7:77:209:-1:-1:-1:-1:-1:1:2:208:data:send
1564129836:3:2:209:77:1:-1:2:5:-1:-1:-1:-1:data:send
1564129836:2:7:77:210:-1:-1:-1:-1:-1:1:2:209:data:send
1564129859:3:2:210:77:1:-1:2:5:-1:-1:-1:-1:data:send
1564129859:2:7:77:211:-1:-1:-1:-1:-1:1:2:210:data:send
1564129882:3:2:211:77:1:-1:2:5:-1:-1:-1:-1:data:send
1564129882:2:7:77:212:-1:-1:-1:-1:-1:1:2:211:data:send
1564129905:3:2:212:77:1:-1:2:5:-1:-1:-1:-1:data:send
1564129905:2:7:77:213:-1:-1:-1:-1:-1:1:2:212:data:send
1564129928:3:2:213:77:1:-1:2:5:-1:-1:-1:-1:data:send
1564129928:2:7:77:214:-1:-1:-1:-1:-1:1:2:213:data:send
1564129951:3:2:214:77:1:-1:2:5:-1:-1:-1:-1:data:send
1564129951:2:7:77:215:-1:-1:-1:-1:-1:1:2:214:data:send
1564129974:3:2:215:77:1:-1:2:5:-1:-1:-1:-1:data:send
1564129974:2:7:77:216:-1:-1:-1:-1:-1:1:2:215:data:send
1564129997:3:2:216:77:1:-1:2:5:-1:-1:-1:-1:data:send
1564129997:2:7:77:217:-1:-1:-1:-1:-1:1:2:216:data:send
1564130020:3:2:217:77:1:-1:2:5:-1:-1:-1:-1:data:send
1564130020:2:7:77:218:-1:-1:-1:-1:-1:1:2:217:data:send
1564130043:3:2:218:77:1:-1:2:5:-1:-1:-1:-1:data:send
1564130043:2:7:77:219:-1:-1:-1:-1:-1:1:2:218:data:send
1564130066:3:2:219:77:1:-1:2:5:-1:-1:-1:-1:data:send
1564130066:2:7:77:220:-1:-1:-1:-1:-1:1:2:219:data:send
1564130089:3:2:220:77:1:-1:2:5:-1:-1:-1:-1:data:send
1564130089:2:7:77:221:-1:-1:-1:-1:-1:1:2:220:data:send
1564130112:3:2:221:77:1:-1:2:5:-1:-1:-1:-1:data:send
1564130112:2:7:77:222:-1:-1:-1:-1:-1:1:2:221:data:send
1564130135:3:2:222:77:1:-1:2:5:-1:-1:-1:-1:data:send
1564130135:2:7:77:223:-1:-1:-1:-1:-1:1:2:222:data:send
1564130158:3:2:223:77:1:-1:2:5:-1:-1:-1:-1:data:send
1564130158:2:7:77:224:-1:-1:-1:-1:-1:1:2:223:data:send
1564130181:3:2:224:77:1:-1:2:5:-1:-1:-1:-1:data:send
1564130181:2:7:77:225:-1:-1:-1:-1:-1:1:2:224:data:send
1564130204:3:2:225:77:1:-1:2:5:-1:-1:-1:-1:data:send
1564130204:2:7:77:226:-1:-1:-1:-1:-1:1:2:225:data:send
1564130227:3:2:226:77:1:-1:2:5:-1:-1:-1:-1:data:send
1564130227:2:7:77:227:-1:-1:-1:-1:-1:1:2:226:data:send
1564130250:3:2:227:77:1:-1:2:5:-1:-1:-1:-1:data:send
1564130250:2:7:77:228:-1:-1:-1:-1:-1:1:2:227:data:send
1564130273:3:2:228:77:1:-1:2:5:-1:-1:-1:-1:data:send
1564130273:2:7:77:229:-1:-1:-1:-1:-1:1:2:228:data:send
1564130296:3:2:229:77:1:-1:2:5:-1:-1:-1:-1:data:send
1564130296:2:7:77:230:-1:-1:-1:-1:-1:1:2:229:data:send
1564130319:3:2:230:77:1:-1:2:5:-1:-1:-1:-1:data:send
1564130319:2:7:77:231:-1:-1:-1:-1:-1:1:2:230:data:send
1564130342:3:2:231:77:1:-1:2:5:-1:-1:-1:-1:data:send
1564130342:2:7:77:232:-1:-1:-1:-1:-1:1:2:231:data:send
1564130365:3:2:232:77:1:-1:2:5:-1:-1:-1:-1:data:send
1564130365:2:7:77:233:-1:-1:-1:-1:-1:1:2:232:data:send
1564130388:3:2:233:77:1:-1:2:5:-1:-1:-1:-1:data:send
1564130388:2:7:77:234:-1:-1:-1:-1:-1:1:2:233:data:send
1564130411:3:2:234:77:1:-1:2:5:-1:-1:-1:-1:data:send
1564130411:2:7:77:235:-1:-1:-1:-1:-1:1:2:234:data:send
1564130434:3:2:235:77:1:-1:2:5:-1:-1:-1:-1:data:send
1564130434:2:7:77:236:-1:-1:-1:-1:-1:1:2:235:data:send
1564130457:3:2:236:77:1:-1:2:5:-1:-1:-1:-1:data:send
1564130457:2:7:77:237:-1:-1:-1:-1:-1:1:2:236:data:send
1564130480:3:2:237:77:1:-1:2:5:-1:-1:-1:-1:data:send
1564130480:2:7:77:238:-1:-1:-1:-1:-1:1:2:237:data:send
1564130503:3:2:238:77:1:-1:2:5:-1:-1:-1:-1:data:send
1564130503:2:7:77:239:-1:-1:-1:-1:-1:1:2:238:data:send
1564130526:3:2:239:77:1:-1:2:5:-1:-1:-1:-1:data:send
1564130526:2:7:77:240:-1:-1:-1:-1:-1:1:2:239:data:send
1564130549:3:2:240:77:1:-1:2:5:-1:-1:-1:-1:data:send
1564130549:2:7:77:241:-1:-1:-1:-1:-1:1:2:240:data:send
1564130572:3:2:241:77:1:-1:2:5:-1:-1:-1:-1:data:send
1564130572:2:7:77:242:-1:-1:-1:-1:-1:1:2:241:data:send
1564130595:3:2:242:77:1:-1:2:5:-1:-1:-1:-1:data:send
1564130595:2:7:77:243:-1:-1:-1:-1:-1:1:2:242:data:send
1564130618:3:2:243:77:1:-1:2:5:-1:-1:-1:-1:data:send
1564130618:2:7:77:244:-1:-1:-1:-1:-1:1:2:243:data:send
1564130641:3:2:244:77:1:-1:2:5:-1:-1:-1:-1:data:send
1564130641:2:7:77:245:-1:-1:-1:-1:-1:1:2:244:data:send
1564130664:3:2:245:77:1:-1:2:5:-1:-1:-1:-1:data:send
1564130664:2:7:77:246:-1:-1:-1:-1:-1:1:2:245:data:send
1564130687:3:2:246:77:1:-1:2:5:-1:-1:-1:-1:data:send
1564130687:2:7:77:247:-1:-1:-1:-1:-1:1:2:246:data:send
1564130710:3:2:247:77:1:-1:2:5:-1:-1:-1:-1:data:send
1564130710:2:7:77:248:-1:-1:-1:-1:-1:1:2:247:data:send
1564130734:3:2:248:77:1:-1:2:5:-1:-1:-1:-1:data:send
1564130734:2:7:77:249:-1:-1:-1:-1:-1:1:2:248:data:send
1564130757:3:2:249:77:1:-1:2:5:-1:-1:-1:-1:data:send
1564130757:2:7:77:250:-1:-1:-1:-1:-1:1:2:249:data:send
1564130780:3:2:250:77:1:-1:2:5:-1:-1:-1:-1:data:send
1564130780:2:7:77:251:-1:-1:-1:-1:-1:1:2:250:data:send
1564130803:3:2:251:77:1:-1:2:5:-1:-1:-1:-1:data:send
1564130803:2:7:77:252:-1:-1:-1:-1:-1:1:2:251:data:send
1564130826:3:2:252:77:1:-1:2:5:-1:-1:-1:-1:data:send
1564130826:2:7:77:253:-1:-1:-1:-1:-1:1:2:252:data:send
1564130849:3:2:253:77:1:-1:2:5:-1:-1:-1:-1:data:send
1564130849:2:7:77:254:-1:-1:-1:-1:-1:1:2:253:data:send
1564130872:3:2:254:77:1:-1:2:5:-1:-1:-1:-1:data:send
1564130872:2:7:77:255:-1:-1:-1:-1:-1:1:2:254:data:send
1564130895:3:2:255:77:1:-1:2:5:-1:-1:-1:-1:data:send
1564130895:2:7:77:256:-1:-1:-1:-1:-1:1:2:255:data:send
1564130918:3:2:256:77:1:-1:2:5:-1:-1:-1:-1:data:send
1564130918:2:7:77:257:-1:-1:-1:-1:-1:1:2:256:data:send
1564130941:3:2:257:77:1:-1:2:5:-1:-1:-1:-1:data:send
1564130941:2:7:77:258:-1:-1:-1:-1:-1:1:2:257:data:send
1564130964:3:2:258:77:1:-1:2:5:-1:-1:-1:-1:data:send
1564130964:2:7:77:259:-1:-1:-1:-1:-1:1:2:258:data:send
1564130987:3:2:259:77:1:-1:2:5:-1:-1:-1:-1:data:send
1564130987:2:7:77:260:-1:-1:-1:-1:-1:1:2:259:data:send
1564131010:3:2:260:77:1:-1:2:5:-1:-1:-1:-1:data:send
1564131010:2:7:77:261:-1:-1:-1:-1:-1:1:2:260:data:send
1564131033:3:2:261:77:1:-1:2:5:-1:-1:-1:-1:data:send
1564131033:2:7:77:262:-1:-1:-1:-1:-1:1:2:261:data:send
1564131056:3:2:262:77:1:-1:2:5:-1:-1:-1:-1:data:send
1564131056:2:7:77:263:-1:-1:-1:-1:-1:1:2:262:data:send
1564131079:3:2:263:77:1:-1:2:5:-1:-1:-1:-1:data:send
1564131079:2:7:77:264:-1:-1:-1:-1:-1:1:2:263:data:send
1564131102:3:2:264:77:1:-1:2:5:-1:-1:-1:-1:data:send
1564131102:2:7:77:265:-1:-1:-1:-1:-1:1:2:264:data:send
1564131125:3:2:265:77:1:-1:2:5:-1:-1:-1:-1:data:send
1564131125:2:7:77:266:-1:-1:-1:-1:-1:1:2:265:data:send
1564131148:3:2:266:77:1:-1:2:5:-1:-1:-1:-1:data:send
1564131148:2:7:77:267:-1:-1:-1:-1:-1:1:2:266:data:send
1564131171:3:2:267:77:1:-1:2:5:-1:-1:-1:-1:data:send
1564131171:2:7:77:268:-1:-1:-1:-1:-1:1:2:267:data:send
1564131194:3:2:268:77:1:-1:2:5:-1:-1:-1:-1:data:send
1564131194:2:7:77:269:-1:-1:-1:-1:-1:1:2:268:data:send
1564131217:3:2:269:77:1:-1:2:5:-1:-1:-1:-1:data:send
1564131217:2:7:77:270:-1:-1:-1:-1:-1:1:2:269:data:send
1564131240:3:2:270:77:1:-1:2:5:-1:-1:-1:-1:data:send
1564131240:2:7:77:271:-1:-1:-1:-1:-1:1:2:270:data:send
1564131263:3:2:271:77:1:-1:2:5:-1:-1:-1:-1:data:send
1564131263:2:7:77:272:-1:-1:-1:-1:-1:1:2:271:data:send
1564131286:3:2:272:77:1:-1:2:5:-1:-1:-1:-1:data:send
1564131286:2:7:77:273:-1:-1:-1:-1:-1:1:2:272:data:send
1564131309:3:2:273:77:1:-1:2:5:-1:-1:-1:-1:data:send
1564131309:2:7:77:274:-1:-1:-1:-1:-1:1:2:273:data:send
1564131332:3:2:274:77:1:-1:2:5:-1:-1:-1:-1:data:send
1564131332:2:7:77:275:-1:-1:-1:-1:-1:1:2:274:data:send
1564131355:3:2:275:77:1:-1:2:5:-1:-1:-1:-1:data:send
1564131355:2:7:77:276:-1:-1:-1:-1:-1:1:2:275:data:send
1564131378:3:2:276:77:1:-1:2:5:-1:-1:-1:-1:data:send
1564131378:2:7:77:277:-1:-1:-1:-1:-1:1:2:276:data:send
1564131401:3:2:277:77:1:-1:2:5:-1:-1:-1:-1:data:send
1564131401:2:7:77:278:-1:-1:-1:-1:-1:1:2:277:data:send
1564131423:2:7:262:9:-1:-1:-1:-1:-1:2:1:262:data:recv
1564131423:2:7:-1:-1:-1:-1:-1:-1:-1:1:2:262:ack:send
1564131423:3:2:1:9:5:-1:1:1:-1:-1:-1:-1:data:sendUp
1564131424:3:2:278:77:1:-1:2:5:-1:-1:-1:-1:data:send
1564131424:2:7:77:279:-1:-1:-1:-1:-1:1:2:278:data:send
