=========================Fri Jul 26 15:09:30 2019
1564124995:2:7:0:10:-1:-1:-1:-1:-1:1:2:0:data:recv
1564124995:2:7:-1:-1:-1:-1:-1:-1:-1:2:1:0:ack:send
1564124995:3:2:0:10:1:-1:3:5:-1:-1:-1:-1:data:forward
1564124995:2:7:10:1:-1:-1:-1:-1:-1:2:3:0:data:send
1564124997:2:7:-1:-1:-1:-1:-1:-1:-1:3:2:0:ack:recv
1564125000:2:7:1:9:-1:-1:-1:-1:-1:3:2:1:data:recv
1564125000:2:7:-1:-1:-1:-1:-1:-1:-1:2:3:1:ack:send
1564125000:3:2:0:9:5:-1:1:1:-1:-1:-1:-1:data:forward
1564125000:2:7:9:2:-1:-1:-1:-1:-1:2:1:1:data:send
1564125002:2:7:-1:-1:-1:-1:-1:-1:-1:1:2:1:ack:recv
1564125049:2:7:1:77:-1:-1:-1:-1:-1:1:2:1:data:recv
1564125049:3:2:1:77:1:-1:3:5:-1:-1:-1:-1:data:forward
1564125049:2:7:77:3:-1:-1:-1:-1:-1:2:3:2:data:send
1564125072:2:7:2:77:-1:-1:-1:-1:-1:1:2:2:data:recv
1564125072:3:2:2:77:1:-1:3:5:-1:-1:-1:-1:data:forward
1564125072:2:7:77:4:-1:-1:-1:-1:-1:2:3:3:data:send
1564125095:2:7:3:77:-1:-1:-1:-1:-1:1:2:3:data:recv
1564125095:3:2:3:77:1:-1:3:5:-1:-1:-1:-1:data:forward
1564125095:2:7:77:5:-1:-1:-1:-1:-1:2:3:4:data:send
1564125141:2:7:5:77:-1:-1:-1:-1:-1:1:2:5:data:recv
1564125141:3:2:5:77:1:-1:3:5:-1:-1:-1:-1:data:forward
1564125141:2:7:77:6:-1:-1:-1:-1:-1:2:3:5:data:send
1564125164:2:7:6:77:-1:-1:-1:-1:-1:1:2:6:data:recv
1564125164:3:2:6:77:1:-1:3:5:-1:-1:-1:-1:data:forward
1564125164:2:7:77:7:-1:-1:-1:-1:-1:2:3:6:data:send
1564125187:2:7:7:77:-1:-1:-1:-1:-1:1:2:7:data:recv
1564125187:3:2:7:77:1:-1:3:5:-1:-1:-1:-1:data:forward
1564125187:2:7:77:8:-1:-1:-1:-1:-1:2:3:7:data:send
1564125210:2:7:8:77:-1:-1:-1:-1:-1:1:2:8:data:recv
1564125210:3:2:8:77:1:-1:3:5:-1:-1:-1:-1:data:forward
1564125210:2:7:77:9:-1:-1:-1:-1:-1:2:3:8:data:send
1564125233:2:7:9:77:-1:-1:-1:-1:-1:1:2:9:data:recv
1564125233:3:2:9:77:1:-1:3:5:-1:-1:-1:-1:data:forward
1564125233:2:7:77:10:-1:-1:-1:-1:-1:2:3:9:data:send
1564125256:2:7:10:77:-1:-1:-1:-1:-1:1:2:10:data:recv
1564125256:3:2:10:77:1:-1:3:5:-1:-1:-1:-1:data:forward
1564125256:2:7:77:11:-1:-1:-1:-1:-1:2:3:10:data:send
1564125279:2:7:11:77:-1:-1:-1:-1:-1:1:2:11:data:recv
1564125279:3:2:11:77:1:-1:3:5:-1:-1:-1:-1:data:forward
1564125279:2:7:77:12:-1:-1:-1:-1:-1:2:3:11:data:send
1564125302:2:7:12:77:-1:-1:-1:-1:-1:1:2:12:data:recv
1564125302:3:2:12:77:1:-1:3:5:-1:-1:-1:-1:data:forward
1564125302:2:7:77:13:-1:-1:-1:-1:-1:2:3:12:data:send
1564125325:2:7:13:77:-1:-1:-1:-1:-1:1:2:13:data:recv
1564125325:3:2:13:77:1:-1:3:5:-1:-1:-1:-1:data:forward
1564125325:2:7:77:14:-1:-1:-1:-1:-1:2:3:13:data:send
1564125348:2:7:14:77:-1:-1:-1:-1:-1:1:2:14:data:recv
1564125348:3:2:14:77:1:-1:3:5:-1:-1:-1:-1:data:forward
1564125348:2:7:77:15:-1:-1:-1:-1:-1:2:3:14:data:send
1564125371:2:7:15:77:-1:-1:-1:-1:-1:1:2:15:data:recv
1564125371:3:2:15:77:1:-1:3:5:-1:-1:-1:-1:data:forward
1564125371:2:7:77:16:-1:-1:-1:-1:-1:2:3:15:data:send
1564125394:2:7:16:77:-1:-1:-1:-1:-1:1:2:16:data:recv
1564125394:3:2:16:77:1:-1:3:5:-1:-1:-1:-1:data:forward
1564125394:2:7:77:17:-1:-1:-1:-1:-1:2:3:16:data:send
1564125417:2:7:17:77:-1:-1:-1:-1:-1:1:2:17:data:recv
1564125417:3:2:17:77:1:-1:3:5:-1:-1:-1:-1:data:forward
1564125417:2:7:77:18:-1:-1:-1:-1:-1:2:3:17:data:send
1564125440:2:7:18:77:-1:-1:-1:-1:-1:1:2:18:data:recv
1564125440:3:2:18:77:1:-1:3:5:-1:-1:-1:-1:data:forward
1564125440:2:7:77:19:-1:-1:-1:-1:-1:2:3:18:data:send
1564125463:2:7:19:77:-1:-1:-1:-1:-1:1:2:19:data:recv
1564125463:3:2:19:77:1:-1:3:5:-1:-1:-1:-1:data:forward
1564125463:2:7:77:20:-1:-1:-1:-1:-1:2:3:19:data:send
1564125486:2:7:20:77:-1:-1:-1:-1:-1:1:2:20:data:recv
1564125486:3:2:20:77:1:-1:3:5:-1:-1:-1:-1:data:forward
1564125486:2:7:77:21:-1:-1:-1:-1:-1:2:3:20:data:send
1564125532:2:7:22:77:-1:-1:-1:-1:-1:1:2:22:data:recv
1564125532:3:2:22:77:1:-1:3:5:-1:-1:-1:-1:data:forward
1564125532:2:7:77:22:-1:-1:-1:-1:-1:2:3:21:data:send
1564125555:2:7:23:77:-1:-1:-1:-1:-1:1:2:23:data:recv
1564125555:3:2:23:77:1:-1:3:5:-1:-1:-1:-1:data:forward
1564125555:2:7:77:23:-1:-1:-1:-1:-1:2:3:22:data:send
1564125578:2:7:24:77:-1:-1:-1:-1:-1:1:2:24:data:recv
1564125578:3:2:24:77:1:-1:3:5:-1:-1:-1:-1:data:forward
1564125578:2:7:77:24:-1:-1:-1:-1:-1:2:3:23:data:send
1564125601:2:7:25:77:-1:-1:-1:-1:-1:1:2:25:data:recv
1564125601:3:2:25:77:1:-1:3:5:-1:-1:-1:-1:data:forward
1564125601:2:7:77:25:-1:-1:-1:-1:-1:2:3:24:data:send
1564125624:2:7:26:77:-1:-1:-1:-1:-1:1:2:26:data:recv
1564125624:3:2:26:77:1:-1:3:5:-1:-1:-1:-1:data:forward
1564125624:2:7:77:26:-1:-1:-1:-1:-1:2:3:25:data:send
1564125647:2:7:27:77:-1:-1:-1:-1:-1:1:2:27:data:recv
1564125647:3:2:27:77:1:-1:3:5:-1:-1:-1:-1:data:forward
1564125647:2:7:77:27:-1:-1:-1:-1:-1:2:3:26:data:send
1564125670:2:7:28:77:-1:-1:-1:-1:-1:1:2:28:data:recv
1564125670:3:2:28:77:1:-1:3:5:-1:-1:-1:-1:data:forward
1564125670:2:7:77:28:-1:-1:-1:-1:-1:2:3:27:data:send
1564125694:2:7:29:77:-1:-1:-1:-1:-1:1:2:29:data:recv
1564125694:3:2:29:77:1:-1:3:5:-1:-1:-1:-1:data:forward
1564125694:2:7:77:29:-1:-1:-1:-1:-1:2:3:28:data:send
1564125717:2:7:30:77:-1:-1:-1:-1:-1:1:2:30:data:recv
1564125717:3:2:30:77:1:-1:3:5:-1:-1:-1:-1:data:forward
1564125717:2:7:77:30:-1:-1:-1:-1:-1:2:3:29:data:send
1564125740:2:7:31:77:-1:-1:-1:-1:-1:1:2:31:data:recv
1564125740:3:2:31:77:1:-1:3:5:-1:-1:-1:-1:data:forward
1564125740:2:7:77:31:-1:-1:-1:-1:-1:2:3:30:data:send
1564125763:2:7:32:77:-1:-1:-1:-1:-1:1:2:32:data:recv
1564125763:3:2:32:77:1:-1:3:5:-1:-1:-1:-1:data:forward
1564125763:2:7:77:32:-1:-1:-1:-1:-1:2:3:31:data:send
1564125832:2:7:35:77:-1:-1:-1:-1:-1:1:2:35:data:recv
1564125832:3:2:35:77:1:-1:3:5:-1:-1:-1:-1:data:forward
1564125832:2:7:77:33:-1:-1:-1:-1:-1:2:3:32:data:send
1564125855:2:7:36:77:-1:-1:-1:-1:-1:1:2:36:data:recv
1564125855:3:2:36:77:1:-1:3:5:-1:-1:-1:-1:data:forward
1564125855:2:7:77:34:-1:-1:-1:-1:-1:2:3:33:data:send
1564125878:2:7:37:77:-1:-1:-1:-1:-1:1:2:37:data:recv
1564125878:3:2:37:77:1:-1:3:5:-1:-1:-1:-1:data:forward
1564125878:2:7:77:35:-1:-1:-1:-1:-1:2:3:34:data:send
1564125901:2:7:38:77:-1:-1:-1:-1:-1:1:2:38:data:recv
1564125901:3:2:38:77:1:-1:3:5:-1:-1:-1:-1:data:forward
1564125901:2:7:77:36:-1:-1:-1:-1:-1:2:3:35:data:send
1564125924:2:7:39:77:-1:-1:-1:-1:-1:1:2:39:data:recv
1564125924:3:2:39:77:1:-1:3:5:-1:-1:-1:-1:data:forward
1564125924:2:7:77:37:-1:-1:-1:-1:-1:2:3:36:data:send
1564125947:2:7:40:77:-1:-1:-1:-1:-1:1:2:40:data:recv
1564125947:3:2:40:77:1:-1:3:5:-1:-1:-1:-1:data:forward
1564125947:2:7:77:38:-1:-1:-1:-1:-1:2:3:37:data:send
1564125970:2:7:41:77:-1:-1:-1:-1:-1:1:2:41:data:recv
1564125970:3:2:41:77:1:-1:3:5:-1:-1:-1:-1:data:forward
1564125970:2:7:77:39:-1:-1:-1:-1:-1:2:3:38:data:send
1564125993:2:7:42:77:-1:-1:-1:-1:-1:1:2:42:data:recv
1564125993:3:2:42:77:1:-1:3:5:-1:-1:-1:-1:data:forward
1564125993:2:7:77:40:-1:-1:-1:-1:-1:2:3:39:data:send
1564126016:2:7:43:77:-1:-1:-1:-1:-1:1:2:43:data:recv
1564126016:3:2:43:77:1:-1:3:5:-1:-1:-1:-1:data:forward
1564126016:2:7:77:41:-1:-1:-1:-1:-1:2:3:40:data:send
1564126039:2:7:44:77:-1:-1:-1:-1:-1:1:2:44:data:recv
1564126039:3:2:44:77:1:-1:3:5:-1:-1:-1:-1:data:forward
1564126039:2:7:77:42:-1:-1:-1:-1:-1:2:3:41:data:send
1564126085:2:7:46:77:-1:-1:-1:-1:-1:1:2:46:data:recv
1564126085:3:2:46:77:1:-1:3:5:-1:-1:-1:-1:data:forward
1564126085:2:7:77:43:-1:-1:-1:-1:-1:2:3:42:data:send
1564126108:2:7:47:77:-1:-1:-1:-1:-1:1:2:47:data:recv
1564126108:3:2:47:77:1:-1:3:5:-1:-1:-1:-1:data:forward
1564126108:2:7:77:44:-1:-1:-1:-1:-1:2:3:43:data:send
1564126131:2:7:48:77:-1:-1:-1:-1:-1:1:2:48:data:recv
1564126131:3:2:48:77:1:-1:3:5:-1:-1:-1:-1:data:forward
1564126131:2:7:77:45:-1:-1:-1:-1:-1:2:3:44:data:send
1564126154:2:7:49:77:-1:-1:-1:-1:-1:1:2:49:data:recv
1564126154:3:2:49:77:1:-1:3:5:-1:-1:-1:-1:data:forward
1564126154:2:7:77:46:-1:-1:-1:-1:-1:2:3:45:data:send
1564126177:2:7:50:77:-1:-1:-1:-1:-1:1:2:50:data:recv
1564126177:3:2:50:77:1:-1:3:5:-1:-1:-1:-1:data:forward
1564126177:2:7:77:47:-1:-1:-1:-1:-1:2:3:46:data:send
1564126200:2:7:51:77:-1:-1:-1:-1:-1:1:2:51:data:recv
1564126200:3:2:51:77:1:-1:3:5:-1:-1:-1:-1:data:forward
1564126200:2:7:77:48:-1:-1:-1:-1:-1:2:3:47:data:send
1564126223:2:7:52:77:-1:-1:-1:-1:-1:1:2:52:data:recv
1564126223:3:2:52:77:1:-1:3:5:-1:-1:-1:-1:data:forward
1564126223:2:7:77:49:-1:-1:-1:-1:-1:2:3:48:data:send
1564126246:2:7:53:77:-1:-1:-1:-1:-1:1:2:53:data:recv
1564126246:3:2:53:77:1:-1:3:5:-1:-1:-1:-1:data:forward
1564126246:2:7:77:50:-1:-1:-1:-1:-1:2:3:49:data:send
1564126269:2:7:54:77:-1:-1:-1:-1:-1:1:2:54:data:recv
1564126269:3:2:54:77:1:-1:3:5:-1:-1:-1:-1:data:forward
1564126269:2:7:77:51:-1:-1:-1:-1:-1:2:3:50:data:send
1564126292:2:7:55:77:-1:-1:-1:-1:-1:1:2:55:data:recv
1564126292:3:2:55:77:1:-1:3:5:-1:-1:-1:-1:data:forward
1564126292:2:7:77:52:-1:-1:-1:-1:-1:2:3:51:data:send
1564126315:2:7:56:77:-1:-1:-1:-1:-1:1:2:56:data:recv
1564126315:3:2:56:77:1:-1:3:5:-1:-1:-1:-1:data:forward
1564126315:2:7:77:53:-1:-1:-1:-1:-1:2:3:52:data:send
1564126338:2:7:57:77:-1:-1:-1:-1:-1:1:2:57:data:recv
1564126338:3:2:57:77:1:-1:3:5:-1:-1:-1:-1:data:forward
1564126338:2:7:77:54:-1:-1:-1:-1:-1:2:3:53:data:send
1564126361:2:7:58:77:-1:-1:-1:-1:-1:1:2:58:data:recv
1564126361:3:2:58:77:1:-1:3:5:-1:-1:-1:-1:data:forward
1564126361:2:7:77:55:-1:-1:-1:-1:-1:2:3:54:data:send
1564126384:2:7:59:77:-1:-1:-1:-1:-1:1:2:59:data:recv
1564126384:3:2:59:77:1:-1:3:5:-1:-1:-1:-1:data:forward
1564126384:2:7:77:56:-1:-1:-1:-1:-1:2:3:55:data:send
1564126407:2:7:60:77:-1:-1:-1:-1:-1:1:2:60:data:recv
1564126407:3:2:60:77:1:-1:3:5:-1:-1:-1:-1:data:forward
1564126407:2:7:77:57:-1:-1:-1:-1:-1:2:3:56:data:send
1564126430:2:7:61:77:-1:-1:-1:-1:-1:1:2:61:data:recv
1564126430:3:2:61:77:1:-1:3:5:-1:-1:-1:-1:data:forward
1564126430:2:7:77:58:-1:-1:-1:-1:-1:2:3:57:data:send
1564126453:2:7:62:77:-1:-1:-1:-1:-1:1:2:62:data:recv
1564126453:3:2:62:77:1:-1:3:5:-1:-1:-1:-1:data:forward
1564126453:2:7:77:59:-1:-1:-1:-1:-1:2:3:58:data:send
1564126476:2:7:63:77:-1:-1:-1:-1:-1:1:2:63:data:recv
1564126476:3:2:63:77:1:-1:3:5:-1:-1:-1:-1:data:forward
1564126476:2:7:77:60:-1:-1:-1:-1:-1:2:3:59:data:send
1564126499:2:7:64:77:-1:-1:-1:-1:-1:1:2:64:data:recv
1564126499:3:2:64:77:1:-1:3:5:-1:-1:-1:-1:data:forward
1564126499:2:7:77:61:-1:-1:-1:-1:-1:2:3:60:data:send
1564126522:2:7:65:77:-1:-1:-1:-1:-1:1:2:65:data:recv
1564126522:3:2:65:77:1:-1:3:5:-1:-1:-1:-1:data:forward
1564126522:2:7:77:62:-1:-1:-1:-1:-1:2:3:61:data:send
1564126545:2:7:66:77:-1:-1:-1:-1:-1:1:2:66:data:recv
1564126545:3:2:66:77:1:-1:3:5:-1:-1:-1:-1:data:forward
1564126545:2:7:77:63:-1:-1:-1:-1:-1:2:3:62:data:send
1564126568:2:7:67:77:-1:-1:-1:-1:-1:1:2:67:data:recv
1564126568:3:2:67:77:1:-1:3:5:-1:-1:-1:-1:data:forward
1564126568:2:7:77:64:-1:-1:-1:-1:-1:2:3:63:data:send
1564126591:2:7:68:77:-1:-1:-1:-1:-1:1:2:68:data:recv
1564126591:3:2:68:77:1:-1:3:5:-1:-1:-1:-1:data:forward
1564126591:2:7:77:65:-1:-1:-1:-1:-1:2:3:64:data:send
1564126614:2:7:69:77:-1:-1:-1:-1:-1:1:2:69:data:recv
1564126614:3:2:69:77:1:-1:3:5:-1:-1:-1:-1:data:forward
1564126614:2:7:77:66:-1:-1:-1:-1:-1:2:3:65:data:send
1564126637:2:7:70:77:-1:-1:-1:-1:-1:1:2:70:data:recv
1564126637:3:2:70:77:1:-1:3:5:-1:-1:-1:-1:data:forward
1564126637:2:7:77:67:-1:-1:-1:-1:-1:2:3:66:data:send
1564126660:2:7:71:77:-1:-1:-1:-1:-1:1:2:71:data:recv
1564126660:3:2:71:77:1:-1:3:5:-1:-1:-1:-1:data:forward
1564126660:2:7:77:68:-1:-1:-1:-1:-1:2:3:67:data:send
1564126683:2:7:72:77:-1:-1:-1:-1:-1:1:2:72:data:recv
1564126683:3:2:72:77:1:-1:3:5:-1:-1:-1:-1:data:forward
1564126683:2:7:77:69:-1:-1:-1:-1:-1:2:3:68:data:send
1564126706:2:7:73:77:-1:-1:-1:-1:-1:1:2:73:data:recv
1564126706:3:2:73:77:1:-1:3:5:-1:-1:-1:-1:data:forward
1564126706:2:7:77:70:-1:-1:-1:-1:-1:2:3:69:data:send
1564126729:2:7:74:77:-1:-1:-1:-1:-1:1:2:74:data:recv
1564126729:3:2:74:77:1:-1:3:5:-1:-1:-1:-1:data:forward
1564126729:2:7:77:71:-1:-1:-1:-1:-1:2:3:70:data:send
1564126752:2:7:75:77:-1:-1:-1:-1:-1:1:2:75:data:recv
1564126752:3:2:75:77:1:-1:3:5:-1:-1:-1:-1:data:forward
1564126752:2:7:77:72:-1:-1:-1:-1:-1:2:3:71:data:send
1564126775:2:7:76:77:-1:-1:-1:-1:-1:1:2:76:data:recv
1564126775:3:2:76:77:1:-1:3:5:-1:-1:-1:-1:data:forward
1564126775:2:7:77:73:-1:-1:-1:-1:-1:2:3:72:data:send
1564126798:2:7:77:77:-1:-1:-1:-1:-1:1:2:77:data:recv
1564126798:3:2:77:77:1:-1:3:5:-1:-1:-1:-1:data:forward
1564126798:2:7:77:74:-1:-1:-1:-1:-1:2:3:73:data:send
1564126821:2:7:78:77:-1:-1:-1:-1:-1:1:2:78:data:recv
1564126821:3:2:78:77:1:-1:3:5:-1:-1:-1:-1:data:forward
1564126821:2:7:77:75:-1:-1:-1:-1:-1:2:3:74:data:send
1564126845:2:7:79:77:-1:-1:-1:-1:-1:1:2:79:data:recv
1564126845:3:2:79:77:1:-1:3:5:-1:-1:-1:-1:data:forward
1564126845:2:7:77:76:-1:-1:-1:-1:-1:2:3:75:data:send
1564126868:2:7:80:77:-1:-1:-1:-1:-1:1:2:80:data:recv
1564126868:3:2:80:77:1:-1:3:5:-1:-1:-1:-1:data:forward
1564126868:2:7:77:77:-1:-1:-1:-1:-1:2:3:76:data:send
1564126891:2:7:81:77:-1:-1:-1:-1:-1:1:2:81:data:recv
1564126891:3:2:81:77:1:-1:3:5:-1:-1:-1:-1:data:forward
1564126891:2:7:77:78:-1:-1:-1:-1:-1:2:3:77:data:send
1564126914:2:7:82:77:-1:-1:-1:-1:-1:1:2:82:data:recv
1564126914:3:2:82:77:1:-1:3:5:-1:-1:-1:-1:data:forward
1564126914:2:7:77:79:-1:-1:-1:-1:-1:2:3:78:data:send
1564126937:2:7:83:77:-1:-1:-1:-1:-1:1:2:83:data:recv
1564126937:3:2:83:77:1:-1:3:5:-1:-1:-1:-1:data:forward
1564126937:2:7:77:80:-1:-1:-1:-1:-1:2:3:79:data:send
1564126960:2:7:84:77:-1:-1:-1:-1:-1:1:2:84:data:recv
1564126960:3:2:84:77:1:-1:3:5:-1:-1:-1:-1:data:forward
1564126960:2:7:77:81:-1:-1:-1:-1:-1:2:3:80:data:send
1564126983:2:7:85:77:-1:-1:-1:-1:-1:1:2:85:data:recv
1564126983:3:2:85:77:1:-1:3:5:-1:-1:-1:-1:data:forward
1564126983:2:7:77:82:-1:-1:-1:-1:-1:2:3:81:data:send
1564127006:2:7:86:77:-1:-1:-1:-1:-1:1:2:86:data:recv
1564127006:3:2:86:77:1:-1:3:5:-1:-1:-1:-1:data:forward
1564127006:2:7:77:83:-1:-1:-1:-1:-1:2:3:82:data:send
1564127029:2:7:87:77:-1:-1:-1:-1:-1:1:2:87:data:recv
1564127029:3:2:87:77:1:-1:3:5:-1:-1:-1:-1:data:forward
1564127029:2:7:77:84:-1:-1:-1:-1:-1:2:3:83:data:send
1564127052:2:7:88:77:-1:-1:-1:-1:-1:1:2:88:data:recv
1564127052:3:2:88:77:1:-1:3:5:-1:-1:-1:-1:data:forward
1564127052:2:7:77:85:-1:-1:-1:-1:-1:2:3:84:data:send
1564127075:2:7:89:77:-1:-1:-1:-1:-1:1:2:89:data:recv
1564127075:3:2:89:77:1:-1:3:5:-1:-1:-1:-1:data:forward
1564127075:2:7:77:86:-1:-1:-1:-1:-1:2:3:85:data:send
1564127098:2:7:90:77:-1:-1:-1:-1:-1:1:2:90:data:recv
1564127098:3:2:90:77:1:-1:3:5:-1:-1:-1:-1:data:forward
1564127098:2:7:77:87:-1:-1:-1:-1:-1:2:3:86:data:send
1564127121:2:7:91:77:-1:-1:-1:-1:-1:1:2:91:data:recv
1564127121:3:2:91:77:1:-1:3:5:-1:-1:-1:-1:data:forward
1564127121:2:7:77:88:-1:-1:-1:-1:-1:2:3:87:data:send
1564127144:2:7:92:77:-1:-1:-1:-1:-1:1:2:92:data:recv
1564127144:3:2:92:77:1:-1:3:5:-1:-1:-1:-1:data:forward
1564127144:2:7:77:89:-1:-1:-1:-1:-1:2:3:88:data:send
1564127167:2:7:93:77:-1:-1:-1:-1:-1:1:2:93:data:recv
1564127167:3:2:93:77:1:-1:3:5:-1:-1:-1:-1:data:forward
1564127167:2:7:77:90:-1:-1:-1:-1:-1:2:3:89:data:send
1564127190:2:7:94:77:-1:-1:-1:-1:-1:1:2:94:data:recv
1564127190:3:2:94:77:1:-1:3:5:-1:-1:-1:-1:data:forward
1564127190:2:7:77:91:-1:-1:-1:-1:-1:2:3:90:data:send
1564127213:2:7:95:77:-1:-1:-1:-1:-1:1:2:95:data:recv
1564127213:3:2:95:77:1:-1:3:5:-1:-1:-1:-1:data:forward
1564127213:2:7:77:92:-1:-1:-1:-1:-1:2:3:91:data:send
1564127236:2:7:96:77:-1:-1:-1:-1:-1:1:2:96:data:recv
1564127236:3:2:96:77:1:-1:3:5:-1:-1:-1:-1:data:forward
1564127236:2:7:77:93:-1:-1:-1:-1:-1:2:3:92:data:send
1564127259:2:7:97:77:-1:-1:-1:-1:-1:1:2:97:data:recv
1564127259:3:2:97:77:1:-1:3:5:-1:-1:-1:-1:data:forward
1564127259:2:7:77:94:-1:-1:-1:-1:-1:2:3:93:data:send
1564127282:2:7:98:77:-1:-1:-1:-1:-1:1:2:98:data:recv
1564127282:3:2:98:77:1:-1:3:5:-1:-1:-1:-1:data:forward
1564127282:2:7:77:95:-1:-1:-1:-1:-1:2:3:94:data:send
1564127305:2:7:99:77:-1:-1:-1:-1:-1:1:2:99:data:recv
1564127305:3:2:99:77:1:-1:3:5:-1:-1:-1:-1:data:forward
1564127305:2:7:77:96:-1:-1:-1:-1:-1:2:3:95:data:send
1564127328:2:7:100:77:-1:-1:-1:-1:-1:1:2:100:data:recv
1564127328:3:2:100:77:1:-1:3:5:-1:-1:-1:-1:data:forward
1564127328:2:7:77:97:-1:-1:-1:-1:-1:2:3:96:data:send
1564127351:2:7:101:77:-1:-1:-1:-1:-1:1:2:101:data:recv
1564127351:3:2:101:77:1:-1:3:5:-1:-1:-1:-1:data:forward
1564127351:2:7:77:98:-1:-1:-1:-1:-1:2:3:97:data:send
1564127374:2:7:102:77:-1:-1:-1:-1:-1:1:2:102:data:recv
1564127374:3:2:102:77:1:-1:3:5:-1:-1:-1:-1:data:forward
1564127374:2:7:77:99:-1:-1:-1:-1:-1:2:3:98:data:send
1564127397:2:7:103:77:-1:-1:-1:-1:-1:1:2:103:data:recv
1564127397:3:2:103:77:1:-1:3:5:-1:-1:-1:-1:data:forward
1564127397:2:7:77:100:-1:-1:-1:-1:-1:2:3:99:data:send
1564127420:2:7:104:77:-1:-1:-1:-1:-1:1:2:104:data:recv
1564127420:3:2:104:77:1:-1:3:5:-1:-1:-1:-1:data:forward
1564127420:2:7:77:101:-1:-1:-1:-1:-1:2:3:100:data:send
1564127443:2:7:105:77:-1:-1:-1:-1:-1:1:2:105:data:recv
1564127443:3:2:105:77:1:-1:3:5:-1:-1:-1:-1:data:forward
1564127443:2:7:77:102:-1:-1:-1:-1:-1:2:3:101:data:send
1564127466:2:7:106:77:-1:-1:-1:-1:-1:1:2:106:data:recv
1564127466:3:2:106:77:1:-1:3:5:-1:-1:-1:-1:data:forward
1564127466:2:7:77:103:-1:-1:-1:-1:-1:2:3:102:data:send
1564127489:2:7:107:77:-1:-1:-1:-1:-1:1:2:107:data:recv
1564127489:3:2:107:77:1:-1:3:5:-1:-1:-1:-1:data:forward
1564127489:2:7:77:104:-1:-1:-1:-1:-1:2:3:103:data:send
1564127512:2:7:108:77:-1:-1:-1:-1:-1:1:2:108:data:recv
1564127512:3:2:108:77:1:-1:3:5:-1:-1:-1:-1:data:forward
1564127512:2:7:77:105:-1:-1:-1:-1:-1:2:3:104:data:send
1564127535:2:7:109:77:-1:-1:-1:-1:-1:1:2:109:data:recv
1564127535:3:2:109:77:1:-1:3:5:-1:-1:-1:-1:data:forward
1564127535:2:7:77:106:-1:-1:-1:-1:-1:2:3:105:data:send
1564127558:2:7:110:77:-1:-1:-1:-1:-1:1:2:110:data:recv
1564127558:3:2:110:77:1:-1:3:5:-1:-1:-1:-1:data:forward
1564127558:2:7:77:107:-1:-1:-1:-1:-1:2:3:106:data:send
1564127581:2:7:111:77:-1:-1:-1:-1:-1:1:2:111:data:recv
1564127581:3:2:111:77:1:-1:3:5:-1:-1:-1:-1:data:forward
1564127581:2:7:77:108:-1:-1:-1:-1:-1:2:3:107:data:send
1564127604:2:7:112:77:-1:-1:-1:-1:-1:1:2:112:data:recv
1564127604:3:2:112:77:1:-1:3:5:-1:-1:-1:-1:data:forward
1564127604:2:7:77:109:-1:-1:-1:-1:-1:2:3:108:data:send
1564127627:2:7:113:77:-1:-1:-1:-1:-1:1:2:113:data:recv
1564127627:3:2:113:77:1:-1:3:5:-1:-1:-1:-1:data:forward
1564127627:2:7:77:110:-1:-1:-1:-1:-1:2:3:109:data:send
1564127650:2:7:114:77:-1:-1:-1:-1:-1:1:2:114:data:recv
1564127650:3:2:114:77:1:-1:3:5:-1:-1:-1:-1:data:forward
1564127650:2:7:77:111:-1:-1:-1:-1:-1:2:3:110:data:send
1564127673:2:7:115:77:-1:-1:-1:-1:-1:1:2:115:data:recv
1564127673:3:2:115:77:1:-1:3:5:-1:-1:-1:-1:data:forward
1564127673:2:7:77:112:-1:-1:-1:-1:-1:2:3:111:data:send
1564127696:2:7:116:77:-1:-1:-1:-1:-1:1:2:116:data:recv
1564127696:3:2:116:77:1:-1:3:5:-1:-1:-1:-1:data:forward
1564127696:2:7:77:113:-1:-1:-1:-1:-1:2:3:112:data:send
1564127719:2:7:117:77:-1:-1:-1:-1:-1:1:2:117:data:recv
1564127719:3:2:117:77:1:-1:3:5:-1:-1:-1:-1:data:forward
1564127719:2:7:77:114:-1:-1:-1:-1:-1:2:3:113:data:send
1564127765:2:7:119:77:-1:-1:-1:-1:-1:1:2:119:data:recv
1564127765:3:2:119:77:1:-1:3:5:-1:-1:-1:-1:data:forward
1564127765:2:7:77:115:-1:-1:-1:-1:-1:2:3:114:data:send
1564127788:2:7:120:77:-1:-1:-1:-1:-1:1:2:120:data:recv
1564127788:3:2:120:77:1:-1:3:5:-1:-1:-1:-1:data:forward
1564127788:2:7:77:116:-1:-1:-1:-1:-1:2:3:115:data:send
1564127811:2:7:121:77:-1:-1:-1:-1:-1:1:2:121:data:recv
1564127811:3:2:121:77:1:-1:3:5:-1:-1:-1:-1:data:forward
1564127811:2:7:77:117:-1:-1:-1:-1:-1:2:3:116:data:send
1564127834:2:7:122:77:-1:-1:-1:-1:-1:1:2:122:data:recv
1564127834:3:2:122:77:1:-1:3:5:-1:-1:-1:-1:data:forward
1564127834:2:7:77:118:-1:-1:-1:-1:-1:2:3:117:data:send
1564127857:2:7:123:77:-1:-1:-1:-1:-1:1:2:123:data:recv
1564127857:3:2:123:77:1:-1:3:5:-1:-1:-1:-1:data:forward
1564127857:2:7:77:119:-1:-1:-1:-1:-1:2:3:118:data:send
1564127880:2:7:124:77:-1:-1:-1:-1:-1:1:2:124:data:recv
1564127880:3:2:124:77:1:-1:3:5:-1:-1:-1:-1:data:forward
1564127880:2:7:77:120:-1:-1:-1:-1:-1:2:3:119:data:send
1564127903:2:7:125:77:-1:-1:-1:-1:-1:1:2:125:data:recv
1564127903:3:2:125:77:1:-1:3:5:-1:-1:-1:-1:data:forward
1564127903:2:7:77:121:-1:-1:-1:-1:-1:2:3:120:data:send
1564127926:2:7:126:77:-1:-1:-1:-1:-1:1:2:126:data:recv
1564127926:3:2:126:77:1:-1:3:5:-1:-1:-1:-1:data:forward
1564127926:2:7:77:122:-1:-1:-1:-1:-1:2:3:121:data:send
1564127949:2:7:127:77:-1:-1:-1:-1:-1:1:2:127:data:recv
1564127949:3:2:127:77:1:-1:3:5:-1:-1:-1:-1:data:forward
1564127949:2:7:77:123:-1:-1:-1:-1:-1:2:3:122:data:send
1564127972:2:7:128:77:-1:-1:-1:-1:-1:1:2:128:data:recv
1564127972:3:2:128:77:1:-1:3:5:-1:-1:-1:-1:data:forward
1564127972:2:7:77:124:-1:-1:-1:-1:-1:2:3:123:data:send
1564127995:2:7:129:77:-1:-1:-1:-1:-1:1:2:129:data:recv
1564127995:3:2:129:77:1:-1:3:5:-1:-1:-1:-1:data:forward
1564127995:2:7:77:125:-1:-1:-1:-1:-1:2:3:124:data:send
1564128019:2:7:130:77:-1:-1:-1:-1:-1:1:2:130:data:recv
1564128019:3:2:130:77:1:-1:3:5:-1:-1:-1:-1:data:forward
1564128019:2:7:77:126:-1:-1:-1:-1:-1:2:3:125:data:send
1564128042:2:7:131:77:-1:-1:-1:-1:-1:1:2:131:data:recv
1564128042:3:2:131:77:1:-1:3:5:-1:-1:-1:-1:data:forward
1564128042:2:7:77:127:-1:-1:-1:-1:-1:2:3:126:data:send
1564128065:2:7:132:77:-1:-1:-1:-1:-1:1:2:132:data:recv
1564128065:3:2:132:77:1:-1:3:5:-1:-1:-1:-1:data:forward
1564128065:2:7:77:128:-1:-1:-1:-1:-1:2:3:127:data:send
1564128088:2:7:133:77:-1:-1:-1:-1:-1:1:2:133:data:recv
1564128088:3:2:133:77:1:-1:3:5:-1:-1:-1:-1:data:forward
1564128088:2:7:77:129:-1:-1:-1:-1:-1:2:3:128:data:send
1564128111:2:7:134:77:-1:-1:-1:-1:-1:1:2:134:data:recv
1564128111:3:2:134:77:1:-1:3:5:-1:-1:-1:-1:data:forward
1564128111:2:7:77:130:-1:-1:-1:-1:-1:2:3:129:data:send
1564128134:2:7:135:77:-1:-1:-1:-1:-1:1:2:135:data:recv
1564128134:3:2:135:77:1:-1:3:5:-1:-1:-1:-1:data:forward
1564128134:2:7:77:131:-1:-1:-1:-1:-1:2:3:130:data:send
1564128157:2:7:136:77:-1:-1:-1:-1:-1:1:2:136:data:recv
1564128157:3:2:136:77:1:-1:3:5:-1:-1:-1:-1:data:forward
1564128157:2:7:77:132:-1:-1:-1:-1:-1:2:3:131:data:send
1564128180:2:7:137:77:-1:-1:-1:-1:-1:1:2:137:data:recv
1564128180:3:2:137:77:1:-1:3:5:-1:-1:-1:-1:data:forward
1564128180:2:7:77:133:-1:-1:-1:-1:-1:2:3:132:data:send
1564128203:2:7:138:77:-1:-1:-1:-1:-1:1:2:138:data:recv
1564128203:3:2:138:77:1:-1:3:5:-1:-1:-1:-1:data:forward
1564128203:2:7:77:134:-1:-1:-1:-1:-1:2:3:133:data:send
1564128249:2:7:140:77:-1:-1:-1:-1:-1:1:2:140:data:recv
1564128249:3:2:140:77:1:-1:3:5:-1:-1:-1:-1:data:forward
1564128249:2:7:77:135:-1:-1:-1:-1:-1:2:3:134:data:send
1564128272:2:7:141:77:-1:-1:-1:-1:-1:1:2:141:data:recv
1564128272:3:2:141:77:1:-1:3:5:-1:-1:-1:-1:data:forward
1564128272:2:7:77:136:-1:-1:-1:-1:-1:2:3:135:data:send
1564128295:2:7:142:77:-1:-1:-1:-1:-1:1:2:142:data:recv
1564128295:3:2:142:77:1:-1:3:5:-1:-1:-1:-1:data:forward
1564128295:2:7:77:137:-1:-1:-1:-1:-1:2:3:136:data:send
1564128318:2:7:143:77:-1:-1:-1:-1:-1:1:2:143:data:recv
1564128318:3:2:143:77:1:-1:3:5:-1:-1:-1:-1:data:forward
1564128318:2:7:77:138:-1:-1:-1:-1:-1:2:3:137:data:send
1564128341:2:7:144:77:-1:-1:-1:-1:-1:1:2:144:data:recv
1564128341:3:2:144:77:1:-1:3:5:-1:-1:-1:-1:data:forward
1564128341:2:7:77:139:-1:-1:-1:-1:-1:2:3:138:data:send
1564128364:2:7:145:77:-1:-1:-1:-1:-1:1:2:145:data:recv
1564128364:3:2:145:77:1:-1:3:5:-1:-1:-1:-1:data:forward
1564128364:2:7:77:140:-1:-1:-1:-1:-1:2:3:139:data:send
1564128387:2:7:146:77:-1:-1:-1:-1:-1:1:2:146:data:recv
1564128387:3:2:146:77:1:-1:3:5:-1:-1:-1:-1:data:forward
1564128387:2:7:77:141:-1:-1:-1:-1:-1:2:3:140:data:send
1564128410:2:7:147:77:-1:-1:-1:-1:-1:1:2:147:data:recv
1564128410:3:2:147:77:1:-1:3:5:-1:-1:-1:-1:data:forward
1564128410:2:7:77:142:-1:-1:-1:-1:-1:2:3:141:data:send
1564128433:2:7:148:77:-1:-1:-1:-1:-1:1:2:148:data:recv
1564128433:3:2:148:77:1:-1:3:5:-1:-1:-1:-1:data:forward
1564128433:2:7:77:143:-1:-1:-1:-1:-1:2:3:142:data:send
1564128456:2:7:149:77:-1:-1:-1:-1:-1:1:2:149:data:recv
1564128456:3:2:149:77:1:-1:3:5:-1:-1:-1:-1:data:forward
1564128456:2:7:77:144:-1:-1:-1:-1:-1:2:3:143:data:send
1564128502:2:7:151:77:-1:-1:-1:-1:-1:1:2:151:data:recv
1564128502:3:2:151:77:1:-1:3:5:-1:-1:-1:-1:data:forward
1564128502:2:7:77:145:-1:-1:-1:-1:-1:2:3:144:data:send
1564128525:2:7:152:77:-1:-1:-1:-1:-1:1:2:152:data:recv
1564128525:3:2:152:77:1:-1:3:5:-1:-1:-1:-1:data:forward
1564128525:2:7:77:146:-1:-1:-1:-1:-1:2:3:145:data:send
1564128548:2:7:153:77:-1:-1:-1:-1:-1:1:2:153:data:recv
1564128548:3:2:153:77:1:-1:3:5:-1:-1:-1:-1:data:forward
1564128548:2:7:77:147:-1:-1:-1:-1:-1:2:3:146:data:send
1564128571:2:7:154:77:-1:-1:-1:-1:-1:1:2:154:data:recv
1564128571:3:2:154:77:1:-1:3:5:-1:-1:-1:-1:data:forward
1564128571:2:7:77:148:-1:-1:-1:-1:-1:2:3:147:data:send
1564128594:2:7:155:77:-1:-1:-1:-1:-1:1:2:155:data:recv
1564128594:3:2:155:77:1:-1:3:5:-1:-1:-1:-1:data:forward
1564128594:2:7:77:149:-1:-1:-1:-1:-1:2:3:148:data:send
1564128617:2:7:156:77:-1:-1:-1:-1:-1:1:2:156:data:recv
1564128617:3:2:156:77:1:-1:3:5:-1:-1:-1:-1:data:forward
1564128617:2:7:77:150:-1:-1:-1:-1:-1:2:3:149:data:send
1564128640:2:7:157:77:-1:-1:-1:-1:-1:1:2:157:data:recv
1564128640:3:2:157:77:1:-1:3:5:-1:-1:-1:-1:data:forward
1564128640:2:7:77:151:-1:-1:-1:-1:-1:2:3:150:data:send
1564128663:2:7:158:77:-1:-1:-1:-1:-1:1:2:158:data:recv
1564128663:3:2:158:77:1:-1:3:5:-1:-1:-1:-1:data:forward
1564128663:2:7:77:152:-1:-1:-1:-1:-1:2:3:151:data:send
1564128686:2:7:159:77:-1:-1:-1:-1:-1:1:2:159:data:recv
1564128686:3:2:159:77:1:-1:3:5:-1:-1:-1:-1:data:forward
1564128686:2:7:77:153:-1:-1:-1:-1:-1:2:3:152:data:send
1564128709:2:7:160:77:-1:-1:-1:-1:-1:1:2:160:data:recv
1564128709:3:2:160:77:1:-1:3:5:-1:-1:-1:-1:data:forward
1564128709:2:7:77:154:-1:-1:-1:-1:-1:2:3:153:data:send
1564128732:2:7:161:77:-1:-1:-1:-1:-1:1:2:161:data:recv
1564128732:3:2:161:77:1:-1:3:5:-1:-1:-1:-1:data:forward
1564128732:2:7:77:155:-1:-1:-1:-1:-1:2:3:154:data:send
1564128755:2:7:162:77:-1:-1:-1:-1:-1:1:2:162:data:recv
1564128755:3:2:162:77:1:-1:3:5:-1:-1:-1:-1:data:forward
1564128755:2:7:77:156:-1:-1:-1:-1:-1:2:3:155:data:send
1564128778:2:7:163:77:-1:-1:-1:-1:-1:1:2:163:data:recv
1564128778:3:2:163:77:1:-1:3:5:-1:-1:-1:-1:data:forward
1564128778:2:7:77:157:-1:-1:-1:-1:-1:2:3:156:data:send
1564128801:2:7:164:77:-1:-1:-1:-1:-1:1:2:164:data:recv
1564128801:3:2:164:77:1:-1:3:5:-1:-1:-1:-1:data:forward
1564128801:2:7:77:158:-1:-1:-1:-1:-1:2:3:157:data:send
1564128824:2:7:165:77:-1:-1:-1:-1:-1:1:2:165:data:recv
1564128824:3:2:165:77:1:-1:3:5:-1:-1:-1:-1:data:forward
1564128824:2:7:77:159:-1:-1:-1:-1:-1:2:3:158:data:send
1564128847:2:7:166:77:-1:-1:-1:-1:-1:1:2:166:data:recv
1564128847:3:2:166:77:1:-1:3:5:-1:-1:-1:-1:data:forward
1564128847:2:7:77:160:-1:-1:-1:-1:-1:2:3:159:data:send
1564128870:2:7:167:77:-1:-1:-1:-1:-1:1:2:167:data:recv
1564128870:3:2:167:77:1:-1:3:5:-1:-1:-1:-1:data:forward
1564128870:2:7:77:161:-1:-1:-1:-1:-1:2:3:160:data:send
1564128893:2:7:168:77:-1:-1:-1:-1:-1:1:2:168:data:recv
1564128893:3:2:168:77:1:-1:3:5:-1:-1:-1:-1:data:forward
1564128893:2:7:77:162:-1:-1:-1:-1:-1:2:3:161:data:send
1564128916:2:7:169:77:-1:-1:-1:-1:-1:1:2:169:data:recv
1564128916:3:2:169:77:1:-1:3:5:-1:-1:-1:-1:data:forward
1564128916:2:7:77:163:-1:-1:-1:-1:-1:2:3:162:data:send
1564128939:2:7:170:77:-1:-1:-1:-1:-1:1:2:170:data:recv
1564128939:3:2:170:77:1:-1:3:5:-1:-1:-1:-1:data:forward
1564128939:2:7:77:164:-1:-1:-1:-1:-1:2:3:163:data:send
1564128962:2:7:171:77:-1:-1:-1:-1:-1:1:2:171:data:recv
1564128962:3:2:171:77:1:-1:3:5:-1:-1:-1:-1:data:forward
1564128962:2:7:77:165:-1:-1:-1:-1:-1:2:3:164:data:send
1564128985:2:7:172:77:-1:-1:-1:-1:-1:1:2:172:data:recv
1564128985:3:2:172:77:1:-1:3:5:-1:-1:-1:-1:data:forward
1564128985:2:7:77:166:-1:-1:-1:-1:-1:2:3:165:data:send
1564129008:2:7:173:77:-1:-1:-1:-1:-1:1:2:173:data:recv
1564129008:3:2:173:77:1:-1:3:5:-1:-1:-1:-1:data:forward
1564129008:2:7:77:167:-1:-1:-1:-1:-1:2:3:166:data:send
1564129031:2:7:174:77:-1:-1:-1:-1:-1:1:2:174:data:recv
1564129031:3:2:174:77:1:-1:3:5:-1:-1:-1:-1:data:forward
1564129031:2:7:77:168:-1:-1:-1:-1:-1:2:3:167:data:send
1564129054:2:7:175:77:-1:-1:-1:-1:-1:1:2:175:data:recv
1564129054:3:2:175:77:1:-1:3:5:-1:-1:-1:-1:data:forward
1564129054:2:7:77:169:-1:-1:-1:-1:-1:2:3:168:data:send
1564129077:2:7:176:77:-1:-1:-1:-1:-1:1:2:176:data:recv
1564129077:3:2:176:77:1:-1:3:5:-1:-1:-1:-1:data:forward
1564129077:2:7:77:170:-1:-1:-1:-1:-1:2:3:169:data:send
1564129124:2:7:178:77:-1:-1:-1:-1:-1:1:2:178:data:recv
1564129124:3:2:178:77:1:-1:3:5:-1:-1:-1:-1:data:forward
1564129124:2:7:77:171:-1:-1:-1:-1:-1:2:3:170:data:send
1564129193:2:7:181:77:-1:-1:-1:-1:-1:1:2:181:data:recv
1564129193:3:2:181:77:1:-1:3:5:-1:-1:-1:-1:data:forward
1564129193:2:7:77:172:-1:-1:-1:-1:-1:2:3:171:data:send
1564129216:2:7:182:77:-1:-1:-1:-1:-1:1:2:182:data:recv
1564129216:3:2:182:77:1:-1:3:5:-1:-1:-1:-1:data:forward
1564129216:2:7:77:173:-1:-1:-1:-1:-1:2:3:172:data:send
1564129239:2:7:183:77:-1:-1:-1:-1:-1:1:2:183:data:recv
1564129239:3:2:183:77:1:-1:3:5:-1:-1:-1:-1:data:forward
1564129239:2:7:77:174:-1:-1:-1:-1:-1:2:3:173:data:send
1564129262:2:7:184:77:-1:-1:-1:-1:-1:1:2:184:data:recv
1564129262:3:2:184:77:1:-1:3:5:-1:-1:-1:-1:data:forward
1564129262:2:7:77:175:-1:-1:-1:-1:-1:2:3:174:data:send
1564129285:2:7:185:77:-1:-1:-1:-1:-1:1:2:185:data:recv
1564129285:3:2:185:77:1:-1:3:5:-1:-1:-1:-1:data:forward
1564129285:2:7:77:176:-1:-1:-1:-1:-1:2:3:175:data:send
1564129308:2:7:186:77:-1:-1:-1:-1:-1:1:2:186:data:recv
1564129308:3:2:186:77:1:-1:3:5:-1:-1:-1:-1:data:forward
1564129308:2:7:77:177:-1:-1:-1:-1:-1:2:3:176:data:send
1564129331:2:7:187:77:-1:-1:-1:-1:-1:1:2:187:data:recv
1564129331:3:2:187:77:1:-1:3:5:-1:-1:-1:-1:data:forward
1564129331:2:7:77:178:-1:-1:-1:-1:-1:2:3:177:data:send
1564129354:2:7:188:77:-1:-1:-1:-1:-1:1:2:188:data:recv
1564129354:3:2:188:77:1:-1:3:5:-1:-1:-1:-1:data:forward
1564129354:2:7:77:179:-1:-1:-1:-1:-1:2:3:178:data:send
1564129377:2:7:189:77:-1:-1:-1:-1:-1:1:2:189:data:recv
1564129377:3:2:189:77:1:-1:3:5:-1:-1:-1:-1:data:forward
1564129377:2:7:77:180:-1:-1:-1:-1:-1:2:3:179:data:send
1564129400:2:7:190:77:-1:-1:-1:-1:-1:1:2:190:data:recv
1564129400:3:2:190:77:1:-1:3:5:-1:-1:-1:-1:data:forward
1564129400:2:7:77:181:-1:-1:-1:-1:-1:2:3:180:data:send
1564129423:2:7:191:77:-1:-1:-1:-1:-1:1:2:191:data:recv
1564129423:3:2:191:77:1:-1:3:5:-1:-1:-1:-1:data:forward
1564129423:2:7:77:182:-1:-1:-1:-1:-1:2:3:181:data:send
1564129446:2:7:192:77:-1:-1:-1:-1:-1:1:2:192:data:recv
1564129446:3:2:192:77:1:-1:3:5:-1:-1:-1:-1:data:forward
1564129446:2:7:77:183:-1:-1:-1:-1:-1:2:3:182:data:send
1564129469:2:7:193:77:-1:-1:-1:-1:-1:1:2:193:data:recv
1564129469:3:2:193:77:1:-1:3:5:-1:-1:-1:-1:data:forward
1564129469:2:7:77:184:-1:-1:-1:-1:-1:2:3:183:data:send
1564129492:2:7:194:77:-1:-1:-1:-1:-1:1:2:194:data:recv
1564129492:3:2:194:77:1:-1:3:5:-1:-1:-1:-1:data:forward
1564129492:2:7:77:185:-1:-1:-1:-1:-1:2:3:184:data:send
1564129515:2:7:195:77:-1:-1:-1:-1:-1:1:2:195:data:recv
1564129515:3:2:195:77:1:-1:3:5:-1:-1:-1:-1:data:forward
1564129515:2:7:77:186:-1:-1:-1:-1:-1:2:3:185:data:send
1564129538:2:7:196:77:-1:-1:-1:-1:-1:1:2:196:data:recv
1564129538:3:2:196:77:1:-1:3:5:-1:-1:-1:-1:data:forward
1564129538:2:7:77:187:-1:-1:-1:-1:-1:2:3:186:data:send
1564129561:2:7:197:77:-1:-1:-1:-1:-1:1:2:197:data:recv
1564129561:3:2:197:77:1:-1:3:5:-1:-1:-1:-1:data:forward
1564129561:2:7:77:188:-1:-1:-1:-1:-1:2:3:187:data:send
1564129584:2:7:198:77:-1:-1:-1:-1:-1:1:2:198:data:recv
1564129584:3:2:198:77:1:-1:3:5:-1:-1:-1:-1:data:forward
1564129584:2:7:77:189:-1:-1:-1:-1:-1:2:3:188:data:send
1564129607:2:7:199:77:-1:-1:-1:-1:-1:1:2:199:data:recv
1564129607:3:2:199:77:1:-1:3:5:-1:-1:-1:-1:data:forward
1564129607:2:7:77:190:-1:-1:-1:-1:-1:2:3:189:data:send
1564129630:2:7:200:77:-1:-1:-1:-1:-1:1:2:200:data:recv
1564129630:3:2:200:77:1:-1:3:5:-1:-1:-1:-1:data:forward
1564129630:2:7:77:191:-1:-1:-1:-1:-1:2:3:190:data:send
1564129653:2:7:201:77:-1:-1:-1:-1:-1:1:2:201:data:recv
1564129653:3:2:201:77:1:-1:3:5:-1:-1:-1:-1:data:forward
1564129653:2:7:77:192:-1:-1:-1:-1:-1:2:3:191:data:send
1564129676:2:7:202:77:-1:-1:-1:-1:-1:1:2:202:data:recv
1564129676:3:2:202:77:1:-1:3:5:-1:-1:-1:-1:data:forward
1564129676:2:7:77:193:-1:-1:-1:-1:-1:2:3:192:data:send
1564129722:2:7:204:77:-1:-1:-1:-1:-1:1:2:204:data:recv
1564129722:3:2:204:77:1:-1:3:5:-1:-1:-1:-1:data:forward
1564129722:2:7:77:194:-1:-1:-1:-1:-1:2:3:193:data:send
1564129745:2:7:205:77:-1:-1:-1:-1:-1:1:2:205:data:recv
1564129745:3:2:205:77:1:-1:3:5:-1:-1:-1:-1:data:forward
1564129745:2:7:77:195:-1:-1:-1:-1:-1:2:3:194:data:send
1564129768:2:7:206:77:-1:-1:-1:-1:-1:1:2:206:data:recv
1564129768:3:2:206:77:1:-1:3:5:-1:-1:-1:-1:data:forward
1564129768:2:7:77:196:-1:-1:-1:-1:-1:2:3:195:data:send
1564129791:2:7:207:77:-1:-1:-1:-1:-1:1:2:207:data:recv
1564129791:3:2:207:77:1:-1:3:5:-1:-1:-1:-1:data:forward
1564129791:2:7:77:197:-1:-1:-1:-1:-1:2:3:196:data:send
1564129814:2:7:208:77:-1:-1:-1:-1:-1:1:2:208:data:recv
1564129814:3:2:208:77:1:-1:3:5:-1:-1:-1:-1:data:forward
1564129814:2:7:77:198:-1:-1:-1:-1:-1:2:3:197:data:send
1564129837:2:7:209:77:-1:-1:-1:-1:-1:1:2:209:data:recv
1564129837:3:2:209:77:1:-1:3:5:-1:-1:-1:-1:data:forward
1564129837:2:7:77:199:-1:-1:-1:-1:-1:2:3:198:data:send
1564129860:2:7:210:77:-1:-1:-1:-1:-1:1:2:210:data:recv
1564129860:3:2:210:77:1:-1:3:5:-1:-1:-1:-1:data:forward
1564129860:2:7:77:200:-1:-1:-1:-1:-1:2:3:199:data:send
1564129883:2:7:211:77:-1:-1:-1:-1:-1:1:2:211:data:recv
1564129883:3:2:211:77:1:-1:3:5:-1:-1:-1:-1:data:forward
1564129883:2:7:77:201:-1:-1:-1:-1:-1:2:3:200:data:send
1564129906:2:7:212:77:-1:-1:-1:-1:-1:1:2:212:data:recv
1564129906:3:2:212:77:1:-1:3:5:-1:-1:-1:-1:data:forward
1564129906:2:7:77:202:-1:-1:-1:-1:-1:2:3:201:data:send
1564129929:2:7:213:77:-1:-1:-1:-1:-1:1:2:213:data:recv
1564129929:3:2:213:77:1:-1:3:5:-1:-1:-1:-1:data:forward
1564129929:2:7:77:203:-1:-1:-1:-1:-1:2:3:202:data:send
1564129952:2:7:214:77:-1:-1:-1:-1:-1:1:2:214:data:recv
1564129952:3:2:214:77:1:-1:3:5:-1:-1:-1:-1:data:forward
1564129952:2:7:77:204:-1:-1:-1:-1:-1:2:3:203:data:send
1564129998:2:7:216:77:-1:-1:-1:-1:-1:1:2:216:data:recv
1564129998:3:2:216:77:1:-1:3:5:-1:-1:-1:-1:data:forward
1564129998:2:7:77:205:-1:-1:-1:-1:-1:2:3:204:data:send
1564130021:2:7:217:77:-1:-1:-1:-1:-1:1:2:217:data:recv
1564130021:3:2:217:77:1:-1:3:5:-1:-1:-1:-1:data:forward
1564130021:2:7:77:206:-1:-1:-1:-1:-1:2:3:205:data:send
1564130044:2:7:218:77:-1:-1:-1:-1:-1:1:2:218:data:recv
1564130044:3:2:218:77:1:-1:3:5:-1:-1:-1:-1:data:forward
1564130044:2:7:77:207:-1:-1:-1:-1:-1:2:3:206:data:send
1564130067:2:7:219:77:-1:-1:-1:-1:-1:1:2:219:data:recv
1564130067:3:2:219:77:1:-1:3:5:-1:-1:-1:-1:data:forward
1564130067:2:7:77:208:-1:-1:-1:-1:-1:2:3:207:data:send
1564130090:2:7:220:77:-1:-1:-1:-1:-1:1:2:220:data:recv
1564130090:3:2:220:77:1:-1:3:5:-1:-1:-1:-1:data:forward
1564130090:2:7:77:209:-1:-1:-1:-1:-1:2:3:208:data:send
1564130113:2:7:221:77:-1:-1:-1:-1:-1:1:2:221:data:recv
1564130113:3:2:221:77:1:-1:3:5:-1:-1:-1:-1:data:forward
1564130113:2:7:77:210:-1:-1:-1:-1:-1:2:3:209:data:send
1564130136:2:7:222:77:-1:-1:-1:-1:-1:1:2:222:data:recv
1564130136:3:2:222:77:1:-1:3:5:-1:-1:-1:-1:data:forward
1564130136:2:7:77:211:-1:-1:-1:-1:-1:2:3:210:data:send
1564130159:2:7:223:77:-1:-1:-1:-1:-1:1:2:223:data:recv
1564130159:3:2:223:77:1:-1:3:5:-1:-1:-1:-1:data:forward
1564130159:2:7:77:212:-1:-1:-1:-1:-1:2:3:211:data:send
1564130182:2:7:224:77:-1:-1:-1:-1:-1:1:2:224:data:recv
1564130182:3:2:224:77:1:-1:3:5:-1:-1:-1:-1:data:forward
1564130182:2:7:77:213:-1:-1:-1:-1:-1:2:3:212:data:send
1564130206:2:7:225:77:-1:-1:-1:-1:-1:1:2:225:data:recv
1564130206:3:2:225:77:1:-1:3:5:-1:-1:-1:-1:data:forward
1564130206:2:7:77:214:-1:-1:-1:-1:-1:2:3:213:data:send
1564130229:2:7:226:77:-1:-1:-1:-1:-1:1:2:226:data:recv
1564130229:3:2:226:77:1:-1:3:5:-1:-1:-1:-1:data:forward
1564130229:2:7:77:215:-1:-1:-1:-1:-1:2:3:214:data:send
1564130252:2:7:227:77:-1:-1:-1:-1:-1:1:2:227:data:recv
1564130252:3:2:227:77:1:-1:3:5:-1:-1:-1:-1:data:forward
1564130252:2:7:77:216:-1:-1:-1:-1:-1:2:3:215:data:send
1564130275:2:7:228:77:-1:-1:-1:-1:-1:1:2:228:data:recv
1564130275:3:2:228:77:1:-1:3:5:-1:-1:-1:-1:data:forward
1564130275:2:7:77:217:-1:-1:-1:-1:-1:2:3:216:data:send
1564130298:2:7:229:77:-1:-1:-1:-1:-1:1:2:229:data:recv
1564130298:3:2:229:77:1:-1:3:5:-1:-1:-1:-1:data:forward
1564130298:2:7:77:218:-1:-1:-1:-1:-1:2:3:217:data:send
1564130321:2:7:230:77:-1:-1:-1:-1:-1:1:2:230:data:recv
1564130321:3:2:230:77:1:-1:3:5:-1:-1:-1:-1:data:forward
1564130321:2:7:77:219:-1:-1:-1:-1:-1:2:3:218:data:send
1564130344:2:7:231:77:-1:-1:-1:-1:-1:1:2:231:data:recv
1564130344:3:2:231:77:1:-1:3:5:-1:-1:-1:-1:data:forward
1564130344:2:7:77:220:-1:-1:-1:-1:-1:2:3:219:data:send
1564130367:2:7:232:77:-1:-1:-1:-1:-1:1:2:232:data:recv
1564130367:3:2:232:77:1:-1:3:5:-1:-1:-1:-1:data:forward
1564130367:2:7:77:221:-1:-1:-1:-1:-1:2:3:220:data:send
1564130390:2:7:233:77:-1:-1:-1:-1:-1:1:2:233:data:recv
1564130390:3:2:233:77:1:-1:3:5:-1:-1:-1:-1:data:forward
1564130390:2:7:77:222:-1:-1:-1:-1:-1:2:3:221:data:send
1564130413:2:7:234:77:-1:-1:-1:-1:-1:1:2:234:data:recv
1564130413:3:2:234:77:1:-1:3:5:-1:-1:-1:-1:data:forward
1564130413:2:7:77:223:-1:-1:-1:-1:-1:2:3:222:data:send
1564130436:2:7:235:77:-1:-1:-1:-1:-1:1:2:235:data:recv
1564130436:3:2:235:77:1:-1:3:5:-1:-1:-1:-1:data:forward
1564130436:2:7:77:224:-1:-1:-1:-1:-1:2:3:223:data:send
1564130459:2:7:236:77:-1:-1:-1:-1:-1:1:2:236:data:recv
1564130459:3:2:236:77:1:-1:3:5:-1:-1:-1:-1:data:forward
1564130459:2:7:77:225:-1:-1:-1:-1:-1:2:3:224:data:send
1564130482:2:7:237:77:-1:-1:-1:-1:-1:1:2:237:data:recv
1564130482:3:2:237:77:1:-1:3:5:-1:-1:-1:-1:data:forward
1564130482:2:7:77:226:-1:-1:-1:-1:-1:2:3:225:data:send
1564130505:2:7:238:77:-1:-1:-1:-1:-1:1:2:238:data:recv
1564130505:3:2:238:77:1:-1:3:5:-1:-1:-1:-1:data:forward
1564130505:2:7:77:227:-1:-1:-1:-1:-1:2:3:226:data:send
1564130551:2:7:240:77:-1:-1:-1:-1:-1:1:2:240:data:recv
1564130551:3:2:240:77:1:-1:3:5:-1:-1:-1:-1:data:forward
1564130551:2:7:77:228:-1:-1:-1:-1:-1:2:3:227:data:send
1564130597:2:7:242:77:-1:-1:-1:-1:-1:1:2:242:data:recv
1564130597:3:2:242:77:1:-1:3:5:-1:-1:-1:-1:data:forward
1564130597:2:7:77:229:-1:-1:-1:-1:-1:2:3:228:data:send
1564130620:2:7:243:77:-1:-1:-1:-1:-1:1:2:243:data:recv
1564130620:3:2:243:77:1:-1:3:5:-1:-1:-1:-1:data:forward
1564130620:2:7:77:230:-1:-1:-1:-1:-1:2:3:229:data:send
1564130643:2:7:244:77:-1:-1:-1:-1:-1:1:2:244:data:recv
1564130643:3:2:244:77:1:-1:3:5:-1:-1:-1:-1:data:forward
1564130643:2:7:77:231:-1:-1:-1:-1:-1:2:3:230:data:send
1564130666:2:7:245:77:-1:-1:-1:-1:-1:1:2:245:data:recv
1564130666:3:2:245:77:1:-1:3:5:-1:-1:-1:-1:data:forward
1564130666:2:7:77:232:-1:-1:-1:-1:-1:2:3:231:data:send
1564130689:2:7:246:77:-1:-1:-1:-1:-1:1:2:246:data:recv
1564130689:3:2:246:77:1:-1:3:5:-1:-1:-1:-1:data:forward
1564130689:2:7:77:233:-1:-1:-1:-1:-1:2:3:232:data:send
1564130712:2:7:247:77:-1:-1:-1:-1:-1:1:2:247:data:recv
1564130712:3:2:247:77:1:-1:3:5:-1:-1:-1:-1:data:forward
1564130712:2:7:77:234:-1:-1:-1:-1:-1:2:3:233:data:send
1564130735:2:7:248:77:-1:-1:-1:-1:-1:1:2:248:data:recv
1564130735:3:2:248:77:1:-1:3:5:-1:-1:-1:-1:data:forward
1564130735:2:7:77:235:-1:-1:-1:-1:-1:2:3:234:data:send
1564130758:2:7:249:77:-1:-1:-1:-1:-1:1:2:249:data:recv
1564130758:3:2:249:77:1:-1:3:5:-1:-1:-1:-1:data:forward
1564130758:2:7:77:236:-1:-1:-1:-1:-1:2:3:235:data:send
1564130804:2:7:251:77:-1:-1:-1:-1:-1:1:2:251:data:recv
1564130804:3:2:251:77:1:-1:3:5:-1:-1:-1:-1:data:forward
1564130804:2:7:77:237:-1:-1:-1:-1:-1:2:3:236:data:send
1564130827:2:7:252:77:-1:-1:-1:-1:-1:1:2:252:data:recv
1564130827:3:2:252:77:1:-1:3:5:-1:-1:-1:-1:data:forward
1564130827:2:7:77:238:-1:-1:-1:-1:-1:2:3:237:data:send
1564130850:2:7:253:77:-1:-1:-1:-1:-1:1:2:253:data:recv
1564130850:3:2:253:77:1:-1:3:5:-1:-1:-1:-1:data:forward
1564130850:2:7:77:239:-1:-1:-1:-1:-1:2:3:238:data:send
1564130873:2:7:254:77:-1:-1:-1:-1:-1:1:2:254:data:recv
1564130873:3:2:254:77:1:-1:3:5:-1:-1:-1:-1:data:forward
1564130873:2:7:77:240:-1:-1:-1:-1:-1:2:3:239:data:send
1564130896:2:7:255:77:-1:-1:-1:-1:-1:1:2:255:data:recv
1564130896:3:2:255:77:1:-1:3:5:-1:-1:-1:-1:data:forward
1564130896:2:7:77:241:-1:-1:-1:-1:-1:2:3:240:data:send
1564130919:2:7:256:77:-1:-1:-1:-1:-1:1:2:256:data:recv
1564130919:3:2:256:77:1:-1:3:5:-1:-1:-1:-1:data:forward
1564130919:2:7:77:242:-1:-1:-1:-1:-1:2:3:241:data:send
1564130942:2:7:257:77:-1:-1:-1:-1:-1:1:2:257:data:recv
1564130942:3:2:257:77:1:-1:3:5:-1:-1:-1:-1:data:forward
1564130942:2:7:77:243:-1:-1:-1:-1:-1:2:3:242:data:send
1564130965:2:7:258:77:-1:-1:-1:-1:-1:1:2:258:data:recv
1564130965:3:2:258:77:1:-1:3:5:-1:-1:-1:-1:data:forward
1564130965:2:7:77:244:-1:-1:-1:-1:-1:2:3:243:data:send
1564130988:2:7:259:77:-1:-1:-1:-1:-1:1:2:259:data:recv
1564130988:3:2:259:77:1:-1:3:5:-1:-1:-1:-1:data:forward
1564130988:2:7:77:245:-1:-1:-1:-1:-1:2:3:244:data:send
1564131011:2:7:260:77:-1:-1:-1:-1:-1:1:2:260:data:recv
1564131011:3:2:260:77:1:-1:3:5:-1:-1:-1:-1:data:forward
1564131011:2:7:77:246:-1:-1:-1:-1:-1:2:3:245:data:send
1564131034:2:7:261:77:-1:-1:-1:-1:-1:1:2:261:data:recv
1564131034:3:2:261:77:1:-1:3:5:-1:-1:-1:-1:data:forward
1564131034:2:7:77:247:-1:-1:-1:-1:-1:2:3:246:data:send
1564131057:2:7:262:77:-1:-1:-1:-1:-1:1:2:262:data:recv
1564131057:3:2:262:77:1:-1:3:5:-1:-1:-1:-1:data:forward
1564131057:2:7:77:248:-1:-1:-1:-1:-1:2:3:247:data:send
1564131080:2:7:263:77:-1:-1:-1:-1:-1:1:2:263:data:recv
1564131080:3:2:263:77:1:-1:3:5:-1:-1:-1:-1:data:forward
1564131080:2:7:77:249:-1:-1:-1:-1:-1:2:3:248:data:send
1564131103:2:7:264:77:-1:-1:-1:-1:-1:1:2:264:data:recv
1564131103:3:2:264:77:1:-1:3:5:-1:-1:-1:-1:data:forward
1564131103:2:7:77:250:-1:-1:-1:-1:-1:2:3:249:data:send
1564131126:2:7:265:77:-1:-1:-1:-1:-1:1:2:265:data:recv
1564131126:3:2:265:77:1:-1:3:5:-1:-1:-1:-1:data:forward
1564131126:2:7:77:251:-1:-1:-1:-1:-1:2:3:250:data:send
1564131149:2:7:266:77:-1:-1:-1:-1:-1:1:2:266:data:recv
1564131149:3:2:266:77:1:-1:3:5:-1:-1:-1:-1:data:forward
1564131149:2:7:77:252:-1:-1:-1:-1:-1:2:3:251:data:send
1564131195:2:7:268:77:-1:-1:-1:-1:-1:1:2:268:data:recv
1564131195:3:2:268:77:1:-1:3:5:-1:-1:-1:-1:data:forward
1564131195:2:7:77:253:-1:-1:-1:-1:-1:2:3:252:data:send
1564131218:2:7:269:77:-1:-1:-1:-1:-1:1:2:269:data:recv
1564131218:3:2:269:77:1:-1:3:5:-1:-1:-1:-1:data:forward
1564131218:2:7:77:254:-1:-1:-1:-1:-1:2:3:253:data:send
1564131242:2:7:270:77:-1:-1:-1:-1:-1:1:2:270:data:recv
1564131242:3:2:270:77:1:-1:3:5:-1:-1:-1:-1:data:forward
1564131242:2:7:77:255:-1:-1:-1:-1:-1:2:3:254:data:send
1564131265:2:7:271:77:-1:-1:-1:-1:-1:1:2:271:data:recv
1564131265:3:2:271:77:1:-1:3:5:-1:-1:-1:-1:data:forward
1564131265:2:7:77:256:-1:-1:-1:-1:-1:2:3:255:data:send
1564131288:2:7:272:77:-1:-1:-1:-1:-1:1:2:272:data:recv
1564131288:3:2:272:77:1:-1:3:5:-1:-1:-1:-1:data:forward
1564131288:2:7:77:257:-1:-1:-1:-1:-1:2:3:256:data:send
1564131311:2:7:273:77:-1:-1:-1:-1:-1:1:2:273:data:recv
1564131311:3:2:273:77:1:-1:3:5:-1:-1:-1:-1:data:forward
1564131311:2:7:77:258:-1:-1:-1:-1:-1:2:3:257:data:send
1564131334:2:7:274:77:-1:-1:-1:-1:-1:1:2:274:data:recv
1564131334:3:2:274:77:1:-1:3:5:-1:-1:-1:-1:data:forward
1564131334:2:7:77:259:-1:-1:-1:-1:-1:2:3:258:data:send
1564131357:2:7:275:77:-1:-1:-1:-1:-1:1:2:275:data:recv
1564131357:3:2:275:77:1:-1:3:5:-1:-1:-1:-1:data:forward
1564131357:2:7:77:260:-1:-1:-1:-1:-1:2:3:259:data:send
1564131380:2:7:276:77:-1:-1:-1:-1:-1:1:2:276:data:recv
1564131380:3:2:276:77:1:-1:3:5:-1:-1:-1:-1:data:forward
1564131380:2:7:77:261:-1:-1:-1:-1:-1:2:3:260:data:send
1564131403:2:7:277:77:-1:-1:-1:-1:-1:1:2:277:data:recv
1564131403:3:2:277:77:1:-1:3:5:-1:-1:-1:-1:data:forward
1564131403:2:7:77:262:-1:-1:-1:-1:-1:2:3:261:data:send
1564131410:2:7:239:9:-1:-1:-1:-1:-1:3:2:239:data:recv
1564131410:2:7:-1:-1:-1:-1:-1:-1:-1:2:3:239:ack:send
1564131410:3:2:1:9:5:-1:1:1:-1:-1:-1:-1:data:forward
1564131410:2:7:9:263:-1:-1:-1:-1:-1:2:1:262:data:send
1564131422:2:7:9:262:-1:-1:-1:-1:-1:2:1:262:data:resend
1564131424:2:7:-1:-1:-1:-1:-1:-1:-1:1:2:262:ack:recv
1564131426:2:7:278:77:-1:-1:-1:-1:-1:1:2:278:data:recv
1564131426:3:2:278:77:1:-1:3:5:-1:-1:-1:-1:data:forward
1564131426:2:7:77:264:-1:-1:-1:-1:-1:2:3:263:data:send
