=========================Fri Jul 26 15:09:31 2019
1564124996:2:7:0:10:-1:-1:-1:-1:-1:2:3:0:data:recv
1564124996:2:7:-1:-1:-1:-1:-1:-1:-1:3:2:0:ack:send
1564124996:3:2:0:10:1:-1:4:5:-1:-1:-1:-1:data:forward
1564124996:2:7:10:1:-1:-1:-1:-1:-1:3:4:0:data:send
1564124998:2:7:-1:-1:-1:-1:-1:-1:-1:4:3:0:ack:recv
1564125000:2:7:1:9:-1:-1:-1:-1:-1:4:3:1:data:recv
1564125000:2:7:-1:-1:-1:-1:-1:-1:-1:3:4:1:ack:send
1564125000:3:2:0:9:5:-1:2:1:-1:-1:-1:-1:data:forward
1564125000:2:7:9:2:-1:-1:-1:-1:-1:3:2:1:data:send
1564125001:2:7:-1:-1:-1:-1:-1:-1:-1:2:3:1:ack:recv
1564125073:2:7:3:77:-1:-1:-1:-1:-1:2:3:3:data:recv
1564125073:3:2:2:77:1:-1:4:5:-1:-1:-1:-1:data:forward
1564125073:2:7:77:3:-1:-1:-1:-1:-1:3:4:2:data:send
1564125096:2:7:4:77:-1:-1:-1:-1:-1:2:3:4:data:recv
1564125096:3:2:3:77:1:-1:4:5:-1:-1:-1:-1:data:forward
1564125096:2:7:77:4:-1:-1:-1:-1:-1:3:4:3:data:send
1564125166:2:7:6:77:-1:-1:-1:-1:-1:2:3:6:data:recv
1564125166:3:2:6:77:1:-1:4:5:-1:-1:-1:-1:data:forward
1564125166:2:7:77:5:-1:-1:-1:-1:-1:3:4:4:data:send
1564125189:2:7:7:77:-1:-1:-1:-1:-1:2:3:7:data:recv
1564125189:3:2:7:77:1:-1:4:5:-1:-1:-1:-1:data:forward
1564125189:2:7:77:6:-1:-1:-1:-1:-1:3:4:5:data:send
1564125212:2:7:8:77:-1:-1:-1:-1:-1:2:3:8:data:recv
1564125212:3:2:8:77:1:-1:4:5:-1:-1:-1:-1:data:forward
1564125212:2:7:77:7:-1:-1:-1:-1:-1:3:4:6:data:send
1564125235:2:7:9:77:-1:-1:-1:-1:-1:2:3:9:data:recv
1564125235:3:2:9:77:1:-1:4:5:-1:-1:-1:-1:data:forward
1564125235:2:7:77:8:-1:-1:-1:-1:-1:3:4:7:data:send
1564125258:2:7:10:77:-1:-1:-1:-1:-1:2:3:10:data:recv
1564125258:3:2:10:77:1:-1:4:5:-1:-1:-1:-1:data:forward
1564125258:2:7:77:9:-1:-1:-1:-1:-1:3:4:8:data:send
1564125281:2:7:11:77:-1:-1:-1:-1:-1:2:3:11:data:recv
1564125281:3:2:11:77:1:-1:4:5:-1:-1:-1:-1:data:forward
1564125281:2:7:77:10:-1:-1:-1:-1:-1:3:4:9:data:send
1564125304:2:7:12:77:-1:-1:-1:-1:-1:2:3:12:data:recv
1564125304:3:2:12:77:1:-1:4:5:-1:-1:-1:-1:data:forward
1564125304:2:7:77:11:-1:-1:-1:-1:-1:3:4:10:data:send
1564125327:2:7:13:77:-1:-1:-1:-1:-1:2:3:13:data:recv
1564125327:3:2:13:77:1:-1:4:5:-1:-1:-1:-1:data:forward
1564125327:2:7:77:12:-1:-1:-1:-1:-1:3:4:11:data:send
1564125350:2:7:14:77:-1:-1:-1:-1:-1:2:3:14:data:recv
1564125350:3:2:14:77:1:-1:4:5:-1:-1:-1:-1:data:forward
1564125350:2:7:77:13:-1:-1:-1:-1:-1:3:4:12:data:send
1564125373:2:7:15:77:-1:-1:-1:-1:-1:2:3:15:data:recv
1564125373:3:2:15:77:1:-1:4:5:-1:-1:-1:-1:data:forward
1564125373:2:7:77:14:-1:-1:-1:-1:-1:3:4:13:data:send
1564125396:2:7:16:77:-1:-1:-1:-1:-1:2:3:16:data:recv
1564125396:3:2:16:77:1:-1:4:5:-1:-1:-1:-1:data:forward
1564125396:2:7:77:15:-1:-1:-1:-1:-1:3:4:14:data:send
1564125419:2:7:17:77:-1:-1:-1:-1:-1:2:3:17:data:recv
1564125419:3:2:17:77:1:-1:4:5:-1:-1:-1:-1:data:forward
1564125419:2:7:77:16:-1:-1:-1:-1:-1:3:4:15:data:send
1564125442:2:7:18:77:-1:-1:-1:-1:-1:2:3:18:data:recv
1564125442:3:2:18:77:1:-1:4:5:-1:-1:-1:-1:data:forward
1564125442:2:7:77:17:-1:-1:-1:-1:-1:3:4:16:data:send
1564125465:2:7:19:77:-1:-1:-1:-1:-1:2:3:19:data:recv
1564125465:3:2:19:77:1:-1:4:5:-1:-1:-1:-1:data:forward
1564125465:2:7:77:18:-1:-1:-1:-1:-1:3:4:17:data:send
1564125488:2:7:20:77:-1:-1:-1:-1:-1:2:3:20:data:recv
1564125488:3:2:20:77:1:-1:4:5:-1:-1:-1:-1:data:forward
1564125488:2:7:77:19:-1:-1:-1:-1:-1:3:4:18:data:send
1564125534:2:7:21:77:-1:-1:-1:-1:-1:2:3:21:data:recv
1564125534:3:2:22:77:1:-1:4:5:-1:-1:-1:-1:data:forward
1564125534:2:7:77:20:-1:-1:-1:-1:-1:3:4:19:data:send
1564125557:2:7:22:77:-1:-1:-1:-1:-1:2:3:22:data:recv
1564125557:3:2:23:77:1:-1:4:5:-1:-1:-1:-1:data:forward
1564125557:2:7:77:21:-1:-1:-1:-1:-1:3:4:20:data:send
1564125580:2:7:23:77:-1:-1:-1:-1:-1:2:3:23:data:recv
1564125580:3:2:24:77:1:-1:4:5:-1:-1:-1:-1:data:forward
1564125580:2:7:77:22:-1:-1:-1:-1:-1:3:4:21:data:send
1564125603:2:7:24:77:-1:-1:-1:-1:-1:2:3:24:data:recv
1564125603:3:2:25:77:1:-1:4:5:-1:-1:-1:-1:data:forward
1564125603:2:7:77:23:-1:-1:-1:-1:-1:3:4:22:data:send
1564125626:2:7:25:77:-1:-1:-1:-1:-1:2:3:25:data:recv
1564125626:3:2:26:77:1:-1:4:5:-1:-1:-1:-1:data:forward
1564125626:2:7:77:24:-1:-1:-1:-1:-1:3:4:23:data:send
1564125649:2:7:26:77:-1:-1:-1:-1:-1:2:3:26:data:recv
1564125649:3:2:27:77:1:-1:4:5:-1:-1:-1:-1:data:forward
1564125649:2:7:77:25:-1:-1:-1:-1:-1:3:4:24:data:send
1564125672:2:7:27:77:-1:-1:-1:-1:-1:2:3:27:data:recv
1564125672:3:2:28:77:1:-1:4:5:-1:-1:-1:-1:data:forward
1564125672:2:7:77:26:-1:-1:-1:-1:-1:3:4:25:data:send
1564125695:2:7:28:77:-1:-1:-1:-1:-1:2:3:28:data:recv
1564125695:3:2:29:77:1:-1:4:5:-1:-1:-1:-1:data:forward
1564125695:2:7:77:27:-1:-1:-1:-1:-1:3:4:26:data:send
1564125718:2:7:29:77:-1:-1:-1:-1:-1:2:3:29:data:recv
1564125718:3:2:30:77:1:-1:4:5:-1:-1:-1:-1:data:forward
1564125718:2:7:77:28:-1:-1:-1:-1:-1:3:4:27:data:send
1564125741:2:7:30:77:-1:-1:-1:-1:-1:2:3:30:data:recv
1564125741:3:2:31:77:1:-1:4:5:-1:-1:-1:-1:data:forward
1564125741:2:7:77:29:-1:-1:-1:-1:-1:3:4:28:data:send
1564125764:2:7:31:77:-1:-1:-1:-1:-1:2:3:31:data:recv
1564125764:3:2:32:77:1:-1:4:5:-1:-1:-1:-1:data:forward
1564125764:2:7:77:30:-1:-1:-1:-1:-1:3:4:29:data:send
1564125833:2:7:32:77:-1:-1:-1:-1:-1:2:3:32:data:recv
1564125833:3:2:35:77:1:-1:4:5:-1:-1:-1:-1:data:forward
1564125833:2:7:77:31:-1:-1:-1:-1:-1:3:4:30:data:send
1564125856:2:7:33:77:-1:-1:-1:-1:-1:2:3:33:data:recv
1564125856:3:2:36:77:1:-1:4:5:-1:-1:-1:-1:data:forward
1564125856:2:7:77:32:-1:-1:-1:-1:-1:3:4:31:data:send
1564125879:2:7:34:77:-1:-1:-1:-1:-1:2:3:34:data:recv
1564125879:3:2:37:77:1:-1:4:5:-1:-1:-1:-1:data:forward
1564125879:2:7:77:33:-1:-1:-1:-1:-1:3:4:32:data:send
1564125902:2:7:35:77:-1:-1:-1:-1:-1:2:3:35:data:recv
1564125902:3:2:38:77:1:-1:4:5:-1:-1:-1:-1:data:forward
1564125902:2:7:77:34:-1:-1:-1:-1:-1:3:4:33:data:send
1564125925:2:7:36:77:-1:-1:-1:-1:-1:2:3:36:data:recv
1564125925:3:2:39:77:1:-1:4:5:-1:-1:-1:-1:data:forward
1564125925:2:7:77:35:-1:-1:-1:-1:-1:3:4:34:data:send
1564125948:2:7:37:77:-1:-1:-1:-1:-1:2:3:37:data:recv
1564125948:3:2:40:77:1:-1:4:5:-1:-1:-1:-1:data:forward
1564125948:2:7:77:36:-1:-1:-1:-1:-1:3:4:35:data:send
1564125971:2:7:38:77:-1:-1:-1:-1:-1:2:3:38:data:recv
1564125971:3:2:41:77:1:-1:4:5:-1:-1:-1:-1:data:forward
1564125971:2:7:77:37:-1:-1:-1:-1:-1:3:4:36:data:send
1564125994:2:7:39:77:-1:-1:-1:-1:-1:2:3:39:data:recv
1564125994:3:2:42:77:1:-1:4:5:-1:-1:-1:-1:data:forward
1564125994:2:7:77:38:-1:-1:-1:-1:-1:3:4:37:data:send
1564126017:2:7:40:77:-1:-1:-1:-1:-1:2:3:40:data:recv
1564126017:3:2:43:77:1:-1:4:5:-1:-1:-1:-1:data:forward
1564126017:2:7:77:39:-1:-1:-1:-1:-1:3:4:38:data:send
1564126040:2:7:41:77:-1:-1:-1:-1:-1:2:3:41:data:recv
1564126040:3:2:44:77:1:-1:4:5:-1:-1:-1:-1:data:forward
1564126040:2:7:77:40:-1:-1:-1:-1:-1:3:4:39:data:send
1564126086:2:7:42:77:-1:-1:-1:-1:-1:2:3:42:data:recv
1564126086:3:2:46:77:1:-1:4:5:-1:-1:-1:-1:data:forward
1564126086:2:7:77:41:-1:-1:-1:-1:-1:3:4:40:data:send
1564126109:2:7:43:77:-1:-1:-1:-1:-1:2:3:43:data:recv
1564126109:3:2:47:77:1:-1:4:5:-1:-1:-1:-1:data:forward
1564126109:2:7:77:42:-1:-1:-1:-1:-1:3:4:41:data:send
1564126132:2:7:44:77:-1:-1:-1:-1:-1:2:3:44:data:recv
1564126132:3:2:48:77:1:-1:4:5:-1:-1:-1:-1:data:forward
1564126132:2:7:77:43:-1:-1:-1:-1:-1:3:4:42:data:send
1564126155:2:7:45:77:-1:-1:-1:-1:-1:2:3:45:data:recv
1564126155:3:2:49:77:1:-1:4:5:-1:-1:-1:-1:data:forward
1564126155:2:7:77:44:-1:-1:-1:-1:-1:3:4:43:data:send
1564126178:2:7:46:77:-1:-1:-1:-1:-1:2:3:46:data:recv
1564126178:3:2:50:77:1:-1:4:5:-1:-1:-1:-1:data:forward
1564126178:2:7:77:45:-1:-1:-1:-1:-1:3:4:44:data:send
1564126201:2:7:47:77:-1:-1:-1:-1:-1:2:3:47:data:recv
1564126201:3:2:51:77:1:-1:4:5:-1:-1:-1:-1:data:forward
1564126201:2:7:77:46:-1:-1:-1:-1:-1:3:4:45:data:send
1564126224:2:7:48:77:-1:-1:-1:-1:-1:2:3:48:data:recv
1564126224:3:2:52:77:1:-1:4:5:-1:-1:-1:-1:data:forward
1564126224:2:7:77:47:-1:-1:-1:-1:-1:3:4:46:data:send
1564126248:2:7:49:77:-1:-1:-1:-1:-1:2:3:49:data:recv
1564126248:3:2:53:77:1:-1:4:5:-1:-1:-1:-1:data:forward
1564126248:2:7:77:48:-1:-1:-1:-1:-1:3:4:47:data:send
1564126271:2:7:50:77:-1:-1:-1:-1:-1:2:3:50:data:recv
1564126271:3:2:54:77:1:-1:4:5:-1:-1:-1:-1:data:forward
1564126271:2:7:77:49:-1:-1:-1:-1:-1:3:4:48:data:send
1564126294:2:7:51:77:-1:-1:-1:-1:-1:2:3:51:data:recv
1564126294:3:2:55:77:1:-1:4:5:-1:-1:-1:-1:data:forward
1564126294:2:7:77:50:-1:-1:-1:-1:-1:3:4:49:data:send
1564126317:2:7:52:77:-1:-1:-1:-1:-1:2:3:52:data:recv
1564126317:3:2:56:77:1:-1:4:5:-1:-1:-1:-1:data:forward
1564126317:2:7:77:51:-1:-1:-1:-1:-1:3:4:50:data:send
1564126340:2:7:53:77:-1:-1:-1:-1:-1:2:3:53:data:recv
1564126340:3:2:57:77:1:-1:4:5:-1:-1:-1:-1:data:forward
1564126340:2:7:77:52:-1:-1:-1:-1:-1:3:4:51:data:send
1564126363:2:7:54:77:-1:-1:-1:-1:-1:2:3:54:data:recv
1564126363:3:2:58:77:1:-1:4:5:-1:-1:-1:-1:data:forward
1564126363:2:7:77:53:-1:-1:-1:-1:-1:3:4:52:data:send
1564126386:2:7:55:77:-1:-1:-1:-1:-1:2:3:55:data:recv
1564126386:3:2:59:77:1:-1:4:5:-1:-1:-1:-1:data:forward
1564126386:2:7:77:54:-1:-1:-1:-1:-1:3:4:53:data:send
1564126409:2:7:56:77:-1:-1:-1:-1:-1:2:3:56:data:recv
1564126409:3:2:60:77:1:-1:4:5:-1:-1:-1:-1:data:forward
1564126409:2:7:77:55:-1:-1:-1:-1:-1:3:4:54:data:send
1564126432:2:7:57:77:-1:-1:-1:-1:-1:2:3:57:data:recv
1564126432:3:2:61:77:1:-1:4:5:-1:-1:-1:-1:data:forward
1564126432:2:7:77:56:-1:-1:-1:-1:-1:3:4:55:data:send
1564126455:2:7:58:77:-1:-1:-1:-1:-1:2:3:58:data:recv
1564126455:3:2:62:77:1:-1:4:5:-1:-1:-1:-1:data:forward
1564126455:2:7:77:57:-1:-1:-1:-1:-1:3:4:56:data:send
1564126478:2:7:59:77:-1:-1:-1:-1:-1:2:3:59:data:recv
1564126478:3:2:63:77:1:-1:4:5:-1:-1:-1:-1:data:forward
1564126478:2:7:77:58:-1:-1:-1:-1:-1:3:4:57:data:send
1564126501:2:7:60:77:-1:-1:-1:-1:-1:2:3:60:data:recv
1564126501:3:2:64:77:1:-1:4:5:-1:-1:-1:-1:data:forward
1564126501:2:7:77:59:-1:-1:-1:-1:-1:3:4:58:data:send
1564126524:2:7:61:77:-1:-1:-1:-1:-1:2:3:61:data:recv
1564126524:3:2:65:77:1:-1:4:5:-1:-1:-1:-1:data:forward
1564126524:2:7:77:60:-1:-1:-1:-1:-1:3:4:59:data:send
1564126547:2:7:62:77:-1:-1:-1:-1:-1:2:3:62:data:recv
1564126547:3:2:66:77:1:-1:4:5:-1:-1:-1:-1:data:forward
1564126547:2:7:77:61:-1:-1:-1:-1:-1:3:4:60:data:send
1564126593:2:7:64:77:-1:-1:-1:-1:-1:2:3:64:data:recv
1564126593:3:2:68:77:1:-1:4:5:-1:-1:-1:-1:data:forward
1564126593:2:7:77:62:-1:-1:-1:-1:-1:3:4:61:data:send
1564126616:2:7:65:77:-1:-1:-1:-1:-1:2:3:65:data:recv
1564126616:3:2:69:77:1:-1:4:5:-1:-1:-1:-1:data:forward
1564126616:2:7:77:63:-1:-1:-1:-1:-1:3:4:62:data:send
1564126639:2:7:66:77:-1:-1:-1:-1:-1:2:3:66:data:recv
1564126639:3:2:70:77:1:-1:4:5:-1:-1:-1:-1:data:forward
1564126639:2:7:77:64:-1:-1:-1:-1:-1:3:4:63:data:send
1564126662:2:7:67:77:-1:-1:-1:-1:-1:2:3:67:data:recv
1564126662:3:2:71:77:1:-1:4:5:-1:-1:-1:-1:data:forward
1564126662:2:7:77:65:-1:-1:-1:-1:-1:3:4:64:data:send
1564126685:2:7:68:77:-1:-1:-1:-1:-1:2:3:68:data:recv
1564126685:3:2:72:77:1:-1:4:5:-1:-1:-1:-1:data:forward
1564126685:2:7:77:66:-1:-1:-1:-1:-1:3:4:65:data:send
1564126708:2:7:69:77:-1:-1:-1:-1:-1:2:3:69:data:recv
1564126708:3:2:73:77:1:-1:4:5:-1:-1:-1:-1:data:forward
1564126708:2:7:77:67:-1:-1:-1:-1:-1:3:4:66:data:send
1564126731:2:7:70:77:-1:-1:-1:-1:-1:2:3:70:data:recv
1564126731:3:2:74:77:1:-1:4:5:-1:-1:-1:-1:data:forward
1564126731:2:7:77:68:-1:-1:-1:-1:-1:3:4:67:data:send
1564126754:2:7:71:77:-1:-1:-1:-1:-1:2:3:71:data:recv
1564126754:3:2:75:77:1:-1:4:5:-1:-1:-1:-1:data:forward
1564126754:2:7:77:69:-1:-1:-1:-1:-1:3:4:68:data:send
1564126800:2:7:73:77:-1:-1:-1:-1:-1:2:3:73:data:recv
1564126800:3:2:77:77:1:-1:4:5:-1:-1:-1:-1:data:forward
1564126800:2:7:77:70:-1:-1:-1:-1:-1:3:4:69:data:send
1564126823:2:7:74:77:-1:-1:-1:-1:-1:2:3:74:data:recv
1564126823:3:2:78:77:1:-1:4:5:-1:-1:-1:-1:data:forward
1564126823:2:7:77:71:-1:-1:-1:-1:-1:3:4:70:data:send
1564126846:2:7:75:77:-1:-1:-1:-1:-1:2:3:75:data:recv
1564126846:3:2:79:77:1:-1:4:5:-1:-1:-1:-1:data:forward
1564126846:2:7:77:72:-1:-1:-1:-1:-1:3:4:71:data:send
1564126869:2:7:76:77:-1:-1:-1:-1:-1:2:3:76:data:recv
1564126869:3:2:80:77:1:-1:4:5:-1:-1:-1:-1:data:forward
1564126869:2:7:77:73:-1:-1:-1:-1:-1:3:4:72:data:send
1564126915:2:7:78:77:-1:-1:-1:-1:-1:2:3:78:data:recv
1564126915:3:2:82:77:1:-1:4:5:-1:-1:-1:-1:data:forward
1564126915:2:7:77:74:-1:-1:-1:-1:-1:3:4:73:data:send
1564126938:2:7:79:77:-1:-1:-1:-1:-1:2:3:79:data:recv
1564126938:3:2:83:77:1:-1:4:5:-1:-1:-1:-1:data:forward
1564126938:2:7:77:75:-1:-1:-1:-1:-1:3:4:74:data:send
1564127007:2:7:82:77:-1:-1:-1:-1:-1:2:3:82:data:recv
1564127007:3:2:86:77:1:-1:4:5:-1:-1:-1:-1:data:forward
1564127007:2:7:77:76:-1:-1:-1:-1:-1:3:4:75:data:send
1564127030:2:7:83:77:-1:-1:-1:-1:-1:2:3:83:data:recv
1564127030:3:2:87:77:1:-1:4:5:-1:-1:-1:-1:data:forward
1564127030:2:7:77:77:-1:-1:-1:-1:-1:3:4:76:data:send
1564127076:2:7:85:77:-1:-1:-1:-1:-1:2:3:85:data:recv
1564127076:3:2:89:77:1:-1:4:5:-1:-1:-1:-1:data:forward
1564127076:2:7:77:78:-1:-1:-1:-1:-1:3:4:77:data:send
1564127099:2:7:86:77:-1:-1:-1:-1:-1:2:3:86:data:recv
1564127099:3:2:90:77:1:-1:4:5:-1:-1:-1:-1:data:forward
1564127099:2:7:77:79:-1:-1:-1:-1:-1:3:4:78:data:send
1564127122:2:7:87:77:-1:-1:-1:-1:-1:2:3:87:data:recv
1564127122:3:2:91:77:1:-1:4:5:-1:-1:-1:-1:data:forward
1564127122:2:7:77:80:-1:-1:-1:-1:-1:3:4:79:data:send
1564127145:2:7:88:77:-1:-1:-1:-1:-1:2:3:88:data:recv
1564127145:3:2:92:77:1:-1:4:5:-1:-1:-1:-1:data:forward
1564127145:2:7:77:81:-1:-1:-1:-1:-1:3:4:80:data:send
1564127191:2:7:90:77:-1:-1:-1:-1:-1:2:3:90:data:recv
1564127191:3:2:94:77:1:-1:4:5:-1:-1:-1:-1:data:forward
1564127191:2:7:77:82:-1:-1:-1:-1:-1:3:4:81:data:send
1564127214:2:7:91:77:-1:-1:-1:-1:-1:2:3:91:data:recv
1564127214:3:2:95:77:1:-1:4:5:-1:-1:-1:-1:data:forward
1564127214:2:7:77:83:-1:-1:-1:-1:-1:3:4:82:data:send
1564127237:2:7:92:77:-1:-1:-1:-1:-1:2:3:92:data:recv
1564127237:3:2:96:77:1:-1:4:5:-1:-1:-1:-1:data:forward
1564127237:2:7:77:84:-1:-1:-1:-1:-1:3:4:83:data:send
1564127260:2:7:93:77:-1:-1:-1:-1:-1:2:3:93:data:recv
1564127260:3:2:97:77:1:-1:4:5:-1:-1:-1:-1:data:forward
1564127260:2:7:77:85:-1:-1:-1:-1:-1:3:4:84:data:send
1564127283:2:7:94:77:-1:-1:-1:-1:-1:2:3:94:data:recv
1564127283:3:2:98:77:1:-1:4:5:-1:-1:-1:-1:data:forward
1564127283:2:7:77:86:-1:-1:-1:-1:-1:3:4:85:data:send
1564127306:2:7:95:77:-1:-1:-1:-1:-1:2:3:95:data:recv
1564127306:3:2:99:77:1:-1:4:5:-1:-1:-1:-1:data:forward
1564127306:2:7:77:87:-1:-1:-1:-1:-1:3:4:86:data:send
1564127353:2:7:97:77:-1:-1:-1:-1:-1:2:3:97:data:recv
1564127353:3:2:101:77:1:-1:4:5:-1:-1:-1:-1:data:forward
1564127353:2:7:77:88:-1:-1:-1:-1:-1:3:4:87:data:send
1564127376:2:7:98:77:-1:-1:-1:-1:-1:2:3:98:data:recv
1564127376:3:2:102:77:1:-1:4:5:-1:-1:-1:-1:data:forward
1564127376:2:7:77:89:-1:-1:-1:-1:-1:3:4:88:data:send
1564127399:2:7:99:77:-1:-1:-1:-1:-1:2:3:99:data:recv
1564127399:3:2:103:77:1:-1:4:5:-1:-1:-1:-1:data:forward
1564127399:2:7:77:90:-1:-1:-1:-1:-1:3:4:89:data:send
1564127422:2:7:100:77:-1:-1:-1:-1:-1:2:3:100:data:recv
1564127422:3:2:104:77:1:-1:4:5:-1:-1:-1:-1:data:forward
1564127422:2:7:77:91:-1:-1:-1:-1:-1:3:4:90:data:send
1564127445:2:7:101:77:-1:-1:-1:-1:-1:2:3:101:data:recv
1564127445:3:2:105:77:1:-1:4:5:-1:-1:-1:-1:data:forward
1564127445:2:7:77:92:-1:-1:-1:-1:-1:3:4:91:data:send
1564127491:2:7:103:77:-1:-1:-1:-1:-1:2:3:103:data:recv
1564127491:3:2:107:77:1:-1:4:5:-1:-1:-1:-1:data:forward
1564127491:2:7:77:93:-1:-1:-1:-1:-1:3:4:92:data:send
1564127514:2:7:104:77:-1:-1:-1:-1:-1:2:3:104:data:recv
1564127514:3:2:108:77:1:-1:4:5:-1:-1:-1:-1:data:forward
1564127514:2:7:77:94:-1:-1:-1:-1:-1:3:4:93:data:send
1564127537:2:7:105:77:-1:-1:-1:-1:-1:2:3:105:data:recv
1564127537:3:2:109:77:1:-1:4:5:-1:-1:-1:-1:data:forward
1564127537:2:7:77:95:-1:-1:-1:-1:-1:3:4:94:data:send
1564127583:2:7:107:77:-1:-1:-1:-1:-1:2:3:107:data:recv
1564127583:3:2:111:77:1:-1:4:5:-1:-1:-1:-1:data:forward
1564127583:2:7:77:96:-1:-1:-1:-1:-1:3:4:95:data:send
1564127606:2:7:108:77:-1:-1:-1:-1:-1:2:3:108:data:recv
1564127606:3:2:112:77:1:-1:4:5:-1:-1:-1:-1:data:forward
1564127606:2:7:77:97:-1:-1:-1:-1:-1:3:4:96:data:send
1564127629:2:7:109:77:-1:-1:-1:-1:-1:2:3:109:data:recv
1564127629:3:2:113:77:1:-1:4:5:-1:-1:-1:-1:data:forward
1564127629:2:7:77:98:-1:-1:-1:-1:-1:3:4:97:data:send
1564127652:2:7:110:77:-1:-1:-1:-1:-1:2:3:110:data:recv
1564127652:3:2:114:77:1:-1:4:5:-1:-1:-1:-1:data:forward
1564127652:2:7:77:99:-1:-1:-1:-1:-1:3:4:98:data:send
1564127675:2:7:111:77:-1:-1:-1:-1:-1:2:3:111:data:recv
1564127675:3:2:115:77:1:-1:4:5:-1:-1:-1:-1:data:forward
1564127675:2:7:77:100:-1:-1:-1:-1:-1:3:4:99:data:send
1564127698:2:7:112:77:-1:-1:-1:-1:-1:2:3:112:data:recv
1564127698:3:2:116:77:1:-1:4:5:-1:-1:-1:-1:data:forward
1564127698:2:7:77:101:-1:-1:-1:-1:-1:3:4:100:data:send
1564127721:2:7:113:77:-1:-1:-1:-1:-1:2:3:113:data:recv
1564127721:3:2:117:77:1:-1:4:5:-1:-1:-1:-1:data:forward
1564127721:2:7:77:102:-1:-1:-1:-1:-1:3:4:101:data:send
1564127790:2:7:115:77:-1:-1:-1:-1:-1:2:3:115:data:recv
1564127790:3:2:120:77:1:-1:4:5:-1:-1:-1:-1:data:forward
1564127790:2:7:77:103:-1:-1:-1:-1:-1:3:4:102:data:send
1564127836:2:7:117:77:-1:-1:-1:-1:-1:2:3:117:data:recv
1564127836:3:2:122:77:1:-1:4:5:-1:-1:-1:-1:data:forward
1564127836:2:7:77:104:-1:-1:-1:-1:-1:3:4:103:data:send
1564127859:2:7:118:77:-1:-1:-1:-1:-1:2:3:118:data:recv
1564127859:3:2:123:77:1:-1:4:5:-1:-1:-1:-1:data:forward
1564127859:2:7:77:105:-1:-1:-1:-1:-1:3:4:104:data:send
1564127882:2:7:119:77:-1:-1:-1:-1:-1:2:3:119:data:recv
1564127882:3:2:124:77:1:-1:4:5:-1:-1:-1:-1:data:forward
1564127882:2:7:77:106:-1:-1:-1:-1:-1:3:4:105:data:send
1564127905:2:7:120:77:-1:-1:-1:-1:-1:2:3:120:data:recv
1564127905:3:2:125:77:1:-1:4:5:-1:-1:-1:-1:data:forward
1564127905:2:7:77:107:-1:-1:-1:-1:-1:3:4:106:data:send
1564127928:2:7:121:77:-1:-1:-1:-1:-1:2:3:121:data:recv
1564127928:3:2:126:77:1:-1:4:5:-1:-1:-1:-1:data:forward
1564127928:2:7:77:108:-1:-1:-1:-1:-1:3:4:107:data:send
1564127974:2:7:123:77:-1:-1:-1:-1:-1:2:3:123:data:recv
1564127974:3:2:128:77:1:-1:4:5:-1:-1:-1:-1:data:forward
1564127974:2:7:77:109:-1:-1:-1:-1:-1:3:4:108:data:send
1564128020:2:7:125:77:-1:-1:-1:-1:-1:2:3:125:data:recv
1564128020:3:2:130:77:1:-1:4:5:-1:-1:-1:-1:data:forward
1564128020:2:7:77:110:-1:-1:-1:-1:-1:3:4:109:data:send
1564128043:2:7:126:77:-1:-1:-1:-1:-1:2:3:126:data:recv
1564128043:3:2:131:77:1:-1:4:5:-1:-1:-1:-1:data:forward
1564128043:2:7:77:111:-1:-1:-1:-1:-1:3:4:110:data:send
1564128066:2:7:127:77:-1:-1:-1:-1:-1:2:3:127:data:recv
1564128066:3:2:132:77:1:-1:4:5:-1:-1:-1:-1:data:forward
1564128066:2:7:77:112:-1:-1:-1:-1:-1:3:4:111:data:send
1564128089:2:7:128:77:-1:-1:-1:-1:-1:2:3:128:data:recv
1564128089:3:2:133:77:1:-1:4:5:-1:-1:-1:-1:data:forward
1564128089:2:7:77:113:-1:-1:-1:-1:-1:3:4:112:data:send
1564128112:2:7:129:77:-1:-1:-1:-1:-1:2:3:129:data:recv
1564128112:3:2:134:77:1:-1:4:5:-1:-1:-1:-1:data:forward
1564128112:2:7:77:114:-1:-1:-1:-1:-1:3:4:113:data:send
1564128135:2:7:130:77:-1:-1:-1:-1:-1:2:3:130:data:recv
1564128135:3:2:135:77:1:-1:4:5:-1:-1:-1:-1:data:forward
1564128135:2:7:77:115:-1:-1:-1:-1:-1:3:4:114:data:send
1564128158:2:7:131:77:-1:-1:-1:-1:-1:2:3:131:data:recv
1564128158:3:2:136:77:1:-1:4:5:-1:-1:-1:-1:data:forward
1564128158:2:7:77:116:-1:-1:-1:-1:-1:3:4:115:data:send
1564128181:2:7:132:77:-1:-1:-1:-1:-1:2:3:132:data:recv
1564128181:3:2:137:77:1:-1:4:5:-1:-1:-1:-1:data:forward
1564128181:2:7:77:117:-1:-1:-1:-1:-1:3:4:116:data:send
1564128204:2:7:133:77:-1:-1:-1:-1:-1:2:3:133:data:recv
1564128204:3:2:138:77:1:-1:4:5:-1:-1:-1:-1:data:forward
1564128204:2:7:77:118:-1:-1:-1:-1:-1:3:4:117:data:send
1564128250:2:7:134:77:-1:-1:-1:-1:-1:2:3:134:data:recv
1564128250:3:2:140:77:1:-1:4:5:-1:-1:-1:-1:data:forward
1564128250:2:7:77:119:-1:-1:-1:-1:-1:3:4:118:data:send
1564128273:2:7:135:77:-1:-1:-1:-1:-1:2:3:135:data:recv
1564128273:3:2:141:77:1:-1:4:5:-1:-1:-1:-1:data:forward
1564128273:2:7:77:120:-1:-1:-1:-1:-1:3:4:119:data:send
1564128296:2:7:136:77:-1:-1:-1:-1:-1:2:3:136:data:recv
1564128296:3:2:142:77:1:-1:4:5:-1:-1:-1:-1:data:forward
1564128296:2:7:77:121:-1:-1:-1:-1:-1:3:4:120:data:send
1564128342:2:7:138:77:-1:-1:-1:-1:-1:2:3:138:data:recv
1564128342:3:2:144:77:1:-1:4:5:-1:-1:-1:-1:data:forward
1564128342:2:7:77:122:-1:-1:-1:-1:-1:3:4:121:data:send
1564128365:2:7:139:77:-1:-1:-1:-1:-1:2:3:139:data:recv
1564128365:3:2:145:77:1:-1:4:5:-1:-1:-1:-1:data:forward
1564128365:2:7:77:123:-1:-1:-1:-1:-1:3:4:122:data:send
1564128388:2:7:140:77:-1:-1:-1:-1:-1:2:3:140:data:recv
1564128388:3:2:146:77:1:-1:4:5:-1:-1:-1:-1:data:forward
1564128388:2:7:77:124:-1:-1:-1:-1:-1:3:4:123:data:send
1564128411:2:7:141:77:-1:-1:-1:-1:-1:2:3:141:data:recv
1564128411:3:2:147:77:1:-1:4:5:-1:-1:-1:-1:data:forward
1564128411:2:7:77:125:-1:-1:-1:-1:-1:3:4:124:data:send
1564128434:2:7:142:77:-1:-1:-1:-1:-1:2:3:142:data:recv
1564128434:3:2:148:77:1:-1:4:5:-1:-1:-1:-1:data:forward
1564128434:2:7:77:126:-1:-1:-1:-1:-1:3:4:125:data:send
1564128457:2:7:143:77:-1:-1:-1:-1:-1:2:3:143:data:recv
1564128457:3:2:149:77:1:-1:4:5:-1:-1:-1:-1:data:forward
1564128457:2:7:77:127:-1:-1:-1:-1:-1:3:4:126:data:send
1564128503:2:7:144:77:-1:-1:-1:-1:-1:2:3:144:data:recv
1564128503:3:2:151:77:1:-1:4:5:-1:-1:-1:-1:data:forward
1564128503:2:7:77:128:-1:-1:-1:-1:-1:3:4:127:data:send
1564128527:2:7:145:77:-1:-1:-1:-1:-1:2:3:145:data:recv
1564128527:3:2:152:77:1:-1:4:5:-1:-1:-1:-1:data:forward
1564128527:2:7:77:129:-1:-1:-1:-1:-1:3:4:128:data:send
1564128550:2:7:146:77:-1:-1:-1:-1:-1:2:3:146:data:recv
1564128550:3:2:153:77:1:-1:4:5:-1:-1:-1:-1:data:forward
1564128550:2:7:77:130:-1:-1:-1:-1:-1:3:4:129:data:send
1564128573:2:7:147:77:-1:-1:-1:-1:-1:2:3:147:data:recv
1564128573:3:2:154:77:1:-1:4:5:-1:-1:-1:-1:data:forward
1564128573:2:7:77:131:-1:-1:-1:-1:-1:3:4:130:data:send
1564128596:2:7:148:77:-1:-1:-1:-1:-1:2:3:148:data:recv
1564128596:3:2:155:77:1:-1:4:5:-1:-1:-1:-1:data:forward
1564128596:2:7:77:132:-1:-1:-1:-1:-1:3:4:131:data:send
1564128619:2:7:149:77:-1:-1:-1:-1:-1:2:3:149:data:recv
1564128619:3:2:156:77:1:-1:4:5:-1:-1:-1:-1:data:forward
1564128619:2:7:77:133:-1:-1:-1:-1:-1:3:4:132:data:send
1564128642:2:7:150:77:-1:-1:-1:-1:-1:2:3:150:data:recv
1564128642:3:2:157:77:1:-1:4:5:-1:-1:-1:-1:data:forward
1564128642:2:7:77:134:-1:-1:-1:-1:-1:3:4:133:data:send
1564128665:2:7:151:77:-1:-1:-1:-1:-1:2:3:151:data:recv
1564128665:3:2:158:77:1:-1:4:5:-1:-1:-1:-1:data:forward
1564128665:2:7:77:135:-1:-1:-1:-1:-1:3:4:134:data:send
1564128688:2:7:152:77:-1:-1:-1:-1:-1:2:3:152:data:recv
1564128688:3:2:159:77:1:-1:4:5:-1:-1:-1:-1:data:forward
1564128688:2:7:77:136:-1:-1:-1:-1:-1:3:4:135:data:send
1564128711:2:7:153:77:-1:-1:-1:-1:-1:2:3:153:data:recv
1564128711:3:2:160:77:1:-1:4:5:-1:-1:-1:-1:data:forward
1564128711:2:7:77:137:-1:-1:-1:-1:-1:3:4:136:data:send
1564128734:2:7:154:77:-1:-1:-1:-1:-1:2:3:154:data:recv
1564128734:3:2:161:77:1:-1:4:5:-1:-1:-1:-1:data:forward
1564128734:2:7:77:138:-1:-1:-1:-1:-1:3:4:137:data:send
1564128757:2:7:155:77:-1:-1:-1:-1:-1:2:3:155:data:recv
1564128757:3:2:162:77:1:-1:4:5:-1:-1:-1:-1:data:forward
1564128757:2:7:77:139:-1:-1:-1:-1:-1:3:4:138:data:send
1564128780:2:7:156:77:-1:-1:-1:-1:-1:2:3:156:data:recv
1564128780:3:2:163:77:1:-1:4:5:-1:-1:-1:-1:data:forward
1564128780:2:7:77:140:-1:-1:-1:-1:-1:3:4:139:data:send
1564128803:2:7:157:77:-1:-1:-1:-1:-1:2:3:157:data:recv
1564128803:3:2:164:77:1:-1:4:5:-1:-1:-1:-1:data:forward
1564128803:2:7:77:141:-1:-1:-1:-1:-1:3:4:140:data:send
1564128826:2:7:158:77:-1:-1:-1:-1:-1:2:3:158:data:recv
1564128826:3:2:165:77:1:-1:4:5:-1:-1:-1:-1:data:forward
1564128826:2:7:77:142:-1:-1:-1:-1:-1:3:4:141:data:send
1564128849:2:7:159:77:-1:-1:-1:-1:-1:2:3:159:data:recv
1564128849:3:2:166:77:1:-1:4:5:-1:-1:-1:-1:data:forward
1564128849:2:7:77:143:-1:-1:-1:-1:-1:3:4:142:data:send
1564128872:2:7:160:77:-1:-1:-1:-1:-1:2:3:160:data:recv
1564128872:3:2:167:77:1:-1:4:5:-1:-1:-1:-1:data:forward
1564128872:2:7:77:144:-1:-1:-1:-1:-1:3:4:143:data:send
1564128895:2:7:161:77:-1:-1:-1:-1:-1:2:3:161:data:recv
1564128895:3:2:168:77:1:-1:4:5:-1:-1:-1:-1:data:forward
1564128895:2:7:77:145:-1:-1:-1:-1:-1:3:4:144:data:send
1564128918:2:7:162:77:-1:-1:-1:-1:-1:2:3:162:data:recv
1564128918:3:2:169:77:1:-1:4:5:-1:-1:-1:-1:data:forward
1564128918:2:7:77:146:-1:-1:-1:-1:-1:3:4:145:data:send
1564128941:2:7:163:77:-1:-1:-1:-1:-1:2:3:163:data:recv
1564128941:3:2:170:77:1:-1:4:5:-1:-1:-1:-1:data:forward
1564128941:2:7:77:147:-1:-1:-1:-1:-1:3:4:146:data:send
1564128964:2:7:164:77:-1:-1:-1:-1:-1:2:3:164:data:recv
1564128964:3:2:171:77:1:-1:4:5:-1:-1:-1:-1:data:forward
1564128964:2:7:77:148:-1:-1:-1:-1:-1:3:4:147:data:send
1564128987:2:7:165:77:-1:-1:-1:-1:-1:2:3:165:data:recv
1564128987:3:2:172:77:1:-1:4:5:-1:-1:-1:-1:data:forward
1564128987:2:7:77:149:-1:-1:-1:-1:-1:3:4:148:data:send
1564129010:2:7:166:77:-1:-1:-1:-1:-1:2:3:166:data:recv
1564129010:3:2:173:77:1:-1:4:5:-1:-1:-1:-1:data:forward
1564129010:2:7:77:150:-1:-1:-1:-1:-1:3:4:149:data:send
1564129033:2:7:167:77:-1:-1:-1:-1:-1:2:3:167:data:recv
1564129033:3:2:174:77:1:-1:4:5:-1:-1:-1:-1:data:forward
1564129033:2:7:77:151:-1:-1:-1:-1:-1:3:4:150:data:send
1564129056:2:7:168:77:-1:-1:-1:-1:-1:2:3:168:data:recv
1564129056:3:2:175:77:1:-1:4:5:-1:-1:-1:-1:data:forward
1564129056:2:7:77:152:-1:-1:-1:-1:-1:3:4:151:data:send
1564129079:2:7:169:77:-1:-1:-1:-1:-1:2:3:169:data:recv
1564129079:3:2:176:77:1:-1:4:5:-1:-1:-1:-1:data:forward
1564129079:2:7:77:153:-1:-1:-1:-1:-1:3:4:152:data:send
1564129125:2:7:170:77:-1:-1:-1:-1:-1:2:3:170:data:recv
1564129125:3:2:178:77:1:-1:4:5:-1:-1:-1:-1:data:forward
1564129125:2:7:77:154:-1:-1:-1:-1:-1:3:4:153:data:send
1564129194:2:7:171:77:-1:-1:-1:-1:-1:2:3:171:data:recv
1564129194:3:2:181:77:1:-1:4:5:-1:-1:-1:-1:data:forward
1564129194:2:7:77:155:-1:-1:-1:-1:-1:3:4:154:data:send
1564129217:2:7:172:77:-1:-1:-1:-1:-1:2:3:172:data:recv
1564129217:3:2:182:77:1:-1:4:5:-1:-1:-1:-1:data:forward
1564129217:2:7:77:156:-1:-1:-1:-1:-1:3:4:155:data:send
1564129240:2:7:173:77:-1:-1:-1:-1:-1:2:3:173:data:recv
1564129240:3:2:183:77:1:-1:4:5:-1:-1:-1:-1:data:forward
1564129240:2:7:77:157:-1:-1:-1:-1:-1:3:4:156:data:send
1564129263:2:7:174:77:-1:-1:-1:-1:-1:2:3:174:data:recv
1564129263:3:2:184:77:1:-1:4:5:-1:-1:-1:-1:data:forward
1564129263:2:7:77:158:-1:-1:-1:-1:-1:3:4:157:data:send
1564129286:2:7:175:77:-1:-1:-1:-1:-1:2:3:175:data:recv
1564129286:3:2:185:77:1:-1:4:5:-1:-1:-1:-1:data:forward
1564129286:2:7:77:159:-1:-1:-1:-1:-1:3:4:158:data:send
1564129332:2:7:177:77:-1:-1:-1:-1:-1:2:3:177:data:recv
1564129332:3:2:187:77:1:-1:4:5:-1:-1:-1:-1:data:forward
1564129332:2:7:77:160:-1:-1:-1:-1:-1:3:4:159:data:send
1564129355:2:7:178:77:-1:-1:-1:-1:-1:2:3:178:data:recv
1564129355:3:2:188:77:1:-1:4:5:-1:-1:-1:-1:data:forward
1564129355:2:7:77:161:-1:-1:-1:-1:-1:3:4:160:data:send
1564129378:2:7:179:77:-1:-1:-1:-1:-1:2:3:179:data:recv
1564129378:3:2:189:77:1:-1:4:5:-1:-1:-1:-1:data:forward
1564129378:2:7:77:162:-1:-1:-1:-1:-1:3:4:161:data:send
1564129401:2:7:180:77:-1:-1:-1:-1:-1:2:3:180:data:recv
1564129401:3:2:190:77:1:-1:4:5:-1:-1:-1:-1:data:forward
1564129401:2:7:77:163:-1:-1:-1:-1:-1:3:4:162:data:send
1564129424:2:7:181:77:-1:-1:-1:-1:-1:2:3:181:data:recv
1564129424:3:2:191:77:1:-1:4:5:-1:-1:-1:-1:data:forward
1564129424:2:7:77:164:-1:-1:-1:-1:-1:3:4:163:data:send
1564129447:2:7:182:77:-1:-1:-1:-1:-1:2:3:182:data:recv
1564129447:3:2:192:77:1:-1:4:5:-1:-1:-1:-1:data:forward
1564129447:2:7:77:165:-1:-1:-1:-1:-1:3:4:164:data:send
1564129470:2:7:183:77:-1:-1:-1:-1:-1:2:3:183:data:recv
1564129470:3:2:193:77:1:-1:4:5:-1:-1:-1:-1:data:forward
1564129470:2:7:77:166:-1:-1:-1:-1:-1:3:4:165:data:send
1564129493:2:7:184:77:-1:-1:-1:-1:-1:2:3:184:data:recv
1564129493:3:2:194:77:1:-1:4:5:-1:-1:-1:-1:data:forward
1564129493:2:7:77:167:-1:-1:-1:-1:-1:3:4:166:data:send
1564129516:2:7:185:77:-1:-1:-1:-1:-1:2:3:185:data:recv
1564129516:3:2:195:77:1:-1:4:5:-1:-1:-1:-1:data:forward
1564129516:2:7:77:168:-1:-1:-1:-1:-1:3:4:167:data:send
1564129539:2:7:186:77:-1:-1:-1:-1:-1:2:3:186:data:recv
1564129539:3:2:196:77:1:-1:4:5:-1:-1:-1:-1:data:forward
1564129539:2:7:77:169:-1:-1:-1:-1:-1:3:4:168:data:send
1564129562:2:7:187:77:-1:-1:-1:-1:-1:2:3:187:data:recv
1564129562:3:2:197:77:1:-1:4:5:-1:-1:-1:-1:data:forward
1564129562:2:7:77:170:-1:-1:-1:-1:-1:3:4:169:data:send
1564129586:2:7:188:77:-1:-1:-1:-1:-1:2:3:188:data:recv
1564129586:3:2:198:77:1:-1:4:5:-1:-1:-1:-1:data:forward
1564129586:2:7:77:171:-1:-1:-1:-1:-1:3:4:170:data:send
1564129609:2:7:189:77:-1:-1:-1:-1:-1:2:3:189:data:recv
1564129609:3:2:199:77:1:-1:4:5:-1:-1:-1:-1:data:forward
1564129609:2:7:77:172:-1:-1:-1:-1:-1:3:4:171:data:send
1564129632:2:7:190:77:-1:-1:-1:-1:-1:2:3:190:data:recv
1564129632:3:2:200:77:1:-1:4:5:-1:-1:-1:-1:data:forward
1564129632:2:7:77:173:-1:-1:-1:-1:-1:3:4:172:data:send
1564129655:2:7:191:77:-1:-1:-1:-1:-1:2:3:191:data:recv
1564129655:3:2:201:77:1:-1:4:5:-1:-1:-1:-1:data:forward
1564129655:2:7:77:174:-1:-1:-1:-1:-1:3:4:173:data:send
1564129678:2:7:192:77:-1:-1:-1:-1:-1:2:3:192:data:recv
1564129678:3:2:202:77:1:-1:4:5:-1:-1:-1:-1:data:forward
1564129678:2:7:77:175:-1:-1:-1:-1:-1:3:4:174:data:send
1564129747:2:7:194:77:-1:-1:-1:-1:-1:2:3:194:data:recv
1564129747:3:2:205:77:1:-1:4:5:-1:-1:-1:-1:data:forward
1564129747:2:7:77:176:-1:-1:-1:-1:-1:3:4:175:data:send
1564129770:2:7:195:77:-1:-1:-1:-1:-1:2:3:195:data:recv
1564129770:3:2:206:77:1:-1:4:5:-1:-1:-1:-1:data:forward
1564129770:2:7:77:177:-1:-1:-1:-1:-1:3:4:176:data:send
1564129793:2:7:196:77:-1:-1:-1:-1:-1:2:3:196:data:recv
1564129793:3:2:207:77:1:-1:4:5:-1:-1:-1:-1:data:forward
1564129793:2:7:77:178:-1:-1:-1:-1:-1:3:4:177:data:send
1564129816:2:7:197:77:-1:-1:-1:-1:-1:2:3:197:data:recv
1564129816:3:2:208:77:1:-1:4:5:-1:-1:-1:-1:data:forward
1564129816:2:7:77:179:-1:-1:-1:-1:-1:3:4:178:data:send
1564129839:2:7:198:77:-1:-1:-1:-1:-1:2:3:198:data:recv
1564129839:3:2:209:77:1:-1:4:5:-1:-1:-1:-1:data:forward
1564129839:2:7:77:180:-1:-1:-1:-1:-1:3:4:179:data:send
1564129862:2:7:199:77:-1:-1:-1:-1:-1:2:3:199:data:recv
1564129862:3:2:210:77:1:-1:4:5:-1:-1:-1:-1:data:forward
1564129862:2:7:77:181:-1:-1:-1:-1:-1:3:4:180:data:send
1564129885:2:7:200:77:-1:-1:-1:-1:-1:2:3:200:data:recv
1564129885:3:2:211:77:1:-1:4:5:-1:-1:-1:-1:data:forward
1564129885:2:7:77:182:-1:-1:-1:-1:-1:3:4:181:data:send
1564129908:2:7:201:77:-1:-1:-1:-1:-1:2:3:201:data:recv
1564129908:3:2:212:77:1:-1:4:5:-1:-1:-1:-1:data:forward
1564129908:2:7:77:183:-1:-1:-1:-1:-1:3:4:182:data:send
1564129931:2:7:202:77:-1:-1:-1:-1:-1:2:3:202:data:recv
1564129931:3:2:213:77:1:-1:4:5:-1:-1:-1:-1:data:forward
1564129931:2:7:77:184:-1:-1:-1:-1:-1:3:4:183:data:send
1564129954:2:7:203:77:-1:-1:-1:-1:-1:2:3:203:data:recv
1564129954:3:2:214:77:1:-1:4:5:-1:-1:-1:-1:data:forward
1564129954:2:7:77:185:-1:-1:-1:-1:-1:3:4:184:data:send
1564130000:2:7:204:77:-1:-1:-1:-1:-1:2:3:204:data:recv
1564130000:3:2:216:77:1:-1:4:5:-1:-1:-1:-1:data:forward
1564130000:2:7:77:186:-1:-1:-1:-1:-1:3:4:185:data:send
1564130023:2:7:205:77:-1:-1:-1:-1:-1:2:3:205:data:recv
1564130023:3:2:217:77:1:-1:4:5:-1:-1:-1:-1:data:forward
1564130023:2:7:77:187:-1:-1:-1:-1:-1:3:4:186:data:send
1564130069:2:7:207:77:-1:-1:-1:-1:-1:2:3:207:data:recv
1564130069:3:2:219:77:1:-1:4:5:-1:-1:-1:-1:data:forward
1564130069:2:7:77:188:-1:-1:-1:-1:-1:3:4:187:data:send
1564130092:2:7:208:77:-1:-1:-1:-1:-1:2:3:208:data:recv
1564130092:3:2:220:77:1:-1:4:5:-1:-1:-1:-1:data:forward
1564130092:2:7:77:189:-1:-1:-1:-1:-1:3:4:188:data:send
1564130115:2:7:209:77:-1:-1:-1:-1:-1:2:3:209:data:recv
1564130115:3:2:221:77:1:-1:4:5:-1:-1:-1:-1:data:forward
1564130115:2:7:77:190:-1:-1:-1:-1:-1:3:4:189:data:send
1564130138:2:7:210:77:-1:-1:-1:-1:-1:2:3:210:data:recv
1564130138:3:2:222:77:1:-1:4:5:-1:-1:-1:-1:data:forward
1564130138:2:7:77:191:-1:-1:-1:-1:-1:3:4:190:data:send
1564130161:2:7:211:77:-1:-1:-1:-1:-1:2:3:211:data:recv
1564130161:3:2:223:77:1:-1:4:5:-1:-1:-1:-1:data:forward
1564130161:2:7:77:192:-1:-1:-1:-1:-1:3:4:191:data:send
1564130184:2:7:212:77:-1:-1:-1:-1:-1:2:3:212:data:recv
1564130184:3:2:224:77:1:-1:4:5:-1:-1:-1:-1:data:forward
1564130184:2:7:77:193:-1:-1:-1:-1:-1:3:4:192:data:send
1564130207:2:7:213:77:-1:-1:-1:-1:-1:2:3:213:data:recv
1564130207:3:2:225:77:1:-1:4:5:-1:-1:-1:-1:data:forward
1564130207:2:7:77:194:-1:-1:-1:-1:-1:3:4:193:data:send
1564130230:2:7:214:77:-1:-1:-1:-1:-1:2:3:214:data:recv
1564130230:3:2:226:77:1:-1:4:5:-1:-1:-1:-1:data:forward
1564130230:2:7:77:195:-1:-1:-1:-1:-1:3:4:194:data:send
1564130253:2:7:215:77:-1:-1:-1:-1:-1:2:3:215:data:recv
1564130253:3:2:227:77:1:-1:4:5:-1:-1:-1:-1:data:forward
1564130253:2:7:77:196:-1:-1:-1:-1:-1:3:4:195:data:send
1564130276:2:7:216:77:-1:-1:-1:-1:-1:2:3:216:data:recv
1564130276:3:2:228:77:1:-1:4:5:-1:-1:-1:-1:data:forward
1564130276:2:7:77:197:-1:-1:-1:-1:-1:3:4:196:data:send
1564130299:2:7:217:77:-1:-1:-1:-1:-1:2:3:217:data:recv
1564130299:3:2:229:77:1:-1:4:5:-1:-1:-1:-1:data:forward
1564130299:2:7:77:198:-1:-1:-1:-1:-1:3:4:197:data:send
1564130322:2:7:218:77:-1:-1:-1:-1:-1:2:3:218:data:recv
1564130322:3:2:230:77:1:-1:4:5:-1:-1:-1:-1:data:forward
1564130322:2:7:77:199:-1:-1:-1:-1:-1:3:4:198:data:send
1564130345:2:7:219:77:-1:-1:-1:-1:-1:2:3:219:data:recv
1564130345:3:2:231:77:1:-1:4:5:-1:-1:-1:-1:data:forward
1564130345:2:7:77:200:-1:-1:-1:-1:-1:3:4:199:data:send
1564130368:2:7:220:77:-1:-1:-1:-1:-1:2:3:220:data:recv
1564130368:3:2:232:77:1:-1:4:5:-1:-1:-1:-1:data:forward
1564130368:2:7:77:201:-1:-1:-1:-1:-1:3:4:200:data:send
1564130391:2:7:221:77:-1:-1:-1:-1:-1:2:3:221:data:recv
1564130391:3:2:233:77:1:-1:4:5:-1:-1:-1:-1:data:forward
1564130391:2:7:77:202:-1:-1:-1:-1:-1:3:4:201:data:send
1564130414:2:7:222:77:-1:-1:-1:-1:-1:2:3:222:data:recv
1564130414:3:2:234:77:1:-1:4:5:-1:-1:-1:-1:data:forward
1564130414:2:7:77:203:-1:-1:-1:-1:-1:3:4:202:data:send
1564130437:2:7:223:77:-1:-1:-1:-1:-1:2:3:223:data:recv
1564130437:3:2:235:77:1:-1:4:5:-1:-1:-1:-1:data:forward
1564130437:2:7:77:204:-1:-1:-1:-1:-1:3:4:203:data:send
1564130460:2:7:224:77:-1:-1:-1:-1:-1:2:3:224:data:recv
1564130460:3:2:236:77:1:-1:4:5:-1:-1:-1:-1:data:forward
1564130460:2:7:77:205:-1:-1:-1:-1:-1:3:4:204:data:send
1564130483:2:7:225:77:-1:-1:-1:-1:-1:2:3:225:data:recv
1564130483:3:2:237:77:1:-1:4:5:-1:-1:-1:-1:data:forward
1564130483:2:7:77:206:-1:-1:-1:-1:-1:3:4:205:data:send
1564130506:2:7:226:77:-1:-1:-1:-1:-1:2:3:226:data:recv
1564130506:3:2:238:77:1:-1:4:5:-1:-1:-1:-1:data:forward
1564130506:2:7:77:207:-1:-1:-1:-1:-1:3:4:206:data:send
1564130552:2:7:227:77:-1:-1:-1:-1:-1:2:3:227:data:recv
1564130552:3:2:240:77:1:-1:4:5:-1:-1:-1:-1:data:forward
1564130552:2:7:77:208:-1:-1:-1:-1:-1:3:4:207:data:send
1564130598:2:7:228:77:-1:-1:-1:-1:-1:2:3:228:data:recv
1564130598:3:2:242:77:1:-1:4:5:-1:-1:-1:-1:data:forward
1564130598:2:7:77:209:-1:-1:-1:-1:-1:3:4:208:data:send
1564130621:2:7:229:77:-1:-1:-1:-1:-1:2:3:229:data:recv
1564130621:3:2:243:77:1:-1:4:5:-1:-1:-1:-1:data:forward
1564130621:2:7:77:210:-1:-1:-1:-1:-1:3:4:209:data:send
1564130645:2:7:230:77:-1:-1:-1:-1:-1:2:3:230:data:recv
1564130645:3:2:244:77:1:-1:4:5:-1:-1:-1:-1:data:forward
1564130645:2:7:77:211:-1:-1:-1:-1:-1:3:4:210:data:send
1564130714:2:7:233:77:-1:-1:-1:-1:-1:2:3:233:data:recv
1564130714:3:2:247:77:1:-1:4:5:-1:-1:-1:-1:data:forward
1564130714:2:7:77:212:-1:-1:-1:-1:-1:3:4:211:data:send
1564130737:2:7:234:77:-1:-1:-1:-1:-1:2:3:234:data:recv
1564130737:3:2:248:77:1:-1:4:5:-1:-1:-1:-1:data:forward
1564130737:2:7:77:213:-1:-1:-1:-1:-1:3:4:212:data:send
1564130760:2:7:235:77:-1:-1:-1:-1:-1:2:3:235:data:recv
1564130760:3:2:249:77:1:-1:4:5:-1:-1:-1:-1:data:forward
1564130760:2:7:77:214:-1:-1:-1:-1:-1:3:4:213:data:send
1564130806:2:7:236:77:-1:-1:-1:-1:-1:2:3:236:data:recv
1564130806:3:2:251:77:1:-1:4:5:-1:-1:-1:-1:data:forward
1564130806:2:7:77:215:-1:-1:-1:-1:-1:3:4:214:data:send
1564130829:2:7:237:77:-1:-1:-1:-1:-1:2:3:237:data:recv
1564130829:3:2:252:77:1:-1:4:5:-1:-1:-1:-1:data:forward
1564130829:2:7:77:216:-1:-1:-1:-1:-1:3:4:215:data:send
1564130852:2:7:238:77:-1:-1:-1:-1:-1:2:3:238:data:recv
1564130852:3:2:253:77:1:-1:4:5:-1:-1:-1:-1:data:forward
1564130852:2:7:77:217:-1:-1:-1:-1:-1:3:4:216:data:send
1564130875:2:7:239:77:-1:-1:-1:-1:-1:2:3:239:data:recv
1564130875:3:2:254:77:1:-1:4:5:-1:-1:-1:-1:data:forward
1564130875:2:7:77:218:-1:-1:-1:-1:-1:3:4:217:data:send
1564130898:2:7:240:77:-1:-1:-1:-1:-1:2:3:240:data:recv
1564130898:3:2:255:77:1:-1:4:5:-1:-1:-1:-1:data:forward
1564130898:2:7:77:219:-1:-1:-1:-1:-1:3:4:218:data:send
1564130921:2:7:241:77:-1:-1:-1:-1:-1:2:3:241:data:recv
1564130921:3:2:256:77:1:-1:4:5:-1:-1:-1:-1:data:forward
1564130921:2:7:77:220:-1:-1:-1:-1:-1:3:4:219:data:send
1564130944:2:7:242:77:-1:-1:-1:-1:-1:2:3:242:data:recv
1564130944:3:2:257:77:1:-1:4:5:-1:-1:-1:-1:data:forward
1564130944:2:7:77:221:-1:-1:-1:-1:-1:3:4:220:data:send
1564130967:2:7:243:77:-1:-1:-1:-1:-1:2:3:243:data:recv
1564130967:3:2:258:77:1:-1:4:5:-1:-1:-1:-1:data:forward
1564130967:2:7:77:222:-1:-1:-1:-1:-1:3:4:221:data:send
1564130990:2:7:244:77:-1:-1:-1:-1:-1:2:3:244:data:recv
1564130990:3:2:259:77:1:-1:4:5:-1:-1:-1:-1:data:forward
1564130990:2:7:77:223:-1:-1:-1:-1:-1:3:4:222:data:send
1564131013:2:7:245:77:-1:-1:-1:-1:-1:2:3:245:data:recv
1564131013:3:2:260:77:1:-1:4:5:-1:-1:-1:-1:data:forward
1564131013:2:7:77:224:-1:-1:-1:-1:-1:3:4:223:data:send
1564131036:2:7:246:77:-1:-1:-1:-1:-1:2:3:246:data:recv
1564131036:3:2:261:77:1:-1:4:5:-1:-1:-1:-1:data:forward
1564131036:2:7:77:225:-1:-1:-1:-1:-1:3:4:224:data:send
1564131059:2:7:247:77:-1:-1:-1:-1:-1:2:3:247:data:recv
1564131059:3:2:262:77:1:-1:4:5:-1:-1:-1:-1:data:forward
1564131059:2:7:77:226:-1:-1:-1:-1:-1:3:4:225:data:send
1564131105:2:7:249:77:-1:-1:-1:-1:-1:2:3:249:data:recv
1564131105:3:2:264:77:1:-1:4:5:-1:-1:-1:-1:data:forward
1564131105:2:7:77:227:-1:-1:-1:-1:-1:3:4:226:data:send
1564131128:2:7:250:77:-1:-1:-1:-1:-1:2:3:250:data:recv
1564131128:3:2:265:77:1:-1:4:5:-1:-1:-1:-1:data:forward
1564131128:2:7:77:228:-1:-1:-1:-1:-1:3:4:227:data:send
1564131151:2:7:251:77:-1:-1:-1:-1:-1:2:3:251:data:recv
1564131151:3:2:266:77:1:-1:4:5:-1:-1:-1:-1:data:forward
1564131151:2:7:77:229:-1:-1:-1:-1:-1:3:4:228:data:send
1564131197:2:7:252:77:-1:-1:-1:-1:-1:2:3:252:data:recv
1564131197:3:2:268:77:1:-1:4:5:-1:-1:-1:-1:data:forward
1564131197:2:7:77:230:-1:-1:-1:-1:-1:3:4:229:data:send
1564131220:2:7:253:77:-1:-1:-1:-1:-1:2:3:253:data:recv
1564131220:3:2:269:77:1:-1:4:5:-1:-1:-1:-1:data:forward
1564131220:2:7:77:231:-1:-1:-1:-1:-1:3:4:230:data:send
1564131243:2:7:254:77:-1:-1:-1:-1:-1:2:3:254:data:recv
1564131243:3:2:270:77:1:-1:4:5:-1:-1:-1:-1:data:forward
1564131243:2:7:77:232:-1:-1:-1:-1:-1:3:4:231:data:send
1564131266:2:7:255:77:-1:-1:-1:-1:-1:2:3:255:data:recv
1564131266:3:2:271:77:1:-1:4:5:-1:-1:-1:-1:data:forward
1564131266:2:7:77:233:-1:-1:-1:-1:-1:3:4:232:data:send
1564131289:2:7:256:77:-1:-1:-1:-1:-1:2:3:256:data:recv
1564131289:3:2:272:77:1:-1:4:5:-1:-1:-1:-1:data:forward
1564131289:2:7:77:234:-1:-1:-1:-1:-1:3:4:233:data:send
1564131312:2:7:257:77:-1:-1:-1:-1:-1:2:3:257:data:recv
1564131312:3:2:273:77:1:-1:4:5:-1:-1:-1:-1:data:forward
1564131312:2:7:77:235:-1:-1:-1:-1:-1:3:4:234:data:send
1564131335:2:7:258:77:-1:-1:-1:-1:-1:2:3:258:data:recv
1564131335:3:2:274:77:1:-1:4:5:-1:-1:-1:-1:data:forward
1564131335:2:7:77:236:-1:-1:-1:-1:-1:3:4:235:data:send
1564131358:2:7:259:77:-1:-1:-1:-1:-1:2:3:259:data:recv
1564131358:3:2:275:77:1:-1:4:5:-1:-1:-1:-1:data:forward
1564131358:2:7:77:237:-1:-1:-1:-1:-1:3:4:236:data:send
1564131381:2:7:260:77:-1:-1:-1:-1:-1:2:3:260:data:recv
1564131381:3:2:276:77:1:-1:4:5:-1:-1:-1:-1:data:forward
1564131381:2:7:77:238:-1:-1:-1:-1:-1:3:4:237:data:send
1564131404:2:7:261:77:-1:-1:-1:-1:-1:2:3:261:data:recv
1564131404:3:2:277:77:1:-1:4:5:-1:-1:-1:-1:data:forward
1564131404:2:7:77:239:-1:-1:-1:-1:-1:3:4:238:data:send
1564131409:2:7:218:9:-1:-1:-1:-1:-1:4:3:218:data:recv
1564131409:2:7:-1:-1:-1:-1:-1:-1:-1:3:4:218:ack:send
1564131409:3:2:1:9:5:-1:2:1:-1:-1:-1:-1:data:forward
1564131409:2:7:9:240:-1:-1:-1:-1:-1:3:2:239:data:send
1564131411:2:7:-1:-1:-1:-1:-1:-1:-1:2:3:239:ack:recv
1564131420:2:7:218:9:-1:-1:-1:-1:-1:4:3:218:data:recv
1564131420:2:7:-1:-1:-1:-1:-1:-1:-1:3:4:218:ack:send
1564131427:2:7:263:77:-1:-1:-1:-1:-1:2:3:263:data:recv
1564131427:3:2:278:77:1:-1:4:5:-1:-1:-1:-1:data:forward
1564131427:2:7:77:241:-1:-1:-1:-1:-1:3:4:240:data:send
