=========================Fri Jul 26 15:09:32 2019
1564124997:2:7:0:10:-1:-1:-1:-1:-1:3:4:0:data:recv
1564124997:2:7:-1:-1:-1:-1:-1:-1:-1:4:3:0:ack:send
1564124997:3:2:0:10:1:-1:5:5:-1:-1:-1:-1:data:forward
1564124997:2:7:10:1:-1:-1:-1:-1:-1:4:5:0:data:send
1564124999:2:7:-1:-1:-1:-1:-1:-1:-1:5:4:0:ack:recv
1564124999:2:7:0:9:-1:-1:-1:-1:-1:5:4:0:data:recv
1564124999:2:7:-1:-1:-1:-1:-1:-1:-1:4:5:0:ack:send
1564124999:3:2:0:9:5:-1:3:1:-1:-1:-1:-1:data:forward
1564124999:2:7:9:2:-1:-1:-1:-1:-1:4:3:1:data:send
1564125000:2:7:-1:-1:-1:-1:-1:-1:-1:3:4:1:ack:recv
1564125075:2:7:2:77:-1:-1:-1:-1:-1:3:4:2:data:recv
1564125075:3:2:2:77:1:-1:5:5:-1:-1:-1:-1:data:forward
1564125075:2:7:77:3:-1:-1:-1:-1:-1:4:5:2:data:send
1564125098:2:7:3:77:-1:-1:-1:-1:-1:3:4:3:data:recv
1564125098:3:2:3:77:1:-1:5:5:-1:-1:-1:-1:data:forward
1564125098:2:7:77:4:-1:-1:-1:-1:-1:4:5:3:data:send
1564125167:2:7:4:77:-1:-1:-1:-1:-1:3:4:4:data:recv
1564125167:3:2:6:77:1:-1:5:5:-1:-1:-1:-1:data:forward
1564125167:2:7:77:5:-1:-1:-1:-1:-1:4:5:4:data:send
1564125190:2:7:5:77:-1:-1:-1:-1:-1:3:4:5:data:recv
1564125190:3:2:7:77:1:-1:5:5:-1:-1:-1:-1:data:forward
1564125190:2:7:77:6:-1:-1:-1:-1:-1:4:5:5:data:send
1564125213:2:7:6:77:-1:-1:-1:-1:-1:3:4:6:data:recv
1564125213:3:2:8:77:1:-1:5:5:-1:-1:-1:-1:data:forward
1564125213:2:7:77:7:-1:-1:-1:-1:-1:4:5:6:data:send
1564125236:2:7:7:77:-1:-1:-1:-1:-1:3:4:7:data:recv
1564125236:3:2:9:77:1:-1:5:5:-1:-1:-1:-1:data:forward
1564125236:2:7:77:8:-1:-1:-1:-1:-1:4:5:7:data:send
1564125259:2:7:8:77:-1:-1:-1:-1:-1:3:4:8:data:recv
1564125259:3:2:10:77:1:-1:5:5:-1:-1:-1:-1:data:forward
1564125259:2:7:77:9:-1:-1:-1:-1:-1:4:5:8:data:send
1564125282:2:7:9:77:-1:-1:-1:-1:-1:3:4:9:data:recv
1564125282:3:2:11:77:1:-1:5:5:-1:-1:-1:-1:data:forward
1564125282:2:7:77:10:-1:-1:-1:-1:-1:4:5:9:data:send
1564125305:2:7:10:77:-1:-1:-1:-1:-1:3:4:10:data:recv
1564125305:3:2:12:77:1:-1:5:5:-1:-1:-1:-1:data:forward
1564125305:2:7:77:11:-1:-1:-1:-1:-1:4:5:10:data:send
1564125328:2:7:11:77:-1:-1:-1:-1:-1:3:4:11:data:recv
1564125328:3:2:13:77:1:-1:5:5:-1:-1:-1:-1:data:forward
1564125328:2:7:77:12:-1:-1:-1:-1:-1:4:5:11:data:send
1564125351:2:7:12:77:-1:-1:-1:-1:-1:3:4:12:data:recv
1564125351:3:2:14:77:1:-1:5:5:-1:-1:-1:-1:data:forward
1564125351:2:7:77:13:-1:-1:-1:-1:-1:4:5:12:data:send
1564125374:2:7:13:77:-1:-1:-1:-1:-1:3:4:13:data:recv
1564125374:3:2:15:77:1:-1:5:5:-1:-1:-1:-1:data:forward
1564125374:2:7:77:14:-1:-1:-1:-1:-1:4:5:13:data:send
1564125397:2:7:14:77:-1:-1:-1:-1:-1:3:4:14:data:recv
1564125397:3:2:16:77:1:-1:5:5:-1:-1:-1:-1:data:forward
1564125397:2:7:77:15:-1:-1:-1:-1:-1:4:5:14:data:send
1564125420:2:7:15:77:-1:-1:-1:-1:-1:3:4:15:data:recv
1564125420:3:2:17:77:1:-1:5:5:-1:-1:-1:-1:data:forward
1564125420:2:7:77:16:-1:-1:-1:-1:-1:4:5:15:data:send
1564125443:2:7:16:77:-1:-1:-1:-1:-1:3:4:16:data:recv
1564125443:3:2:18:77:1:-1:5:5:-1:-1:-1:-1:data:forward
1564125443:2:7:77:17:-1:-1:-1:-1:-1:4:5:16:data:send
1564125466:2:7:17:77:-1:-1:-1:-1:-1:3:4:17:data:recv
1564125466:3:2:19:77:1:-1:5:5:-1:-1:-1:-1:data:forward
1564125466:2:7:77:18:-1:-1:-1:-1:-1:4:5:17:data:send
1564125489:2:7:18:77:-1:-1:-1:-1:-1:3:4:18:data:recv
1564125489:3:2:20:77:1:-1:5:5:-1:-1:-1:-1:data:forward
1564125489:2:7:77:19:-1:-1:-1:-1:-1:4:5:18:data:send
1564125535:2:7:19:77:-1:-1:-1:-1:-1:3:4:19:data:recv
1564125535:3:2:22:77:1:-1:5:5:-1:-1:-1:-1:data:forward
1564125535:2:7:77:20:-1:-1:-1:-1:-1:4:5:19:data:send
1564125558:2:7:20:77:-1:-1:-1:-1:-1:3:4:20:data:recv
1564125558:3:2:23:77:1:-1:5:5:-1:-1:-1:-1:data:forward
1564125558:2:7:77:21:-1:-1:-1:-1:-1:4:5:20:data:send
1564125581:2:7:21:77:-1:-1:-1:-1:-1:3:4:21:data:recv
1564125581:3:2:24:77:1:-1:5:5:-1:-1:-1:-1:data:forward
1564125581:2:7:77:22:-1:-1:-1:-1:-1:4:5:21:data:send
1564125604:2:7:22:77:-1:-1:-1:-1:-1:3:4:22:data:recv
1564125604:3:2:25:77:1:-1:5:5:-1:-1:-1:-1:data:forward
1564125604:2:7:77:23:-1:-1:-1:-1:-1:4:5:22:data:send
1564125628:2:7:23:77:-1:-1:-1:-1:-1:3:4:23:data:recv
1564125628:3:2:26:77:1:-1:5:5:-1:-1:-1:-1:data:forward
1564125628:2:7:77:24:-1:-1:-1:-1:-1:4:5:23:data:send
1564125674:2:7:25:77:-1:-1:-1:-1:-1:3:4:25:data:recv
1564125674:3:2:28:77:1:-1:5:5:-1:-1:-1:-1:data:forward
1564125674:2:7:77:25:-1:-1:-1:-1:-1:4:5:24:data:send
1564125697:2:7:26:77:-1:-1:-1:-1:-1:3:4:26:data:recv
1564125697:3:2:29:77:1:-1:5:5:-1:-1:-1:-1:data:forward
1564125697:2:7:77:26:-1:-1:-1:-1:-1:4:5:25:data:send
1564125743:2:7:28:77:-1:-1:-1:-1:-1:3:4:28:data:recv
1564125743:3:2:31:77:1:-1:5:5:-1:-1:-1:-1:data:forward
1564125743:2:7:77:27:-1:-1:-1:-1:-1:4:5:26:data:send
1564125766:2:7:29:77:-1:-1:-1:-1:-1:3:4:29:data:recv
1564125766:3:2:32:77:1:-1:5:5:-1:-1:-1:-1:data:forward
1564125766:2:7:77:28:-1:-1:-1:-1:-1:4:5:27:data:send
1564125835:2:7:30:77:-1:-1:-1:-1:-1:3:4:30:data:recv
1564125835:3:2:35:77:1:-1:5:5:-1:-1:-1:-1:data:forward
1564125835:2:7:77:29:-1:-1:-1:-1:-1:4:5:28:data:send
1564125858:2:7:31:77:-1:-1:-1:-1:-1:3:4:31:data:recv
1564125858:3:2:36:77:1:-1:5:5:-1:-1:-1:-1:data:forward
1564125858:2:7:77:30:-1:-1:-1:-1:-1:4:5:29:data:send
1564125881:2:7:32:77:-1:-1:-1:-1:-1:3:4:32:data:recv
1564125881:3:2:37:77:1:-1:5:5:-1:-1:-1:-1:data:forward
1564125881:2:7:77:31:-1:-1:-1:-1:-1:4:5:30:data:send
1564125904:2:7:33:77:-1:-1:-1:-1:-1:3:4:33:data:recv
1564125904:3:2:38:77:1:-1:5:5:-1:-1:-1:-1:data:forward
1564125904:2:7:77:32:-1:-1:-1:-1:-1:4:5:31:data:send
1564125927:2:7:34:77:-1:-1:-1:-1:-1:3:4:34:data:recv
1564125927:3:2:39:77:1:-1:5:5:-1:-1:-1:-1:data:forward
1564125927:2:7:77:33:-1:-1:-1:-1:-1:4:5:32:data:send
1564125950:2:7:35:77:-1:-1:-1:-1:-1:3:4:35:data:recv
1564125950:3:2:40:77:1:-1:5:5:-1:-1:-1:-1:data:forward
1564125950:2:7:77:34:-1:-1:-1:-1:-1:4:5:33:data:send
1564125973:2:7:36:77:-1:-1:-1:-1:-1:3:4:36:data:recv
1564125973:3:2:41:77:1:-1:5:5:-1:-1:-1:-1:data:forward
1564125973:2:7:77:35:-1:-1:-1:-1:-1:4:5:34:data:send
1564125996:2:7:37:77:-1:-1:-1:-1:-1:3:4:37:data:recv
1564125996:3:2:42:77:1:-1:5:5:-1:-1:-1:-1:data:forward
1564125996:2:7:77:36:-1:-1:-1:-1:-1:4:5:35:data:send
1564126019:2:7:38:77:-1:-1:-1:-1:-1:3:4:38:data:recv
1564126019:3:2:43:77:1:-1:5:5:-1:-1:-1:-1:data:forward
1564126019:2:7:77:37:-1:-1:-1:-1:-1:4:5:36:data:send
1564126042:2:7:39:77:-1:-1:-1:-1:-1:3:4:39:data:recv
1564126042:3:2:44:77:1:-1:5:5:-1:-1:-1:-1:data:forward
1564126042:2:7:77:38:-1:-1:-1:-1:-1:4:5:37:data:send
1564126111:2:7:41:77:-1:-1:-1:-1:-1:3:4:41:data:recv
1564126111:3:2:47:77:1:-1:5:5:-1:-1:-1:-1:data:forward
1564126111:2:7:77:39:-1:-1:-1:-1:-1:4:5:38:data:send
1564126134:2:7:42:77:-1:-1:-1:-1:-1:3:4:42:data:recv
1564126134:3:2:48:77:1:-1:5:5:-1:-1:-1:-1:data:forward
1564126134:2:7:77:40:-1:-1:-1:-1:-1:4:5:39:data:send
1564126157:2:7:43:77:-1:-1:-1:-1:-1:3:4:43:data:recv
1564126157:3:2:49:77:1:-1:5:5:-1:-1:-1:-1:data:forward
1564126157:2:7:77:41:-1:-1:-1:-1:-1:4:5:40:data:send
1564126180:2:7:44:77:-1:-1:-1:-1:-1:3:4:44:data:recv
1564126180:3:2:50:77:1:-1:5:5:-1:-1:-1:-1:data:forward
1564126180:2:7:77:42:-1:-1:-1:-1:-1:4:5:41:data:send
1564126203:2:7:45:77:-1:-1:-1:-1:-1:3:4:45:data:recv
1564126203:3:2:51:77:1:-1:5:5:-1:-1:-1:-1:data:forward
1564126203:2:7:77:43:-1:-1:-1:-1:-1:4:5:42:data:send
1564126226:2:7:46:77:-1:-1:-1:-1:-1:3:4:46:data:recv
1564126226:3:2:52:77:1:-1:5:5:-1:-1:-1:-1:data:forward
1564126226:2:7:77:44:-1:-1:-1:-1:-1:4:5:43:data:send
1564126249:2:7:47:77:-1:-1:-1:-1:-1:3:4:47:data:recv
1564126249:3:2:53:77:1:-1:5:5:-1:-1:-1:-1:data:forward
1564126249:2:7:77:45:-1:-1:-1:-1:-1:4:5:44:data:send
1564126272:2:7:48:77:-1:-1:-1:-1:-1:3:4:48:data:recv
1564126272:3:2:54:77:1:-1:5:5:-1:-1:-1:-1:data:forward
1564126272:2:7:77:46:-1:-1:-1:-1:-1:4:5:45:data:send
1564126318:2:7:50:77:-1:-1:-1:-1:-1:3:4:50:data:recv
1564126318:3:2:56:77:1:-1:5:5:-1:-1:-1:-1:data:forward
1564126318:2:7:77:47:-1:-1:-1:-1:-1:4:5:46:data:send
1564126341:2:7:51:77:-1:-1:-1:-1:-1:3:4:51:data:recv
1564126341:3:2:57:77:1:-1:5:5:-1:-1:-1:-1:data:forward
1564126341:2:7:77:48:-1:-1:-1:-1:-1:4:5:47:data:send
1564126364:2:7:52:77:-1:-1:-1:-1:-1:3:4:52:data:recv
1564126364:3:2:58:77:1:-1:5:5:-1:-1:-1:-1:data:forward
1564126364:2:7:77:49:-1:-1:-1:-1:-1:4:5:48:data:send
1564126387:2:7:53:77:-1:-1:-1:-1:-1:3:4:53:data:recv
1564126387:3:2:59:77:1:-1:5:5:-1:-1:-1:-1:data:forward
1564126387:2:7:77:50:-1:-1:-1:-1:-1:4:5:49:data:send
1564126410:2:7:54:77:-1:-1:-1:-1:-1:3:4:54:data:recv
1564126410:3:2:60:77:1:-1:5:5:-1:-1:-1:-1:data:forward
1564126410:2:7:77:51:-1:-1:-1:-1:-1:4:5:50:data:send
1564126433:2:7:55:77:-1:-1:-1:-1:-1:3:4:55:data:recv
1564126433:3:2:61:77:1:-1:5:5:-1:-1:-1:-1:data:forward
1564126433:2:7:77:52:-1:-1:-1:-1:-1:4:5:51:data:send
1564126456:2:7:56:77:-1:-1:-1:-1:-1:3:4:56:data:recv
1564126456:3:2:62:77:1:-1:5:5:-1:-1:-1:-1:data:forward
1564126456:2:7:77:53:-1:-1:-1:-1:-1:4:5:52:data:send
1564126479:2:7:57:77:-1:-1:-1:-1:-1:3:4:57:data:recv
1564126479:3:2:63:77:1:-1:5:5:-1:-1:-1:-1:data:forward
1564126479:2:7:77:54:-1:-1:-1:-1:-1:4:5:53:data:send
1564126502:2:7:58:77:-1:-1:-1:-1:-1:3:4:58:data:recv
1564126502:3:2:64:77:1:-1:5:5:-1:-1:-1:-1:data:forward
1564126502:2:7:77:55:-1:-1:-1:-1:-1:4:5:54:data:send
1564126525:2:7:59:77:-1:-1:-1:-1:-1:3:4:59:data:recv
1564126525:3:2:65:77:1:-1:5:5:-1:-1:-1:-1:data:forward
1564126525:2:7:77:56:-1:-1:-1:-1:-1:4:5:55:data:send
1564126548:2:7:60:77:-1:-1:-1:-1:-1:3:4:60:data:recv
1564126548:3:2:66:77:1:-1:5:5:-1:-1:-1:-1:data:forward
1564126548:2:7:77:57:-1:-1:-1:-1:-1:4:5:56:data:send
1564126594:2:7:61:77:-1:-1:-1:-1:-1:3:4:61:data:recv
1564126594:3:2:68:77:1:-1:5:5:-1:-1:-1:-1:data:forward
1564126594:2:7:77:58:-1:-1:-1:-1:-1:4:5:57:data:send
1564126617:2:7:62:77:-1:-1:-1:-1:-1:3:4:62:data:recv
1564126617:3:2:69:77:1:-1:5:5:-1:-1:-1:-1:data:forward
1564126617:2:7:77:59:-1:-1:-1:-1:-1:4:5:58:data:send
1564126640:2:7:63:77:-1:-1:-1:-1:-1:3:4:63:data:recv
1564126640:3:2:70:77:1:-1:5:5:-1:-1:-1:-1:data:forward
1564126640:2:7:77:60:-1:-1:-1:-1:-1:4:5:59:data:send
1564126663:2:7:64:77:-1:-1:-1:-1:-1:3:4:64:data:recv
1564126663:3:2:71:77:1:-1:5:5:-1:-1:-1:-1:data:forward
1564126663:2:7:77:61:-1:-1:-1:-1:-1:4:5:60:data:send
1564126686:2:7:65:77:-1:-1:-1:-1:-1:3:4:65:data:recv
1564126686:3:2:72:77:1:-1:5:5:-1:-1:-1:-1:data:forward
1564126686:2:7:77:62:-1:-1:-1:-1:-1:4:5:61:data:send
1564126709:2:7:66:77:-1:-1:-1:-1:-1:3:4:66:data:recv
1564126709:3:2:73:77:1:-1:5:5:-1:-1:-1:-1:data:forward
1564126709:2:7:77:63:-1:-1:-1:-1:-1:4:5:62:data:send
1564126732:2:7:67:77:-1:-1:-1:-1:-1:3:4:67:data:recv
1564126732:3:2:74:77:1:-1:5:5:-1:-1:-1:-1:data:forward
1564126732:2:7:77:64:-1:-1:-1:-1:-1:4:5:63:data:send
1564126755:2:7:68:77:-1:-1:-1:-1:-1:3:4:68:data:recv
1564126755:3:2:75:77:1:-1:5:5:-1:-1:-1:-1:data:forward
1564126755:2:7:77:65:-1:-1:-1:-1:-1:4:5:64:data:send
1564126825:2:7:70:77:-1:-1:-1:-1:-1:3:4:70:data:recv
1564126825:3:2:78:77:1:-1:5:5:-1:-1:-1:-1:data:forward
1564126825:2:7:77:66:-1:-1:-1:-1:-1:4:5:65:data:send
1564126848:2:7:71:77:-1:-1:-1:-1:-1:3:4:71:data:recv
1564126848:3:2:79:77:1:-1:5:5:-1:-1:-1:-1:data:forward
1564126848:2:7:77:67:-1:-1:-1:-1:-1:4:5:66:data:send
1564126871:2:7:72:77:-1:-1:-1:-1:-1:3:4:72:data:recv
1564126871:3:2:80:77:1:-1:5:5:-1:-1:-1:-1:data:forward
1564126871:2:7:77:68:-1:-1:-1:-1:-1:4:5:67:data:send
1564126917:2:7:73:77:-1:-1:-1:-1:-1:3:4:73:data:recv
1564126917:3:2:82:77:1:-1:5:5:-1:-1:-1:-1:data:forward
1564126917:2:7:77:69:-1:-1:-1:-1:-1:4:5:68:data:send
1564126940:2:7:74:77:-1:-1:-1:-1:-1:3:4:74:data:recv
1564126940:3:2:83:77:1:-1:5:5:-1:-1:-1:-1:data:forward
1564126940:2:7:77:70:-1:-1:-1:-1:-1:4:5:69:data:send
1564127009:2:7:75:77:-1:-1:-1:-1:-1:3:4:75:data:recv
1564127009:3:2:86:77:1:-1:5:5:-1:-1:-1:-1:data:forward
1564127009:2:7:77:71:-1:-1:-1:-1:-1:4:5:70:data:send
1564127032:2:7:76:77:-1:-1:-1:-1:-1:3:4:76:data:recv
1564127032:3:2:87:77:1:-1:5:5:-1:-1:-1:-1:data:forward
1564127032:2:7:77:72:-1:-1:-1:-1:-1:4:5:71:data:send
1564127078:2:7:77:77:-1:-1:-1:-1:-1:3:4:77:data:recv
1564127078:3:2:89:77:1:-1:5:5:-1:-1:-1:-1:data:forward
1564127078:2:7:77:73:-1:-1:-1:-1:-1:4:5:72:data:send
1564127101:2:7:78:77:-1:-1:-1:-1:-1:3:4:78:data:recv
1564127101:3:2:90:77:1:-1:5:5:-1:-1:-1:-1:data:forward
1564127101:2:7:77:74:-1:-1:-1:-1:-1:4:5:73:data:send
1564127124:2:7:79:77:-1:-1:-1:-1:-1:3:4:79:data:recv
1564127124:3:2:91:77:1:-1:5:5:-1:-1:-1:-1:data:forward
1564127124:2:7:77:75:-1:-1:-1:-1:-1:4:5:74:data:send
1564127147:2:7:80:77:-1:-1:-1:-1:-1:3:4:80:data:recv
1564127147:3:2:92:77:1:-1:5:5:-1:-1:-1:-1:data:forward
1564127147:2:7:77:76:-1:-1:-1:-1:-1:4:5:75:data:send
1564127193:2:7:81:77:-1:-1:-1:-1:-1:3:4:81:data:recv
1564127193:3:2:94:77:1:-1:5:5:-1:-1:-1:-1:data:forward
1564127193:2:7:77:77:-1:-1:-1:-1:-1:4:5:76:data:send
1564127216:2:7:82:77:-1:-1:-1:-1:-1:3:4:82:data:recv
1564127216:3:2:95:77:1:-1:5:5:-1:-1:-1:-1:data:forward
1564127216:2:7:77:78:-1:-1:-1:-1:-1:4:5:77:data:send
1564127239:2:7:83:77:-1:-1:-1:-1:-1:3:4:83:data:recv
1564127239:3:2:96:77:1:-1:5:5:-1:-1:-1:-1:data:forward
1564127239:2:7:77:79:-1:-1:-1:-1:-1:4:5:78:data:send
1564127262:2:7:84:77:-1:-1:-1:-1:-1:3:4:84:data:recv
1564127262:3:2:97:77:1:-1:5:5:-1:-1:-1:-1:data:forward
1564127262:2:7:77:80:-1:-1:-1:-1:-1:4:5:79:data:send
1564127285:2:7:85:77:-1:-1:-1:-1:-1:3:4:85:data:recv
1564127285:3:2:98:77:1:-1:5:5:-1:-1:-1:-1:data:forward
1564127285:2:7:77:81:-1:-1:-1:-1:-1:4:5:80:data:send
1564127308:2:7:86:77:-1:-1:-1:-1:-1:3:4:86:data:recv
1564127308:3:2:99:77:1:-1:5:5:-1:-1:-1:-1:data:forward
1564127308:2:7:77:82:-1:-1:-1:-1:-1:4:5:81:data:send
1564127377:2:7:88:77:-1:-1:-1:-1:-1:3:4:88:data:recv
1564127377:3:2:102:77:1:-1:5:5:-1:-1:-1:-1:data:forward
1564127377:2:7:77:83:-1:-1:-1:-1:-1:4:5:82:data:send
1564127400:2:7:89:77:-1:-1:-1:-1:-1:3:4:89:data:recv
1564127400:3:2:103:77:1:-1:5:5:-1:-1:-1:-1:data:forward
1564127400:2:7:77:84:-1:-1:-1:-1:-1:4:5:83:data:send
1564127423:2:7:90:77:-1:-1:-1:-1:-1:3:4:90:data:recv
1564127423:3:2:104:77:1:-1:5:5:-1:-1:-1:-1:data:forward
1564127423:2:7:77:85:-1:-1:-1:-1:-1:4:5:84:data:send
1564127446:2:7:91:77:-1:-1:-1:-1:-1:3:4:91:data:recv
1564127446:3:2:105:77:1:-1:5:5:-1:-1:-1:-1:data:forward
1564127446:2:7:77:86:-1:-1:-1:-1:-1:4:5:85:data:send
1564127492:2:7:92:77:-1:-1:-1:-1:-1:3:4:92:data:recv
1564127492:3:2:107:77:1:-1:5:5:-1:-1:-1:-1:data:forward
1564127492:2:7:77:87:-1:-1:-1:-1:-1:4:5:86:data:send
1564127515:2:7:93:77:-1:-1:-1:-1:-1:3:4:93:data:recv
1564127515:3:2:108:77:1:-1:5:5:-1:-1:-1:-1:data:forward
1564127515:2:7:77:88:-1:-1:-1:-1:-1:4:5:87:data:send
1564127538:2:7:94:77:-1:-1:-1:-1:-1:3:4:94:data:recv
1564127538:3:2:109:77:1:-1:5:5:-1:-1:-1:-1:data:forward
1564127538:2:7:77:89:-1:-1:-1:-1:-1:4:5:88:data:send
1564127584:2:7:95:77:-1:-1:-1:-1:-1:3:4:95:data:recv
1564127584:3:2:111:77:1:-1:5:5:-1:-1:-1:-1:data:forward
1564127584:2:7:77:90:-1:-1:-1:-1:-1:4:5:89:data:send
1564127607:2:7:96:77:-1:-1:-1:-1:-1:3:4:96:data:recv
1564127607:3:2:112:77:1:-1:5:5:-1:-1:-1:-1:data:forward
1564127607:2:7:77:91:-1:-1:-1:-1:-1:4:5:90:data:send
1564127630:2:7:97:77:-1:-1:-1:-1:-1:3:4:97:data:recv
1564127630:3:2:113:77:1:-1:5:5:-1:-1:-1:-1:data:forward
1564127630:2:7:77:92:-1:-1:-1:-1:-1:4:5:91:data:send
1564127653:2:7:98:77:-1:-1:-1:-1:-1:3:4:98:data:recv
1564127653:3:2:114:77:1:-1:5:5:-1:-1:-1:-1:data:forward
1564127653:2:7:77:93:-1:-1:-1:-1:-1:4:5:92:data:send
1564127676:2:7:99:77:-1:-1:-1:-1:-1:3:4:99:data:recv
1564127676:3:2:115:77:1:-1:5:5:-1:-1:-1:-1:data:forward
1564127676:2:7:77:94:-1:-1:-1:-1:-1:4:5:93:data:send
1564127699:2:7:100:77:-1:-1:-1:-1:-1:3:4:100:data:recv
1564127699:3:2:116:77:1:-1:5:5:-1:-1:-1:-1:data:forward
1564127699:2:7:77:95:-1:-1:-1:-1:-1:4:5:94:data:send
1564127722:2:7:101:77:-1:-1:-1:-1:-1:3:4:101:data:recv
1564127722:3:2:117:77:1:-1:5:5:-1:-1:-1:-1:data:forward
1564127722:2:7:77:96:-1:-1:-1:-1:-1:4:5:95:data:send
1564127791:2:7:102:77:-1:-1:-1:-1:-1:3:4:102:data:recv
1564127791:3:2:120:77:1:-1:5:5:-1:-1:-1:-1:data:forward
1564127791:2:7:77:97:-1:-1:-1:-1:-1:4:5:96:data:send
1564127837:2:7:103:77:-1:-1:-1:-1:-1:3:4:103:data:recv
1564127837:3:2:122:77:1:-1:5:5:-1:-1:-1:-1:data:forward
1564127837:2:7:77:98:-1:-1:-1:-1:-1:4:5:97:data:send
1564127860:2:7:104:77:-1:-1:-1:-1:-1:3:4:104:data:recv
1564127860:3:2:123:77:1:-1:5:5:-1:-1:-1:-1:data:forward
1564127860:2:7:77:99:-1:-1:-1:-1:-1:4:5:98:data:send
1564127906:2:7:106:77:-1:-1:-1:-1:-1:3:4:106:data:recv
1564127906:3:2:125:77:1:-1:5:5:-1:-1:-1:-1:data:forward
1564127906:2:7:77:100:-1:-1:-1:-1:-1:4:5:99:data:send
1564127976:2:7:108:77:-1:-1:-1:-1:-1:3:4:108:data:recv
1564127976:3:2:128:77:1:-1:5:5:-1:-1:-1:-1:data:forward
1564127976:2:7:77:101:-1:-1:-1:-1:-1:4:5:100:data:send
1564128045:2:7:110:77:-1:-1:-1:-1:-1:3:4:110:data:recv
1564128045:3:2:131:77:1:-1:5:5:-1:-1:-1:-1:data:forward
1564128045:2:7:77:102:-1:-1:-1:-1:-1:4:5:101:data:send
1564128068:2:7:111:77:-1:-1:-1:-1:-1:3:4:111:data:recv
1564128068:3:2:132:77:1:-1:5:5:-1:-1:-1:-1:data:forward
1564128068:2:7:77:103:-1:-1:-1:-1:-1:4:5:102:data:send
1564128091:2:7:112:77:-1:-1:-1:-1:-1:3:4:112:data:recv
1564128091:3:2:133:77:1:-1:5:5:-1:-1:-1:-1:data:forward
1564128091:2:7:77:104:-1:-1:-1:-1:-1:4:5:103:data:send
1564128114:2:7:113:77:-1:-1:-1:-1:-1:3:4:113:data:recv
1564128114:3:2:134:77:1:-1:5:5:-1:-1:-1:-1:data:forward
1564128114:2:7:77:105:-1:-1:-1:-1:-1:4:5:104:data:send
1564128137:2:7:114:77:-1:-1:-1:-1:-1:3:4:114:data:recv
1564128137:3:2:135:77:1:-1:5:5:-1:-1:-1:-1:data:forward
1564128137:2:7:77:106:-1:-1:-1:-1:-1:4:5:105:data:send
1564128160:2:7:115:77:-1:-1:-1:-1:-1:3:4:115:data:recv
1564128160:3:2:136:77:1:-1:5:5:-1:-1:-1:-1:data:forward
1564128160:2:7:77:107:-1:-1:-1:-1:-1:4:5:106:data:send
1564128183:2:7:116:77:-1:-1:-1:-1:-1:3:4:116:data:recv
1564128183:3:2:137:77:1:-1:5:5:-1:-1:-1:-1:data:forward
1564128183:2:7:77:108:-1:-1:-1:-1:-1:4:5:107:data:send
1564128206:2:7:117:77:-1:-1:-1:-1:-1:3:4:117:data:recv
1564128206:3:2:138:77:1:-1:5:5:-1:-1:-1:-1:data:forward
1564128206:2:7:77:109:-1:-1:-1:-1:-1:4:5:108:data:send
1564128252:2:7:118:77:-1:-1:-1:-1:-1:3:4:118:data:recv
1564128252:3:2:140:77:1:-1:5:5:-1:-1:-1:-1:data:forward
1564128252:2:7:77:110:-1:-1:-1:-1:-1:4:5:109:data:send
1564128275:2:7:119:77:-1:-1:-1:-1:-1:3:4:119:data:recv
1564128275:3:2:141:77:1:-1:5:5:-1:-1:-1:-1:data:forward
1564128275:2:7:77:111:-1:-1:-1:-1:-1:4:5:110:data:send
1564128298:2:7:120:77:-1:-1:-1:-1:-1:3:4:120:data:recv
1564128298:3:2:142:77:1:-1:5:5:-1:-1:-1:-1:data:forward
1564128298:2:7:77:112:-1:-1:-1:-1:-1:4:5:111:data:send
1564128344:2:7:121:77:-1:-1:-1:-1:-1:3:4:121:data:recv
1564128344:3:2:144:77:1:-1:5:5:-1:-1:-1:-1:data:forward
1564128344:2:7:77:113:-1:-1:-1:-1:-1:4:5:112:data:send
1564128367:2:7:122:77:-1:-1:-1:-1:-1:3:4:122:data:recv
1564128367:3:2:145:77:1:-1:5:5:-1:-1:-1:-1:data:forward
1564128367:2:7:77:114:-1:-1:-1:-1:-1:4:5:113:data:send
1564128390:2:7:123:77:-1:-1:-1:-1:-1:3:4:123:data:recv
1564128390:3:2:146:77:1:-1:5:5:-1:-1:-1:-1:data:forward
1564128390:2:7:77:115:-1:-1:-1:-1:-1:4:5:114:data:send
1564128413:2:7:124:77:-1:-1:-1:-1:-1:3:4:124:data:recv
1564128413:3:2:147:77:1:-1:5:5:-1:-1:-1:-1:data:forward
1564128413:2:7:77:116:-1:-1:-1:-1:-1:4:5:115:data:send
1564128436:2:7:125:77:-1:-1:-1:-1:-1:3:4:125:data:recv
1564128436:3:2:148:77:1:-1:5:5:-1:-1:-1:-1:data:forward
1564128436:2:7:77:117:-1:-1:-1:-1:-1:4:5:116:data:send
1564128459:2:7:126:77:-1:-1:-1:-1:-1:3:4:126:data:recv
1564128459:3:2:149:77:1:-1:5:5:-1:-1:-1:-1:data:forward
1564128459:2:7:77:118:-1:-1:-1:-1:-1:4:5:117:data:send
1564128505:2:7:127:77:-1:-1:-1:-1:-1:3:4:127:data:recv
1564128505:3:2:151:77:1:-1:5:5:-1:-1:-1:-1:data:forward
1564128505:2:7:77:119:-1:-1:-1:-1:-1:4:5:118:data:send
1564128528:2:7:128:77:-1:-1:-1:-1:-1:3:4:128:data:recv
1564128528:3:2:152:77:1:-1:5:5:-1:-1:-1:-1:data:forward
1564128528:2:7:77:120:-1:-1:-1:-1:-1:4:5:119:data:send
1564128551:2:7:129:77:-1:-1:-1:-1:-1:3:4:129:data:recv
1564128551:3:2:153:77:1:-1:5:5:-1:-1:-1:-1:data:forward
1564128551:2:7:77:121:-1:-1:-1:-1:-1:4:5:120:data:send
1564128574:2:7:130:77:-1:-1:-1:-1:-1:3:4:130:data:recv
1564128574:3:2:154:77:1:-1:5:5:-1:-1:-1:-1:data:forward
1564128574:2:7:77:122:-1:-1:-1:-1:-1:4:5:121:data:send
1564128597:2:7:131:77:-1:-1:-1:-1:-1:3:4:131:data:recv
1564128597:3:2:155:77:1:-1:5:5:-1:-1:-1:-1:data:forward
1564128597:2:7:77:123:-1:-1:-1:-1:-1:4:5:122:data:send
1564128620:2:7:132:77:-1:-1:-1:-1:-1:3:4:132:data:recv
1564128620:3:2:156:77:1:-1:5:5:-1:-1:-1:-1:data:forward
1564128620:2:7:77:124:-1:-1:-1:-1:-1:4:5:123:data:send
1564128643:2:7:133:77:-1:-1:-1:-1:-1:3:4:133:data:recv
1564128643:3:2:157:77:1:-1:5:5:-1:-1:-1:-1:data:forward
1564128643:2:7:77:125:-1:-1:-1:-1:-1:4:5:124:data:send
1564128666:2:7:134:77:-1:-1:-1:-1:-1:3:4:134:data:recv
1564128666:3:2:158:77:1:-1:5:5:-1:-1:-1:-1:data:forward
1564128666:2:7:77:126:-1:-1:-1:-1:-1:4:5:125:data:send
1564128712:2:7:136:77:-1:-1:-1:-1:-1:3:4:136:data:recv
1564128712:3:2:160:77:1:-1:5:5:-1:-1:-1:-1:data:forward
1564128712:2:7:77:127:-1:-1:-1:-1:-1:4:5:126:data:send
1564128735:2:7:137:77:-1:-1:-1:-1:-1:3:4:137:data:recv
1564128735:3:2:161:77:1:-1:5:5:-1:-1:-1:-1:data:forward
1564128735:2:7:77:128:-1:-1:-1:-1:-1:4:5:127:data:send
1564128758:2:7:138:77:-1:-1:-1:-1:-1:3:4:138:data:recv
1564128758:3:2:162:77:1:-1:5:5:-1:-1:-1:-1:data:forward
1564128758:2:7:77:129:-1:-1:-1:-1:-1:4:5:128:data:send
1564128781:2:7:139:77:-1:-1:-1:-1:-1:3:4:139:data:recv
1564128781:3:2:163:77:1:-1:5:5:-1:-1:-1:-1:data:forward
1564128781:2:7:77:130:-1:-1:-1:-1:-1:4:5:129:data:send
1564128804:2:7:140:77:-1:-1:-1:-1:-1:3:4:140:data:recv
1564128804:3:2:164:77:1:-1:5:5:-1:-1:-1:-1:data:forward
1564128804:2:7:77:131:-1:-1:-1:-1:-1:4:5:130:data:send
1564128827:2:7:141:77:-1:-1:-1:-1:-1:3:4:141:data:recv
1564128827:3:2:165:77:1:-1:5:5:-1:-1:-1:-1:data:forward
1564128827:2:7:77:132:-1:-1:-1:-1:-1:4:5:131:data:send
1564128850:2:7:142:77:-1:-1:-1:-1:-1:3:4:142:data:recv
1564128850:3:2:166:77:1:-1:5:5:-1:-1:-1:-1:data:forward
1564128850:2:7:77:133:-1:-1:-1:-1:-1:4:5:132:data:send
1564128873:2:7:143:77:-1:-1:-1:-1:-1:3:4:143:data:recv
1564128873:3:2:167:77:1:-1:5:5:-1:-1:-1:-1:data:forward
1564128873:2:7:77:134:-1:-1:-1:-1:-1:4:5:133:data:send
1564128896:2:7:144:77:-1:-1:-1:-1:-1:3:4:144:data:recv
1564128896:3:2:168:77:1:-1:5:5:-1:-1:-1:-1:data:forward
1564128896:2:7:77:135:-1:-1:-1:-1:-1:4:5:134:data:send
1564128919:2:7:145:77:-1:-1:-1:-1:-1:3:4:145:data:recv
1564128919:3:2:169:77:1:-1:5:5:-1:-1:-1:-1:data:forward
1564128919:2:7:77:136:-1:-1:-1:-1:-1:4:5:135:data:send
1564128965:2:7:147:77:-1:-1:-1:-1:-1:3:4:147:data:recv
1564128965:3:2:171:77:1:-1:5:5:-1:-1:-1:-1:data:forward
1564128965:2:7:77:137:-1:-1:-1:-1:-1:4:5:136:data:send
1564128988:2:7:148:77:-1:-1:-1:-1:-1:3:4:148:data:recv
1564128988:3:2:172:77:1:-1:5:5:-1:-1:-1:-1:data:forward
1564128988:2:7:77:138:-1:-1:-1:-1:-1:4:5:137:data:send
1564129012:2:7:149:77:-1:-1:-1:-1:-1:3:4:149:data:recv
1564129012:3:2:173:77:1:-1:5:5:-1:-1:-1:-1:data:forward
1564129012:2:7:77:139:-1:-1:-1:-1:-1:4:5:138:data:send
1564129035:2:7:150:77:-1:-1:-1:-1:-1:3:4:150:data:recv
1564129035:3:2:174:77:1:-1:5:5:-1:-1:-1:-1:data:forward
1564129035:2:7:77:140:-1:-1:-1:-1:-1:4:5:139:data:send
1564129058:2:7:151:77:-1:-1:-1:-1:-1:3:4:151:data:recv
1564129058:3:2:175:77:1:-1:5:5:-1:-1:-1:-1:data:forward
1564129058:2:7:77:141:-1:-1:-1:-1:-1:4:5:140:data:send
1564129081:2:7:152:77:-1:-1:-1:-1:-1:3:4:152:data:recv
1564129081:3:2:176:77:1:-1:5:5:-1:-1:-1:-1:data:forward
1564129081:2:7:77:142:-1:-1:-1:-1:-1:4:5:141:data:send
1564129196:2:7:154:77:-1:-1:-1:-1:-1:3:4:154:data:recv
1564129196:3:2:181:77:1:-1:5:5:-1:-1:-1:-1:data:forward
1564129196:2:7:77:143:-1:-1:-1:-1:-1:4:5:142:data:send
1564129219:2:7:155:77:-1:-1:-1:-1:-1:3:4:155:data:recv
1564129219:3:2:182:77:1:-1:5:5:-1:-1:-1:-1:data:forward
1564129219:2:7:77:144:-1:-1:-1:-1:-1:4:5:143:data:send
1564129265:2:7:157:77:-1:-1:-1:-1:-1:3:4:157:data:recv
1564129265:3:2:184:77:1:-1:5:5:-1:-1:-1:-1:data:forward
1564129265:2:7:77:145:-1:-1:-1:-1:-1:4:5:144:data:send
1564129288:2:7:158:77:-1:-1:-1:-1:-1:3:4:158:data:recv
1564129288:3:2:185:77:1:-1:5:5:-1:-1:-1:-1:data:forward
1564129288:2:7:77:146:-1:-1:-1:-1:-1:4:5:145:data:send
1564129334:2:7:159:77:-1:-1:-1:-1:-1:3:4:159:data:recv
1564129334:3:2:187:77:1:-1:5:5:-1:-1:-1:-1:data:forward
1564129334:2:7:77:147:-1:-1:-1:-1:-1:4:5:146:data:send
1564129357:2:7:160:77:-1:-1:-1:-1:-1:3:4:160:data:recv
1564129357:3:2:188:77:1:-1:5:5:-1:-1:-1:-1:data:forward
1564129357:2:7:77:148:-1:-1:-1:-1:-1:4:5:147:data:send
1564129380:2:7:161:77:-1:-1:-1:-1:-1:3:4:161:data:recv
1564129380:3:2:189:77:1:-1:5:5:-1:-1:-1:-1:data:forward
1564129380:2:7:77:149:-1:-1:-1:-1:-1:4:5:148:data:send
1564129403:2:7:162:77:-1:-1:-1:-1:-1:3:4:162:data:recv
1564129403:3:2:190:77:1:-1:5:5:-1:-1:-1:-1:data:forward
1564129403:2:7:77:150:-1:-1:-1:-1:-1:4:5:149:data:send
1564129426:2:7:163:77:-1:-1:-1:-1:-1:3:4:163:data:recv
1564129426:3:2:191:77:1:-1:5:5:-1:-1:-1:-1:data:forward
1564129426:2:7:77:151:-1:-1:-1:-1:-1:4:5:150:data:send
1564129449:2:7:164:77:-1:-1:-1:-1:-1:3:4:164:data:recv
1564129449:3:2:192:77:1:-1:5:5:-1:-1:-1:-1:data:forward
1564129449:2:7:77:152:-1:-1:-1:-1:-1:4:5:151:data:send
1564129472:2:7:165:77:-1:-1:-1:-1:-1:3:4:165:data:recv
1564129472:3:2:193:77:1:-1:5:5:-1:-1:-1:-1:data:forward
1564129472:2:7:77:153:-1:-1:-1:-1:-1:4:5:152:data:send
1564129518:2:7:167:77:-1:-1:-1:-1:-1:3:4:167:data:recv
1564129518:3:2:195:77:1:-1:5:5:-1:-1:-1:-1:data:forward
1564129518:2:7:77:154:-1:-1:-1:-1:-1:4:5:153:data:send
1564129541:2:7:168:77:-1:-1:-1:-1:-1:3:4:168:data:recv
1564129541:3:2:196:77:1:-1:5:5:-1:-1:-1:-1:data:forward
1564129541:2:7:77:155:-1:-1:-1:-1:-1:4:5:154:data:send
1564129564:2:7:169:77:-1:-1:-1:-1:-1:3:4:169:data:recv
1564129564:3:2:197:77:1:-1:5:5:-1:-1:-1:-1:data:forward
1564129564:2:7:77:156:-1:-1:-1:-1:-1:4:5:155:data:send
1564129587:2:7:170:77:-1:-1:-1:-1:-1:3:4:170:data:recv
1564129587:3:2:198:77:1:-1:5:5:-1:-1:-1:-1:data:forward
1564129587:2:7:77:157:-1:-1:-1:-1:-1:4:5:156:data:send
1564129610:2:7:171:77:-1:-1:-1:-1:-1:3:4:171:data:recv
1564129610:3:2:199:77:1:-1:5:5:-1:-1:-1:-1:data:forward
1564129610:2:7:77:158:-1:-1:-1:-1:-1:4:5:157:data:send
1564129633:2:7:172:77:-1:-1:-1:-1:-1:3:4:172:data:recv
1564129633:3:2:200:77:1:-1:5:5:-1:-1:-1:-1:data:forward
1564129633:2:7:77:159:-1:-1:-1:-1:-1:4:5:158:data:send
1564129656:2:7:173:77:-1:-1:-1:-1:-1:3:4:173:data:recv
1564129656:3:2:201:77:1:-1:5:5:-1:-1:-1:-1:data:forward
1564129656:2:7:77:160:-1:-1:-1:-1:-1:4:5:159:data:send
1564129679:2:7:174:77:-1:-1:-1:-1:-1:3:4:174:data:recv
1564129679:3:2:202:77:1:-1:5:5:-1:-1:-1:-1:data:forward
1564129679:2:7:77:161:-1:-1:-1:-1:-1:4:5:160:data:send
1564129748:2:7:175:77:-1:-1:-1:-1:-1:3:4:175:data:recv
1564129748:3:2:205:77:1:-1:5:5:-1:-1:-1:-1:data:forward
1564129748:2:7:77:162:-1:-1:-1:-1:-1:4:5:161:data:send
1564129771:2:7:176:77:-1:-1:-1:-1:-1:3:4:176:data:recv
1564129771:3:2:206:77:1:-1:5:5:-1:-1:-1:-1:data:forward
1564129771:2:7:77:163:-1:-1:-1:-1:-1:4:5:162:data:send
1564129794:2:7:177:77:-1:-1:-1:-1:-1:3:4:177:data:recv
1564129794:3:2:207:77:1:-1:5:5:-1:-1:-1:-1:data:forward
1564129794:2:7:77:164:-1:-1:-1:-1:-1:4:5:163:data:send
1564129817:2:7:178:77:-1:-1:-1:-1:-1:3:4:178:data:recv
1564129817:3:2:208:77:1:-1:5:5:-1:-1:-1:-1:data:forward
1564129817:2:7:77:165:-1:-1:-1:-1:-1:4:5:164:data:send
1564129840:2:7:179:77:-1:-1:-1:-1:-1:3:4:179:data:recv
1564129840:3:2:209:77:1:-1:5:5:-1:-1:-1:-1:data:forward
1564129840:2:7:77:166:-1:-1:-1:-1:-1:4:5:165:data:send
1564129863:2:7:180:77:-1:-1:-1:-1:-1:3:4:180:data:recv
1564129863:3:2:210:77:1:-1:5:5:-1:-1:-1:-1:data:forward
1564129863:2:7:77:167:-1:-1:-1:-1:-1:4:5:166:data:send
1564129886:2:7:181:77:-1:-1:-1:-1:-1:3:4:181:data:recv
1564129886:3:2:211:77:1:-1:5:5:-1:-1:-1:-1:data:forward
1564129886:2:7:77:168:-1:-1:-1:-1:-1:4:5:167:data:send
1564129909:2:7:182:77:-1:-1:-1:-1:-1:3:4:182:data:recv
1564129909:3:2:212:77:1:-1:5:5:-1:-1:-1:-1:data:forward
1564129909:2:7:77:169:-1:-1:-1:-1:-1:4:5:168:data:send
1564129932:2:7:183:77:-1:-1:-1:-1:-1:3:4:183:data:recv
1564129932:3:2:213:77:1:-1:5:5:-1:-1:-1:-1:data:forward
1564129932:2:7:77:170:-1:-1:-1:-1:-1:4:5:169:data:send
1564129955:2:7:184:77:-1:-1:-1:-1:-1:3:4:184:data:recv
1564129955:3:2:214:77:1:-1:5:5:-1:-1:-1:-1:data:forward
1564129955:2:7:77:171:-1:-1:-1:-1:-1:4:5:170:data:send
1564130024:2:7:186:77:-1:-1:-1:-1:-1:3:4:186:data:recv
1564130024:3:2:217:77:1:-1:5:5:-1:-1:-1:-1:data:forward
1564130024:2:7:77:172:-1:-1:-1:-1:-1:4:5:171:data:send
1564130070:2:7:187:77:-1:-1:-1:-1:-1:3:4:187:data:recv
1564130070:3:2:219:77:1:-1:5:5:-1:-1:-1:-1:data:forward
1564130070:2:7:77:173:-1:-1:-1:-1:-1:4:5:172:data:send
1564130093:2:7:188:77:-1:-1:-1:-1:-1:3:4:188:data:recv
1564130093:3:2:220:77:1:-1:5:5:-1:-1:-1:-1:data:forward
1564130093:2:7:77:174:-1:-1:-1:-1:-1:4:5:173:data:send
1564130117:2:7:189:77:-1:-1:-1:-1:-1:3:4:189:data:recv
1564130117:3:2:221:77:1:-1:5:5:-1:-1:-1:-1:data:forward
1564130117:2:7:77:175:-1:-1:-1:-1:-1:4:5:174:data:send
1564130140:2:7:190:77:-1:-1:-1:-1:-1:3:4:190:data:recv
1564130140:3:2:222:77:1:-1:5:5:-1:-1:-1:-1:data:forward
1564130140:2:7:77:176:-1:-1:-1:-1:-1:4:5:175:data:send
1564130163:2:7:191:77:-1:-1:-1:-1:-1:3:4:191:data:recv
1564130163:3:2:223:77:1:-1:5:5:-1:-1:-1:-1:data:forward
1564130163:2:7:77:177:-1:-1:-1:-1:-1:4:5:176:data:send
1564130186:2:7:192:77:-1:-1:-1:-1:-1:3:4:192:data:recv
1564130186:3:2:224:77:1:-1:5:5:-1:-1:-1:-1:data:forward
1564130186:2:7:77:178:-1:-1:-1:-1:-1:4:5:177:data:send
1564130209:2:7:193:77:-1:-1:-1:-1:-1:3:4:193:data:recv
1564130209:3:2:225:77:1:-1:5:5:-1:-1:-1:-1:data:forward
1564130209:2:7:77:179:-1:-1:-1:-1:-1:4:5:178:data:send
1564130232:2:7:194:77:-1:-1:-1:-1:-1:3:4:194:data:recv
1564130232:3:2:226:77:1:-1:5:5:-1:-1:-1:-1:data:forward
1564130232:2:7:77:180:-1:-1:-1:-1:-1:4:5:179:data:send
1564130255:2:7:195:77:-1:-1:-1:-1:-1:3:4:195:data:recv
1564130255:3:2:227:77:1:-1:5:5:-1:-1:-1:-1:data:forward
1564130255:2:7:77:181:-1:-1:-1:-1:-1:4:5:180:data:send
1564130278:2:7:196:77:-1:-1:-1:-1:-1:3:4:196:data:recv
1564130278:3:2:228:77:1:-1:5:5:-1:-1:-1:-1:data:forward
1564130278:2:7:77:182:-1:-1:-1:-1:-1:4:5:181:data:send
1564130324:2:7:198:77:-1:-1:-1:-1:-1:3:4:198:data:recv
1564130324:3:2:230:77:1:-1:5:5:-1:-1:-1:-1:data:forward
1564130324:2:7:77:183:-1:-1:-1:-1:-1:4:5:182:data:send
1564130347:2:7:199:77:-1:-1:-1:-1:-1:3:4:199:data:recv
1564130347:3:2:231:77:1:-1:5:5:-1:-1:-1:-1:data:forward
1564130347:2:7:77:184:-1:-1:-1:-1:-1:4:5:183:data:send
1564130370:2:7:200:77:-1:-1:-1:-1:-1:3:4:200:data:recv
1564130370:3:2:232:77:1:-1:5:5:-1:-1:-1:-1:data:forward
1564130370:2:7:77:185:-1:-1:-1:-1:-1:4:5:184:data:send
1564130393:2:7:201:77:-1:-1:-1:-1:-1:3:4:201:data:recv
1564130393:3:2:233:77:1:-1:5:5:-1:-1:-1:-1:data:forward
1564130393:2:7:77:186:-1:-1:-1:-1:-1:4:5:185:data:send
1564130416:2:7:202:77:-1:-1:-1:-1:-1:3:4:202:data:recv
1564130416:3:2:234:77:1:-1:5:5:-1:-1:-1:-1:data:forward
1564130416:2:7:77:187:-1:-1:-1:-1:-1:4:5:186:data:send
1564130508:2:7:206:77:-1:-1:-1:-1:-1:3:4:206:data:recv
1564130508:3:2:238:77:1:-1:5:5:-1:-1:-1:-1:data:forward
1564130508:2:7:77:188:-1:-1:-1:-1:-1:4:5:187:data:send
1564130554:2:7:207:77:-1:-1:-1:-1:-1:3:4:207:data:recv
1564130554:3:2:240:77:1:-1:5:5:-1:-1:-1:-1:data:forward
1564130554:2:7:77:189:-1:-1:-1:-1:-1:4:5:188:data:send
1564130600:2:7:208:77:-1:-1:-1:-1:-1:3:4:208:data:recv
1564130600:3:2:242:77:1:-1:5:5:-1:-1:-1:-1:data:forward
1564130600:2:7:77:190:-1:-1:-1:-1:-1:4:5:189:data:send
1564130623:2:7:209:77:-1:-1:-1:-1:-1:3:4:209:data:recv
1564130623:3:2:243:77:1:-1:5:5:-1:-1:-1:-1:data:forward
1564130623:2:7:77:191:-1:-1:-1:-1:-1:4:5:190:data:send
1564130646:2:7:210:77:-1:-1:-1:-1:-1:3:4:210:data:recv
1564130646:3:2:244:77:1:-1:5:5:-1:-1:-1:-1:data:forward
1564130646:2:7:77:192:-1:-1:-1:-1:-1:4:5:191:data:send
1564130738:2:7:212:77:-1:-1:-1:-1:-1:3:4:212:data:recv
1564130738:3:2:248:77:1:-1:5:5:-1:-1:-1:-1:data:forward
1564130738:2:7:77:193:-1:-1:-1:-1:-1:4:5:192:data:send
1564130761:2:7:213:77:-1:-1:-1:-1:-1:3:4:213:data:recv
1564130761:3:2:249:77:1:-1:5:5:-1:-1:-1:-1:data:forward
1564130761:2:7:77:194:-1:-1:-1:-1:-1:4:5:193:data:send
1564130807:2:7:214:77:-1:-1:-1:-1:-1:3:4:214:data:recv
1564130807:3:2:251:77:1:-1:5:5:-1:-1:-1:-1:data:forward
1564130807:2:7:77:195:-1:-1:-1:-1:-1:4:5:194:data:send
1564130830:2:7:215:77:-1:-1:-1:-1:-1:3:4:215:data:recv
1564130830:3:2:252:77:1:-1:5:5:-1:-1:-1:-1:data:forward
1564130830:2:7:77:196:-1:-1:-1:-1:-1:4:5:195:data:send
1564130853:2:7:216:77:-1:-1:-1:-1:-1:3:4:216:data:recv
1564130853:3:2:253:77:1:-1:5:5:-1:-1:-1:-1:data:forward
1564130853:2:7:77:197:-1:-1:-1:-1:-1:4:5:196:data:send
1564130876:2:7:217:77:-1:-1:-1:-1:-1:3:4:217:data:recv
1564130876:3:2:254:77:1:-1:5:5:-1:-1:-1:-1:data:forward
1564130876:2:7:77:198:-1:-1:-1:-1:-1:4:5:197:data:send
1564130899:2:7:218:77:-1:-1:-1:-1:-1:3:4:218:data:recv
1564130899:3:2:255:77:1:-1:5:5:-1:-1:-1:-1:data:forward
1564130899:2:7:77:199:-1:-1:-1:-1:-1:4:5:198:data:send
1564130922:2:7:219:77:-1:-1:-1:-1:-1:3:4:219:data:recv
1564130922:3:2:256:77:1:-1:5:5:-1:-1:-1:-1:data:forward
1564130922:2:7:77:200:-1:-1:-1:-1:-1:4:5:199:data:send
1564130945:2:7:220:77:-1:-1:-1:-1:-1:3:4:220:data:recv
1564130945:3:2:257:77:1:-1:5:5:-1:-1:-1:-1:data:forward
1564130945:2:7:77:201:-1:-1:-1:-1:-1:4:5:200:data:send
1564130968:2:7:221:77:-1:-1:-1:-1:-1:3:4:221:data:recv
1564130968:3:2:258:77:1:-1:5:5:-1:-1:-1:-1:data:forward
1564130968:2:7:77:202:-1:-1:-1:-1:-1:4:5:201:data:send
1564130991:2:7:222:77:-1:-1:-1:-1:-1:3:4:222:data:recv
1564130991:3:2:259:77:1:-1:5:5:-1:-1:-1:-1:data:forward
1564130991:2:7:77:203:-1:-1:-1:-1:-1:4:5:202:data:send
1564131014:2:7:223:77:-1:-1:-1:-1:-1:3:4:223:data:recv
1564131014:3:2:260:77:1:-1:5:5:-1:-1:-1:-1:data:forward
1564131014:2:7:77:204:-1:-1:-1:-1:-1:4:5:203:data:send
1564131037:2:7:224:77:-1:-1:-1:-1:-1:3:4:224:data:recv
1564131037:3:2:261:77:1:-1:5:5:-1:-1:-1:-1:data:forward
1564131037:2:7:77:205:-1:-1:-1:-1:-1:4:5:204:data:send
1564131060:2:7:225:77:-1:-1:-1:-1:-1:3:4:225:data:recv
1564131060:3:2:262:77:1:-1:5:5:-1:-1:-1:-1:data:forward
1564131060:2:7:77:206:-1:-1:-1:-1:-1:4:5:205:data:send
1564131106:2:7:226:77:-1:-1:-1:-1:-1:3:4:226:data:recv
1564131106:3:2:264:77:1:-1:5:5:-1:-1:-1:-1:data:forward
1564131106:2:7:77:207:-1:-1:-1:-1:-1:4:5:206:data:send
1564131129:2:7:227:77:-1:-1:-1:-1:-1:3:4:227:data:recv
1564131129:3:2:265:77:1:-1:5:5:-1:-1:-1:-1:data:forward
1564131129:2:7:77:208:-1:-1:-1:-1:-1:4:5:207:data:send
1564131153:2:7:228:77:-1:-1:-1:-1:-1:3:4:228:data:recv
1564131153:3:2:266:77:1:-1:5:5:-1:-1:-1:-1:data:forward
1564131153:2:7:77:209:-1:-1:-1:-1:-1:4:5:208:data:send
1564131199:2:7:229:77:-1:-1:-1:-1:-1:3:4:229:data:recv
1564131199:3:2:268:77:1:-1:5:5:-1:-1:-1:-1:data:forward
1564131199:2:7:77:210:-1:-1:-1:-1:-1:4:5:209:data:send
1564131245:2:7:231:77:-1:-1:-1:-1:-1:3:4:231:data:recv
1564131245:3:2:270:77:1:-1:5:5:-1:-1:-1:-1:data:forward
1564131245:2:7:77:211:-1:-1:-1:-1:-1:4:5:210:data:send
1564131268:2:7:232:77:-1:-1:-1:-1:-1:3:4:232:data:recv
1564131268:3:2:271:77:1:-1:5:5:-1:-1:-1:-1:data:forward
1564131268:2:7:77:212:-1:-1:-1:-1:-1:4:5:211:data:send
1564131291:2:7:233:77:-1:-1:-1:-1:-1:3:4:233:data:recv
1564131291:3:2:272:77:1:-1:5:5:-1:-1:-1:-1:data:forward
1564131291:2:7:77:213:-1:-1:-1:-1:-1:4:5:212:data:send
1564131314:2:7:234:77:-1:-1:-1:-1:-1:3:4:234:data:recv
1564131314:3:2:273:77:1:-1:5:5:-1:-1:-1:-1:data:forward
1564131314:2:7:77:214:-1:-1:-1:-1:-1:4:5:213:data:send
1564131337:2:7:235:77:-1:-1:-1:-1:-1:3:4:235:data:recv
1564131337:3:2:274:77:1:-1:5:5:-1:-1:-1:-1:data:forward
1564131337:2:7:77:215:-1:-1:-1:-1:-1:4:5:214:data:send
1564131360:2:7:236:77:-1:-1:-1:-1:-1:3:4:236:data:recv
1564131360:3:2:275:77:1:-1:5:5:-1:-1:-1:-1:data:forward
1564131360:2:7:77:216:-1:-1:-1:-1:-1:4:5:215:data:send
1564131383:2:7:237:77:-1:-1:-1:-1:-1:3:4:237:data:recv
1564131383:3:2:276:77:1:-1:5:5:-1:-1:-1:-1:data:forward
1564131383:2:7:77:217:-1:-1:-1:-1:-1:4:5:216:data:send
1564131406:2:7:238:77:-1:-1:-1:-1:-1:3:4:238:data:recv
1564131406:3:2:277:77:1:-1:5:5:-1:-1:-1:-1:data:forward
1564131406:2:7:77:218:-1:-1:-1:-1:-1:4:5:217:data:send
1564131409:2:7:1:9:-1:-1:-1:-1:-1:5:4:1:data:recv
1564131409:2:7:-1:-1:-1:-1:-1:-1:-1:4:5:1:ack:send
1564131409:3:2:1:9:5:-1:3:1:-1:-1:-1:-1:data:forward
1564131409:2:7:9:219:-1:-1:-1:-1:-1:4:3:218:data:send
1564131420:2:7:9:218:-1:-1:-1:-1:-1:4:3:218:data:resend
1564131421:2:7:-1:-1:-1:-1:-1:-1:-1:3:4:218:ack:recv
1564131429:2:7:240:77:-1:-1:-1:-1:-1:3:4:240:data:recv
1564131429:3:2:278:77:1:-1:5:5:-1:-1:-1:-1:data:forward
1564131429:2:7:77:220:-1:-1:-1:-1:-1:4:5:219:data:send
