=========================Fri Jul 26 15:09:33 2019
1564124998:2:7:0:10:-1:-1:-1:-1:-1:4:5:0:data:recv
1564124998:2:7:-1:-1:-1:-1:-1:-1:-1:5:4:0:ack:send
1564124998:3:2:0:10:1:-1:5:5:-1:-1:-1:-1:data:sendUp
1564124998:3:2:0:9:5:-1:4:1:-1:-1:-1:-1:data:send
1564124998:2:7:9:1:-1:-1:-1:-1:-1:5:4:0:data:send
1564124999:2:7:-1:-1:-1:-1:-1:-1:-1:4:5:0:ack:recv
1564125077:2:7:2:77:-1:-1:-1:-1:-1:4:5:2:data:recv
1564125077:3:2:2:77:1:-1:5:5:-1:-1:-1:-1:data:sendUp
1564125100:2:7:3:77:-1:-1:-1:-1:-1:4:5:3:data:recv
1564125100:3:2:3:77:1:-1:5:5:-1:-1:-1:-1:data:sendUp
1564125169:2:7:4:77:-1:-1:-1:-1:-1:4:5:4:data:recv
1564125169:3:2:6:77:1:-1:5:5:-1:-1:-1:-1:data:sendUp
1564125192:2:7:5:77:-1:-1:-1:-1:-1:4:5:5:data:recv
1564125192:3:2:7:77:1:-1:5:5:-1:-1:-1:-1:data:sendUp
1564125215:2:7:6:77:-1:-1:-1:-1:-1:4:5:6:data:recv
1564125215:3:2:8:77:1:-1:5:5:-1:-1:-1:-1:data:sendUp
1564125238:2:7:7:77:-1:-1:-1:-1:-1:4:5:7:data:recv
1564125238:3:2:9:77:1:-1:5:5:-1:-1:-1:-1:data:sendUp
1564125261:2:7:8:77:-1:-1:-1:-1:-1:4:5:8:data:recv
1564125261:3:2:10:77:1:-1:5:5:-1:-1:-1:-1:data:sendUp
1564125284:2:7:9:77:-1:-1:-1:-1:-1:4:5:9:data:recv
1564125284:3:2:11:77:1:-1:5:5:-1:-1:-1:-1:data:sendUp
1564125307:2:7:10:77:-1:-1:-1:-1:-1:4:5:10:data:recv
1564125307:3:2:12:77:1:-1:5:5:-1:-1:-1:-1:data:sendUp
1564125330:2:7:11:77:-1:-1:-1:-1:-1:4:5:11:data:recv
1564125330:3:2:13:77:1:-1:5:5:-1:-1:-1:-1:data:sendUp
1564125353:2:7:12:77:-1:-1:-1:-1:-1:4:5:12:data:recv
1564125353:3:2:14:77:1:-1:5:5:-1:-1:-1:-1:data:sendUp
1564125376:2:7:13:77:-1:-1:-1:-1:-1:4:5:13:data:recv
1564125376:3:2:15:77:1:-1:5:5:-1:-1:-1:-1:data:sendUp
1564125399:2:7:14:77:-1:-1:-1:-1:-1:4:5:14:data:recv
1564125399:3:2:16:77:1:-1:5:5:-1:-1:-1:-1:data:sendUp
1564125422:2:7:15:77:-1:-1:-1:-1:-1:4:5:15:data:recv
1564125422:3:2:17:77:1:-1:5:5:-1:-1:-1:-1:data:sendUp
1564125445:2:7:16:77:-1:-1:-1:-1:-1:4:5:16:data:recv
1564125445:3:2:18:77:1:-1:5:5:-1:-1:-1:-1:data:sendUp
1564125468:2:7:17:77:-1:-1:-1:-1:-1:4:5:17:data:recv
1564125468:3:2:19:77:1:-1:5:5:-1:-1:-1:-1:data:sendUp
1564125491:2:7:18:77:-1:-1:-1:-1:-1:4:5:18:data:recv
1564125491:3:2:20:77:1:-1:5:5:-1:-1:-1:-1:data:sendUp
1564125537:2:7:19:77:-1:-1:-1:-1:-1:4:5:19:data:recv
1564125537:3:2:22:77:1:-1:5:5:-1:-1:-1:-1:data:sendUp
1564125560:2:7:20:77:-1:-1:-1:-1:-1:4:5:20:data:recv
1564125560:3:2:23:77:1:-1:5:5:-1:-1:-1:-1:data:sendUp
1564125583:2:7:21:77:-1:-1:-1:-1:-1:4:5:21:data:recv
1564125583:3:2:24:77:1:-1:5:5:-1:-1:-1:-1:data:sendUp
1564125629:2:7:23:77:-1:-1:-1:-1:-1:4:5:23:data:recv
1564125629:3:2:26:77:1:-1:5:5:-1:-1:-1:-1:data:sendUp
1564125675:2:7:24:77:-1:-1:-1:-1:-1:4:5:24:data:recv
1564125675:3:2:28:77:1:-1:5:5:-1:-1:-1:-1:data:sendUp
1564125744:2:7:26:77:-1:-1:-1:-1:-1:4:5:26:data:recv
1564125744:3:2:31:77:1:-1:5:5:-1:-1:-1:-1:data:sendUp
1564125836:2:7:28:77:-1:-1:-1:-1:-1:4:5:28:data:recv
1564125836:3:2:35:77:1:-1:5:5:-1:-1:-1:-1:data:sendUp
1564125859:2:7:29:77:-1:-1:-1:-1:-1:4:5:29:data:recv
1564125859:3:2:36:77:1:-1:5:5:-1:-1:-1:-1:data:sendUp
1564125882:2:7:30:77:-1:-1:-1:-1:-1:4:5:30:data:recv
1564125882:3:2:37:77:1:-1:5:5:-1:-1:-1:-1:data:sendUp
1564125905:2:7:31:77:-1:-1:-1:-1:-1:4:5:31:data:recv
1564125905:3:2:38:77:1:-1:5:5:-1:-1:-1:-1:data:sendUp
1564125928:2:7:32:77:-1:-1:-1:-1:-1:4:5:32:data:recv
1564125928:3:2:39:77:1:-1:5:5:-1:-1:-1:-1:data:sendUp
1564125951:2:7:33:77:-1:-1:-1:-1:-1:4:5:33:data:recv
1564125951:3:2:40:77:1:-1:5:5:-1:-1:-1:-1:data:sendUp
1564125974:2:7:34:77:-1:-1:-1:-1:-1:4:5:34:data:recv
1564125974:3:2:41:77:1:-1:5:5:-1:-1:-1:-1:data:sendUp
1564125997:2:7:35:77:-1:-1:-1:-1:-1:4:5:35:data:recv
1564125997:3:2:42:77:1:-1:5:5:-1:-1:-1:-1:data:sendUp
1564126020:2:7:36:77:-1:-1:-1:-1:-1:4:5:36:data:recv
1564126020:3:2:43:77:1:-1:5:5:-1:-1:-1:-1:data:sendUp
1564126043:2:7:37:77:-1:-1:-1:-1:-1:4:5:37:data:recv
1564126043:3:2:44:77:1:-1:5:5:-1:-1:-1:-1:data:sendUp
1564126112:2:7:38:77:-1:-1:-1:-1:-1:4:5:38:data:recv
1564126112:3:2:47:77:1:-1:5:5:-1:-1:-1:-1:data:sendUp
1564126135:2:7:39:77:-1:-1:-1:-1:-1:4:5:39:data:recv
1564126135:3:2:48:77:1:-1:5:5:-1:-1:-1:-1:data:sendUp
1564126159:2:7:40:77:-1:-1:-1:-1:-1:4:5:40:data:recv
1564126159:3:2:49:77:1:-1:5:5:-1:-1:-1:-1:data:sendUp
1564126182:2:7:41:77:-1:-1:-1:-1:-1:4:5:41:data:recv
1564126182:3:2:50:77:1:-1:5:5:-1:-1:-1:-1:data:sendUp
1564126205:2:7:42:77:-1:-1:-1:-1:-1:4:5:42:data:recv
1564126205:3:2:51:77:1:-1:5:5:-1:-1:-1:-1:data:sendUp
1564126251:2:7:44:77:-1:-1:-1:-1:-1:4:5:44:data:recv
1564126251:3:2:53:77:1:-1:5:5:-1:-1:-1:-1:data:sendUp
1564126320:2:7:46:77:-1:-1:-1:-1:-1:4:5:46:data:recv
1564126320:3:2:56:77:1:-1:5:5:-1:-1:-1:-1:data:sendUp
1564126343:2:7:47:77:-1:-1:-1:-1:-1:4:5:47:data:recv
1564126343:3:2:57:77:1:-1:5:5:-1:-1:-1:-1:data:sendUp
1564126366:2:7:48:77:-1:-1:-1:-1:-1:4:5:48:data:recv
1564126366:3:2:58:77:1:-1:5:5:-1:-1:-1:-1:data:sendUp
1564126389:2:7:49:77:-1:-1:-1:-1:-1:4:5:49:data:recv
1564126389:3:2:59:77:1:-1:5:5:-1:-1:-1:-1:data:sendUp
1564126412:2:7:50:77:-1:-1:-1:-1:-1:4:5:50:data:recv
1564126412:3:2:60:77:1:-1:5:5:-1:-1:-1:-1:data:sendUp
1564126435:2:7:51:77:-1:-1:-1:-1:-1:4:5:51:data:recv
1564126435:3:2:61:77:1:-1:5:5:-1:-1:-1:-1:data:sendUp
1564126458:2:7:52:77:-1:-1:-1:-1:-1:4:5:52:data:recv
1564126458:3:2:62:77:1:-1:5:5:-1:-1:-1:-1:data:sendUp
1564126481:2:7:53:77:-1:-1:-1:-1:-1:4:5:53:data:recv
1564126481:3:2:63:77:1:-1:5:5:-1:-1:-1:-1:data:sendUp
1564126527:2:7:55:77:-1:-1:-1:-1:-1:4:5:55:data:recv
1564126527:3:2:65:77:1:-1:5:5:-1:-1:-1:-1:data:sendUp
1564126550:2:7:56:77:-1:-1:-1:-1:-1:4:5:56:data:recv
1564126550:3:2:66:77:1:-1:5:5:-1:-1:-1:-1:data:sendUp
1564126596:2:7:57:77:-1:-1:-1:-1:-1:4:5:57:data:recv
1564126596:3:2:68:77:1:-1:5:5:-1:-1:-1:-1:data:sendUp
1564126619:2:7:58:77:-1:-1:-1:-1:-1:4:5:58:data:recv
1564126619:3:2:69:77:1:-1:5:5:-1:-1:-1:-1:data:sendUp
1564126642:2:7:59:77:-1:-1:-1:-1:-1:4:5:59:data:recv
1564126642:3:2:70:77:1:-1:5:5:-1:-1:-1:-1:data:sendUp
1564126665:2:7:60:77:-1:-1:-1:-1:-1:4:5:60:data:recv
1564126665:3:2:71:77:1:-1:5:5:-1:-1:-1:-1:data:sendUp
1564126688:2:7:61:77:-1:-1:-1:-1:-1:4:5:61:data:recv
1564126688:3:2:72:77:1:-1:5:5:-1:-1:-1:-1:data:sendUp
1564126711:2:7:62:77:-1:-1:-1:-1:-1:4:5:62:data:recv
1564126711:3:2:73:77:1:-1:5:5:-1:-1:-1:-1:data:sendUp
1564126734:2:7:63:77:-1:-1:-1:-1:-1:4:5:63:data:recv
1564126734:3:2:74:77:1:-1:5:5:-1:-1:-1:-1:data:sendUp
1564126757:2:7:64:77:-1:-1:-1:-1:-1:4:5:64:data:recv
1564126757:3:2:75:77:1:-1:5:5:-1:-1:-1:-1:data:sendUp
1564126826:2:7:65:77:-1:-1:-1:-1:-1:4:5:65:data:recv
1564126826:3:2:78:77:1:-1:5:5:-1:-1:-1:-1:data:sendUp
1564126849:2:7:66:77:-1:-1:-1:-1:-1:4:5:66:data:recv
1564126849:3:2:79:77:1:-1:5:5:-1:-1:-1:-1:data:sendUp
1564126872:2:7:67:77:-1:-1:-1:-1:-1:4:5:67:data:recv
1564126872:3:2:80:77:1:-1:5:5:-1:-1:-1:-1:data:sendUp
1564126918:2:7:68:77:-1:-1:-1:-1:-1:4:5:68:data:recv
1564126918:3:2:82:77:1:-1:5:5:-1:-1:-1:-1:data:sendUp
1564126941:2:7:69:77:-1:-1:-1:-1:-1:4:5:69:data:recv
1564126941:3:2:83:77:1:-1:5:5:-1:-1:-1:-1:data:sendUp
1564127033:2:7:71:77:-1:-1:-1:-1:-1:4:5:71:data:recv
1564127033:3:2:87:77:1:-1:5:5:-1:-1:-1:-1:data:sendUp
1564127079:2:7:72:77:-1:-1:-1:-1:-1:4:5:72:data:recv
1564127079:3:2:89:77:1:-1:5:5:-1:-1:-1:-1:data:sendUp
1564127102:2:7:73:77:-1:-1:-1:-1:-1:4:5:73:data:recv
1564127102:3:2:90:77:1:-1:5:5:-1:-1:-1:-1:data:sendUp
1564127125:2:7:74:77:-1:-1:-1:-1:-1:4:5:74:data:recv
1564127125:3:2:91:77:1:-1:5:5:-1:-1:-1:-1:data:sendUp
1564127148:2:7:75:77:-1:-1:-1:-1:-1:4:5:75:data:recv
1564127148:3:2:92:77:1:-1:5:5:-1:-1:-1:-1:data:sendUp
1564127194:2:7:76:77:-1:-1:-1:-1:-1:4:5:76:data:recv
1564127194:3:2:94:77:1:-1:5:5:-1:-1:-1:-1:data:sendUp
1564127241:2:7:78:77:-1:-1:-1:-1:-1:4:5:78:data:recv
1564127241:3:2:96:77:1:-1:5:5:-1:-1:-1:-1:data:sendUp
1564127264:2:7:79:77:-1:-1:-1:-1:-1:4:5:79:data:recv
1564127264:3:2:97:77:1:-1:5:5:-1:-1:-1:-1:data:sendUp
1564127287:2:7:80:77:-1:-1:-1:-1:-1:4:5:80:data:recv
1564127287:3:2:98:77:1:-1:5:5:-1:-1:-1:-1:data:sendUp
1564127310:2:7:81:77:-1:-1:-1:-1:-1:4:5:81:data:recv
1564127310:3:2:99:77:1:-1:5:5:-1:-1:-1:-1:data:sendUp
1564127402:2:7:83:77:-1:-1:-1:-1:-1:4:5:83:data:recv
1564127402:3:2:103:77:1:-1:5:5:-1:-1:-1:-1:data:sendUp
1564127425:2:7:84:77:-1:-1:-1:-1:-1:4:5:84:data:recv
1564127425:3:2:104:77:1:-1:5:5:-1:-1:-1:-1:data:sendUp
1564127448:2:7:85:77:-1:-1:-1:-1:-1:4:5:85:data:recv
1564127448:3:2:105:77:1:-1:5:5:-1:-1:-1:-1:data:sendUp
1564127494:2:7:86:77:-1:-1:-1:-1:-1:4:5:86:data:recv
1564127494:3:2:107:77:1:-1:5:5:-1:-1:-1:-1:data:sendUp
1564127517:2:7:87:77:-1:-1:-1:-1:-1:4:5:87:data:recv
1564127517:3:2:108:77:1:-1:5:5:-1:-1:-1:-1:data:sendUp
1564127540:2:7:88:77:-1:-1:-1:-1:-1:4:5:88:data:recv
1564127540:3:2:109:77:1:-1:5:5:-1:-1:-1:-1:data:sendUp
1564127586:2:7:89:77:-1:-1:-1:-1:-1:4:5:89:data:recv
1564127586:3:2:111:77:1:-1:5:5:-1:-1:-1:-1:data:sendUp
1564127609:2:7:90:77:-1:-1:-1:-1:-1:4:5:90:data:recv
1564127609:3:2:112:77:1:-1:5:5:-1:-1:-1:-1:data:sendUp
1564127632:2:7:91:77:-1:-1:-1:-1:-1:4:5:91:data:recv
1564127632:3:2:113:77:1:-1:5:5:-1:-1:-1:-1:data:sendUp
1564127655:2:7:92:77:-1:-1:-1:-1:-1:4:5:92:data:recv
1564127655:3:2:114:77:1:-1:5:5:-1:-1:-1:-1:data:sendUp
1564127678:2:7:93:77:-1:-1:-1:-1:-1:4:5:93:data:recv
1564127678:3:2:115:77:1:-1:5:5:-1:-1:-1:-1:data:sendUp
1564127701:2:7:94:77:-1:-1:-1:-1:-1:4:5:94:data:recv
1564127701:3:2:116:77:1:-1:5:5:-1:-1:-1:-1:data:sendUp
1564127724:2:7:95:77:-1:-1:-1:-1:-1:4:5:95:data:recv
1564127724:3:2:117:77:1:-1:5:5:-1:-1:-1:-1:data:sendUp
1564127793:2:7:96:77:-1:-1:-1:-1:-1:4:5:96:data:recv
1564127793:3:2:120:77:1:-1:5:5:-1:-1:-1:-1:data:sendUp
1564127839:2:7:97:77:-1:-1:-1:-1:-1:4:5:97:data:recv
1564127839:3:2:122:77:1:-1:5:5:-1:-1:-1:-1:data:sendUp
1564127862:2:7:98:77:-1:-1:-1:-1:-1:4:5:98:data:recv
1564127862:3:2:123:77:1:-1:5:5:-1:-1:-1:-1:data:sendUp
1564127908:2:7:99:77:-1:-1:-1:-1:-1:4:5:99:data:recv
1564127908:3:2:125:77:1:-1:5:5:-1:-1:-1:-1:data:sendUp
1564127977:2:7:100:77:-1:-1:-1:-1:-1:4:5:100:data:recv
1564127977:3:2:128:77:1:-1:5:5:-1:-1:-1:-1:data:sendUp
1564128069:2:7:102:77:-1:-1:-1:-1:-1:4:5:102:data:recv
1564128069:3:2:132:77:1:-1:5:5:-1:-1:-1:-1:data:sendUp
1564128115:2:7:104:77:-1:-1:-1:-1:-1:4:5:104:data:recv
1564128115:3:2:134:77:1:-1:5:5:-1:-1:-1:-1:data:sendUp
1564128138:2:7:105:77:-1:-1:-1:-1:-1:4:5:105:data:recv
1564128138:3:2:135:77:1:-1:5:5:-1:-1:-1:-1:data:sendUp
1564128161:2:7:106:77:-1:-1:-1:-1:-1:4:5:106:data:recv
1564128161:3:2:136:77:1:-1:5:5:-1:-1:-1:-1:data:sendUp
1564128184:2:7:107:77:-1:-1:-1:-1:-1:4:5:107:data:recv
1564128184:3:2:137:77:1:-1:5:5:-1:-1:-1:-1:data:sendUp
1564128207:2:7:108:77:-1:-1:-1:-1:-1:4:5:108:data:recv
1564128207:3:2:138:77:1:-1:5:5:-1:-1:-1:-1:data:sendUp
1564128253:2:7:109:77:-1:-1:-1:-1:-1:4:5:109:data:recv
1564128253:3:2:140:77:1:-1:5:5:-1:-1:-1:-1:data:sendUp
1564128299:2:7:111:77:-1:-1:-1:-1:-1:4:5:111:data:recv
1564128299:3:2:142:77:1:-1:5:5:-1:-1:-1:-1:data:sendUp
1564128345:2:7:112:77:-1:-1:-1:-1:-1:4:5:112:data:recv
1564128345:3:2:144:77:1:-1:5:5:-1:-1:-1:-1:data:sendUp
1564128368:2:7:113:77:-1:-1:-1:-1:-1:4:5:113:data:recv
1564128368:3:2:145:77:1:-1:5:5:-1:-1:-1:-1:data:sendUp
1564128391:2:7:114:77:-1:-1:-1:-1:-1:4:5:114:data:recv
1564128391:3:2:146:77:1:-1:5:5:-1:-1:-1:-1:data:sendUp
1564128437:2:7:116:77:-1:-1:-1:-1:-1:4:5:116:data:recv
1564128437:3:2:148:77:1:-1:5:5:-1:-1:-1:-1:data:sendUp
1564128460:2:7:117:77:-1:-1:-1:-1:-1:4:5:117:data:recv
1564128460:3:2:149:77:1:-1:5:5:-1:-1:-1:-1:data:sendUp
1564128507:2:7:118:77:-1:-1:-1:-1:-1:4:5:118:data:recv
1564128507:3:2:151:77:1:-1:5:5:-1:-1:-1:-1:data:sendUp
1564128553:2:7:120:77:-1:-1:-1:-1:-1:4:5:120:data:recv
1564128553:3:2:153:77:1:-1:5:5:-1:-1:-1:-1:data:sendUp
1564128576:2:7:121:77:-1:-1:-1:-1:-1:4:5:121:data:recv
1564128576:3:2:154:77:1:-1:5:5:-1:-1:-1:-1:data:sendUp
1564128599:2:7:122:77:-1:-1:-1:-1:-1:4:5:122:data:recv
1564128599:3:2:155:77:1:-1:5:5:-1:-1:-1:-1:data:sendUp
1564128622:2:7:123:77:-1:-1:-1:-1:-1:4:5:123:data:recv
1564128622:3:2:156:77:1:-1:5:5:-1:-1:-1:-1:data:sendUp
1564128645:2:7:124:77:-1:-1:-1:-1:-1:4:5:124:data:recv
1564128645:3:2:157:77:1:-1:5:5:-1:-1:-1:-1:data:sendUp
1564128668:2:7:125:77:-1:-1:-1:-1:-1:4:5:125:data:recv
1564128668:3:2:158:77:1:-1:5:5:-1:-1:-1:-1:data:sendUp
1564128714:2:7:126:77:-1:-1:-1:-1:-1:4:5:126:data:recv
1564128714:3:2:160:77:1:-1:5:5:-1:-1:-1:-1:data:sendUp
1564128737:2:7:127:77:-1:-1:-1:-1:-1:4:5:127:data:recv
1564128737:3:2:161:77:1:-1:5:5:-1:-1:-1:-1:data:sendUp
1564128760:2:7:128:77:-1:-1:-1:-1:-1:4:5:128:data:recv
1564128760:3:2:162:77:1:-1:5:5:-1:-1:-1:-1:data:sendUp
1564128783:2:7:129:77:-1:-1:-1:-1:-1:4:5:129:data:recv
1564128783:3:2:163:77:1:-1:5:5:-1:-1:-1:-1:data:sendUp
1564128806:2:7:130:77:-1:-1:-1:-1:-1:4:5:130:data:recv
1564128806:3:2:164:77:1:-1:5:5:-1:-1:-1:-1:data:sendUp
1564128829:2:7:131:77:-1:-1:-1:-1:-1:4:5:131:data:recv
1564128829:3:2:165:77:1:-1:5:5:-1:-1:-1:-1:data:sendUp
1564128852:2:7:132:77:-1:-1:-1:-1:-1:4:5:132:data:recv
1564128852:3:2:166:77:1:-1:5:5:-1:-1:-1:-1:data:sendUp
1564128967:2:7:136:77:-1:-1:-1:-1:-1:4:5:136:data:recv
1564128967:3:2:171:77:1:-1:5:5:-1:-1:-1:-1:data:sendUp
1564128990:2:7:137:77:-1:-1:-1:-1:-1:4:5:137:data:recv
1564128990:3:2:172:77:1:-1:5:5:-1:-1:-1:-1:data:sendUp
1564129013:2:7:138:77:-1:-1:-1:-1:-1:4:5:138:data:recv
1564129013:3:2:173:77:1:-1:5:5:-1:-1:-1:-1:data:sendUp
1564129036:2:7:139:77:-1:-1:-1:-1:-1:4:5:139:data:recv
1564129036:3:2:174:77:1:-1:5:5:-1:-1:-1:-1:data:sendUp
1564129059:2:7:140:77:-1:-1:-1:-1:-1:4:5:140:data:recv
1564129059:3:2:175:77:1:-1:5:5:-1:-1:-1:-1:data:sendUp
1564129082:2:7:141:77:-1:-1:-1:-1:-1:4:5:141:data:recv
1564129082:3:2:176:77:1:-1:5:5:-1:-1:-1:-1:data:sendUp
1564129197:2:7:142:77:-1:-1:-1:-1:-1:4:5:142:data:recv
1564129197:3:2:181:77:1:-1:5:5:-1:-1:-1:-1:data:sendUp
1564129220:2:7:143:77:-1:-1:-1:-1:-1:4:5:143:data:recv
1564129220:3:2:182:77:1:-1:5:5:-1:-1:-1:-1:data:sendUp
1564129266:2:7:144:77:-1:-1:-1:-1:-1:4:5:144:data:recv
1564129266:3:2:184:77:1:-1:5:5:-1:-1:-1:-1:data:sendUp
1564129289:2:7:145:77:-1:-1:-1:-1:-1:4:5:145:data:recv
1564129289:3:2:185:77:1:-1:5:5:-1:-1:-1:-1:data:sendUp
1564129335:2:7:146:77:-1:-1:-1:-1:-1:4:5:146:data:recv
1564129335:3:2:187:77:1:-1:5:5:-1:-1:-1:-1:data:sendUp
1564129358:2:7:147:77:-1:-1:-1:-1:-1:4:5:147:data:recv
1564129358:3:2:188:77:1:-1:5:5:-1:-1:-1:-1:data:sendUp
1564129381:2:7:148:77:-1:-1:-1:-1:-1:4:5:148:data:recv
1564129381:3:2:189:77:1:-1:5:5:-1:-1:-1:-1:data:sendUp
1564129404:2:7:149:77:-1:-1:-1:-1:-1:4:5:149:data:recv
1564129404:3:2:190:77:1:-1:5:5:-1:-1:-1:-1:data:sendUp
1564129427:2:7:150:77:-1:-1:-1:-1:-1:4:5:150:data:recv
1564129427:3:2:191:77:1:-1:5:5:-1:-1:-1:-1:data:sendUp
1564129450:2:7:151:77:-1:-1:-1:-1:-1:4:5:151:data:recv
1564129450:3:2:192:77:1:-1:5:5:-1:-1:-1:-1:data:sendUp
1564129473:2:7:152:77:-1:-1:-1:-1:-1:4:5:152:data:recv
1564129473:3:2:193:77:1:-1:5:5:-1:-1:-1:-1:data:sendUp
1564129520:2:7:153:77:-1:-1:-1:-1:-1:4:5:153:data:recv
1564129520:3:2:195:77:1:-1:5:5:-1:-1:-1:-1:data:sendUp
1564129566:2:7:155:77:-1:-1:-1:-1:-1:4:5:155:data:recv
1564129566:3:2:197:77:1:-1:5:5:-1:-1:-1:-1:data:sendUp
1564129589:2:7:156:77:-1:-1:-1:-1:-1:4:5:156:data:recv
1564129589:3:2:198:77:1:-1:5:5:-1:-1:-1:-1:data:sendUp
1564129612:2:7:157:77:-1:-1:-1:-1:-1:4:5:157:data:recv
1564129612:3:2:199:77:1:-1:5:5:-1:-1:-1:-1:data:sendUp
1564129635:2:7:158:77:-1:-1:-1:-1:-1:4:5:158:data:recv
1564129635:3:2:200:77:1:-1:5:5:-1:-1:-1:-1:data:sendUp
1564129658:2:7:159:77:-1:-1:-1:-1:-1:4:5:159:data:recv
1564129658:3:2:201:77:1:-1:5:5:-1:-1:-1:-1:data:sendUp
1564129681:2:7:160:77:-1:-1:-1:-1:-1:4:5:160:data:recv
1564129681:3:2:202:77:1:-1:5:5:-1:-1:-1:-1:data:sendUp
1564129750:2:7:161:77:-1:-1:-1:-1:-1:4:5:161:data:recv
1564129750:3:2:205:77:1:-1:5:5:-1:-1:-1:-1:data:sendUp
1564129773:2:7:162:77:-1:-1:-1:-1:-1:4:5:162:data:recv
1564129773:3:2:206:77:1:-1:5:5:-1:-1:-1:-1:data:sendUp
1564129819:2:7:164:77:-1:-1:-1:-1:-1:4:5:164:data:recv
1564129819:3:2:208:77:1:-1:5:5:-1:-1:-1:-1:data:sendUp
1564129842:2:7:165:77:-1:-1:-1:-1:-1:4:5:165:data:recv
1564129842:3:2:209:77:1:-1:5:5:-1:-1:-1:-1:data:sendUp
1564129865:2:7:166:77:-1:-1:-1:-1:-1:4:5:166:data:recv
1564129865:3:2:210:77:1:-1:5:5:-1:-1:-1:-1:data:sendUp
1564129888:2:7:167:77:-1:-1:-1:-1:-1:4:5:167:data:recv
1564129888:3:2:211:77:1:-1:5:5:-1:-1:-1:-1:data:sendUp
1564129911:2:7:168:77:-1:-1:-1:-1:-1:4:5:168:data:recv
1564129911:3:2:212:77:1:-1:5:5:-1:-1:-1:-1:data:sendUp
1564129934:2:7:169:77:-1:-1:-1:-1:-1:4:5:169:data:recv
1564129934:3:2:213:77:1:-1:5:5:-1:-1:-1:-1:data:sendUp
1564129957:2:7:170:77:-1:-1:-1:-1:-1:4:5:170:data:recv
1564129957:3:2:214:77:1:-1:5:5:-1:-1:-1:-1:data:sendUp
1564130026:2:7:171:77:-1:-1:-1:-1:-1:4:5:171:data:recv
1564130026:3:2:217:77:1:-1:5:5:-1:-1:-1:-1:data:sendUp
1564130072:2:7:172:77:-1:-1:-1:-1:-1:4:5:172:data:recv
1564130072:3:2:219:77:1:-1:5:5:-1:-1:-1:-1:data:sendUp
1564130095:2:7:173:77:-1:-1:-1:-1:-1:4:5:173:data:recv
1564130095:3:2:220:77:1:-1:5:5:-1:-1:-1:-1:data:sendUp
1564130141:2:7:175:77:-1:-1:-1:-1:-1:4:5:175:data:recv
1564130141:3:2:222:77:1:-1:5:5:-1:-1:-1:-1:data:sendUp
1564130164:2:7:176:77:-1:-1:-1:-1:-1:4:5:176:data:recv
1564130164:3:2:223:77:1:-1:5:5:-1:-1:-1:-1:data:sendUp
1564130187:2:7:177:77:-1:-1:-1:-1:-1:4:5:177:data:recv
1564130187:3:2:224:77:1:-1:5:5:-1:-1:-1:-1:data:sendUp
1564130210:2:7:178:77:-1:-1:-1:-1:-1:4:5:178:data:recv
1564130210:3:2:225:77:1:-1:5:5:-1:-1:-1:-1:data:sendUp
1564130233:2:7:179:77:-1:-1:-1:-1:-1:4:5:179:data:recv
1564130233:3:2:226:77:1:-1:5:5:-1:-1:-1:-1:data:sendUp
1564130256:2:7:180:77:-1:-1:-1:-1:-1:4:5:180:data:recv
1564130256:3:2:227:77:1:-1:5:5:-1:-1:-1:-1:data:sendUp
1564130279:2:7:181:77:-1:-1:-1:-1:-1:4:5:181:data:recv
1564130279:3:2:228:77:1:-1:5:5:-1:-1:-1:-1:data:sendUp
1564130325:2:7:182:77:-1:-1:-1:-1:-1:4:5:182:data:recv
1564130325:3:2:230:77:1:-1:5:5:-1:-1:-1:-1:data:sendUp
1564130348:2:7:183:77:-1:-1:-1:-1:-1:4:5:183:data:recv
1564130348:3:2:231:77:1:-1:5:5:-1:-1:-1:-1:data:sendUp
1564130371:2:7:184:77:-1:-1:-1:-1:-1:4:5:184:data:recv
1564130371:3:2:232:77:1:-1:5:5:-1:-1:-1:-1:data:sendUp
1564130394:2:7:185:77:-1:-1:-1:-1:-1:4:5:185:data:recv
1564130394:3:2:233:77:1:-1:5:5:-1:-1:-1:-1:data:sendUp
1564130417:2:7:186:77:-1:-1:-1:-1:-1:4:5:186:data:recv
1564130417:3:2:234:77:1:-1:5:5:-1:-1:-1:-1:data:sendUp
1564130509:2:7:187:77:-1:-1:-1:-1:-1:4:5:187:data:recv
1564130509:3:2:238:77:1:-1:5:5:-1:-1:-1:-1:data:sendUp
1564130555:2:7:188:77:-1:-1:-1:-1:-1:4:5:188:data:recv
1564130555:3:2:240:77:1:-1:5:5:-1:-1:-1:-1:data:sendUp
1564130602:2:7:189:77:-1:-1:-1:-1:-1:4:5:189:data:recv
1564130602:3:2:242:77:1:-1:5:5:-1:-1:-1:-1:data:sendUp
1564130625:2:7:190:77:-1:-1:-1:-1:-1:4:5:190:data:recv
1564130625:3:2:243:77:1:-1:5:5:-1:-1:-1:-1:data:sendUp
1564130740:2:7:192:77:-1:-1:-1:-1:-1:4:5:192:data:recv
1564130740:3:2:248:77:1:-1:5:5:-1:-1:-1:-1:data:sendUp
1564130763:2:7:193:77:-1:-1:-1:-1:-1:4:5:193:data:recv
1564130763:3:2:249:77:1:-1:5:5:-1:-1:-1:-1:data:sendUp
1564130809:2:7:194:77:-1:-1:-1:-1:-1:4:5:194:data:recv
1564130809:3:2:251:77:1:-1:5:5:-1:-1:-1:-1:data:sendUp
1564130832:2:7:195:77:-1:-1:-1:-1:-1:4:5:195:data:recv
1564130832:3:2:252:77:1:-1:5:5:-1:-1:-1:-1:data:sendUp
1564130855:2:7:196:77:-1:-1:-1:-1:-1:4:5:196:data:recv
1564130855:3:2:253:77:1:-1:5:5:-1:-1:-1:-1:data:sendUp
1564130878:2:7:197:77:-1:-1:-1:-1:-1:4:5:197:data:recv
1564130878:3:2:254:77:1:-1:5:5:-1:-1:-1:-1:data:sendUp
1564130901:2:7:198:77:-1:-1:-1:-1:-1:4:5:198:data:recv
1564130901:3:2:255:77:1:-1:5:5:-1:-1:-1:-1:data:sendUp
1564130924:2:7:199:77:-1:-1:-1:-1:-1:4:5:199:data:recv
1564130924:3:2:256:77:1:-1:5:5:-1:-1:-1:-1:data:sendUp
1564130947:2:7:200:77:-1:-1:-1:-1:-1:4:5:200:data:recv
1564130947:3:2:257:77:1:-1:5:5:-1:-1:-1:-1:data:sendUp
1564130970:2:7:201:77:-1:-1:-1:-1:-1:4:5:201:data:recv
1564130970:3:2:258:77:1:-1:5:5:-1:-1:-1:-1:data:sendUp
1564130993:2:7:202:77:-1:-1:-1:-1:-1:4:5:202:data:recv
1564130993:3:2:259:77:1:-1:5:5:-1:-1:-1:-1:data:sendUp
1564131016:2:7:203:77:-1:-1:-1:-1:-1:4:5:203:data:recv
1564131016:3:2:260:77:1:-1:5:5:-1:-1:-1:-1:data:sendUp
1564131039:2:7:204:77:-1:-1:-1:-1:-1:4:5:204:data:recv
1564131039:3:2:261:77:1:-1:5:5:-1:-1:-1:-1:data:sendUp
1564131062:2:7:205:77:-1:-1:-1:-1:-1:4:5:205:data:recv
1564131062:3:2:262:77:1:-1:5:5:-1:-1:-1:-1:data:sendUp
1564131108:2:7:206:77:-1:-1:-1:-1:-1:4:5:206:data:recv
1564131108:3:2:264:77:1:-1:5:5:-1:-1:-1:-1:data:sendUp
1564131200:2:7:209:77:-1:-1:-1:-1:-1:4:5:209:data:recv
1564131200:3:2:268:77:1:-1:5:5:-1:-1:-1:-1:data:sendUp
1564131246:2:7:210:77:-1:-1:-1:-1:-1:4:5:210:data:recv
1564131246:3:2:270:77:1:-1:5:5:-1:-1:-1:-1:data:sendUp
1564131269:2:7:211:77:-1:-1:-1:-1:-1:4:5:211:data:recv
1564131269:3:2:271:77:1:-1:5:5:-1:-1:-1:-1:data:sendUp
1564131292:2:7:212:77:-1:-1:-1:-1:-1:4:5:212:data:recv
1564131292:3:2:272:77:1:-1:5:5:-1:-1:-1:-1:data:sendUp
1564131315:2:7:213:77:-1:-1:-1:-1:-1:4:5:213:data:recv
1564131315:3:2:273:77:1:-1:5:5:-1:-1:-1:-1:data:sendUp
1564131338:2:7:214:77:-1:-1:-1:-1:-1:4:5:214:data:recv
1564131338:3:2:274:77:1:-1:5:5:-1:-1:-1:-1:data:sendUp
1564131361:2:7:215:77:-1:-1:-1:-1:-1:4:5:215:data:recv
1564131361:3:2:275:77:1:-1:5:5:-1:-1:-1:-1:data:sendUp
1564131384:2:7:216:77:-1:-1:-1:-1:-1:4:5:216:data:recv
1564131384:3:2:276:77:1:-1:5:5:-1:-1:-1:-1:data:sendUp
1564131407:2:7:217:77:-1:-1:-1:-1:-1:4:5:217:data:recv
1564131407:3:2:277:77:1:-1:5:5:-1:-1:-1:-1:data:sendUp
1564131408:3:2:1:9:5:-1:4:1:-1:-1:-1:-1:data:send
1564131408:2:7:9:2:-1:-1:-1:-1:-1:5:4:1:data:send
1564131409:2:7:-1:-1:-1:-1:-1:-1:-1:4:5:1:ack:recv
1564131430:2:7:219:77:-1:-1:-1:-1:-1:4:5:219:data:recv
1564131430:3:2:278:77:1:-1:5:5:-1:-1:-1:-1:data:sendUp
