=========================Fri Jul 26 20:13:52 2019
1564143272:3:2:0:75:1:-1:2:5:-1:-1:-1:-1:data:send
1564143272:2:5:0:75:-1:-1:-1:-1:-1:1:2:0:data:send
1564143274:2:5:-1:-1:-1:-1:-1:-1:-1:2:1:0:ack:recv
1564143300:3:2:1:75:1:-1:2:5:-1:-1:-1:-1:data:send
1564143300:2:5:1:75:-1:-1:-1:-1:-1:1:2:1:data:send
1564143302:2:5:-1:-1:-1:-1:-1:-1:-1:2:1:1:ack:recv
1564143328:3:2:2:75:1:-1:2:5:-1:-1:-1:-1:data:send
1564143328:2:5:2:75:-1:-1:-1:-1:-1:1:2:2:data:send
1564143330:2:5:-1:-1:-1:-1:-1:-1:-1:2:1:2:ack:recv
1564143356:3:2:3:75:1:-1:2:5:-1:-1:-1:-1:data:send
1564143356:2:5:3:75:-1:-1:-1:-1:-1:1:2:3:data:send
1564143366:2:5:3:75:-1:-1:-1:-1:-1:1:2:3:data:resend
1564143368:2:5:-1:-1:-1:-1:-1:-1:-1:2:1:3:ack:recv
1564143384:3:2:4:75:1:-1:2:5:-1:-1:-1:-1:data:send
1564143384:2:5:4:75:-1:-1:-1:-1:-1:1:2:4:data:send
1564143386:2:5:-1:-1:-1:-1:-1:-1:-1:2:1:4:ack:recv
1564143412:3:2:5:75:1:-1:2:5:-1:-1:-1:-1:data:send
1564143412:2:5:5:75:-1:-1:-1:-1:-1:1:2:5:data:send
1564143414:2:5:-1:-1:-1:-1:-1:-1:-1:2:1:5:ack:recv
1564143440:3:2:6:75:1:-1:2:5:-1:-1:-1:-1:data:send
1564143440:2:5:6:75:-1:-1:-1:-1:-1:1:2:6:data:send
1564143450:2:5:6:75:-1:-1:-1:-1:-1:1:2:6:data:resend
1564143452:2:5:-1:-1:-1:-1:-1:-1:-1:2:1:6:ack:recv
1564143468:3:2:7:75:1:-1:2:5:-1:-1:-1:-1:data:send
1564143468:2:5:7:75:-1:-1:-1:-1:-1:1:2:7:data:send
1564143470:2:5:-1:-1:-1:-1:-1:-1:-1:2:1:7:ack:recv
1564143496:3:2:8:75:1:-1:2:5:-1:-1:-1:-1:data:send
1564143496:2:5:8:75:-1:-1:-1:-1:-1:1:2:8:data:send
1564143498:2:5:-1:-1:-1:-1:-1:-1:-1:2:1:8:ack:recv
1564143524:3:2:9:75:1:-1:2:5:-1:-1:-1:-1:data:send
1564143524:2:5:9:75:-1:-1:-1:-1:-1:1:2:9:data:send
1564143526:2:5:-1:-1:-1:-1:-1:-1:-1:2:1:9:ack:recv
1564143552:3:2:10:75:1:-1:2:5:-1:-1:-1:-1:data:send
1564143552:2:5:10:75:-1:-1:-1:-1:-1:1:2:10:data:send
1564143554:2:5:-1:-1:-1:-1:-1:-1:-1:2:1:10:ack:recv
1564143580:3:2:11:75:1:-1:2:5:-1:-1:-1:-1:data:send
1564143580:2:5:11:75:-1:-1:-1:-1:-1:1:2:11:data:send
1564143582:2:5:-1:-1:-1:-1:-1:-1:-1:2:1:11:ack:recv
1564143608:3:2:12:75:1:-1:2:5:-1:-1:-1:-1:data:send
1564143608:2:5:12:75:-1:-1:-1:-1:-1:1:2:12:data:send
1564143610:2:5:-1:-1:-1:-1:-1:-1:-1:2:1:12:ack:recv
1564143636:3:2:13:75:1:-1:2:5:-1:-1:-1:-1:data:send
1564143636:2:5:13:75:-1:-1:-1:-1:-1:1:2:13:data:send
1564143638:2:5:-1:-1:-1:-1:-1:-1:-1:2:1:13:ack:recv
1564143664:3:2:14:75:1:-1:2:5:-1:-1:-1:-1:data:send
1564143664:2:5:14:75:-1:-1:-1:-1:-1:1:2:14:data:send
1564143666:2:5:-1:-1:-1:-1:-1:-1:-1:2:1:14:ack:recv
1564143692:3:2:15:75:1:-1:2:5:-1:-1:-1:-1:data:send
1564143692:2:5:15:75:-1:-1:-1:-1:-1:1:2:15:data:send
1564143694:2:5:-1:-1:-1:-1:-1:-1:-1:2:1:15:ack:recv
1564143720:3:2:16:75:1:-1:2:5:-1:-1:-1:-1:data:send
1564143720:2:5:16:75:-1:-1:-1:-1:-1:1:2:16:data:send
1564143722:2:5:-1:-1:-1:-1:-1:-1:-1:2:1:16:ack:recv
1564143748:3:2:17:75:1:-1:2:5:-1:-1:-1:-1:data:send
1564143748:2:5:17:75:-1:-1:-1:-1:-1:1:2:17:data:send
1564143750:2:5:-1:-1:-1:-1:-1:-1:-1:2:1:17:ack:recv
1564143776:3:2:18:75:1:-1:2:5:-1:-1:-1:-1:data:send
1564143776:2:5:18:75:-1:-1:-1:-1:-1:1:2:18:data:send
1564143778:2:5:-1:-1:-1:-1:-1:-1:-1:2:1:18:ack:recv
1564143804:3:2:19:75:1:-1:2:5:-1:-1:-1:-1:data:send
1564143804:2:5:19:75:-1:-1:-1:-1:-1:1:2:19:data:send
1564143806:2:5:-1:-1:-1:-1:-1:-1:-1:2:1:19:ack:recv
1564143832:3:2:20:75:1:-1:2:5:-1:-1:-1:-1:data:send
1564143832:2:5:20:75:-1:-1:-1:-1:-1:1:2:20:data:send
1564143834:2:5:-1:-1:-1:-1:-1:-1:-1:2:1:20:ack:recv
1564143860:3:2:21:75:1:-1:2:5:-1:-1:-1:-1:data:send
1564143860:2:5:21:75:-1:-1:-1:-1:-1:1:2:21:data:send
1564143862:2:5:-1:-1:-1:-1:-1:-1:-1:2:1:21:ack:recv
1564143888:3:2:22:75:1:-1:2:5:-1:-1:-1:-1:data:send
1564143888:2:5:22:75:-1:-1:-1:-1:-1:1:2:22:data:send
1564143890:2:5:-1:-1:-1:-1:-1:-1:-1:2:1:22:ack:recv
1564143916:3:2:23:75:1:-1:2:5:-1:-1:-1:-1:data:send
1564143916:2:5:23:75:-1:-1:-1:-1:-1:1:2:23:data:send
1564143918:2:5:-1:-1:-1:-1:-1:-1:-1:2:1:23:ack:recv
1564143944:3:2:24:75:1:-1:2:5:-1:-1:-1:-1:data:send
1564143944:2:5:24:75:-1:-1:-1:-1:-1:1:2:24:data:send
1564143947:2:5:-1:-1:-1:-1:-1:-1:-1:2:1:24:ack:recv
1564143972:3:2:25:75:1:-1:2:5:-1:-1:-1:-1:data:send
1564143972:2:5:25:75:-1:-1:-1:-1:-1:1:2:25:data:send
1564143975:2:5:-1:-1:-1:-1:-1:-1:-1:2:1:25:ack:recv
1564144000:3:2:26:75:1:-1:2:5:-1:-1:-1:-1:data:send
1564144000:2:5:26:75:-1:-1:-1:-1:-1:1:2:26:data:send
1564144003:2:5:-1:-1:-1:-1:-1:-1:-1:2:1:26:ack:recv
1564144028:3:2:27:75:1:-1:2:5:-1:-1:-1:-1:data:send
1564144028:2:5:27:75:-1:-1:-1:-1:-1:1:2:27:data:send
1564144031:2:5:-1:-1:-1:-1:-1:-1:-1:2:1:27:ack:recv
1564144056:3:2:28:75:1:-1:2:5:-1:-1:-1:-1:data:send
1564144056:2:5:28:75:-1:-1:-1:-1:-1:1:2:28:data:send
1564144060:2:5:28:75:-1:-1:-1:-1:-1:1:2:28:data:resend
1564144063:2:5:-1:-1:-1:-1:-1:-1:-1:2:1:28:ack:recv
1564144084:3:2:29:75:1:-1:2:5:-1:-1:-1:-1:data:send
1564144084:2:5:29:75:-1:-1:-1:-1:-1:1:2:29:data:send
1564144087:2:5:-1:-1:-1:-1:-1:-1:-1:2:1:29:ack:recv
1564144113:3:2:30:75:1:-1:2:5:-1:-1:-1:-1:data:send
1564144113:2:5:30:75:-1:-1:-1:-1:-1:1:2:30:data:send
1564144115:2:5:-1:-1:-1:-1:-1:-1:-1:2:1:30:ack:recv
1564144141:3:2:31:75:1:-1:2:5:-1:-1:-1:-1:data:send
1564144141:2:5:31:75:-1:-1:-1:-1:-1:1:2:31:data:send
1564144150:2:5:31:75:-1:-1:-1:-1:-1:1:2:31:data:resend
1564144152:2:5:-1:-1:-1:-1:-1:-1:-1:2:1:31:ack:recv
1564144169:3:2:32:75:1:-1:2:5:-1:-1:-1:-1:data:send
1564144169:2:5:32:75:-1:-1:-1:-1:-1:1:2:32:data:send
1564144171:2:5:-1:-1:-1:-1:-1:-1:-1:2:1:32:ack:recv
1564144197:3:2:33:75:1:-1:2:5:-1:-1:-1:-1:data:send
1564144197:2:5:33:75:-1:-1:-1:-1:-1:1:2:33:data:send
1564144199:2:5:-1:-1:-1:-1:-1:-1:-1:2:1:33:ack:recv
1564144225:3:2:34:75:1:-1:2:5:-1:-1:-1:-1:data:send
1564144225:2:5:34:75:-1:-1:-1:-1:-1:1:2:34:data:send
1564144227:2:5:-1:-1:-1:-1:-1:-1:-1:2:1:34:ack:recv
1564144253:3:2:35:75:1:-1:2:5:-1:-1:-1:-1:data:send
1564144253:2:5:35:75:-1:-1:-1:-1:-1:1:2:35:data:send
1564144255:2:5:-1:-1:-1:-1:-1:-1:-1:2:1:35:ack:recv
1564144281:3:2:36:75:1:-1:2:5:-1:-1:-1:-1:data:send
1564144281:2:5:36:75:-1:-1:-1:-1:-1:1:2:36:data:send
1564144290:2:5:36:75:-1:-1:-1:-1:-1:1:2:36:data:resend
1564144292:2:5:-1:-1:-1:-1:-1:-1:-1:2:1:36:ack:recv
1564144309:3:2:37:75:1:-1:2:5:-1:-1:-1:-1:data:send
1564144309:2:5:37:75:-1:-1:-1:-1:-1:1:2:37:data:send
1564144311:2:5:-1:-1:-1:-1:-1:-1:-1:2:1:37:ack:recv
1564144337:3:2:38:75:1:-1:2:5:-1:-1:-1:-1:data:send
1564144337:2:5:38:75:-1:-1:-1:-1:-1:1:2:38:data:send
1564144350:2:5:38:75:-1:-1:-1:-1:-1:1:2:38:data:resend
1564144352:2:5:-1:-1:-1:-1:-1:-1:-1:2:1:38:ack:recv
1564144365:3:2:39:75:1:-1:2:5:-1:-1:-1:-1:data:send
1564144365:2:5:39:75:-1:-1:-1:-1:-1:1:2:39:data:send
1564144367:2:5:-1:-1:-1:-1:-1:-1:-1:2:1:39:ack:recv
1564144393:3:2:40:75:1:-1:2:5:-1:-1:-1:-1:data:send
1564144393:2:5:40:75:-1:-1:-1:-1:-1:1:2:40:data:send
1564144395:2:5:-1:-1:-1:-1:-1:-1:-1:2:1:40:ack:recv
1564144421:3:2:41:75:1:-1:2:5:-1:-1:-1:-1:data:send
1564144421:2:5:41:75:-1:-1:-1:-1:-1:1:2:41:data:send
1564144423:2:5:-1:-1:-1:-1:-1:-1:-1:2:1:41:ack:recv
1564144449:3:2:42:75:1:-1:2:5:-1:-1:-1:-1:data:send
1564144449:2:5:42:75:-1:-1:-1:-1:-1:1:2:42:data:send
1564144451:2:5:-1:-1:-1:-1:-1:-1:-1:2:1:42:ack:recv
1564144477:3:2:43:75:1:-1:2:5:-1:-1:-1:-1:data:send
1564144477:2:5:43:75:-1:-1:-1:-1:-1:1:2:43:data:send
1564144479:2:5:-1:-1:-1:-1:-1:-1:-1:2:1:43:ack:recv
1564144505:3:2:44:75:1:-1:2:5:-1:-1:-1:-1:data:send
1564144505:2:5:44:75:-1:-1:-1:-1:-1:1:2:44:data:send
1564144507:2:5:-1:-1:-1:-1:-1:-1:-1:2:1:44:ack:recv
1564144533:3:2:45:75:1:-1:2:5:-1:-1:-1:-1:data:send
1564144533:2:5:45:75:-1:-1:-1:-1:-1:1:2:45:data:send
1564144538:2:5:45:75:-1:-1:-1:-1:-1:1:2:45:data:resend
1564144540:2:5:-1:-1:-1:-1:-1:-1:-1:2:1:45:ack:recv
1564144561:3:2:46:75:1:-1:2:5:-1:-1:-1:-1:data:send
1564144561:2:5:46:75:-1:-1:-1:-1:-1:1:2:46:data:send
1564144563:2:5:-1:-1:-1:-1:-1:-1:-1:2:1:46:ack:recv
1564144589:3:2:47:75:1:-1:2:5:-1:-1:-1:-1:data:send
1564144589:2:5:47:75:-1:-1:-1:-1:-1:1:2:47:data:send
1564144591:2:5:-1:-1:-1:-1:-1:-1:-1:2:1:47:ack:recv
1564144617:3:2:48:75:1:-1:2:5:-1:-1:-1:-1:data:send
1564144617:2:5:48:75:-1:-1:-1:-1:-1:1:2:48:data:send
1564144619:2:5:-1:-1:-1:-1:-1:-1:-1:2:1:48:ack:recv
1564144645:3:2:49:75:1:-1:2:5:-1:-1:-1:-1:data:send
1564144645:2:5:49:75:-1:-1:-1:-1:-1:1:2:49:data:send
1564144647:2:5:-1:-1:-1:-1:-1:-1:-1:2:1:49:ack:recv
1564144673:3:2:50:75:1:-1:2:5:-1:-1:-1:-1:data:send
1564144673:2:5:50:75:-1:-1:-1:-1:-1:1:2:50:data:send
1564144675:2:5:-1:-1:-1:-1:-1:-1:-1:2:1:50:ack:recv
1564144701:3:2:51:75:1:-1:2:5:-1:-1:-1:-1:data:send
1564144701:2:5:51:75:-1:-1:-1:-1:-1:1:2:51:data:send
1564144703:2:5:-1:-1:-1:-1:-1:-1:-1:2:1:51:ack:recv
1564144729:3:2:52:75:1:-1:2:5:-1:-1:-1:-1:data:send
1564144729:2:5:52:75:-1:-1:-1:-1:-1:1:2:52:data:send
1564144731:2:5:-1:-1:-1:-1:-1:-1:-1:2:1:52:ack:recv
1564144757:3:2:53:75:1:-1:2:5:-1:-1:-1:-1:data:send
1564144757:2:5:53:75:-1:-1:-1:-1:-1:1:2:53:data:send
1564144766:2:5:53:75:-1:-1:-1:-1:-1:1:2:53:data:resend
1564144768:2:5:-1:-1:-1:-1:-1:-1:-1:2:1:53:ack:recv
1564144785:3:2:54:75:1:-1:2:5:-1:-1:-1:-1:data:send
1564144785:2:5:54:75:-1:-1:-1:-1:-1:1:2:54:data:send
1564144787:2:5:-1:-1:-1:-1:-1:-1:-1:2:1:54:ack:recv
1564144813:3:2:55:75:1:-1:2:5:-1:-1:-1:-1:data:send
1564144813:2:5:55:75:-1:-1:-1:-1:-1:1:2:55:data:send
1564144815:2:5:-1:-1:-1:-1:-1:-1:-1:2:1:55:ack:recv
1564144841:3:2:56:75:1:-1:2:5:-1:-1:-1:-1:data:send
1564144841:2:5:56:75:-1:-1:-1:-1:-1:1:2:56:data:send
1564144843:2:5:-1:-1:-1:-1:-1:-1:-1:2:1:56:ack:recv
1564144869:3:2:57:75:1:-1:2:5:-1:-1:-1:-1:data:send
1564144869:2:5:57:75:-1:-1:-1:-1:-1:1:2:57:data:send
1564144877:2:5:57:75:-1:-1:-1:-1:-1:1:2:57:data:resend
1564144879:2:5:-1:-1:-1:-1:-1:-1:-1:2:1:57:ack:recv
1564144897:3:2:58:75:1:-1:2:5:-1:-1:-1:-1:data:send
1564144897:2:5:58:75:-1:-1:-1:-1:-1:1:2:58:data:send
1564144899:2:5:-1:-1:-1:-1:-1:-1:-1:2:1:58:ack:recv
1564144925:3:2:59:75:1:-1:2:5:-1:-1:-1:-1:data:send
1564144925:2:5:59:75:-1:-1:-1:-1:-1:1:2:59:data:send
1564144927:2:5:-1:-1:-1:-1:-1:-1:-1:2:1:59:ack:recv
1564144953:3:2:60:75:1:-1:2:5:-1:-1:-1:-1:data:send
1564144953:2:5:60:75:-1:-1:-1:-1:-1:1:2:60:data:send
1564144955:2:5:-1:-1:-1:-1:-1:-1:-1:2:1:60:ack:recv
1564144981:3:2:61:75:1:-1:2:5:-1:-1:-1:-1:data:send
1564144981:2:5:61:75:-1:-1:-1:-1:-1:1:2:61:data:send
1564144983:2:5:-1:-1:-1:-1:-1:-1:-1:2:1:61:ack:recv
1564145009:3:2:62:75:1:-1:2:5:-1:-1:-1:-1:data:send
1564145009:2:5:62:75:-1:-1:-1:-1:-1:1:2:62:data:send
1564145017:2:5:62:75:-1:-1:-1:-1:-1:1:2:62:data:resend
1564145019:2:5:-1:-1:-1:-1:-1:-1:-1:2:1:62:ack:recv
