=========================Fri Jul 26 20:13:53 2019
1564143273:2:5:0:75:-1:-1:-1:-1:-1:1:2:0:data:recv
1564143273:2:5:-1:-1:-1:-1:-1:-1:-1:2:1:0:ack:send
1564143273:3:2:0:75:1:-1:3:5:-1:-1:-1:-1:data:forward
1564143273:2:5:0:75:-1:-1:-1:-1:-1:2:3:0:data:send
1564143275:2:5:-1:-1:-1:-1:-1:-1:-1:3:2:0:ack:recv
1564143301:2:5:1:75:-1:-1:-1:-1:-1:1:2:1:data:recv
1564143301:2:5:-1:-1:-1:-1:-1:-1:-1:2:1:1:ack:send
1564143301:3:2:1:75:1:-1:3:5:-1:-1:-1:-1:data:forward
1564143301:2:5:1:75:-1:-1:-1:-1:-1:2:3:1:data:send
1564143313:2:5:1:75:-1:-1:-1:-1:-1:2:3:1:data:resend
1564143315:2:5:-1:-1:-1:-1:-1:-1:-1:3:2:1:ack:recv
1564143329:2:5:2:75:-1:-1:-1:-1:-1:1:2:2:data:recv
1564143329:2:5:-1:-1:-1:-1:-1:-1:-1:2:1:2:ack:send
1564143329:3:2:2:75:1:-1:3:5:-1:-1:-1:-1:data:forward
1564143329:2:5:2:75:-1:-1:-1:-1:-1:2:3:2:data:send
1564143332:2:5:-1:-1:-1:-1:-1:-1:-1:3:2:2:ack:recv
1564143367:2:5:3:75:-1:-1:-1:-1:-1:1:2:3:data:recv
1564143367:2:5:-1:-1:-1:-1:-1:-1:-1:2:1:3:ack:send
1564143367:3:2:3:75:1:-1:3:5:-1:-1:-1:-1:data:forward
1564143367:2:5:3:75:-1:-1:-1:-1:-1:2:3:3:data:send
1564143370:2:5:-1:-1:-1:-1:-1:-1:-1:3:2:3:ack:recv
1564143385:2:5:4:75:-1:-1:-1:-1:-1:1:2:4:data:recv
1564143385:2:5:-1:-1:-1:-1:-1:-1:-1:2:1:4:ack:send
1564143385:3:2:4:75:1:-1:3:5:-1:-1:-1:-1:data:forward
1564143385:2:5:4:75:-1:-1:-1:-1:-1:2:3:4:data:send
1564143388:2:5:-1:-1:-1:-1:-1:-1:-1:3:2:4:ack:recv
1564143413:2:5:5:75:-1:-1:-1:-1:-1:1:2:5:data:recv
1564143413:2:5:-1:-1:-1:-1:-1:-1:-1:2:1:5:ack:send
1564143413:3:2:5:75:1:-1:3:5:-1:-1:-1:-1:data:forward
1564143413:2:5:5:75:-1:-1:-1:-1:-1:2:3:5:data:send
1564143416:2:5:-1:-1:-1:-1:-1:-1:-1:3:2:5:ack:recv
1564143451:2:5:6:75:-1:-1:-1:-1:-1:1:2:6:data:recv
1564143451:2:5:-1:-1:-1:-1:-1:-1:-1:2:1:6:ack:send
1564143451:3:2:6:75:1:-1:3:5:-1:-1:-1:-1:data:forward
1564143451:2:5:6:75:-1:-1:-1:-1:-1:2:3:6:data:send
1564143459:2:5:6:75:-1:-1:-1:-1:-1:2:3:6:data:resend
1564143462:2:5:-1:-1:-1:-1:-1:-1:-1:3:2:6:ack:recv
1564143469:2:5:7:75:-1:-1:-1:-1:-1:1:2:7:data:recv
1564143469:2:5:-1:-1:-1:-1:-1:-1:-1:2:1:7:ack:send
1564143469:3:2:7:75:1:-1:3:5:-1:-1:-1:-1:data:forward
1564143469:2:5:7:75:-1:-1:-1:-1:-1:2:3:7:data:send
1564143472:2:5:-1:-1:-1:-1:-1:-1:-1:3:2:7:ack:recv
1564143498:2:5:8:75:-1:-1:-1:-1:-1:1:2:8:data:recv
1564143498:2:5:-1:-1:-1:-1:-1:-1:-1:2:1:8:ack:send
1564143498:3:2:8:75:1:-1:3:5:-1:-1:-1:-1:data:forward
1564143498:2:5:8:75:-1:-1:-1:-1:-1:2:3:8:data:send
1564143500:2:5:-1:-1:-1:-1:-1:-1:-1:3:2:8:ack:recv
1564143526:2:5:9:75:-1:-1:-1:-1:-1:1:2:9:data:recv
1564143526:2:5:-1:-1:-1:-1:-1:-1:-1:2:1:9:ack:send
1564143526:3:2:9:75:1:-1:3:5:-1:-1:-1:-1:data:forward
1564143526:2:5:9:75:-1:-1:-1:-1:-1:2:3:9:data:send
1564143528:2:5:-1:-1:-1:-1:-1:-1:-1:3:2:9:ack:recv
1564143554:2:5:10:75:-1:-1:-1:-1:-1:1:2:10:data:recv
1564143554:2:5:-1:-1:-1:-1:-1:-1:-1:2:1:10:ack:send
1564143554:3:2:10:75:1:-1:3:5:-1:-1:-1:-1:data:forward
1564143554:2:5:10:75:-1:-1:-1:-1:-1:2:3:10:data:send
1564143556:2:5:-1:-1:-1:-1:-1:-1:-1:3:2:10:ack:recv
1564143582:2:5:11:75:-1:-1:-1:-1:-1:1:2:11:data:recv
1564143582:2:5:-1:-1:-1:-1:-1:-1:-1:2:1:11:ack:send
1564143582:3:2:11:75:1:-1:3:5:-1:-1:-1:-1:data:forward
1564143582:2:5:11:75:-1:-1:-1:-1:-1:2:3:11:data:send
1564143584:2:5:-1:-1:-1:-1:-1:-1:-1:3:2:11:ack:recv
1564143610:2:5:12:75:-1:-1:-1:-1:-1:1:2:12:data:recv
1564143610:2:5:-1:-1:-1:-1:-1:-1:-1:2:1:12:ack:send
1564143610:3:2:12:75:1:-1:3:5:-1:-1:-1:-1:data:forward
1564143610:2:5:12:75:-1:-1:-1:-1:-1:2:3:12:data:send
1564143622:2:5:12:75:-1:-1:-1:-1:-1:2:3:12:data:resend
1564143624:2:5:-1:-1:-1:-1:-1:-1:-1:3:2:12:ack:recv
1564143638:2:5:13:75:-1:-1:-1:-1:-1:1:2:13:data:recv
1564143638:2:5:-1:-1:-1:-1:-1:-1:-1:2:1:13:ack:send
1564143638:3:2:13:75:1:-1:3:5:-1:-1:-1:-1:data:forward
1564143638:2:5:13:75:-1:-1:-1:-1:-1:2:3:13:data:send
1564143640:2:5:-1:-1:-1:-1:-1:-1:-1:3:2:13:ack:recv
1564143666:2:5:14:75:-1:-1:-1:-1:-1:1:2:14:data:recv
1564143666:2:5:-1:-1:-1:-1:-1:-1:-1:2:1:14:ack:send
1564143666:3:2:14:75:1:-1:3:5:-1:-1:-1:-1:data:forward
1564143666:2:5:14:75:-1:-1:-1:-1:-1:2:3:14:data:send
1564143668:2:5:-1:-1:-1:-1:-1:-1:-1:3:2:14:ack:recv
1564143694:2:5:15:75:-1:-1:-1:-1:-1:1:2:15:data:recv
1564143694:2:5:-1:-1:-1:-1:-1:-1:-1:2:1:15:ack:send
1564143694:3:2:15:75:1:-1:3:5:-1:-1:-1:-1:data:forward
1564143694:2:5:15:75:-1:-1:-1:-1:-1:2:3:15:data:send
1564143696:2:5:-1:-1:-1:-1:-1:-1:-1:3:2:15:ack:recv
1564143722:2:5:16:75:-1:-1:-1:-1:-1:1:2:16:data:recv
1564143722:2:5:-1:-1:-1:-1:-1:-1:-1:2:1:16:ack:send
1564143722:3:2:16:75:1:-1:3:5:-1:-1:-1:-1:data:forward
1564143722:2:5:16:75:-1:-1:-1:-1:-1:2:3:16:data:send
1564143724:2:5:-1:-1:-1:-1:-1:-1:-1:3:2:16:ack:recv
1564143750:2:5:17:75:-1:-1:-1:-1:-1:1:2:17:data:recv
1564143750:2:5:-1:-1:-1:-1:-1:-1:-1:2:1:17:ack:send
1564143750:3:2:17:75:1:-1:3:5:-1:-1:-1:-1:data:forward
1564143750:2:5:17:75:-1:-1:-1:-1:-1:2:3:17:data:send
1564143752:2:5:-1:-1:-1:-1:-1:-1:-1:3:2:17:ack:recv
1564143778:2:5:18:75:-1:-1:-1:-1:-1:1:2:18:data:recv
1564143778:2:5:-1:-1:-1:-1:-1:-1:-1:2:1:18:ack:send
1564143778:3:2:18:75:1:-1:3:5:-1:-1:-1:-1:data:forward
1564143778:2:5:18:75:-1:-1:-1:-1:-1:2:3:18:data:send
1564143785:2:5:18:75:-1:-1:-1:-1:-1:2:3:18:data:resend
1564143787:2:5:-1:-1:-1:-1:-1:-1:-1:3:2:18:ack:recv
1564143806:2:5:19:75:-1:-1:-1:-1:-1:1:2:19:data:recv
1564143806:2:5:-1:-1:-1:-1:-1:-1:-1:2:1:19:ack:send
1564143806:3:2:19:75:1:-1:3:5:-1:-1:-1:-1:data:forward
1564143806:2:5:19:75:-1:-1:-1:-1:-1:2:3:19:data:send
1564143808:2:5:-1:-1:-1:-1:-1:-1:-1:3:2:19:ack:recv
1564143834:2:5:20:75:-1:-1:-1:-1:-1:1:2:20:data:recv
1564143834:2:5:-1:-1:-1:-1:-1:-1:-1:2:1:20:ack:send
1564143834:3:2:20:75:1:-1:3:5:-1:-1:-1:-1:data:forward
1564143834:2:5:20:75:-1:-1:-1:-1:-1:2:3:20:data:send
1564143836:2:5:-1:-1:-1:-1:-1:-1:-1:3:2:20:ack:recv
1564143862:2:5:21:75:-1:-1:-1:-1:-1:1:2:21:data:recv
1564143862:2:5:-1:-1:-1:-1:-1:-1:-1:2:1:21:ack:send
1564143862:3:2:21:75:1:-1:3:5:-1:-1:-1:-1:data:forward
1564143862:2:5:21:75:-1:-1:-1:-1:-1:2:3:21:data:send
1564143864:2:5:-1:-1:-1:-1:-1:-1:-1:3:2:21:ack:recv
1564143890:2:5:22:75:-1:-1:-1:-1:-1:1:2:22:data:recv
1564143890:2:5:-1:-1:-1:-1:-1:-1:-1:2:1:22:ack:send
1564143890:3:2:22:75:1:-1:3:5:-1:-1:-1:-1:data:forward
1564143890:2:5:22:75:-1:-1:-1:-1:-1:2:3:22:data:send
1564143892:2:5:-1:-1:-1:-1:-1:-1:-1:3:2:22:ack:recv
1564143918:2:5:23:75:-1:-1:-1:-1:-1:1:2:23:data:recv
1564143918:2:5:-1:-1:-1:-1:-1:-1:-1:2:1:23:ack:send
1564143918:3:2:23:75:1:-1:3:5:-1:-1:-1:-1:data:forward
1564143918:2:5:23:75:-1:-1:-1:-1:-1:2:3:23:data:send
1564143920:2:5:-1:-1:-1:-1:-1:-1:-1:3:2:23:ack:recv
1564143946:2:5:24:75:-1:-1:-1:-1:-1:1:2:24:data:recv
1564143946:2:5:-1:-1:-1:-1:-1:-1:-1:2:1:24:ack:send
1564143946:3:2:24:75:1:-1:3:5:-1:-1:-1:-1:data:forward
1564143946:2:5:24:75:-1:-1:-1:-1:-1:2:3:24:data:send
1564143948:2:5:-1:-1:-1:-1:-1:-1:-1:3:2:24:ack:recv
1564143974:2:5:25:75:-1:-1:-1:-1:-1:1:2:25:data:recv
1564143974:2:5:-1:-1:-1:-1:-1:-1:-1:2:1:25:ack:send
1564143974:3:2:25:75:1:-1:3:5:-1:-1:-1:-1:data:forward
1564143974:2:5:25:75:-1:-1:-1:-1:-1:2:3:25:data:send
1564143976:2:5:-1:-1:-1:-1:-1:-1:-1:3:2:25:ack:recv
1564144002:2:5:26:75:-1:-1:-1:-1:-1:1:2:26:data:recv
1564144002:2:5:-1:-1:-1:-1:-1:-1:-1:2:1:26:ack:send
1564144002:3:2:26:75:1:-1:3:5:-1:-1:-1:-1:data:forward
1564144002:2:5:26:75:-1:-1:-1:-1:-1:2:3:26:data:send
1564144004:2:5:-1:-1:-1:-1:-1:-1:-1:3:2:26:ack:recv
1564144030:2:5:27:75:-1:-1:-1:-1:-1:1:2:27:data:recv
1564144030:2:5:-1:-1:-1:-1:-1:-1:-1:2:1:27:ack:send
1564144030:3:2:27:75:1:-1:3:5:-1:-1:-1:-1:data:forward
1564144030:2:5:27:75:-1:-1:-1:-1:-1:2:3:27:data:send
1564144038:2:5:27:75:-1:-1:-1:-1:-1:2:3:27:data:resend
1564144040:2:5:-1:-1:-1:-1:-1:-1:-1:3:2:27:ack:recv
1564144058:2:5:28:75:-1:-1:-1:-1:-1:1:2:28:data:recv
1564144058:2:5:-1:-1:-1:-1:-1:-1:-1:2:1:28:ack:send
1564144058:3:2:28:75:1:-1:3:5:-1:-1:-1:-1:data:forward
1564144058:2:5:28:75:-1:-1:-1:-1:-1:2:3:28:data:send
1564144060:2:5:-1:-1:-1:-1:-1:-1:-1:3:2:28:ack:recv
1564144062:2:5:28:75:-1:-1:-1:-1:-1:1:2:28:data:recv
1564144062:2:5:-1:-1:-1:-1:-1:-1:-1:2:1:28:ack:send
1564144086:2:5:29:75:-1:-1:-1:-1:-1:1:2:29:data:recv
1564144086:2:5:-1:-1:-1:-1:-1:-1:-1:2:1:29:ack:send
1564144086:3:2:29:75:1:-1:3:5:-1:-1:-1:-1:data:forward
1564144086:2:5:29:75:-1:-1:-1:-1:-1:2:3:29:data:send
1564144088:2:5:-1:-1:-1:-1:-1:-1:-1:3:2:29:ack:recv
1564144114:2:5:30:75:-1:-1:-1:-1:-1:1:2:30:data:recv
1564144114:2:5:-1:-1:-1:-1:-1:-1:-1:2:1:30:ack:send
1564144114:3:2:30:75:1:-1:3:5:-1:-1:-1:-1:data:forward
1564144114:2:5:30:75:-1:-1:-1:-1:-1:2:3:30:data:send
1564144116:2:5:-1:-1:-1:-1:-1:-1:-1:3:2:30:ack:recv
1564144142:2:5:31:75:-1:-1:-1:-1:-1:1:2:31:data:recv
1564144142:2:5:-1:-1:-1:-1:-1:-1:-1:2:1:31:ack:send
1564144142:3:2:31:75:1:-1:3:5:-1:-1:-1:-1:data:forward
1564144142:2:5:31:75:-1:-1:-1:-1:-1:2:3:31:data:send
1564144149:2:5:31:75:-1:-1:-1:-1:-1:2:3:31:data:resend
1564144151:2:5:31:75:-1:-1:-1:-1:-1:1:2:31:data:recv
1564144151:2:5:-1:-1:-1:-1:-1:-1:-1:2:1:31:ack:send
1564144151:2:5:-1:-1:-1:-1:-1:-1:-1:3:2:31:ack:recv
1564144170:2:5:32:75:-1:-1:-1:-1:-1:1:2:32:data:recv
1564144170:2:5:-1:-1:-1:-1:-1:-1:-1:2:1:32:ack:send
1564144170:3:2:32:75:1:-1:3:5:-1:-1:-1:-1:data:forward
1564144170:2:5:32:75:-1:-1:-1:-1:-1:2:3:32:data:send
1564144172:2:5:-1:-1:-1:-1:-1:-1:-1:3:2:32:ack:recv
1564144198:2:5:33:75:-1:-1:-1:-1:-1:1:2:33:data:recv
1564144198:2:5:-1:-1:-1:-1:-1:-1:-1:2:1:33:ack:send
1564144198:3:2:33:75:1:-1:3:5:-1:-1:-1:-1:data:forward
1564144198:2:5:33:75:-1:-1:-1:-1:-1:2:3:33:data:send
1564144205:2:5:33:75:-1:-1:-1:-1:-1:2:3:33:data:resend
1564144207:2:5:-1:-1:-1:-1:-1:-1:-1:3:2:33:ack:recv
1564144226:2:5:34:75:-1:-1:-1:-1:-1:1:2:34:data:recv
1564144226:2:5:-1:-1:-1:-1:-1:-1:-1:2:1:34:ack:send
1564144226:3:2:34:75:1:-1:3:5:-1:-1:-1:-1:data:forward
1564144226:2:5:34:75:-1:-1:-1:-1:-1:2:3:34:data:send
1564144228:2:5:-1:-1:-1:-1:-1:-1:-1:3:2:34:ack:recv
1564144254:2:5:35:75:-1:-1:-1:-1:-1:1:2:35:data:recv
1564144254:2:5:-1:-1:-1:-1:-1:-1:-1:2:1:35:ack:send
1564144254:3:2:35:75:1:-1:3:5:-1:-1:-1:-1:data:forward
1564144254:2:5:35:75:-1:-1:-1:-1:-1:2:3:35:data:send
1564144256:2:5:-1:-1:-1:-1:-1:-1:-1:3:2:35:ack:recv
1564144282:2:5:36:75:-1:-1:-1:-1:-1:1:2:36:data:recv
1564144282:2:5:-1:-1:-1:-1:-1:-1:-1:2:1:36:ack:send
1564144282:3:2:36:75:1:-1:3:5:-1:-1:-1:-1:data:forward
1564144282:2:5:36:75:-1:-1:-1:-1:-1:2:3:36:data:send
1564144291:2:5:36:75:-1:-1:-1:-1:-1:1:2:36:data:recv
1564144291:2:5:-1:-1:-1:-1:-1:-1:-1:2:1:36:ack:send
1564144295:2:5:36:75:-1:-1:-1:-1:-1:2:3:36:data:resend
1564144303:2:5:36:75:-1:-1:-1:-1:-1:2:3:36:data:resend
1564144305:2:5:-1:-1:-1:-1:-1:-1:-1:3:2:36:ack:recv
1564144310:2:5:37:74:-1:-1:-1:-1:-1:1:2:37:data:recv
1564144310:2:5:-1:-1:-1:-1:-1:-1:-1:2:1:37:ack:send
1564144310:3:2:37:74:1:-1:3:5:-1:-1:-1:-1:data:forward
1564144310:2:5:37:74:-1:-1:-1:-1:-1:2:3:37:data:send
1564144312:2:5:-1:-1:-1:-1:-1:-1:-1:3:2:37:ack:recv
1564144351:2:5:38:75:-1:-1:-1:-1:-1:1:2:38:data:recv
1564144351:2:5:-1:-1:-1:-1:-1:-1:-1:2:1:38:ack:send
1564144351:3:2:38:75:1:-1:3:5:-1:-1:-1:-1:data:forward
1564144351:2:5:38:75:-1:-1:-1:-1:-1:2:3:38:data:send
1564144353:2:5:-1:-1:-1:-1:-1:-1:-1:3:2:38:ack:recv
1564144366:2:5:39:75:-1:-1:-1:-1:-1:1:2:39:data:recv
1564144366:2:5:-1:-1:-1:-1:-1:-1:-1:2:1:39:ack:send
1564144366:3:2:39:75:1:-1:3:5:-1:-1:-1:-1:data:forward
1564144366:2:5:39:75:-1:-1:-1:-1:-1:2:3:39:data:send
1564144368:2:5:-1:-1:-1:-1:-1:-1:-1:3:2:39:ack:recv
1564144394:2:5:40:75:-1:-1:-1:-1:-1:1:2:40:data:recv
1564144394:2:5:-1:-1:-1:-1:-1:-1:-1:2:1:40:ack:send
1564144394:3:2:40:75:1:-1:3:5:-1:-1:-1:-1:data:forward
1564144394:2:5:40:75:-1:-1:-1:-1:-1:2:3:40:data:send
1564144396:2:5:-1:-1:-1:-1:-1:-1:-1:3:2:40:ack:recv
1564144422:2:5:41:75:-1:-1:-1:-1:-1:1:2:41:data:recv
1564144422:2:5:-1:-1:-1:-1:-1:-1:-1:2:1:41:ack:send
1564144422:3:2:41:75:1:-1:3:5:-1:-1:-1:-1:data:forward
1564144422:2:5:41:75:-1:-1:-1:-1:-1:2:3:41:data:send
1564144424:2:5:-1:-1:-1:-1:-1:-1:-1:3:2:41:ack:recv
1564144450:2:5:42:75:-1:-1:-1:-1:-1:1:2:42:data:recv
1564144450:2:5:-1:-1:-1:-1:-1:-1:-1:2:1:42:ack:send
1564144450:3:2:42:75:1:-1:3:5:-1:-1:-1:-1:data:forward
1564144450:2:5:42:75:-1:-1:-1:-1:-1:2:3:42:data:send
1564144453:2:5:-1:-1:-1:-1:-1:-1:-1:3:2:42:ack:recv
1564144478:2:5:43:75:-1:-1:-1:-1:-1:1:2:43:data:recv
1564144478:2:5:-1:-1:-1:-1:-1:-1:-1:2:1:43:ack:send
1564144478:3:2:43:75:1:-1:3:5:-1:-1:-1:-1:data:forward
1564144478:2:5:43:75:-1:-1:-1:-1:-1:2:3:43:data:send
1564144481:2:5:-1:-1:-1:-1:-1:-1:-1:3:2:43:ack:recv
1564144506:2:5:44:75:-1:-1:-1:-1:-1:1:2:44:data:recv
1564144506:2:5:-1:-1:-1:-1:-1:-1:-1:2:1:44:ack:send
1564144506:3:2:44:75:1:-1:3:5:-1:-1:-1:-1:data:forward
1564144506:2:5:44:75:-1:-1:-1:-1:-1:2:3:44:data:send
1564144509:2:5:-1:-1:-1:-1:-1:-1:-1:3:2:44:ack:recv
1564144539:2:5:45:75:-1:-1:-1:-1:-1:1:2:45:data:recv
1564144539:2:5:-1:-1:-1:-1:-1:-1:-1:2:1:45:ack:send
1564144539:3:2:45:75:1:-1:3:5:-1:-1:-1:-1:data:forward
1564144539:2:5:45:75:-1:-1:-1:-1:-1:2:3:45:data:send
1564144542:2:5:-1:-1:-1:-1:-1:-1:-1:3:2:45:ack:recv
1564144562:2:5:46:75:-1:-1:-1:-1:-1:1:2:46:data:recv
1564144562:2:5:-1:-1:-1:-1:-1:-1:-1:2:1:46:ack:send
1564144562:3:2:46:75:1:-1:3:5:-1:-1:-1:-1:data:forward
1564144562:2:5:46:75:-1:-1:-1:-1:-1:2:3:46:data:send
1564144565:2:5:-1:-1:-1:-1:-1:-1:-1:3:2:46:ack:recv
1564144590:2:5:47:75:-1:-1:-1:-1:-1:1:2:47:data:recv
1564144590:2:5:-1:-1:-1:-1:-1:-1:-1:2:1:47:ack:send
1564144590:3:2:47:75:1:-1:3:5:-1:-1:-1:-1:data:forward
1564144590:2:5:47:75:-1:-1:-1:-1:-1:2:3:47:data:send
1564144597:2:5:47:75:-1:-1:-1:-1:-1:2:3:47:data:resend
1564144604:2:5:47:75:-1:-1:-1:-1:-1:2:3:47:data:resend
1564144607:2:5:-1:-1:-1:-1:-1:-1:-1:3:2:47:ack:recv
1564144619:2:5:48:75:-1:-1:-1:-1:-1:1:2:48:data:recv
1564144619:2:5:-1:-1:-1:-1:-1:-1:-1:2:1:48:ack:send
1564144619:3:2:48:75:1:-1:3:5:-1:-1:-1:-1:data:forward
1564144619:2:5:48:75:-1:-1:-1:-1:-1:2:3:48:data:send
1564144621:2:5:-1:-1:-1:-1:-1:-1:-1:3:2:48:ack:recv
1564144647:2:5:49:75:-1:-1:-1:-1:-1:1:2:49:data:recv
1564144647:2:5:-1:-1:-1:-1:-1:-1:-1:2:1:49:ack:send
1564144647:3:2:49:75:1:-1:3:5:-1:-1:-1:-1:data:forward
1564144647:2:5:49:75:-1:-1:-1:-1:-1:2:3:49:data:send
1564144649:2:5:-1:-1:-1:-1:-1:-1:-1:3:2:49:ack:recv
1564144675:2:5:50:75:-1:-1:-1:-1:-1:1:2:50:data:recv
1564144675:2:5:-1:-1:-1:-1:-1:-1:-1:2:1:50:ack:send
1564144675:3:2:50:75:1:-1:3:5:-1:-1:-1:-1:data:forward
1564144675:2:5:50:75:-1:-1:-1:-1:-1:2:3:50:data:send
1564144677:2:5:-1:-1:-1:-1:-1:-1:-1:3:2:50:ack:recv
1564144703:2:5:51:75:-1:-1:-1:-1:-1:1:2:51:data:recv
1564144703:2:5:-1:-1:-1:-1:-1:-1:-1:2:1:51:ack:send
1564144703:3:2:51:75:1:-1:3:5:-1:-1:-1:-1:data:forward
1564144703:2:5:51:75:-1:-1:-1:-1:-1:2:3:51:data:send
1564144705:2:5:-1:-1:-1:-1:-1:-1:-1:3:2:51:ack:recv
1564144731:2:5:52:75:-1:-1:-1:-1:-1:1:2:52:data:recv
1564144731:2:5:-1:-1:-1:-1:-1:-1:-1:2:1:52:ack:send
1564144731:3:2:52:75:1:-1:3:5:-1:-1:-1:-1:data:forward
1564144731:2:5:52:75:-1:-1:-1:-1:-1:2:3:52:data:send
1564144742:2:5:52:75:-1:-1:-1:-1:-1:2:3:52:data:resend
1564144744:2:5:-1:-1:-1:-1:-1:-1:-1:3:2:52:ack:recv
1564144759:2:5:53:75:-1:-1:-1:-1:-1:1:2:53:data:recv
1564144759:2:5:-1:-1:-1:-1:-1:-1:-1:2:1:53:ack:send
1564144759:3:2:53:75:1:-1:3:5:-1:-1:-1:-1:data:forward
1564144759:2:5:53:75:-1:-1:-1:-1:-1:2:3:53:data:send
1564144761:2:5:-1:-1:-1:-1:-1:-1:-1:3:2:53:ack:recv
1564144768:2:5:53:75:-1:-1:-1:-1:-1:1:2:53:data:recv
1564144768:2:5:-1:-1:-1:-1:-1:-1:-1:2:1:53:ack:send
1564144787:2:5:54:75:-1:-1:-1:-1:-1:1:2:54:data:recv
1564144787:2:5:-1:-1:-1:-1:-1:-1:-1:2:1:54:ack:send
1564144787:3:2:54:75:1:-1:3:5:-1:-1:-1:-1:data:forward
1564144787:2:5:54:75:-1:-1:-1:-1:-1:2:3:54:data:send
1564144789:2:5:-1:-1:-1:-1:-1:-1:-1:3:2:54:ack:recv
1564144815:2:5:55:75:-1:-1:-1:-1:-1:1:2:55:data:recv
1564144815:2:5:-1:-1:-1:-1:-1:-1:-1:2:1:55:ack:send
1564144815:3:2:55:75:1:-1:3:5:-1:-1:-1:-1:data:forward
1564144815:2:5:55:75:-1:-1:-1:-1:-1:2:3:55:data:send
1564144817:2:5:-1:-1:-1:-1:-1:-1:-1:3:2:55:ack:recv
1564144843:2:5:56:75:-1:-1:-1:-1:-1:1:2:56:data:recv
1564144843:2:5:-1:-1:-1:-1:-1:-1:-1:2:1:56:ack:send
1564144843:3:2:56:75:1:-1:3:5:-1:-1:-1:-1:data:forward
1564144843:2:5:56:75:-1:-1:-1:-1:-1:2:3:56:data:send
1564144845:2:5:-1:-1:-1:-1:-1:-1:-1:3:2:56:ack:recv
1564144879:2:5:57:75:-1:-1:-1:-1:-1:1:2:57:data:recv
1564144879:2:5:-1:-1:-1:-1:-1:-1:-1:2:1:57:ack:send
1564144879:3:2:57:75:1:-1:3:5:-1:-1:-1:-1:data:forward
1564144879:2:5:57:75:-1:-1:-1:-1:-1:2:3:57:data:send
1564144881:2:5:-1:-1:-1:-1:-1:-1:-1:3:2:57:ack:recv
1564144899:2:5:58:75:-1:-1:-1:-1:-1:1:2:58:data:recv
1564144899:2:5:-1:-1:-1:-1:-1:-1:-1:2:1:58:ack:send
1564144899:3:2:58:75:1:-1:3:5:-1:-1:-1:-1:data:forward
1564144899:2:5:58:75:-1:-1:-1:-1:-1:2:3:58:data:send
1564144901:2:5:-1:-1:-1:-1:-1:-1:-1:3:2:58:ack:recv
1564144927:2:5:59:75:-1:-1:-1:-1:-1:1:2:59:data:recv
1564144927:2:5:-1:-1:-1:-1:-1:-1:-1:2:1:59:ack:send
1564144927:3:2:59:75:1:-1:3:5:-1:-1:-1:-1:data:forward
1564144927:2:5:59:75:-1:-1:-1:-1:-1:2:3:59:data:send
1564144929:2:5:-1:-1:-1:-1:-1:-1:-1:3:2:59:ack:recv
1564144955:2:5:60:75:-1:-1:-1:-1:-1:1:2:60:data:recv
1564144955:2:5:-1:-1:-1:-1:-1:-1:-1:2:1:60:ack:send
1564144955:3:2:60:75:1:-1:3:5:-1:-1:-1:-1:data:forward
1564144955:2:5:60:75:-1:-1:-1:-1:-1:2:3:60:data:send
1564144957:2:5:-1:-1:-1:-1:-1:-1:-1:3:2:60:ack:recv
1564144983:2:5:61:75:-1:-1:-1:-1:-1:1:2:61:data:recv
1564144983:2:5:-1:-1:-1:-1:-1:-1:-1:2:1:61:ack:send
1564144983:3:2:61:75:1:-1:3:5:-1:-1:-1:-1:data:forward
1564144983:2:5:61:75:-1:-1:-1:-1:-1:2:3:61:data:send
1564144985:2:5:-1:-1:-1:-1:-1:-1:-1:3:2:61:ack:recv
1564145011:2:5:62:75:-1:-1:-1:-1:-1:1:2:62:data:recv
1564145011:2:5:-1:-1:-1:-1:-1:-1:-1:2:1:62:ack:send
1564145011:3:2:62:75:1:-1:3:5:-1:-1:-1:-1:data:forward
1564145011:2:5:62:75:-1:-1:-1:-1:-1:2:3:62:data:send
1564145013:2:5:-1:-1:-1:-1:-1:-1:-1:3:2:62:ack:recv
1564145019:2:5:62:75:-1:-1:-1:-1:-1:1:2:62:data:recv
1564145019:2:5:-1:-1:-1:-1:-1:-1:-1:2:1:62:ack:send
