=========================Fri Jul 26 20:13:54 2019
1564143275:2:5:0:75:-1:-1:-1:-1:-1:2:3:0:data:recv
1564143275:2:5:-1:-1:-1:-1:-1:-1:-1:3:2:0:ack:send
1564143275:3:2:0:75:1:-1:4:5:-1:-1:-1:-1:data:forward
1564143275:2:5:0:75:-1:-1:-1:-1:-1:3:4:0:data:send
1564143277:2:5:-1:-1:-1:-1:-1:-1:-1:4:3:0:ack:recv
1564143303:2:5:1:75:-1:-1:-1:-1:-1:2:3:1:data:recv
1564143303:2:5:-1:-1:-1:-1:-1:-1:-1:3:2:1:ack:send
1564143303:3:2:1:75:1:-1:4:5:-1:-1:-1:-1:data:forward
1564143303:2:5:1:75:-1:-1:-1:-1:-1:3:4:1:data:send
1564143310:2:5:1:75:-1:-1:-1:-1:-1:3:4:1:data:resend
1564143312:2:5:-1:-1:-1:-1:-1:-1:-1:4:3:1:ack:recv
1564143315:2:5:1:75:-1:-1:-1:-1:-1:2:3:1:data:recv
1564143315:2:5:-1:-1:-1:-1:-1:-1:-1:3:2:1:ack:send
1564143331:2:5:2:75:-1:-1:-1:-1:-1:2:3:2:data:recv
1564143331:2:5:-1:-1:-1:-1:-1:-1:-1:3:2:2:ack:send
1564143331:3:2:2:75:1:-1:4:5:-1:-1:-1:-1:data:forward
1564143331:2:5:2:75:-1:-1:-1:-1:-1:3:4:2:data:send
1564143333:2:5:-1:-1:-1:-1:-1:-1:-1:4:3:2:ack:recv
1564143369:2:5:3:75:-1:-1:-1:-1:-1:2:3:3:data:recv
1564143369:2:5:-1:-1:-1:-1:-1:-1:-1:3:2:3:ack:send
1564143369:3:2:3:75:1:-1:4:5:-1:-1:-1:-1:data:forward
1564143369:2:5:3:75:-1:-1:-1:-1:-1:3:4:3:data:send
1564143371:2:5:-1:-1:-1:-1:-1:-1:-1:4:3:3:ack:recv
1564143387:2:5:4:75:-1:-1:-1:-1:-1:2:3:4:data:recv
1564143387:2:5:-1:-1:-1:-1:-1:-1:-1:3:2:4:ack:send
1564143387:3:2:4:75:1:-1:4:5:-1:-1:-1:-1:data:forward
1564143387:2:5:4:75:-1:-1:-1:-1:-1:3:4:4:data:send
1564143389:2:5:-1:-1:-1:-1:-1:-1:-1:4:3:4:ack:recv
1564143415:2:5:5:75:-1:-1:-1:-1:-1:2:3:5:data:recv
1564143415:2:5:-1:-1:-1:-1:-1:-1:-1:3:2:5:ack:send
1564143415:3:2:5:75:1:-1:4:5:-1:-1:-1:-1:data:forward
1564143415:2:5:5:75:-1:-1:-1:-1:-1:3:4:5:data:send
1564143417:2:5:-1:-1:-1:-1:-1:-1:-1:4:3:5:ack:recv
1564143461:2:5:6:75:-1:-1:-1:-1:-1:2:3:6:data:recv
1564143461:2:5:-1:-1:-1:-1:-1:-1:-1:3:2:6:ack:send
1564143461:3:2:6:75:1:-1:4:5:-1:-1:-1:-1:data:forward
1564143461:2:5:6:75:-1:-1:-1:-1:-1:3:4:6:data:send
1564143463:2:5:-1:-1:-1:-1:-1:-1:-1:4:3:6:ack:recv
1564143471:2:5:7:75:-1:-1:-1:-1:-1:2:3:7:data:recv
1564143471:2:5:-1:-1:-1:-1:-1:-1:-1:3:2:7:ack:send
1564143471:3:2:7:75:1:-1:4:5:-1:-1:-1:-1:data:forward
1564143471:2:5:7:75:-1:-1:-1:-1:-1:3:4:7:data:send
1564143473:2:5:-1:-1:-1:-1:-1:-1:-1:4:3:7:ack:recv
1564143499:2:5:8:75:-1:-1:-1:-1:-1:2:3:8:data:recv
1564143499:2:5:-1:-1:-1:-1:-1:-1:-1:3:2:8:ack:send
1564143499:3:2:8:75:1:-1:4:5:-1:-1:-1:-1:data:forward
1564143499:2:5:8:75:-1:-1:-1:-1:-1:3:4:8:data:send
1564143501:2:5:-1:-1:-1:-1:-1:-1:-1:4:3:8:ack:recv
1564143527:2:5:9:75:-1:-1:-1:-1:-1:2:3:9:data:recv
1564143527:2:5:-1:-1:-1:-1:-1:-1:-1:3:2:9:ack:send
1564143527:3:2:9:75:1:-1:4:5:-1:-1:-1:-1:data:forward
1564143527:2:5:9:75:-1:-1:-1:-1:-1:3:4:9:data:send
1564143540:2:5:9:75:-1:-1:-1:-1:-1:3:4:9:data:resend
1564143542:2:5:-1:-1:-1:-1:-1:-1:-1:4:3:9:ack:recv
1564143555:2:5:10:75:-1:-1:-1:-1:-1:2:3:10:data:recv
1564143555:2:5:-1:-1:-1:-1:-1:-1:-1:3:2:10:ack:send
1564143555:3:2:10:75:1:-1:4:5:-1:-1:-1:-1:data:forward
1564143555:2:5:10:75:-1:-1:-1:-1:-1:3:4:10:data:send
1564143557:2:5:-1:-1:-1:-1:-1:-1:-1:4:3:10:ack:recv
1564143583:2:5:11:75:-1:-1:-1:-1:-1:2:3:11:data:recv
1564143583:2:5:-1:-1:-1:-1:-1:-1:-1:3:2:11:ack:send
1564143583:3:2:11:75:1:-1:4:5:-1:-1:-1:-1:data:forward
1564143583:2:5:11:75:-1:-1:-1:-1:-1:3:4:11:data:send
1564143585:2:5:-1:-1:-1:-1:-1:-1:-1:4:3:11:ack:recv
1564143623:2:5:12:75:-1:-1:-1:-1:-1:2:3:12:data:recv
1564143623:2:5:-1:-1:-1:-1:-1:-1:-1:3:2:12:ack:send
1564143623:3:2:12:75:1:-1:4:5:-1:-1:-1:-1:data:forward
1564143623:2:5:12:75:-1:-1:-1:-1:-1:3:4:12:data:send
1564143625:2:5:-1:-1:-1:-1:-1:-1:-1:4:3:12:ack:recv
1564143639:2:5:13:75:-1:-1:-1:-1:-1:2:3:13:data:recv
1564143639:2:5:-1:-1:-1:-1:-1:-1:-1:3:2:13:ack:send
1564143639:3:2:13:75:1:-1:4:5:-1:-1:-1:-1:data:forward
1564143639:2:5:13:75:-1:-1:-1:-1:-1:3:4:13:data:send
1564143641:2:5:-1:-1:-1:-1:-1:-1:-1:4:3:13:ack:recv
1564143667:2:5:14:75:-1:-1:-1:-1:-1:2:3:14:data:recv
1564143667:2:5:-1:-1:-1:-1:-1:-1:-1:3:2:14:ack:send
1564143667:3:2:14:75:1:-1:4:5:-1:-1:-1:-1:data:forward
1564143667:2:5:14:75:-1:-1:-1:-1:-1:3:4:14:data:send
1564143669:2:5:-1:-1:-1:-1:-1:-1:-1:4:3:14:ack:recv
1564143695:2:5:15:75:-1:-1:-1:-1:-1:2:3:15:data:recv
1564143695:2:5:-1:-1:-1:-1:-1:-1:-1:3:2:15:ack:send
1564143695:3:2:15:75:1:-1:4:5:-1:-1:-1:-1:data:forward
1564143695:2:5:15:75:-1:-1:-1:-1:-1:3:4:15:data:send
1564143697:2:5:-1:-1:-1:-1:-1:-1:-1:4:3:15:ack:recv
1564143723:2:5:16:75:-1:-1:-1:-1:-1:2:3:16:data:recv
1564143723:2:5:-1:-1:-1:-1:-1:-1:-1:3:2:16:ack:send
1564143723:3:2:16:75:1:-1:4:5:-1:-1:-1:-1:data:forward
1564143723:2:5:16:75:-1:-1:-1:-1:-1:3:4:16:data:send
1564143725:2:5:-1:-1:-1:-1:-1:-1:-1:4:3:16:ack:recv
1564143751:2:5:17:75:-1:-1:-1:-1:-1:2:3:17:data:recv
1564143751:2:5:-1:-1:-1:-1:-1:-1:-1:3:2:17:ack:send
1564143751:3:2:17:75:1:-1:4:5:-1:-1:-1:-1:data:forward
1564143751:2:5:17:75:-1:-1:-1:-1:-1:3:4:17:data:send
1564143753:2:5:-1:-1:-1:-1:-1:-1:-1:4:3:17:ack:recv
1564143786:2:5:18:75:-1:-1:-1:-1:-1:2:3:18:data:recv
1564143786:2:5:-1:-1:-1:-1:-1:-1:-1:3:2:18:ack:send
1564143786:3:2:18:75:1:-1:4:5:-1:-1:-1:-1:data:forward
1564143786:2:5:18:75:-1:-1:-1:-1:-1:3:4:18:data:send
1564143788:2:5:-1:-1:-1:-1:-1:-1:-1:4:3:18:ack:recv
1564143807:2:5:19:75:-1:-1:-1:-1:-1:2:3:19:data:recv
1564143807:2:5:-1:-1:-1:-1:-1:-1:-1:3:2:19:ack:send
1564143807:3:2:19:75:1:-1:4:5:-1:-1:-1:-1:data:forward
1564143807:2:5:19:75:-1:-1:-1:-1:-1:3:4:19:data:send
1564143809:2:5:-1:-1:-1:-1:-1:-1:-1:4:3:19:ack:recv
1564143835:2:5:20:75:-1:-1:-1:-1:-1:2:3:20:data:recv
1564143835:2:5:-1:-1:-1:-1:-1:-1:-1:3:2:20:ack:send
1564143835:3:2:20:75:1:-1:4:5:-1:-1:-1:-1:data:forward
1564143835:2:5:20:75:-1:-1:-1:-1:-1:3:4:20:data:send
1564143843:2:5:20:75:-1:-1:-1:-1:-1:3:4:20:data:resend
1564143845:2:5:-1:-1:-1:-1:-1:-1:-1:4:3:20:ack:recv
1564143863:2:5:21:75:-1:-1:-1:-1:-1:2:3:21:data:recv
1564143863:2:5:-1:-1:-1:-1:-1:-1:-1:3:2:21:ack:send
1564143863:3:2:21:75:1:-1:4:5:-1:-1:-1:-1:data:forward
1564143863:2:5:21:75:-1:-1:-1:-1:-1:3:4:21:data:send
1564143869:2:5:21:75:-1:-1:-1:-1:-1:3:4:21:data:resend
1564143871:2:5:-1:-1:-1:-1:-1:-1:-1:4:3:21:ack:recv
1564143891:2:5:22:75:-1:-1:-1:-1:-1:2:3:22:data:recv
1564143891:2:5:-1:-1:-1:-1:-1:-1:-1:3:2:22:ack:send
1564143891:3:2:22:75:1:-1:4:5:-1:-1:-1:-1:data:forward
1564143891:2:5:22:75:-1:-1:-1:-1:-1:3:4:22:data:send
1564143894:2:5:-1:-1:-1:-1:-1:-1:-1:4:3:22:ack:recv
1564143919:2:5:23:75:-1:-1:-1:-1:-1:2:3:23:data:recv
1564143919:2:5:-1:-1:-1:-1:-1:-1:-1:3:2:23:ack:send
1564143919:3:2:23:75:1:-1:4:5:-1:-1:-1:-1:data:forward
1564143919:2:5:23:75:-1:-1:-1:-1:-1:3:4:23:data:send
1564143922:2:5:-1:-1:-1:-1:-1:-1:-1:4:3:23:ack:recv
1564143947:2:5:24:75:-1:-1:-1:-1:-1:2:3:24:data:recv
1564143947:2:5:-1:-1:-1:-1:-1:-1:-1:3:2:24:ack:send
1564143947:3:2:24:75:1:-1:4:5:-1:-1:-1:-1:data:forward
1564143947:2:5:24:75:-1:-1:-1:-1:-1:3:4:24:data:send
1564143950:2:5:-1:-1:-1:-1:-1:-1:-1:4:3:24:ack:recv
1564143975:2:5:25:75:-1:-1:-1:-1:-1:2:3:25:data:recv
1564143975:2:5:-1:-1:-1:-1:-1:-1:-1:3:2:25:ack:send
1564143975:3:2:25:75:1:-1:4:5:-1:-1:-1:-1:data:forward
1564143975:2:5:25:75:-1:-1:-1:-1:-1:3:4:25:data:send
1564143978:2:5:-1:-1:-1:-1:-1:-1:-1:4:3:25:ack:recv
1564144003:2:5:26:75:-1:-1:-1:-1:-1:2:3:26:data:recv
1564144003:2:5:-1:-1:-1:-1:-1:-1:-1:3:2:26:ack:send
1564144003:3:2:26:75:1:-1:4:5:-1:-1:-1:-1:data:forward
1564144003:2:5:26:75:-1:-1:-1:-1:-1:3:4:26:data:send
1564144006:2:5:-1:-1:-1:-1:-1:-1:-1:4:3:26:ack:recv
1564144031:2:5:27:75:-1:-1:-1:-1:-1:2:3:27:data:recv
1564144031:2:5:-1:-1:-1:-1:-1:-1:-1:3:2:27:ack:send
1564144031:3:2:27:75:1:-1:4:5:-1:-1:-1:-1:data:forward
1564144031:2:5:27:75:-1:-1:-1:-1:-1:3:4:27:data:send
1564144034:2:5:-1:-1:-1:-1:-1:-1:-1:4:3:27:ack:recv
1564144039:2:5:27:75:-1:-1:-1:-1:-1:2:3:27:data:recv
1564144039:2:5:-1:-1:-1:-1:-1:-1:-1:3:2:27:ack:send
1564144060:2:5:28:75:-1:-1:-1:-1:-1:2:3:28:data:recv
1564144060:2:5:-1:-1:-1:-1:-1:-1:-1:3:2:28:ack:send
1564144060:3:2:28:75:1:-1:4:5:-1:-1:-1:-1:data:forward
1564144060:2:5:28:75:-1:-1:-1:-1:-1:3:4:28:data:send
1564144062:2:5:-1:-1:-1:-1:-1:-1:-1:4:3:28:ack:recv
1564144088:2:5:29:75:-1:-1:-1:-1:-1:2:3:29:data:recv
1564144088:2:5:-1:-1:-1:-1:-1:-1:-1:3:2:29:ack:send
1564144088:3:2:29:75:1:-1:4:5:-1:-1:-1:-1:data:forward
1564144088:2:5:29:75:-1:-1:-1:-1:-1:3:4:29:data:send
1564144090:2:5:-1:-1:-1:-1:-1:-1:-1:4:3:29:ack:recv
1564144116:2:5:30:75:-1:-1:-1:-1:-1:2:3:30:data:recv
1564144116:2:5:-1:-1:-1:-1:-1:-1:-1:3:2:30:ack:send
1564144116:3:2:30:75:1:-1:4:5:-1:-1:-1:-1:data:forward
1564144116:2:5:30:75:-1:-1:-1:-1:-1:3:4:30:data:send
1564144118:2:5:-1:-1:-1:-1:-1:-1:-1:4:3:30:ack:recv
1564144144:2:5:31:75:-1:-1:-1:-1:-1:2:3:31:data:recv
1564144144:2:5:-1:-1:-1:-1:-1:-1:-1:3:2:31:ack:send
1564144144:3:2:31:75:1:-1:4:5:-1:-1:-1:-1:data:forward
1564144144:2:5:31:75:-1:-1:-1:-1:-1:3:4:31:data:send
1564144146:2:5:-1:-1:-1:-1:-1:-1:-1:4:3:31:ack:recv
1564144151:2:5:31:75:-1:-1:-1:-1:-1:2:3:31:data:recv
1564144151:2:5:-1:-1:-1:-1:-1:-1:-1:3:2:31:ack:send
1564144172:2:5:32:75:-1:-1:-1:-1:-1:2:3:32:data:recv
1564144172:2:5:-1:-1:-1:-1:-1:-1:-1:3:2:32:ack:send
1564144172:3:2:32:75:1:-1:4:5:-1:-1:-1:-1:data:forward
1564144172:2:5:32:75:-1:-1:-1:-1:-1:3:4:32:data:send
1564144174:2:5:-1:-1:-1:-1:-1:-1:-1:4:3:32:ack:recv
1564144207:2:5:33:75:-1:-1:-1:-1:-1:2:3:33:data:recv
1564144207:2:5:-1:-1:-1:-1:-1:-1:-1:3:2:33:ack:send
1564144207:3:2:33:75:1:-1:4:5:-1:-1:-1:-1:data:forward
1564144207:2:5:33:75:-1:-1:-1:-1:-1:3:4:33:data:send
1564144209:2:5:-1:-1:-1:-1:-1:-1:-1:4:3:33:ack:recv
1564144228:2:5:34:75:-1:-1:-1:-1:-1:2:3:34:data:recv
1564144228:2:5:-1:-1:-1:-1:-1:-1:-1:3:2:34:ack:send
1564144228:3:2:34:75:1:-1:4:5:-1:-1:-1:-1:data:forward
1564144228:2:5:34:75:-1:-1:-1:-1:-1:3:4:34:data:send
1564144230:2:5:-1:-1:-1:-1:-1:-1:-1:4:3:34:ack:recv
1564144256:2:5:35:75:-1:-1:-1:-1:-1:2:3:35:data:recv
1564144256:2:5:-1:-1:-1:-1:-1:-1:-1:3:2:35:ack:send
1564144256:3:2:35:75:1:-1:4:5:-1:-1:-1:-1:data:forward
1564144256:2:5:35:75:-1:-1:-1:-1:-1:3:4:35:data:send
1564144260:2:5:35:75:-1:-1:-1:-1:-1:3:4:35:data:resend
1564144262:2:5:-1:-1:-1:-1:-1:-1:-1:4:3:35:ack:recv
1564144284:2:5:36:75:-1:-1:-1:-1:-1:2:3:36:data:recv
1564144284:2:5:-1:-1:-1:-1:-1:-1:-1:3:2:36:ack:send
1564144284:3:2:36:75:1:-1:4:5:-1:-1:-1:-1:data:forward
1564144284:2:5:36:75:-1:-1:-1:-1:-1:3:4:36:data:send
1564144286:2:5:-1:-1:-1:-1:-1:-1:-1:4:3:36:ack:recv
1564144305:2:5:36:75:-1:-1:-1:-1:-1:2:3:36:data:recv
1564144305:2:5:-1:-1:-1:-1:-1:-1:-1:3:2:36:ack:send
1564144312:2:5:37:74:-1:-1:-1:-1:-1:2:3:37:data:recv
1564144312:2:5:-1:-1:-1:-1:-1:-1:-1:3:2:37:ack:send
1564144312:3:2:37:74:1:-1:4:5:-1:-1:-1:-1:data:forward
1564144312:2:5:37:74:-1:-1:-1:-1:-1:3:4:37:data:send
1564144314:2:5:-1:-1:-1:-1:-1:-1:-1:4:3:37:ack:recv
1564144353:2:5:38:75:-1:-1:-1:-1:-1:2:3:38:data:recv
1564144353:2:5:-1:-1:-1:-1:-1:-1:-1:3:2:38:ack:send
1564144353:3:2:38:75:1:-1:4:5:-1:-1:-1:-1:data:forward
1564144353:2:5:38:75:-1:-1:-1:-1:-1:3:4:38:data:send
1564144355:2:5:-1:-1:-1:-1:-1:-1:-1:4:3:38:ack:recv
1564144368:2:5:39:75:-1:-1:-1:-1:-1:2:3:39:data:recv
1564144368:2:5:-1:-1:-1:-1:-1:-1:-1:3:2:39:ack:send
1564144368:3:2:39:75:1:-1:4:5:-1:-1:-1:-1:data:forward
1564144368:2:5:39:75:-1:-1:-1:-1:-1:3:4:39:data:send
1564144370:2:5:-1:-1:-1:-1:-1:-1:-1:4:3:39:ack:recv
1564144396:2:5:40:75:-1:-1:-1:-1:-1:2:3:40:data:recv
1564144396:2:5:-1:-1:-1:-1:-1:-1:-1:3:2:40:ack:send
1564144396:3:2:40:75:1:-1:4:5:-1:-1:-1:-1:data:forward
1564144396:2:5:40:75:-1:-1:-1:-1:-1:3:4:40:data:send
1564144405:2:5:40:75:-1:-1:-1:-1:-1:3:4:40:data:resend
1564144407:2:5:-1:-1:-1:-1:-1:-1:-1:4:3:40:ack:recv
1564144424:2:5:41:75:-1:-1:-1:-1:-1:2:3:41:data:recv
1564144424:2:5:-1:-1:-1:-1:-1:-1:-1:3:2:41:ack:send
1564144424:3:2:41:75:1:-1:4:5:-1:-1:-1:-1:data:forward
1564144424:2:5:41:75:-1:-1:-1:-1:-1:3:4:41:data:send
1564144426:2:5:-1:-1:-1:-1:-1:-1:-1:4:3:41:ack:recv
1564144452:2:5:42:75:-1:-1:-1:-1:-1:2:3:42:data:recv
1564144452:2:5:-1:-1:-1:-1:-1:-1:-1:3:2:42:ack:send
1564144452:3:2:42:75:1:-1:4:5:-1:-1:-1:-1:data:forward
1564144452:2:5:42:75:-1:-1:-1:-1:-1:3:4:42:data:send
1564144454:2:5:-1:-1:-1:-1:-1:-1:-1:4:3:42:ack:recv
1564144480:2:5:43:75:-1:-1:-1:-1:-1:2:3:43:data:recv
1564144480:2:5:-1:-1:-1:-1:-1:-1:-1:3:2:43:ack:send
1564144480:3:2:43:75:1:-1:4:5:-1:-1:-1:-1:data:forward
1564144480:2:5:43:75:-1:-1:-1:-1:-1:3:4:43:data:send
1564144482:2:5:-1:-1:-1:-1:-1:-1:-1:4:3:43:ack:recv
1564144508:2:5:44:75:-1:-1:-1:-1:-1:2:3:44:data:recv
1564144508:2:5:-1:-1:-1:-1:-1:-1:-1:3:2:44:ack:send
1564144508:3:2:44:75:1:-1:4:5:-1:-1:-1:-1:data:forward
1564144508:2:5:44:75:-1:-1:-1:-1:-1:3:4:44:data:send
1564144510:2:5:-1:-1:-1:-1:-1:-1:-1:4:3:44:ack:recv
1564144541:2:5:45:75:-1:-1:-1:-1:-1:2:3:45:data:recv
1564144541:2:5:-1:-1:-1:-1:-1:-1:-1:3:2:45:ack:send
1564144541:3:2:45:75:1:-1:4:5:-1:-1:-1:-1:data:forward
1564144541:2:5:45:75:-1:-1:-1:-1:-1:3:4:45:data:send
1564144547:2:5:45:75:-1:-1:-1:-1:-1:3:4:45:data:resend
1564144549:2:5:-1:-1:-1:-1:-1:-1:-1:4:3:45:ack:recv
1564144564:2:5:46:75:-1:-1:-1:-1:-1:2:3:46:data:recv
1564144564:2:5:-1:-1:-1:-1:-1:-1:-1:3:2:46:ack:send
1564144564:3:2:46:75:1:-1:4:5:-1:-1:-1:-1:data:forward
1564144564:2:5:46:75:-1:-1:-1:-1:-1:3:4:46:data:send
1564144566:2:5:-1:-1:-1:-1:-1:-1:-1:4:3:46:ack:recv
1564144592:2:5:47:75:-1:-1:-1:-1:-1:2:3:47:data:recv
1564144592:2:5:-1:-1:-1:-1:-1:-1:-1:3:2:47:ack:send
1564144592:3:2:47:75:1:-1:4:5:-1:-1:-1:-1:data:forward
1564144592:2:5:47:75:-1:-1:-1:-1:-1:3:4:47:data:send
1564144594:2:5:-1:-1:-1:-1:-1:-1:-1:4:3:47:ack:recv
1564144606:2:5:47:75:-1:-1:-1:-1:-1:2:3:47:data:recv
1564144606:2:5:-1:-1:-1:-1:-1:-1:-1:3:2:47:ack:send
1564144620:2:5:48:75:-1:-1:-1:-1:-1:2:3:48:data:recv
1564144620:2:5:-1:-1:-1:-1:-1:-1:-1:3:2:48:ack:send
1564144620:3:2:48:75:1:-1:4:5:-1:-1:-1:-1:data:forward
1564144620:2:5:48:75:-1:-1:-1:-1:-1:3:4:48:data:send
1564144622:2:5:-1:-1:-1:-1:-1:-1:-1:4:3:48:ack:recv
1564144648:2:5:49:75:-1:-1:-1:-1:-1:2:3:49:data:recv
1564144648:2:5:-1:-1:-1:-1:-1:-1:-1:3:2:49:ack:send
1564144648:3:2:49:75:1:-1:4:5:-1:-1:-1:-1:data:forward
1564144648:2:5:49:75:-1:-1:-1:-1:-1:3:4:49:data:send
1564144650:2:5:-1:-1:-1:-1:-1:-1:-1:4:3:49:ack:recv
1564144676:2:5:50:75:-1:-1:-1:-1:-1:2:3:50:data:recv
1564144676:2:5:-1:-1:-1:-1:-1:-1:-1:3:2:50:ack:send
1564144676:3:2:50:75:1:-1:4:5:-1:-1:-1:-1:data:forward
1564144676:2:5:50:75:-1:-1:-1:-1:-1:3:4:50:data:send
1564144678:2:5:-1:-1:-1:-1:-1:-1:-1:4:3:50:ack:recv
1564144704:2:5:51:75:-1:-1:-1:-1:-1:2:3:51:data:recv
1564144704:2:5:-1:-1:-1:-1:-1:-1:-1:3:2:51:ack:send
1564144704:3:2:51:75:1:-1:4:5:-1:-1:-1:-1:data:forward
1564144704:2:5:51:75:-1:-1:-1:-1:-1:3:4:51:data:send
1564144706:2:5:-1:-1:-1:-1:-1:-1:-1:4:3:51:ack:recv
1564144732:2:5:52:75:-1:-1:-1:-1:-1:2:3:52:data:recv
1564144732:2:5:-1:-1:-1:-1:-1:-1:-1:3:2:52:ack:send
1564144732:3:2:52:75:1:-1:4:5:-1:-1:-1:-1:data:forward
1564144732:2:5:52:75:-1:-1:-1:-1:-1:3:4:52:data:send
1564144734:2:5:-1:-1:-1:-1:-1:-1:-1:4:3:52:ack:recv
1564144743:2:5:52:75:-1:-1:-1:-1:-1:2:3:52:data:recv
1564144743:2:5:-1:-1:-1:-1:-1:-1:-1:3:2:52:ack:send
1564144760:2:5:53:75:-1:-1:-1:-1:-1:2:3:53:data:recv
1564144760:2:5:-1:-1:-1:-1:-1:-1:-1:3:2:53:ack:send
1564144760:3:2:53:75:1:-1:4:5:-1:-1:-1:-1:data:forward
1564144760:2:5:53:75:-1:-1:-1:-1:-1:3:4:53:data:send
1564144762:2:5:-1:-1:-1:-1:-1:-1:-1:4:3:53:ack:recv
1564144788:2:5:54:75:-1:-1:-1:-1:-1:2:3:54:data:recv
1564144788:2:5:-1:-1:-1:-1:-1:-1:-1:3:2:54:ack:send
1564144788:3:2:54:75:1:-1:4:5:-1:-1:-1:-1:data:forward
1564144788:2:5:54:75:-1:-1:-1:-1:-1:3:4:54:data:send
1564144790:2:5:-1:-1:-1:-1:-1:-1:-1:4:3:54:ack:recv
1564144816:2:5:55:75:-1:-1:-1:-1:-1:2:3:55:data:recv
1564144816:2:5:-1:-1:-1:-1:-1:-1:-1:3:2:55:ack:send
1564144816:3:2:55:75:1:-1:4:5:-1:-1:-1:-1:data:forward
1564144816:2:5:55:75:-1:-1:-1:-1:-1:3:4:55:data:send
1564144828:2:5:55:75:-1:-1:-1:-1:-1:3:4:55:data:resend
1564144834:2:5:55:75:-1:-1:-1:-1:-1:3:4:55:data:resend
1564144836:2:5:-1:-1:-1:-1:-1:-1:-1:4:3:55:ack:recv
1564144844:2:5:56:75:-1:-1:-1:-1:-1:2:3:56:data:recv
1564144844:2:5:-1:-1:-1:-1:-1:-1:-1:3:2:56:ack:send
1564144844:3:2:56:75:1:-1:4:5:-1:-1:-1:-1:data:forward
1564144844:2:5:56:75:-1:-1:-1:-1:-1:3:4:56:data:send
1564144846:2:5:-1:-1:-1:-1:-1:-1:-1:4:3:56:ack:recv
1564144880:2:5:57:75:-1:-1:-1:-1:-1:2:3:57:data:recv
1564144880:2:5:-1:-1:-1:-1:-1:-1:-1:3:2:57:ack:send
1564144880:3:2:57:75:1:-1:4:5:-1:-1:-1:-1:data:forward
1564144880:2:5:57:75:-1:-1:-1:-1:-1:3:4:57:data:send
1564144882:2:5:-1:-1:-1:-1:-1:-1:-1:4:3:57:ack:recv
1564144900:2:5:58:75:-1:-1:-1:-1:-1:2:3:58:data:recv
1564144900:2:5:-1:-1:-1:-1:-1:-1:-1:3:2:58:ack:send
1564144900:3:2:58:75:1:-1:4:5:-1:-1:-1:-1:data:forward
1564144900:2:5:58:75:-1:-1:-1:-1:-1:3:4:58:data:send
1564144902:2:5:-1:-1:-1:-1:-1:-1:-1:4:3:58:ack:recv
1564144928:2:5:59:75:-1:-1:-1:-1:-1:2:3:59:data:recv
1564144928:2:5:-1:-1:-1:-1:-1:-1:-1:3:2:59:ack:send
1564144928:3:2:59:75:1:-1:4:5:-1:-1:-1:-1:data:forward
1564144928:2:5:59:75:-1:-1:-1:-1:-1:3:4:59:data:send
1564144931:2:5:-1:-1:-1:-1:-1:-1:-1:4:3:59:ack:recv
1564144956:2:5:60:75:-1:-1:-1:-1:-1:2:3:60:data:recv
1564144956:2:5:-1:-1:-1:-1:-1:-1:-1:3:2:60:ack:send
1564144956:3:2:60:75:1:-1:4:5:-1:-1:-1:-1:data:forward
1564144956:2:5:60:75:-1:-1:-1:-1:-1:3:4:60:data:send
1564144960:2:5:60:75:-1:-1:-1:-1:-1:3:4:60:data:resend
1564144972:2:5:60:75:-1:-1:-1:-1:-1:3:4:60:data:resend
1564144975:2:5:-1:-1:-1:-1:-1:-1:-1:4:3:60:ack:recv
1564144984:2:5:61:75:-1:-1:-1:-1:-1:2:3:61:data:recv
1564144984:2:5:-1:-1:-1:-1:-1:-1:-1:3:2:61:ack:send
1564144984:3:2:61:75:1:-1:4:5:-1:-1:-1:-1:data:forward
1564144984:2:5:61:75:-1:-1:-1:-1:-1:3:4:61:data:send
1564144987:2:5:-1:-1:-1:-1:-1:-1:-1:4:3:61:ack:recv
1564145012:2:5:62:75:-1:-1:-1:-1:-1:2:3:62:data:recv
1564145012:2:5:-1:-1:-1:-1:-1:-1:-1:3:2:62:ack:send
1564145012:3:2:62:75:1:-1:4:5:-1:-1:-1:-1:data:forward
1564145012:2:5:62:75:-1:-1:-1:-1:-1:3:4:62:data:send
1564145015:2:5:-1:-1:-1:-1:-1:-1:-1:4:3:62:ack:recv
