=========================Fri Jul 26 20:13:55 2019
1564143276:2:5:0:75:-1:-1:-1:-1:-1:3:4:0:data:recv
1564143276:2:5:-1:-1:-1:-1:-1:-1:-1:4:3:0:ack:send
1564143276:3:2:0:75:1:-1:5:5:-1:-1:-1:-1:data:forward
1564143276:2:5:0:75:-1:-1:-1:-1:-1:4:5:0:data:send
1564143279:2:5:-1:-1:-1:-1:-1:-1:-1:5:4:0:ack:recv
1564143311:2:5:1:75:-1:-1:-1:-1:-1:3:4:1:data:recv
1564143311:2:5:-1:-1:-1:-1:-1:-1:-1:4:3:1:ack:send
1564143311:3:2:1:75:1:-1:5:5:-1:-1:-1:-1:data:forward
1564143311:2:5:1:75:-1:-1:-1:-1:-1:4:5:1:data:send
1564143314:2:5:-1:-1:-1:-1:-1:-1:-1:5:4:1:ack:recv
1564143332:2:5:2:75:-1:-1:-1:-1:-1:3:4:2:data:recv
1564143332:2:5:-1:-1:-1:-1:-1:-1:-1:4:3:2:ack:send
1564143332:3:2:2:75:1:-1:5:5:-1:-1:-1:-1:data:forward
1564143332:2:5:2:75:-1:-1:-1:-1:-1:4:5:2:data:send
1564143335:2:5:-1:-1:-1:-1:-1:-1:-1:5:4:2:ack:recv
1564143370:2:5:3:75:-1:-1:-1:-1:-1:3:4:3:data:recv
1564143370:2:5:-1:-1:-1:-1:-1:-1:-1:4:3:3:ack:send
1564143370:3:2:3:75:1:-1:5:5:-1:-1:-1:-1:data:forward
1564143370:2:5:3:75:-1:-1:-1:-1:-1:4:5:3:data:send
1564143383:2:5:3:75:-1:-1:-1:-1:-1:4:5:3:data:resend
1564143386:2:5:-1:-1:-1:-1:-1:-1:-1:5:4:3:ack:recv
1564143388:2:5:4:75:-1:-1:-1:-1:-1:3:4:4:data:recv
1564143388:2:5:-1:-1:-1:-1:-1:-1:-1:4:3:4:ack:send
1564143388:3:2:4:75:1:-1:5:5:-1:-1:-1:-1:data:forward
1564143388:2:5:4:75:-1:-1:-1:-1:-1:4:5:4:data:send
1564143391:2:5:-1:-1:-1:-1:-1:-1:-1:5:4:4:ack:recv
1564143417:2:5:5:75:-1:-1:-1:-1:-1:3:4:5:data:recv
1564143417:2:5:-1:-1:-1:-1:-1:-1:-1:4:3:5:ack:send
1564143417:3:2:5:75:1:-1:5:5:-1:-1:-1:-1:data:forward
1564143417:2:5:5:75:-1:-1:-1:-1:-1:4:5:5:data:send
1564143419:2:5:-1:-1:-1:-1:-1:-1:-1:5:4:5:ack:recv
1564143463:2:5:6:75:-1:-1:-1:-1:-1:3:4:6:data:recv
1564143463:2:5:-1:-1:-1:-1:-1:-1:-1:4:3:6:ack:send
1564143463:3:2:6:75:1:-1:5:5:-1:-1:-1:-1:data:forward
1564143463:2:5:6:75:-1:-1:-1:-1:-1:4:5:6:data:send
1564143465:2:5:-1:-1:-1:-1:-1:-1:-1:5:4:6:ack:recv
1564143473:2:5:7:75:-1:-1:-1:-1:-1:3:4:7:data:recv
1564143473:2:5:-1:-1:-1:-1:-1:-1:-1:4:3:7:ack:send
1564143473:3:2:7:75:1:-1:5:5:-1:-1:-1:-1:data:forward
1564143473:2:5:7:75:-1:-1:-1:-1:-1:4:5:7:data:send
1564143475:2:5:-1:-1:-1:-1:-1:-1:-1:5:4:7:ack:recv
1564143501:2:5:8:75:-1:-1:-1:-1:-1:3:4:8:data:recv
1564143501:2:5:-1:-1:-1:-1:-1:-1:-1:4:3:8:ack:send
1564143501:3:2:8:75:1:-1:5:5:-1:-1:-1:-1:data:forward
1564143501:2:5:8:75:-1:-1:-1:-1:-1:4:5:8:data:send
1564143506:2:5:8:75:-1:-1:-1:-1:-1:4:5:8:data:resend
1564143508:2:5:-1:-1:-1:-1:-1:-1:-1:5:4:8:ack:recv
1564143529:2:5:9:75:-1:-1:-1:-1:-1:3:4:9:data:recv
1564143529:2:5:-1:-1:-1:-1:-1:-1:-1:4:3:9:ack:send
1564143529:3:2:9:75:1:-1:5:5:-1:-1:-1:-1:data:forward
1564143529:2:5:9:75:-1:-1:-1:-1:-1:4:5:9:data:send
1564143531:2:5:-1:-1:-1:-1:-1:-1:-1:5:4:9:ack:recv
1564143542:2:5:9:75:-1:-1:-1:-1:-1:3:4:9:data:recv
1564143542:2:5:-1:-1:-1:-1:-1:-1:-1:4:3:9:ack:send
1564143557:2:5:10:75:-1:-1:-1:-1:-1:3:4:10:data:recv
1564143557:2:5:-1:-1:-1:-1:-1:-1:-1:4:3:10:ack:send
1564143557:3:2:10:75:1:-1:5:5:-1:-1:-1:-1:data:forward
1564143557:2:5:10:75:-1:-1:-1:-1:-1:4:5:10:data:send
1564143559:2:5:-1:-1:-1:-1:-1:-1:-1:5:4:10:ack:recv
1564143585:2:5:11:75:-1:-1:-1:-1:-1:3:4:11:data:recv
1564143585:2:5:-1:-1:-1:-1:-1:-1:-1:4:3:11:ack:send
1564143585:3:2:11:75:1:-1:5:5:-1:-1:-1:-1:data:forward
1564143585:2:5:11:75:-1:-1:-1:-1:-1:4:5:11:data:send
1564143590:2:5:11:75:-1:-1:-1:-1:-1:4:5:11:data:resend
1564143592:2:5:-1:-1:-1:-1:-1:-1:-1:5:4:11:ack:recv
1564143625:2:5:12:75:-1:-1:-1:-1:-1:3:4:12:data:recv
1564143625:2:5:-1:-1:-1:-1:-1:-1:-1:4:3:12:ack:send
1564143625:3:2:12:75:1:-1:5:5:-1:-1:-1:-1:data:forward
1564143625:2:5:12:75:-1:-1:-1:-1:-1:4:5:12:data:send
1564143627:2:5:-1:-1:-1:-1:-1:-1:-1:5:4:12:ack:recv
1564143641:2:5:13:75:-1:-1:-1:-1:-1:3:4:13:data:recv
1564143641:2:5:-1:-1:-1:-1:-1:-1:-1:4:3:13:ack:send
1564143641:3:2:13:75:1:-1:5:5:-1:-1:-1:-1:data:forward
1564143641:2:5:13:75:-1:-1:-1:-1:-1:4:5:13:data:send
1564143643:2:5:-1:-1:-1:-1:-1:-1:-1:5:4:13:ack:recv
1564143669:2:5:14:75:-1:-1:-1:-1:-1:3:4:14:data:recv
1564143669:2:5:-1:-1:-1:-1:-1:-1:-1:4:3:14:ack:send
1564143669:3:2:14:75:1:-1:5:5:-1:-1:-1:-1:data:forward
1564143669:2:5:14:75:-1:-1:-1:-1:-1:4:5:14:data:send
1564143671:2:5:-1:-1:-1:-1:-1:-1:-1:5:4:14:ack:recv
1564143697:2:5:15:75:-1:-1:-1:-1:-1:3:4:15:data:recv
1564143697:2:5:-1:-1:-1:-1:-1:-1:-1:4:3:15:ack:send
1564143697:3:2:15:75:1:-1:5:5:-1:-1:-1:-1:data:forward
1564143697:2:5:15:75:-1:-1:-1:-1:-1:4:5:15:data:send
1564143699:2:5:-1:-1:-1:-1:-1:-1:-1:5:4:15:ack:recv
1564143725:2:5:16:75:-1:-1:-1:-1:-1:3:4:16:data:recv
1564143725:2:5:-1:-1:-1:-1:-1:-1:-1:4:3:16:ack:send
1564143725:3:2:16:75:1:-1:5:5:-1:-1:-1:-1:data:forward
1564143725:2:5:16:75:-1:-1:-1:-1:-1:4:5:16:data:send
1564143727:2:5:-1:-1:-1:-1:-1:-1:-1:5:4:16:ack:recv
1564143753:2:5:17:75:-1:-1:-1:-1:-1:3:4:17:data:recv
1564143753:2:5:-1:-1:-1:-1:-1:-1:-1:4:3:17:ack:send
1564143753:3:2:17:75:1:-1:5:5:-1:-1:-1:-1:data:forward
1564143753:2:5:17:75:-1:-1:-1:-1:-1:4:5:17:data:send
1564143755:2:5:-1:-1:-1:-1:-1:-1:-1:5:4:17:ack:recv
1564143788:2:5:18:75:-1:-1:-1:-1:-1:3:4:18:data:recv
1564143788:2:5:-1:-1:-1:-1:-1:-1:-1:4:3:18:ack:send
1564143788:3:2:18:75:1:-1:5:5:-1:-1:-1:-1:data:forward
1564143788:2:5:18:75:-1:-1:-1:-1:-1:4:5:18:data:send
1564143790:2:5:-1:-1:-1:-1:-1:-1:-1:5:4:18:ack:recv
1564143809:2:5:19:75:-1:-1:-1:-1:-1:3:4:19:data:recv
1564143809:2:5:-1:-1:-1:-1:-1:-1:-1:4:3:19:ack:send
1564143809:3:2:19:75:1:-1:5:5:-1:-1:-1:-1:data:forward
1564143809:2:5:19:75:-1:-1:-1:-1:-1:4:5:19:data:send
1564143811:2:5:-1:-1:-1:-1:-1:-1:-1:5:4:19:ack:recv
1564143845:2:5:20:75:-1:-1:-1:-1:-1:3:4:20:data:recv
1564143845:2:5:-1:-1:-1:-1:-1:-1:-1:4:3:20:ack:send
1564143845:3:2:20:75:1:-1:5:5:-1:-1:-1:-1:data:forward
1564143845:2:5:20:75:-1:-1:-1:-1:-1:4:5:20:data:send
1564143847:2:5:-1:-1:-1:-1:-1:-1:-1:5:4:20:ack:recv
1564143871:2:5:21:75:-1:-1:-1:-1:-1:3:4:21:data:recv
1564143871:2:5:-1:-1:-1:-1:-1:-1:-1:4:3:21:ack:send
1564143871:3:2:21:75:1:-1:5:5:-1:-1:-1:-1:data:forward
1564143871:2:5:21:75:-1:-1:-1:-1:-1:4:5:21:data:send
1564143873:2:5:-1:-1:-1:-1:-1:-1:-1:5:4:21:ack:recv
1564143893:2:5:22:75:-1:-1:-1:-1:-1:3:4:22:data:recv
1564143893:2:5:-1:-1:-1:-1:-1:-1:-1:4:3:22:ack:send
1564143893:3:2:22:75:1:-1:5:5:-1:-1:-1:-1:data:forward
1564143893:2:5:22:75:-1:-1:-1:-1:-1:4:5:22:data:send
1564143895:2:5:-1:-1:-1:-1:-1:-1:-1:5:4:22:ack:recv
1564143921:2:5:23:75:-1:-1:-1:-1:-1:3:4:23:data:recv
1564143921:2:5:-1:-1:-1:-1:-1:-1:-1:4:3:23:ack:send
1564143921:3:2:23:75:1:-1:5:5:-1:-1:-1:-1:data:forward
1564143921:2:5:23:75:-1:-1:-1:-1:-1:4:5:23:data:send
1564143923:2:5:-1:-1:-1:-1:-1:-1:-1:5:4:23:ack:recv
1564143949:2:5:24:75:-1:-1:-1:-1:-1:3:4:24:data:recv
1564143949:2:5:-1:-1:-1:-1:-1:-1:-1:4:3:24:ack:send
1564143949:3:2:24:75:1:-1:5:5:-1:-1:-1:-1:data:forward
1564143949:2:5:24:75:-1:-1:-1:-1:-1:4:5:24:data:send
1564143951:2:5:-1:-1:-1:-1:-1:-1:-1:5:4:24:ack:recv
1564143977:2:5:25:75:-1:-1:-1:-1:-1:3:4:25:data:recv
1564143977:2:5:-1:-1:-1:-1:-1:-1:-1:4:3:25:ack:send
1564143977:3:2:25:75:1:-1:5:5:-1:-1:-1:-1:data:forward
1564143977:2:5:25:75:-1:-1:-1:-1:-1:4:5:25:data:send
1564143979:2:5:-1:-1:-1:-1:-1:-1:-1:5:4:25:ack:recv
1564144005:2:5:26:75:-1:-1:-1:-1:-1:3:4:26:data:recv
1564144005:2:5:-1:-1:-1:-1:-1:-1:-1:4:3:26:ack:send
1564144005:3:2:26:75:1:-1:5:5:-1:-1:-1:-1:data:forward
1564144005:2:5:26:75:-1:-1:-1:-1:-1:4:5:26:data:send
1564144007:2:5:-1:-1:-1:-1:-1:-1:-1:5:4:26:ack:recv
1564144033:2:5:27:75:-1:-1:-1:-1:-1:3:4:27:data:recv
1564144033:2:5:-1:-1:-1:-1:-1:-1:-1:4:3:27:ack:send
1564144033:3:2:27:75:1:-1:5:5:-1:-1:-1:-1:data:forward
1564144033:2:5:27:75:-1:-1:-1:-1:-1:4:5:27:data:send
1564144035:2:5:-1:-1:-1:-1:-1:-1:-1:5:4:27:ack:recv
1564144061:2:5:28:75:-1:-1:-1:-1:-1:3:4:28:data:recv
1564144061:2:5:-1:-1:-1:-1:-1:-1:-1:4:3:28:ack:send
1564144061:3:2:28:75:1:-1:5:5:-1:-1:-1:-1:data:forward
1564144061:2:5:28:75:-1:-1:-1:-1:-1:4:5:28:data:send
1564144063:2:5:-1:-1:-1:-1:-1:-1:-1:5:4:28:ack:recv
1564144089:2:5:29:75:-1:-1:-1:-1:-1:3:4:29:data:recv
1564144089:2:5:-1:-1:-1:-1:-1:-1:-1:4:3:29:ack:send
1564144089:3:2:29:75:1:-1:5:5:-1:-1:-1:-1:data:forward
1564144089:2:5:29:75:-1:-1:-1:-1:-1:4:5:29:data:send
1564144091:2:5:-1:-1:-1:-1:-1:-1:-1:5:4:29:ack:recv
1564144117:2:5:30:75:-1:-1:-1:-1:-1:3:4:30:data:recv
1564144117:2:5:-1:-1:-1:-1:-1:-1:-1:4:3:30:ack:send
1564144117:3:2:30:75:1:-1:5:5:-1:-1:-1:-1:data:forward
1564144117:2:5:30:75:-1:-1:-1:-1:-1:4:5:30:data:send
1564144119:2:5:-1:-1:-1:-1:-1:-1:-1:5:4:30:ack:recv
1564144145:2:5:31:75:-1:-1:-1:-1:-1:3:4:31:data:recv
1564144145:2:5:-1:-1:-1:-1:-1:-1:-1:4:3:31:ack:send
1564144145:3:2:31:75:1:-1:5:5:-1:-1:-1:-1:data:forward
1564144145:2:5:31:75:-1:-1:-1:-1:-1:4:5:31:data:send
1564144147:2:5:-1:-1:-1:-1:-1:-1:-1:5:4:31:ack:recv
1564144173:2:5:32:75:-1:-1:-1:-1:-1:3:4:32:data:recv
1564144173:2:5:-1:-1:-1:-1:-1:-1:-1:4:3:32:ack:send
1564144173:3:2:32:75:1:-1:5:5:-1:-1:-1:-1:data:forward
1564144173:2:5:32:75:-1:-1:-1:-1:-1:4:5:32:data:send
1564144175:2:5:-1:-1:-1:-1:-1:-1:-1:5:4:32:ack:recv
1564144208:2:5:33:75:-1:-1:-1:-1:-1:3:4:33:data:recv
1564144208:2:5:-1:-1:-1:-1:-1:-1:-1:4:3:33:ack:send
1564144208:3:2:33:75:1:-1:5:5:-1:-1:-1:-1:data:forward
1564144208:2:5:33:75:-1:-1:-1:-1:-1:4:5:33:data:send
1564144210:2:5:-1:-1:-1:-1:-1:-1:-1:5:4:33:ack:recv
1564144229:2:5:34:75:-1:-1:-1:-1:-1:3:4:34:data:recv
1564144229:2:5:-1:-1:-1:-1:-1:-1:-1:4:3:34:ack:send
1564144229:3:2:34:75:1:-1:5:5:-1:-1:-1:-1:data:forward
1564144229:2:5:34:75:-1:-1:-1:-1:-1:4:5:34:data:send
1564144231:2:5:-1:-1:-1:-1:-1:-1:-1:5:4:34:ack:recv
1564144261:2:5:35:75:-1:-1:-1:-1:-1:3:4:35:data:recv
1564144261:2:5:-1:-1:-1:-1:-1:-1:-1:4:3:35:ack:send
1564144261:3:2:35:75:1:-1:5:5:-1:-1:-1:-1:data:forward
1564144261:2:5:35:75:-1:-1:-1:-1:-1:4:5:35:data:send
1564144263:2:5:-1:-1:-1:-1:-1:-1:-1:5:4:35:ack:recv
1564144285:2:5:36:75:-1:-1:-1:-1:-1:3:4:36:data:recv
1564144285:2:5:-1:-1:-1:-1:-1:-1:-1:4:3:36:ack:send
1564144285:3:2:36:75:1:-1:5:5:-1:-1:-1:-1:data:forward
1564144285:2:5:36:75:-1:-1:-1:-1:-1:4:5:36:data:send
1564144287:2:5:-1:-1:-1:-1:-1:-1:-1:5:4:36:ack:recv
1564144313:2:5:37:74:-1:-1:-1:-1:-1:3:4:37:data:recv
1564144313:2:5:-1:-1:-1:-1:-1:-1:-1:4:3:37:ack:send
1564144313:3:2:37:74:1:-1:5:5:-1:-1:-1:-1:data:forward
1564144313:2:5:37:74:-1:-1:-1:-1:-1:4:5:37:data:send
1564144322:2:5:37:74:-1:-1:-1:-1:-1:4:5:37:data:resend
1564144324:2:5:-1:-1:-1:-1:-1:-1:-1:5:4:37:ack:recv
1564144354:2:5:38:75:-1:-1:-1:-1:-1:3:4:38:data:recv
1564144354:2:5:-1:-1:-1:-1:-1:-1:-1:4:3:38:ack:send
1564144354:3:2:38:75:1:-1:5:5:-1:-1:-1:-1:data:forward
1564144354:2:5:38:75:-1:-1:-1:-1:-1:4:5:38:data:send
1564144356:2:5:-1:-1:-1:-1:-1:-1:-1:5:4:38:ack:recv
1564144369:2:5:39:75:-1:-1:-1:-1:-1:3:4:39:data:recv
1564144369:2:5:-1:-1:-1:-1:-1:-1:-1:4:3:39:ack:send
1564144369:3:2:39:75:1:-1:5:5:-1:-1:-1:-1:data:forward
1564144369:2:5:39:75:-1:-1:-1:-1:-1:4:5:39:data:send
1564144372:2:5:-1:-1:-1:-1:-1:-1:-1:5:4:39:ack:recv
1564144406:2:5:40:75:-1:-1:-1:-1:-1:3:4:40:data:recv
1564144406:2:5:-1:-1:-1:-1:-1:-1:-1:4:3:40:ack:send
1564144406:3:2:40:75:1:-1:5:5:-1:-1:-1:-1:data:forward
1564144406:2:5:40:75:-1:-1:-1:-1:-1:4:5:40:data:send
1564144409:2:5:-1:-1:-1:-1:-1:-1:-1:5:4:40:ack:recv
1564144425:2:5:41:75:-1:-1:-1:-1:-1:3:4:41:data:recv
1564144425:2:5:-1:-1:-1:-1:-1:-1:-1:4:3:41:ack:send
1564144425:3:2:41:75:1:-1:5:5:-1:-1:-1:-1:data:forward
1564144425:2:5:41:75:-1:-1:-1:-1:-1:4:5:41:data:send
1564144428:2:5:-1:-1:-1:-1:-1:-1:-1:5:4:41:ack:recv
1564144453:2:5:42:75:-1:-1:-1:-1:-1:3:4:42:data:recv
1564144453:2:5:-1:-1:-1:-1:-1:-1:-1:4:3:42:ack:send
1564144453:3:2:42:75:1:-1:5:5:-1:-1:-1:-1:data:forward
1564144453:2:5:42:75:-1:-1:-1:-1:-1:4:5:42:data:send
1564144456:2:5:-1:-1:-1:-1:-1:-1:-1:5:4:42:ack:recv
1564144481:2:5:43:75:-1:-1:-1:-1:-1:3:4:43:data:recv
1564144481:2:5:-1:-1:-1:-1:-1:-1:-1:4:3:43:ack:send
1564144481:3:2:43:75:1:-1:5:5:-1:-1:-1:-1:data:forward
1564144481:2:5:43:75:-1:-1:-1:-1:-1:4:5:43:data:send
1564144484:2:5:-1:-1:-1:-1:-1:-1:-1:5:4:43:ack:recv
1564144509:2:5:44:75:-1:-1:-1:-1:-1:3:4:44:data:recv
1564144509:2:5:-1:-1:-1:-1:-1:-1:-1:4:3:44:ack:send
1564144509:3:2:44:75:1:-1:5:5:-1:-1:-1:-1:data:forward
1564144509:2:5:44:75:-1:-1:-1:-1:-1:4:5:44:data:send
1564144512:2:5:-1:-1:-1:-1:-1:-1:-1:5:4:44:ack:recv
1564144543:2:5:45:75:-1:-1:-1:-1:-1:3:4:45:data:recv
1564144543:2:5:-1:-1:-1:-1:-1:-1:-1:4:3:45:ack:send
1564144543:3:2:45:75:1:-1:5:5:-1:-1:-1:-1:data:forward
1564144543:2:5:45:75:-1:-1:-1:-1:-1:4:5:45:data:send
1564144545:2:5:-1:-1:-1:-1:-1:-1:-1:5:4:45:ack:recv
1564144548:2:5:45:75:-1:-1:-1:-1:-1:3:4:45:data:recv
1564144548:2:5:-1:-1:-1:-1:-1:-1:-1:4:3:45:ack:send
1564144566:2:5:46:75:-1:-1:-1:-1:-1:3:4:46:data:recv
1564144566:2:5:-1:-1:-1:-1:-1:-1:-1:4:3:46:ack:send
1564144566:3:2:46:75:1:-1:5:5:-1:-1:-1:-1:data:forward
1564144566:2:5:46:75:-1:-1:-1:-1:-1:4:5:46:data:send
1564144568:2:5:-1:-1:-1:-1:-1:-1:-1:5:4:46:ack:recv
1564144594:2:5:47:75:-1:-1:-1:-1:-1:3:4:47:data:recv
1564144594:2:5:-1:-1:-1:-1:-1:-1:-1:4:3:47:ack:send
1564144594:3:2:47:75:1:-1:5:5:-1:-1:-1:-1:data:forward
1564144594:2:5:47:75:-1:-1:-1:-1:-1:4:5:47:data:send
1564144596:2:5:-1:-1:-1:-1:-1:-1:-1:5:4:47:ack:recv
1564144622:2:5:48:75:-1:-1:-1:-1:-1:3:4:48:data:recv
1564144622:2:5:-1:-1:-1:-1:-1:-1:-1:4:3:48:ack:send
1564144622:3:2:48:75:1:-1:5:5:-1:-1:-1:-1:data:forward
1564144622:2:5:48:75:-1:-1:-1:-1:-1:4:5:48:data:send
1564144624:2:5:-1:-1:-1:-1:-1:-1:-1:5:4:48:ack:recv
1564144650:2:5:49:75:-1:-1:-1:-1:-1:3:4:49:data:recv
1564144650:2:5:-1:-1:-1:-1:-1:-1:-1:4:3:49:ack:send
1564144650:3:2:49:75:1:-1:5:5:-1:-1:-1:-1:data:forward
1564144650:2:5:49:75:-1:-1:-1:-1:-1:4:5:49:data:send
1564144652:2:5:-1:-1:-1:-1:-1:-1:-1:5:4:49:ack:recv
1564144678:2:5:50:75:-1:-1:-1:-1:-1:3:4:50:data:recv
1564144678:2:5:-1:-1:-1:-1:-1:-1:-1:4:3:50:ack:send
1564144678:3:2:50:75:1:-1:5:5:-1:-1:-1:-1:data:forward
1564144678:2:5:50:75:-1:-1:-1:-1:-1:4:5:50:data:send
1564144680:2:5:-1:-1:-1:-1:-1:-1:-1:5:4:50:ack:recv
1564144706:2:5:51:75:-1:-1:-1:-1:-1:3:4:51:data:recv
1564144706:2:5:-1:-1:-1:-1:-1:-1:-1:4:3:51:ack:send
1564144706:3:2:51:75:1:-1:5:5:-1:-1:-1:-1:data:forward
1564144706:2:5:51:75:-1:-1:-1:-1:-1:4:5:51:data:send
1564144708:2:5:-1:-1:-1:-1:-1:-1:-1:5:4:51:ack:recv
1564144734:2:5:52:75:-1:-1:-1:-1:-1:3:4:52:data:recv
1564144734:2:5:-1:-1:-1:-1:-1:-1:-1:4:3:52:ack:send
1564144734:3:2:52:75:1:-1:5:5:-1:-1:-1:-1:data:forward
1564144734:2:5:52:75:-1:-1:-1:-1:-1:4:5:52:data:send
1564144736:2:5:-1:-1:-1:-1:-1:-1:-1:5:4:52:ack:recv
1564144762:2:5:53:75:-1:-1:-1:-1:-1:3:4:53:data:recv
1564144762:2:5:-1:-1:-1:-1:-1:-1:-1:4:3:53:ack:send
1564144762:3:2:53:75:1:-1:5:5:-1:-1:-1:-1:data:forward
1564144762:2:5:53:75:-1:-1:-1:-1:-1:4:5:53:data:send
1564144768:2:5:53:75:-1:-1:-1:-1:-1:4:5:53:data:resend
1564144770:2:5:-1:-1:-1:-1:-1:-1:-1:5:4:53:ack:recv
1564144790:2:5:54:75:-1:-1:-1:-1:-1:3:4:54:data:recv
1564144790:2:5:-1:-1:-1:-1:-1:-1:-1:4:3:54:ack:send
1564144790:3:2:54:75:1:-1:5:5:-1:-1:-1:-1:data:forward
1564144790:2:5:54:75:-1:-1:-1:-1:-1:4:5:54:data:send
1564144795:2:5:54:75:-1:-1:-1:-1:-1:4:5:54:data:resend
1564144797:2:5:-1:-1:-1:-1:-1:-1:-1:5:4:54:ack:recv
1564144836:2:5:55:75:-1:-1:-1:-1:-1:3:4:55:data:recv
1564144836:2:5:-1:-1:-1:-1:-1:-1:-1:4:3:55:ack:send
1564144836:3:2:55:75:1:-1:5:5:-1:-1:-1:-1:data:forward
1564144836:2:5:55:75:-1:-1:-1:-1:-1:4:5:55:data:send
1564144838:2:5:-1:-1:-1:-1:-1:-1:-1:5:4:55:ack:recv
1564144846:2:5:56:75:-1:-1:-1:-1:-1:3:4:56:data:recv
1564144846:2:5:-1:-1:-1:-1:-1:-1:-1:4:3:56:ack:send
1564144846:3:2:56:75:1:-1:5:5:-1:-1:-1:-1:data:forward
1564144846:2:5:56:75:-1:-1:-1:-1:-1:4:5:56:data:send
1564144848:2:5:-1:-1:-1:-1:-1:-1:-1:5:4:56:ack:recv
1564144882:2:5:57:75:-1:-1:-1:-1:-1:3:4:57:data:recv
1564144882:2:5:-1:-1:-1:-1:-1:-1:-1:4:3:57:ack:send
1564144882:3:2:57:75:1:-1:5:5:-1:-1:-1:-1:data:forward
1564144882:2:5:57:75:-1:-1:-1:-1:-1:4:5:57:data:send
1564144892:2:5:57:75:-1:-1:-1:-1:-1:4:5:57:data:resend
1564144894:2:5:-1:-1:-1:-1:-1:-1:-1:5:4:57:ack:recv
1564144902:2:5:58:75:-1:-1:-1:-1:-1:3:4:58:data:recv
1564144902:2:5:-1:-1:-1:-1:-1:-1:-1:4:3:58:ack:send
1564144902:3:2:58:75:1:-1:5:5:-1:-1:-1:-1:data:forward
1564144902:2:5:58:75:-1:-1:-1:-1:-1:4:5:58:data:send
1564144904:2:5:-1:-1:-1:-1:-1:-1:-1:5:4:58:ack:recv
1564144930:2:5:59:75:-1:-1:-1:-1:-1:3:4:59:data:recv
1564144930:2:5:-1:-1:-1:-1:-1:-1:-1:4:3:59:ack:send
1564144930:3:2:59:75:1:-1:5:5:-1:-1:-1:-1:data:forward
1564144930:2:5:59:75:-1:-1:-1:-1:-1:4:5:59:data:send
1564144932:2:5:-1:-1:-1:-1:-1:-1:-1:5:4:59:ack:recv
1564144958:2:5:60:75:-1:-1:-1:-1:-1:3:4:60:data:recv
1564144958:2:5:-1:-1:-1:-1:-1:-1:-1:4:3:60:ack:send
1564144958:3:2:60:75:1:-1:5:5:-1:-1:-1:-1:data:forward
1564144958:2:5:60:75:-1:-1:-1:-1:-1:4:5:60:data:send
1564144962:2:5:60:75:-1:-1:-1:-1:-1:3:4:60:data:recv
1564144962:2:5:-1:-1:-1:-1:-1:-1:-1:4:3:60:ack:send
1564144962:2:5:60:75:-1:-1:-1:-1:-1:4:5:60:data:resend
1564144964:2:5:-1:-1:-1:-1:-1:-1:-1:5:4:60:ack:recv
1564144974:2:5:60:75:-1:-1:-1:-1:-1:3:4:60:data:recv
1564144974:2:5:-1:-1:-1:-1:-1:-1:-1:4:3:60:ack:send
1564144986:2:5:61:75:-1:-1:-1:-1:-1:3:4:61:data:recv
1564144986:2:5:-1:-1:-1:-1:-1:-1:-1:4:3:61:ack:send
1564144986:3:2:61:75:1:-1:5:5:-1:-1:-1:-1:data:forward
1564144986:2:5:61:75:-1:-1:-1:-1:-1:4:5:61:data:send
1564144988:2:5:-1:-1:-1:-1:-1:-1:-1:5:4:61:ack:recv
1564145014:2:5:62:75:-1:-1:-1:-1:-1:3:4:62:data:recv
1564145014:2:5:-1:-1:-1:-1:-1:-1:-1:4:3:62:ack:send
1564145014:3:2:62:75:1:-1:5:5:-1:-1:-1:-1:data:forward
1564145014:2:5:62:75:-1:-1:-1:-1:-1:4:5:62:data:send
1564145016:2:5:-1:-1:-1:-1:-1:-1:-1:5:4:62:ack:recv
