=========================Fri Jul 26 19:49:37 2019
1564141818:3:2:0:75:1:-1:2:4:-1:-1:-1:-1:data:send
1564141818:2:5:0:75:-1:-1:-1:-1:-1:1:2:0:data:send
1564141820:2:5:-1:-1:-1:-1:-1:-1:-1:2:1:0:ack:recv
1564141838:3:2:1:75:1:-1:2:4:-1:-1:-1:-1:data:send
1564141838:2:5:1:75:-1:-1:-1:-1:-1:1:2:1:data:send
1564141851:2:5:1:75:-1:-1:-1:-1:-1:1:2:1:data:resend
1564141853:2:5:-1:-1:-1:-1:-1:-1:-1:2:1:1:ack:recv
1564141858:3:2:2:75:1:-1:2:4:-1:-1:-1:-1:data:send
1564141858:2:5:2:75:-1:-1:-1:-1:-1:1:2:2:data:send
1564141860:2:5:-1:-1:-1:-1:-1:-1:-1:2:1:2:ack:recv
1564141878:3:2:3:75:1:-1:2:4:-1:-1:-1:-1:data:send
1564141878:2:5:3:75:-1:-1:-1:-1:-1:1:2:3:data:send
1564141880:2:5:-1:-1:-1:-1:-1:-1:-1:2:1:3:ack:recv
1564141898:3:2:4:75:1:-1:2:4:-1:-1:-1:-1:data:send
1564141898:2:5:4:75:-1:-1:-1:-1:-1:1:2:4:data:send
1564141900:2:5:-1:-1:-1:-1:-1:-1:-1:2:1:4:ack:recv
1564141918:3:2:5:75:1:-1:2:4:-1:-1:-1:-1:data:send
1564141918:2:5:5:75:-1:-1:-1:-1:-1:1:2:5:data:send
1564141920:2:5:-1:-1:-1:-1:-1:-1:-1:2:1:5:ack:recv
1564141938:3:2:6:75:1:-1:2:4:-1:-1:-1:-1:data:send
1564141938:2:5:6:75:-1:-1:-1:-1:-1:1:2:6:data:send
1564141940:2:5:-1:-1:-1:-1:-1:-1:-1:2:1:6:ack:recv
1564141958:3:2:7:75:1:-1:2:4:-1:-1:-1:-1:data:send
1564141958:2:5:7:75:-1:-1:-1:-1:-1:1:2:7:data:send
1564141960:2:5:-1:-1:-1:-1:-1:-1:-1:2:1:7:ack:recv
1564141978:3:2:8:75:1:-1:2:4:-1:-1:-1:-1:data:send
1564141978:2:5:8:75:-1:-1:-1:-1:-1:1:2:8:data:send
1564141987:2:5:8:75:-1:-1:-1:-1:-1:1:2:8:data:resend
1564141989:2:5:-1:-1:-1:-1:-1:-1:-1:2:1:8:ack:recv
1564141998:3:2:9:75:1:-1:2:4:-1:-1:-1:-1:data:send
1564141998:2:5:9:75:-1:-1:-1:-1:-1:1:2:9:data:send
1564142008:2:5:9:75:-1:-1:-1:-1:-1:1:2:9:data:resend
1564142010:2:5:-1:-1:-1:-1:-1:-1:-1:2:1:9:ack:recv
1564142018:3:2:10:75:1:-1:2:4:-1:-1:-1:-1:data:send
1564142018:2:5:10:75:-1:-1:-1:-1:-1:1:2:10:data:send
1564142020:2:5:-1:-1:-1:-1:-1:-1:-1:2:1:10:ack:recv
1564142038:3:2:11:75:1:-1:2:4:-1:-1:-1:-1:data:send
1564142038:2:5:11:75:-1:-1:-1:-1:-1:1:2:11:data:send
1564142040:2:5:-1:-1:-1:-1:-1:-1:-1:2:1:11:ack:recv
1564142058:3:2:12:75:1:-1:2:4:-1:-1:-1:-1:data:send
1564142058:2:5:12:75:-1:-1:-1:-1:-1:1:2:12:data:send
1564142060:2:5:-1:-1:-1:-1:-1:-1:-1:2:1:12:ack:recv
1564142078:3:2:13:75:1:-1:2:4:-1:-1:-1:-1:data:send
1564142078:2:5:13:75:-1:-1:-1:-1:-1:1:2:13:data:send
1564142080:2:5:-1:-1:-1:-1:-1:-1:-1:2:1:13:ack:recv
1564142098:3:2:14:75:1:-1:2:4:-1:-1:-1:-1:data:send
1564142098:2:5:14:75:-1:-1:-1:-1:-1:1:2:14:data:send
1564142100:2:5:-1:-1:-1:-1:-1:-1:-1:2:1:14:ack:recv
1564142118:3:2:15:75:1:-1:2:4:-1:-1:-1:-1:data:send
1564142118:2:5:15:75:-1:-1:-1:-1:-1:1:2:15:data:send
1564142120:2:5:-1:-1:-1:-1:-1:-1:-1:2:1:15:ack:recv
1564142138:3:2:16:75:1:-1:2:4:-1:-1:-1:-1:data:send
1564142138:2:5:16:75:-1:-1:-1:-1:-1:1:2:16:data:send
1564142140:2:5:-1:-1:-1:-1:-1:-1:-1:2:1:16:ack:recv
1564142158:3:2:17:75:1:-1:2:4:-1:-1:-1:-1:data:send
1564142158:2:5:17:75:-1:-1:-1:-1:-1:1:2:17:data:send
1564142160:2:5:-1:-1:-1:-1:-1:-1:-1:2:1:17:ack:recv
1564142178:3:2:18:75:1:-1:2:4:-1:-1:-1:-1:data:send
1564142178:2:5:18:75:-1:-1:-1:-1:-1:1:2:18:data:send
1564142180:2:5:-1:-1:-1:-1:-1:-1:-1:2:1:18:ack:recv
1564142198:3:2:19:75:1:-1:2:4:-1:-1:-1:-1:data:send
1564142198:2:5:19:75:-1:-1:-1:-1:-1:1:2:19:data:send
1564142200:2:5:-1:-1:-1:-1:-1:-1:-1:2:1:19:ack:recv
1564142218:3:2:20:75:1:-1:2:4:-1:-1:-1:-1:data:send
1564142218:2:5:20:75:-1:-1:-1:-1:-1:1:2:20:data:send
1564142220:2:5:-1:-1:-1:-1:-1:-1:-1:2:1:20:ack:recv
1564142238:3:2:21:75:1:-1:2:4:-1:-1:-1:-1:data:send
1564142238:2:5:21:75:-1:-1:-1:-1:-1:1:2:21:data:send
1564142240:2:5:-1:-1:-1:-1:-1:-1:-1:2:1:21:ack:recv
1564142258:3:2:22:75:1:-1:2:4:-1:-1:-1:-1:data:send
1564142258:2:5:22:75:-1:-1:-1:-1:-1:1:2:22:data:send
1564142260:2:5:-1:-1:-1:-1:-1:-1:-1:2:1:22:ack:recv
1564142278:3:2:23:75:1:-1:2:4:-1:-1:-1:-1:data:send
1564142278:2:5:23:75:-1:-1:-1:-1:-1:1:2:23:data:send
1564142280:2:5:-1:-1:-1:-1:-1:-1:-1:2:1:23:ack:recv
1564142298:3:2:24:75:1:-1:2:4:-1:-1:-1:-1:data:send
1564142298:2:5:24:75:-1:-1:-1:-1:-1:1:2:24:data:send
1564142300:2:5:-1:-1:-1:-1:-1:-1:-1:2:1:24:ack:recv
1564142318:3:2:25:75:1:-1:2:4:-1:-1:-1:-1:data:send
1564142318:2:5:25:75:-1:-1:-1:-1:-1:1:2:25:data:send
1564142320:2:5:-1:-1:-1:-1:-1:-1:-1:2:1:25:ack:recv
1564142338:3:2:26:75:1:-1:2:4:-1:-1:-1:-1:data:send
1564142338:2:5:26:75:-1:-1:-1:-1:-1:1:2:26:data:send
1564142346:2:5:26:75:-1:-1:-1:-1:-1:1:2:26:data:resend
1564142350:2:5:26:75:-1:-1:-1:-1:-1:1:2:26:data:resend
1564142352:2:5:-1:-1:-1:-1:-1:-1:-1:2:1:26:ack:recv
1564142358:3:2:27:75:1:-1:2:4:-1:-1:-1:-1:data:send
1564142358:2:5:27:75:-1:-1:-1:-1:-1:1:2:27:data:send
1564142360:2:5:-1:-1:-1:-1:-1:-1:-1:2:1:27:ack:recv
1564142378:3:2:28:75:1:-1:2:4:-1:-1:-1:-1:data:send
1564142378:2:5:28:75:-1:-1:-1:-1:-1:1:2:28:data:send
1564142380:2:5:-1:-1:-1:-1:-1:-1:-1:2:1:28:ack:recv
1564142398:3:2:29:75:1:-1:2:4:-1:-1:-1:-1:data:send
1564142398:2:5:29:75:-1:-1:-1:-1:-1:1:2:29:data:send
1564142400:2:5:-1:-1:-1:-1:-1:-1:-1:2:1:29:ack:recv
1564142418:3:2:30:75:1:-1:2:4:-1:-1:-1:-1:data:send
1564142418:2:5:30:75:-1:-1:-1:-1:-1:1:2:30:data:send
1564142420:2:5:-1:-1:-1:-1:-1:-1:-1:2:1:30:ack:recv
1564142438:3:2:31:75:1:-1:2:4:-1:-1:-1:-1:data:send
1564142438:2:5:31:75:-1:-1:-1:-1:-1:1:2:31:data:send
1564142440:2:5:-1:-1:-1:-1:-1:-1:-1:2:1:31:ack:recv
1564142458:3:2:32:75:1:-1:2:4:-1:-1:-1:-1:data:send
1564142458:2:5:32:75:-1:-1:-1:-1:-1:1:2:32:data:send
1564142460:2:5:-1:-1:-1:-1:-1:-1:-1:2:1:32:ack:recv
1564142478:3:2:33:75:1:-1:2:4:-1:-1:-1:-1:data:send
1564142478:2:5:33:75:-1:-1:-1:-1:-1:1:2:33:data:send
1564142480:2:5:-1:-1:-1:-1:-1:-1:-1:2:1:33:ack:recv
1564142498:3:2:34:75:1:-1:2:4:-1:-1:-1:-1:data:send
1564142498:2:5:34:75:-1:-1:-1:-1:-1:1:2:34:data:send
1564142500:2:5:-1:-1:-1:-1:-1:-1:-1:2:1:34:ack:recv
1564142518:3:2:35:75:1:-1:2:4:-1:-1:-1:-1:data:send
1564142518:2:5:35:75:-1:-1:-1:-1:-1:1:2:35:data:send
1564142520:2:5:-1:-1:-1:-1:-1:-1:-1:2:1:35:ack:recv
1564142538:3:2:36:75:1:-1:2:4:-1:-1:-1:-1:data:send
1564142538:2:5:36:75:-1:-1:-1:-1:-1:1:2:36:data:send
1564142541:2:5:-1:-1:-1:-1:-1:-1:-1:2:1:36:ack:recv
1564142558:3:2:37:75:1:-1:2:4:-1:-1:-1:-1:data:send
1564142558:2:5:37:75:-1:-1:-1:-1:-1:1:2:37:data:send
1564142561:2:5:-1:-1:-1:-1:-1:-1:-1:2:1:37:ack:recv
1564142578:3:2:38:75:1:-1:2:4:-1:-1:-1:-1:data:send
1564142578:2:5:38:75:-1:-1:-1:-1:-1:1:2:38:data:send
1564142585:2:5:38:75:-1:-1:-1:-1:-1:1:2:38:data:resend
1564142588:2:5:-1:-1:-1:-1:-1:-1:-1:2:1:38:ack:recv
1564142598:3:2:39:75:1:-1:2:4:-1:-1:-1:-1:data:send
1564142598:2:5:39:75:-1:-1:-1:-1:-1:1:2:39:data:send
1564142601:2:5:-1:-1:-1:-1:-1:-1:-1:2:1:39:ack:recv
1564142618:3:2:40:75:1:-1:2:4:-1:-1:-1:-1:data:send
1564142618:2:5:40:75:-1:-1:-1:-1:-1:1:2:40:data:send
1564142621:2:5:-1:-1:-1:-1:-1:-1:-1:2:1:40:ack:recv
1564142638:3:2:41:75:1:-1:2:4:-1:-1:-1:-1:data:send
1564142638:2:5:41:75:-1:-1:-1:-1:-1:1:2:41:data:send
1564142641:2:5:-1:-1:-1:-1:-1:-1:-1:2:1:41:ack:recv
1564142658:3:2:42:75:1:-1:2:4:-1:-1:-1:-1:data:send
1564142658:2:5:42:75:-1:-1:-1:-1:-1:1:2:42:data:send
1564142661:2:5:-1:-1:-1:-1:-1:-1:-1:2:1:42:ack:recv
1564142679:3:2:43:75:1:-1:2:4:-1:-1:-1:-1:data:send
1564142679:2:5:43:75:-1:-1:-1:-1:-1:1:2:43:data:send
1564142681:2:5:-1:-1:-1:-1:-1:-1:-1:2:1:43:ack:recv
1564142699:3:2:44:75:1:-1:2:4:-1:-1:-1:-1:data:send
1564142699:2:5:44:75:-1:-1:-1:-1:-1:1:2:44:data:send
1564142701:2:5:-1:-1:-1:-1:-1:-1:-1:2:1:44:ack:recv
1564142719:3:2:45:75:1:-1:2:4:-1:-1:-1:-1:data:send
1564142719:2:5:45:75:-1:-1:-1:-1:-1:1:2:45:data:send
1564142721:2:5:-1:-1:-1:-1:-1:-1:-1:2:1:45:ack:recv
1564142739:3:2:46:75:1:-1:2:4:-1:-1:-1:-1:data:send
1564142739:2:5:46:75:-1:-1:-1:-1:-1:1:2:46:data:send
1564142741:2:5:-1:-1:-1:-1:-1:-1:-1:2:1:46:ack:recv
1564142759:3:2:47:75:1:-1:2:4:-1:-1:-1:-1:data:send
1564142759:2:5:47:75:-1:-1:-1:-1:-1:1:2:47:data:send
1564142761:2:5:-1:-1:-1:-1:-1:-1:-1:2:1:47:ack:recv
1564142779:3:2:48:75:1:-1:2:4:-1:-1:-1:-1:data:send
1564142779:2:5:48:75:-1:-1:-1:-1:-1:1:2:48:data:send
1564142781:2:5:-1:-1:-1:-1:-1:-1:-1:2:1:48:ack:recv
1564142799:3:2:49:75:1:-1:2:4:-1:-1:-1:-1:data:send
1564142799:2:5:49:75:-1:-1:-1:-1:-1:1:2:49:data:send
1564142801:2:5:-1:-1:-1:-1:-1:-1:-1:2:1:49:ack:recv
1564142819:3:2:50:75:1:-1:2:4:-1:-1:-1:-1:data:send
1564142819:2:5:50:75:-1:-1:-1:-1:-1:1:2:50:data:send
1564142821:2:5:-1:-1:-1:-1:-1:-1:-1:2:1:50:ack:recv
1564142839:3:2:51:75:1:-1:2:4:-1:-1:-1:-1:data:send
1564142839:2:5:51:75:-1:-1:-1:-1:-1:1:2:51:data:send
1564142841:2:5:-1:-1:-1:-1:-1:-1:-1:2:1:51:ack:recv
1564142859:3:2:52:75:1:-1:2:4:-1:-1:-1:-1:data:send
1564142859:2:5:52:75:-1:-1:-1:-1:-1:1:2:52:data:send
1564142864:2:5:52:75:-1:-1:-1:-1:-1:1:2:52:data:resend
1564142866:2:5:-1:-1:-1:-1:-1:-1:-1:2:1:52:ack:recv
1564142879:3:2:53:75:1:-1:2:4:-1:-1:-1:-1:data:send
1564142879:2:5:53:75:-1:-1:-1:-1:-1:1:2:53:data:send
1564142881:2:5:-1:-1:-1:-1:-1:-1:-1:2:1:53:ack:recv
1564142899:3:2:54:75:1:-1:2:4:-1:-1:-1:-1:data:send
1564142899:2:5:54:75:-1:-1:-1:-1:-1:1:2:54:data:send
1564142901:2:5:-1:-1:-1:-1:-1:-1:-1:2:1:54:ack:recv
1564142919:3:2:55:75:1:-1:2:4:-1:-1:-1:-1:data:send
1564142919:2:5:55:75:-1:-1:-1:-1:-1:1:2:55:data:send
1564142921:2:5:-1:-1:-1:-1:-1:-1:-1:2:1:55:ack:recv
1564142939:3:2:56:75:1:-1:2:4:-1:-1:-1:-1:data:send
1564142939:2:5:56:75:-1:-1:-1:-1:-1:1:2:56:data:send
1564142941:2:5:-1:-1:-1:-1:-1:-1:-1:2:1:56:ack:recv
1564142959:3:2:57:75:1:-1:2:4:-1:-1:-1:-1:data:send
1564142959:2:5:57:75:-1:-1:-1:-1:-1:1:2:57:data:send
1564142963:2:5:57:75:-1:-1:-1:-1:-1:1:2:57:data:resend
1564142965:2:5:-1:-1:-1:-1:-1:-1:-1:2:1:57:ack:recv
1564142979:3:2:58:75:1:-1:2:4:-1:-1:-1:-1:data:send
1564142979:2:5:58:75:-1:-1:-1:-1:-1:1:2:58:data:send
1564142981:2:5:-1:-1:-1:-1:-1:-1:-1:2:1:58:ack:recv
1564142999:3:2:59:75:1:-1:2:4:-1:-1:-1:-1:data:send
1564142999:2:5:59:75:-1:-1:-1:-1:-1:1:2:59:data:send
1564143001:2:5:-1:-1:-1:-1:-1:-1:-1:2:1:59:ack:recv
1564143019:3:2:60:75:1:-1:2:4:-1:-1:-1:-1:data:send
1564143019:2:5:60:75:-1:-1:-1:-1:-1:1:2:60:data:send
1564143021:2:5:-1:-1:-1:-1:-1:-1:-1:2:1:60:ack:recv
1564143039:3:2:61:75:1:-1:2:4:-1:-1:-1:-1:data:send
1564143039:2:5:61:75:-1:-1:-1:-1:-1:1:2:61:data:send
1564143041:2:5:-1:-1:-1:-1:-1:-1:-1:2:1:61:ack:recv
1564143059:3:2:62:75:1:-1:2:4:-1:-1:-1:-1:data:send
1564143059:2:5:62:75:-1:-1:-1:-1:-1:1:2:62:data:send
1564143061:2:5:-1:-1:-1:-1:-1:-1:-1:2:1:62:ack:recv
