=========================Fri Jul 26 19:49:38 2019
1564141819:2:5:0:75:-1:-1:-1:-1:-1:1:2:0:data:recv
1564141819:2:5:-1:-1:-1:-1:-1:-1:-1:2:1:0:ack:send
1564141819:3:2:0:75:1:-1:3:4:-1:-1:-1:-1:data:forward
1564141819:2:5:0:75:-1:-1:-1:-1:-1:2:3:0:data:send
1564141821:2:5:-1:-1:-1:-1:-1:-1:-1:3:2:0:ack:recv
1564141852:2:5:1:75:-1:-1:-1:-1:-1:1:2:1:data:recv
1564141852:2:5:-1:-1:-1:-1:-1:-1:-1:2:1:1:ack:send
1564141852:3:2:1:75:1:-1:3:4:-1:-1:-1:-1:data:forward
1564141852:2:5:1:75:-1:-1:-1:-1:-1:2:3:1:data:send
1564141854:2:5:-1:-1:-1:-1:-1:-1:-1:3:2:1:ack:recv
1564141859:2:5:2:75:-1:-1:-1:-1:-1:1:2:2:data:recv
1564141859:2:5:-1:-1:-1:-1:-1:-1:-1:2:1:2:ack:send
1564141859:3:2:2:75:1:-1:3:4:-1:-1:-1:-1:data:forward
1564141859:2:5:2:75:-1:-1:-1:-1:-1:2:3:2:data:send
1564141861:2:5:-1:-1:-1:-1:-1:-1:-1:3:2:2:ack:recv
1564141879:2:5:3:75:-1:-1:-1:-1:-1:1:2:3:data:recv
1564141879:2:5:-1:-1:-1:-1:-1:-1:-1:2:1:3:ack:send
1564141879:3:2:3:75:1:-1:3:4:-1:-1:-1:-1:data:forward
1564141879:2:5:3:75:-1:-1:-1:-1:-1:2:3:3:data:send
1564141881:2:5:-1:-1:-1:-1:-1:-1:-1:3:2:3:ack:recv
1564141899:2:5:4:75:-1:-1:-1:-1:-1:1:2:4:data:recv
1564141899:2:5:-1:-1:-1:-1:-1:-1:-1:2:1:4:ack:send
1564141899:3:2:4:75:1:-1:3:4:-1:-1:-1:-1:data:forward
1564141899:2:5:4:75:-1:-1:-1:-1:-1:2:3:4:data:send
1564141901:2:5:-1:-1:-1:-1:-1:-1:-1:3:2:4:ack:recv
1564141919:2:5:5:75:-1:-1:-1:-1:-1:1:2:5:data:recv
1564141919:2:5:-1:-1:-1:-1:-1:-1:-1:2:1:5:ack:send
1564141919:3:2:5:75:1:-1:3:4:-1:-1:-1:-1:data:forward
1564141919:2:5:5:75:-1:-1:-1:-1:-1:2:3:5:data:send
1564141931:2:5:5:75:-1:-1:-1:-1:-1:2:3:5:data:resend
1564141933:2:5:-1:-1:-1:-1:-1:-1:-1:3:2:5:ack:recv
1564141939:2:5:6:75:-1:-1:-1:-1:-1:1:2:6:data:recv
1564141939:2:5:-1:-1:-1:-1:-1:-1:-1:2:1:6:ack:send
1564141939:3:2:6:75:1:-1:3:4:-1:-1:-1:-1:data:forward
1564141939:2:5:6:75:-1:-1:-1:-1:-1:2:3:6:data:send
1564141941:2:5:-1:-1:-1:-1:-1:-1:-1:3:2:6:ack:recv
1564141959:2:5:7:75:-1:-1:-1:-1:-1:1:2:7:data:recv
1564141959:2:5:-1:-1:-1:-1:-1:-1:-1:2:1:7:ack:send
1564141959:3:2:7:75:1:-1:3:4:-1:-1:-1:-1:data:forward
1564141959:2:5:7:75:-1:-1:-1:-1:-1:2:3:7:data:send
1564141962:2:5:-1:-1:-1:-1:-1:-1:-1:3:2:7:ack:recv
1564141988:2:5:8:75:-1:-1:-1:-1:-1:1:2:8:data:recv
1564141988:2:5:-1:-1:-1:-1:-1:-1:-1:2:1:8:ack:send
1564141988:3:2:8:75:1:-1:3:4:-1:-1:-1:-1:data:forward
1564141988:2:5:8:75:-1:-1:-1:-1:-1:2:3:8:data:send
1564141991:2:5:-1:-1:-1:-1:-1:-1:-1:3:2:8:ack:recv
1564142009:2:5:9:75:-1:-1:-1:-1:-1:1:2:9:data:recv
1564142009:2:5:-1:-1:-1:-1:-1:-1:-1:2:1:9:ack:send
1564142009:3:2:9:75:1:-1:3:4:-1:-1:-1:-1:data:forward
1564142009:2:5:9:75:-1:-1:-1:-1:-1:2:3:9:data:send
1564142012:2:5:-1:-1:-1:-1:-1:-1:-1:3:2:9:ack:recv
1564142019:2:5:10:75:-1:-1:-1:-1:-1:1:2:10:data:recv
1564142019:2:5:-1:-1:-1:-1:-1:-1:-1:2:1:10:ack:send
1564142019:3:2:10:75:1:-1:3:4:-1:-1:-1:-1:data:forward
1564142019:2:5:10:75:-1:-1:-1:-1:-1:2:3:10:data:send
1564142022:2:5:-1:-1:-1:-1:-1:-1:-1:3:2:10:ack:recv
1564142039:2:5:11:75:-1:-1:-1:-1:-1:1:2:11:data:recv
1564142039:2:5:-1:-1:-1:-1:-1:-1:-1:2:1:11:ack:send
1564142039:3:2:11:75:1:-1:3:4:-1:-1:-1:-1:data:forward
1564142039:2:5:11:75:-1:-1:-1:-1:-1:2:3:11:data:send
1564142042:2:5:-1:-1:-1:-1:-1:-1:-1:3:2:11:ack:recv
1564142059:2:5:12:75:-1:-1:-1:-1:-1:1:2:12:data:recv
1564142059:2:5:-1:-1:-1:-1:-1:-1:-1:2:1:12:ack:send
1564142059:3:2:12:75:1:-1:3:4:-1:-1:-1:-1:data:forward
1564142059:2:5:12:75:-1:-1:-1:-1:-1:2:3:12:data:send
1564142064:2:5:12:75:-1:-1:-1:-1:-1:2:3:12:data:resend
1564142067:2:5:-1:-1:-1:-1:-1:-1:-1:3:2:12:ack:recv
1564142079:2:5:13:75:-1:-1:-1:-1:-1:1:2:13:data:recv
1564142079:2:5:-1:-1:-1:-1:-1:-1:-1:2:1:13:ack:send
1564142079:3:2:13:75:1:-1:3:4:-1:-1:-1:-1:data:forward
1564142079:2:5:13:75:-1:-1:-1:-1:-1:2:3:13:data:send
1564142082:2:5:-1:-1:-1:-1:-1:-1:-1:3:2:13:ack:recv
1564142099:2:5:14:75:-1:-1:-1:-1:-1:1:2:14:data:recv
1564142099:2:5:-1:-1:-1:-1:-1:-1:-1:2:1:14:ack:send
1564142099:3:2:14:75:1:-1:3:4:-1:-1:-1:-1:data:forward
1564142099:2:5:14:75:-1:-1:-1:-1:-1:2:3:14:data:send
1564142107:2:5:14:75:-1:-1:-1:-1:-1:2:3:14:data:resend
1564142110:2:5:-1:-1:-1:-1:-1:-1:-1:3:2:14:ack:recv
1564142120:2:5:15:75:-1:-1:-1:-1:-1:1:2:15:data:recv
1564142120:2:5:-1:-1:-1:-1:-1:-1:-1:2:1:15:ack:send
1564142120:3:2:15:75:1:-1:3:4:-1:-1:-1:-1:data:forward
1564142120:2:5:15:75:-1:-1:-1:-1:-1:2:3:15:data:send
1564142122:2:5:-1:-1:-1:-1:-1:-1:-1:3:2:15:ack:recv
1564142140:2:5:16:75:-1:-1:-1:-1:-1:1:2:16:data:recv
1564142140:2:5:-1:-1:-1:-1:-1:-1:-1:2:1:16:ack:send
1564142140:3:2:16:75:1:-1:3:4:-1:-1:-1:-1:data:forward
1564142140:2:5:16:75:-1:-1:-1:-1:-1:2:3:16:data:send
1564142142:2:5:-1:-1:-1:-1:-1:-1:-1:3:2:16:ack:recv
1564142160:2:5:17:75:-1:-1:-1:-1:-1:1:2:17:data:recv
1564142160:2:5:-1:-1:-1:-1:-1:-1:-1:2:1:17:ack:send
1564142160:3:2:17:75:1:-1:3:4:-1:-1:-1:-1:data:forward
1564142160:2:5:17:75:-1:-1:-1:-1:-1:2:3:17:data:send
1564142162:2:5:-1:-1:-1:-1:-1:-1:-1:3:2:17:ack:recv
1564142180:2:5:18:75:-1:-1:-1:-1:-1:1:2:18:data:recv
1564142180:2:5:-1:-1:-1:-1:-1:-1:-1:2:1:18:ack:send
1564142180:3:2:18:75:1:-1:3:4:-1:-1:-1:-1:data:forward
1564142180:2:5:18:75:-1:-1:-1:-1:-1:2:3:18:data:send
1564142182:2:5:-1:-1:-1:-1:-1:-1:-1:3:2:18:ack:recv
1564142200:2:5:19:75:-1:-1:-1:-1:-1:1:2:19:data:recv
1564142200:2:5:-1:-1:-1:-1:-1:-1:-1:2:1:19:ack:send
1564142200:3:2:19:75:1:-1:3:4:-1:-1:-1:-1:data:forward
1564142200:2:5:19:75:-1:-1:-1:-1:-1:2:3:19:data:send
1564142210:2:5:19:75:-1:-1:-1:-1:-1:2:3:19:data:resend
1564142212:2:5:-1:-1:-1:-1:-1:-1:-1:3:2:19:ack:recv
1564142220:2:5:20:75:-1:-1:-1:-1:-1:1:2:20:data:recv
1564142220:2:5:-1:-1:-1:-1:-1:-1:-1:2:1:20:ack:send
1564142220:3:2:20:75:1:-1:3:4:-1:-1:-1:-1:data:forward
1564142220:2:5:20:75:-1:-1:-1:-1:-1:2:3:20:data:send
1564142222:2:5:-1:-1:-1:-1:-1:-1:-1:3:2:20:ack:recv
1564142240:2:5:21:75:-1:-1:-1:-1:-1:1:2:21:data:recv
1564142240:2:5:-1:-1:-1:-1:-1:-1:-1:2:1:21:ack:send
1564142240:3:2:21:75:1:-1:3:4:-1:-1:-1:-1:data:forward
1564142240:2:5:21:75:-1:-1:-1:-1:-1:2:3:21:data:send
1564142242:2:5:-1:-1:-1:-1:-1:-1:-1:3:2:21:ack:recv
1564142260:2:5:22:75:-1:-1:-1:-1:-1:1:2:22:data:recv
1564142260:2:5:-1:-1:-1:-1:-1:-1:-1:2:1:22:ack:send
1564142260:3:2:22:75:1:-1:3:4:-1:-1:-1:-1:data:forward
1564142260:2:5:22:75:-1:-1:-1:-1:-1:2:3:22:data:send
1564142262:2:5:-1:-1:-1:-1:-1:-1:-1:3:2:22:ack:recv
1564142280:2:5:23:75:-1:-1:-1:-1:-1:1:2:23:data:recv
1564142280:2:5:-1:-1:-1:-1:-1:-1:-1:2:1:23:ack:send
1564142280:3:2:23:75:1:-1:3:4:-1:-1:-1:-1:data:forward
1564142280:2:5:23:75:-1:-1:-1:-1:-1:2:3:23:data:send
1564142282:2:5:-1:-1:-1:-1:-1:-1:-1:3:2:23:ack:recv
1564142300:2:5:24:75:-1:-1:-1:-1:-1:1:2:24:data:recv
1564142300:2:5:-1:-1:-1:-1:-1:-1:-1:2:1:24:ack:send
1564142300:3:2:24:75:1:-1:3:4:-1:-1:-1:-1:data:forward
1564142300:2:5:24:75:-1:-1:-1:-1:-1:2:3:24:data:send
1564142302:2:5:-1:-1:-1:-1:-1:-1:-1:3:2:24:ack:recv
1564142320:2:5:25:75:-1:-1:-1:-1:-1:1:2:25:data:recv
1564142320:2:5:-1:-1:-1:-1:-1:-1:-1:2:1:25:ack:send
1564142320:3:2:25:75:1:-1:3:4:-1:-1:-1:-1:data:forward
1564142320:2:5:25:75:-1:-1:-1:-1:-1:2:3:25:data:send
1564142322:2:5:-1:-1:-1:-1:-1:-1:-1:3:2:25:ack:recv
1564142340:2:5:26:75:-1:-1:-1:-1:-1:1:2:26:data:recv
1564142340:2:5:-1:-1:-1:-1:-1:-1:-1:2:1:26:ack:send
1564142340:3:2:26:75:1:-1:3:4:-1:-1:-1:-1:data:forward
1564142340:2:5:26:75:-1:-1:-1:-1:-1:2:3:26:data:send
1564142347:2:5:26:75:-1:-1:-1:-1:-1:2:3:26:data:resend
1564142349:2:5:-1:-1:-1:-1:-1:-1:-1:3:2:26:ack:recv
1564142352:2:5:26:75:-1:-1:-1:-1:-1:1:2:26:data:recv
1564142352:2:5:-1:-1:-1:-1:-1:-1:-1:2:1:26:ack:send
1564142360:2:5:27:75:-1:-1:-1:-1:-1:1:2:27:data:recv
1564142360:2:5:-1:-1:-1:-1:-1:-1:-1:2:1:27:ack:send
1564142360:3:2:27:75:1:-1:3:4:-1:-1:-1:-1:data:forward
1564142360:2:5:27:75:-1:-1:-1:-1:-1:2:3:27:data:send
1564142362:2:5:-1:-1:-1:-1:-1:-1:-1:3:2:27:ack:recv
1564142380:2:5:28:75:-1:-1:-1:-1:-1:1:2:28:data:recv
1564142380:2:5:-1:-1:-1:-1:-1:-1:-1:2:1:28:ack:send
1564142380:3:2:28:75:1:-1:3:4:-1:-1:-1:-1:data:forward
1564142380:2:5:28:75:-1:-1:-1:-1:-1:2:3:28:data:send
1564142382:2:5:-1:-1:-1:-1:-1:-1:-1:3:2:28:ack:recv
1564142400:2:5:29:75:-1:-1:-1:-1:-1:1:2:29:data:recv
1564142400:2:5:-1:-1:-1:-1:-1:-1:-1:2:1:29:ack:send
1564142400:3:2:29:75:1:-1:3:4:-1:-1:-1:-1:data:forward
1564142400:2:5:29:75:-1:-1:-1:-1:-1:2:3:29:data:send
1564142406:2:5:29:75:-1:-1:-1:-1:-1:2:3:29:data:resend
1564142408:2:5:-1:-1:-1:-1:-1:-1:-1:3:2:29:ack:recv
1564142420:2:5:30:75:-1:-1:-1:-1:-1:1:2:30:data:recv
1564142420:2:5:-1:-1:-1:-1:-1:-1:-1:2:1:30:ack:send
1564142420:3:2:30:75:1:-1:3:4:-1:-1:-1:-1:data:forward
1564142420:2:5:30:75:-1:-1:-1:-1:-1:2:3:30:data:send
1564142422:2:5:-1:-1:-1:-1:-1:-1:-1:3:2:30:ack:recv
1564142440:2:5:31:75:-1:-1:-1:-1:-1:1:2:31:data:recv
1564142440:2:5:-1:-1:-1:-1:-1:-1:-1:2:1:31:ack:send
1564142440:3:2:31:75:1:-1:3:4:-1:-1:-1:-1:data:forward
1564142440:2:5:31:75:-1:-1:-1:-1:-1:2:3:31:data:send
1564142442:2:5:-1:-1:-1:-1:-1:-1:-1:3:2:31:ack:recv
1564142460:2:5:32:75:-1:-1:-1:-1:-1:1:2:32:data:recv
1564142460:2:5:-1:-1:-1:-1:-1:-1:-1:2:1:32:ack:send
1564142460:3:2:32:75:1:-1:3:4:-1:-1:-1:-1:data:forward
1564142460:2:5:32:75:-1:-1:-1:-1:-1:2:3:32:data:send
1564142462:2:5:-1:-1:-1:-1:-1:-1:-1:3:2:32:ack:recv
1564142480:2:5:33:75:-1:-1:-1:-1:-1:1:2:33:data:recv
1564142480:2:5:-1:-1:-1:-1:-1:-1:-1:2:1:33:ack:send
1564142480:3:2:33:75:1:-1:3:4:-1:-1:-1:-1:data:forward
1564142480:2:5:33:75:-1:-1:-1:-1:-1:2:3:33:data:send
1564142482:2:5:-1:-1:-1:-1:-1:-1:-1:3:2:33:ack:recv
1564142500:2:5:34:75:-1:-1:-1:-1:-1:1:2:34:data:recv
1564142500:2:5:-1:-1:-1:-1:-1:-1:-1:2:1:34:ack:send
1564142500:3:2:34:75:1:-1:3:4:-1:-1:-1:-1:data:forward
1564142500:2:5:34:75:-1:-1:-1:-1:-1:2:3:34:data:send
1564142502:2:5:-1:-1:-1:-1:-1:-1:-1:3:2:34:ack:recv
1564142520:2:5:35:75:-1:-1:-1:-1:-1:1:2:35:data:recv
1564142520:2:5:-1:-1:-1:-1:-1:-1:-1:2:1:35:ack:send
1564142520:3:2:35:75:1:-1:3:4:-1:-1:-1:-1:data:forward
1564142520:2:5:35:75:-1:-1:-1:-1:-1:2:3:35:data:send
1564142522:2:5:-1:-1:-1:-1:-1:-1:-1:3:2:35:ack:recv
1564142540:2:5:36:75:-1:-1:-1:-1:-1:1:2:36:data:recv
1564142540:2:5:-1:-1:-1:-1:-1:-1:-1:2:1:36:ack:send
1564142540:3:2:36:75:1:-1:3:4:-1:-1:-1:-1:data:forward
1564142540:2:5:36:75:-1:-1:-1:-1:-1:2:3:36:data:send
1564142542:2:5:-1:-1:-1:-1:-1:-1:-1:3:2:36:ack:recv
1564142560:2:5:37:74:-1:-1:-1:-1:-1:1:2:37:data:recv
1564142560:2:5:-1:-1:-1:-1:-1:-1:-1:2:1:37:ack:send
1564142560:3:2:37:74:1:-1:3:4:-1:-1:-1:-1:data:forward
1564142560:2:5:37:74:-1:-1:-1:-1:-1:2:3:37:data:send
1564142565:2:5:37:74:-1:-1:-1:-1:-1:2:3:37:data:resend
1564142567:2:5:-1:-1:-1:-1:-1:-1:-1:3:2:37:ack:recv
1564142587:2:5:38:75:-1:-1:-1:-1:-1:1:2:38:data:recv
1564142587:2:5:-1:-1:-1:-1:-1:-1:-1:2:1:38:ack:send
1564142587:3:2:38:75:1:-1:3:4:-1:-1:-1:-1:data:forward
1564142587:2:5:38:75:-1:-1:-1:-1:-1:2:3:38:data:send
1564142589:2:5:-1:-1:-1:-1:-1:-1:-1:3:2:38:ack:recv
1564142600:2:5:39:75:-1:-1:-1:-1:-1:1:2:39:data:recv
1564142600:2:5:-1:-1:-1:-1:-1:-1:-1:2:1:39:ack:send
1564142600:3:2:39:75:1:-1:3:4:-1:-1:-1:-1:data:forward
1564142600:2:5:39:75:-1:-1:-1:-1:-1:2:3:39:data:send
1564142602:2:5:-1:-1:-1:-1:-1:-1:-1:3:2:39:ack:recv
1564142620:2:5:40:75:-1:-1:-1:-1:-1:1:2:40:data:recv
1564142620:2:5:-1:-1:-1:-1:-1:-1:-1:2:1:40:ack:send
1564142620:3:2:40:75:1:-1:3:4:-1:-1:-1:-1:data:forward
1564142620:2:5:40:75:-1:-1:-1:-1:-1:2:3:40:data:send
1564142623:2:5:-1:-1:-1:-1:-1:-1:-1:3:2:40:ack:recv
1564142640:2:5:41:75:-1:-1:-1:-1:-1:1:2:41:data:recv
1564142640:2:5:-1:-1:-1:-1:-1:-1:-1:2:1:41:ack:send
1564142640:3:2:41:75:1:-1:3:4:-1:-1:-1:-1:data:forward
1564142640:2:5:41:75:-1:-1:-1:-1:-1:2:3:41:data:send
1564142642:2:5:-1:-1:-1:-1:-1:-1:-1:3:2:41:ack:recv
1564142660:2:5:42:75:-1:-1:-1:-1:-1:1:2:42:data:recv
1564142660:2:5:-1:-1:-1:-1:-1:-1:-1:2:1:42:ack:send
1564142660:3:2:42:75:1:-1:3:4:-1:-1:-1:-1:data:forward
1564142660:2:5:42:75:-1:-1:-1:-1:-1:2:3:42:data:send
1564142668:2:5:42:75:-1:-1:-1:-1:-1:2:3:42:data:resend
1564142670:2:5:-1:-1:-1:-1:-1:-1:-1:3:2:42:ack:recv
1564142680:2:5:43:75:-1:-1:-1:-1:-1:1:2:43:data:recv
1564142680:2:5:-1:-1:-1:-1:-1:-1:-1:2:1:43:ack:send
1564142680:3:2:43:75:1:-1:3:4:-1:-1:-1:-1:data:forward
1564142680:2:5:43:75:-1:-1:-1:-1:-1:2:3:43:data:send
1564142682:2:5:-1:-1:-1:-1:-1:-1:-1:3:2:43:ack:recv
1564142700:2:5:44:75:-1:-1:-1:-1:-1:1:2:44:data:recv
1564142700:2:5:-1:-1:-1:-1:-1:-1:-1:2:1:44:ack:send
1564142700:3:2:44:75:1:-1:3:4:-1:-1:-1:-1:data:forward
1564142700:2:5:44:75:-1:-1:-1:-1:-1:2:3:44:data:send
1564142702:2:5:-1:-1:-1:-1:-1:-1:-1:3:2:44:ack:recv
1564142720:2:5:45:75:-1:-1:-1:-1:-1:1:2:45:data:recv
1564142720:2:5:-1:-1:-1:-1:-1:-1:-1:2:1:45:ack:send
1564142720:3:2:45:75:1:-1:3:4:-1:-1:-1:-1:data:forward
1564142720:2:5:45:75:-1:-1:-1:-1:-1:2:3:45:data:send
1564142722:2:5:-1:-1:-1:-1:-1:-1:-1:3:2:45:ack:recv
1564142740:2:5:46:75:-1:-1:-1:-1:-1:1:2:46:data:recv
1564142740:2:5:-1:-1:-1:-1:-1:-1:-1:2:1:46:ack:send
1564142740:3:2:46:75:1:-1:3:4:-1:-1:-1:-1:data:forward
1564142740:2:5:46:75:-1:-1:-1:-1:-1:2:3:46:data:send
1564142742:2:5:-1:-1:-1:-1:-1:-1:-1:3:2:46:ack:recv
1564142760:2:5:47:75:-1:-1:-1:-1:-1:1:2:47:data:recv
1564142760:2:5:-1:-1:-1:-1:-1:-1:-1:2:1:47:ack:send
1564142760:3:2:47:75:1:-1:3:4:-1:-1:-1:-1:data:forward
1564142760:2:5:47:75:-1:-1:-1:-1:-1:2:3:47:data:send
1564142762:2:5:-1:-1:-1:-1:-1:-1:-1:3:2:47:ack:recv
1564142780:2:5:48:75:-1:-1:-1:-1:-1:1:2:48:data:recv
1564142780:2:5:-1:-1:-1:-1:-1:-1:-1:2:1:48:ack:send
1564142780:3:2:48:75:1:-1:3:4:-1:-1:-1:-1:data:forward
1564142780:2:5:48:75:-1:-1:-1:-1:-1:2:3:48:data:send
1564142782:2:5:-1:-1:-1:-1:-1:-1:-1:3:2:48:ack:recv
1564142800:2:5:49:75:-1:-1:-1:-1:-1:1:2:49:data:recv
1564142800:2:5:-1:-1:-1:-1:-1:-1:-1:2:1:49:ack:send
1564142800:3:2:49:75:1:-1:3:4:-1:-1:-1:-1:data:forward
1564142800:2:5:49:75:-1:-1:-1:-1:-1:2:3:49:data:send
1564142802:2:5:-1:-1:-1:-1:-1:-1:-1:3:2:49:ack:recv
1564142820:2:5:50:75:-1:-1:-1:-1:-1:1:2:50:data:recv
1564142820:2:5:-1:-1:-1:-1:-1:-1:-1:2:1:50:ack:send
1564142820:3:2:50:75:1:-1:3:4:-1:-1:-1:-1:data:forward
1564142820:2:5:50:75:-1:-1:-1:-1:-1:2:3:50:data:send
1564142822:2:5:-1:-1:-1:-1:-1:-1:-1:3:2:50:ack:recv
1564142840:2:5:51:75:-1:-1:-1:-1:-1:1:2:51:data:recv
1564142840:2:5:-1:-1:-1:-1:-1:-1:-1:2:1:51:ack:send
1564142840:3:2:51:75:1:-1:3:4:-1:-1:-1:-1:data:forward
1564142840:2:5:51:75:-1:-1:-1:-1:-1:2:3:51:data:send
1564142842:2:5:-1:-1:-1:-1:-1:-1:-1:3:2:51:ack:recv
1564142860:2:5:52:75:-1:-1:-1:-1:-1:1:2:52:data:recv
1564142860:2:5:-1:-1:-1:-1:-1:-1:-1:2:1:52:ack:send
1564142860:3:2:52:75:1:-1:3:4:-1:-1:-1:-1:data:forward
1564142860:2:5:52:75:-1:-1:-1:-1:-1:2:3:52:data:send
1564142862:2:5:-1:-1:-1:-1:-1:-1:-1:3:2:52:ack:recv
1564142865:2:5:52:75:-1:-1:-1:-1:-1:1:2:52:data:recv
1564142865:2:5:-1:-1:-1:-1:-1:-1:-1:2:1:52:ack:send
1564142880:2:5:53:75:-1:-1:-1:-1:-1:1:2:53:data:recv
1564142880:2:5:-1:-1:-1:-1:-1:-1:-1:2:1:53:ack:send
1564142880:3:2:53:75:1:-1:3:4:-1:-1:-1:-1:data:forward
1564142880:2:5:53:75:-1:-1:-1:-1:-1:2:3:53:data:send
1564142882:2:5:-1:-1:-1:-1:-1:-1:-1:3:2:53:ack:recv
1564142900:2:5:54:75:-1:-1:-1:-1:-1:1:2:54:data:recv
1564142900:2:5:-1:-1:-1:-1:-1:-1:-1:2:1:54:ack:send
1564142900:3:2:54:75:1:-1:3:4:-1:-1:-1:-1:data:forward
1564142900:2:5:54:75:-1:-1:-1:-1:-1:2:3:54:data:send
1564142902:2:5:-1:-1:-1:-1:-1:-1:-1:3:2:54:ack:recv
1564142920:2:5:55:75:-1:-1:-1:-1:-1:1:2:55:data:recv
1564142920:2:5:-1:-1:-1:-1:-1:-1:-1:2:1:55:ack:send
1564142920:3:2:55:75:1:-1:3:4:-1:-1:-1:-1:data:forward
1564142920:2:5:55:75:-1:-1:-1:-1:-1:2:3:55:data:send
1564142922:2:5:-1:-1:-1:-1:-1:-1:-1:3:2:55:ack:recv
1564142940:2:5:56:75:-1:-1:-1:-1:-1:1:2:56:data:recv
1564142940:2:5:-1:-1:-1:-1:-1:-1:-1:2:1:56:ack:send
1564142940:3:2:56:75:1:-1:3:4:-1:-1:-1:-1:data:forward
1564142940:2:5:56:75:-1:-1:-1:-1:-1:2:3:56:data:send
1564142942:2:5:-1:-1:-1:-1:-1:-1:-1:3:2:56:ack:recv
1564142960:2:5:57:75:-1:-1:-1:-1:-1:1:2:57:data:recv
1564142960:2:5:-1:-1:-1:-1:-1:-1:-1:2:1:57:ack:send
1564142960:3:2:57:75:1:-1:3:4:-1:-1:-1:-1:data:forward
1564142960:2:5:57:75:-1:-1:-1:-1:-1:2:3:57:data:send
1564142962:2:5:-1:-1:-1:-1:-1:-1:-1:3:2:57:ack:recv
1564142964:2:5:57:75:-1:-1:-1:-1:-1:1:2:57:data:recv
1564142964:2:5:-1:-1:-1:-1:-1:-1:-1:2:1:57:ack:send
1564142980:2:5:58:75:-1:-1:-1:-1:-1:1:2:58:data:recv
1564142980:2:5:-1:-1:-1:-1:-1:-1:-1:2:1:58:ack:send
1564142980:3:2:58:75:1:-1:3:4:-1:-1:-1:-1:data:forward
1564142980:2:5:58:75:-1:-1:-1:-1:-1:2:3:58:data:send
1564142985:2:5:58:75:-1:-1:-1:-1:-1:2:3:58:data:resend
1564142987:2:5:-1:-1:-1:-1:-1:-1:-1:3:2:58:ack:recv
1564143000:2:5:59:75:-1:-1:-1:-1:-1:1:2:59:data:recv
1564143000:2:5:-1:-1:-1:-1:-1:-1:-1:2:1:59:ack:send
1564143000:3:2:59:75:1:-1:3:4:-1:-1:-1:-1:data:forward
1564143000:2:5:59:75:-1:-1:-1:-1:-1:2:3:59:data:send
1564143002:2:5:-1:-1:-1:-1:-1:-1:-1:3:2:59:ack:recv
1564143020:2:5:60:75:-1:-1:-1:-1:-1:1:2:60:data:recv
1564143020:2:5:-1:-1:-1:-1:-1:-1:-1:2:1:60:ack:send
1564143020:3:2:60:75:1:-1:3:4:-1:-1:-1:-1:data:forward
1564143020:2:5:60:75:-1:-1:-1:-1:-1:2:3:60:data:send
1564143022:2:5:-1:-1:-1:-1:-1:-1:-1:3:2:60:ack:recv
1564143040:2:5:61:75:-1:-1:-1:-1:-1:1:2:61:data:recv
1564143040:2:5:-1:-1:-1:-1:-1:-1:-1:2:1:61:ack:send
1564143040:3:2:61:75:1:-1:3:4:-1:-1:-1:-1:data:forward
1564143040:2:5:61:75:-1:-1:-1:-1:-1:2:3:61:data:send
1564143042:2:5:-1:-1:-1:-1:-1:-1:-1:3:2:61:ack:recv
1564143060:2:5:62:75:-1:-1:-1:-1:-1:1:2:62:data:recv
1564143060:2:5:-1:-1:-1:-1:-1:-1:-1:2:1:62:ack:send
1564143060:3:2:62:75:1:-1:3:4:-1:-1:-1:-1:data:forward
1564143060:2:5:62:75:-1:-1:-1:-1:-1:2:3:62:data:send
1564143063:2:5:-1:-1:-1:-1:-1:-1:-1:3:2:62:ack:recv
