=========================Fri Jul 26 19:49:39 2019
1564141821:2:5:0:75:-1:-1:-1:-1:-1:2:3:0:data:recv
1564141821:2:5:-1:-1:-1:-1:-1:-1:-1:3:2:0:ack:send
1564141821:3:2:0:75:1:-1:4:4:-1:-1:-1:-1:data:forward
1564141821:2:5:0:75:-1:-1:-1:-1:-1:3:4:0:data:send
1564141823:2:5:-1:-1:-1:-1:-1:-1:-1:4:3:0:ack:recv
1564141854:2:5:1:75:-1:-1:-1:-1:-1:2:3:1:data:recv
1564141854:2:5:-1:-1:-1:-1:-1:-1:-1:3:2:1:ack:send
1564141854:3:2:1:75:1:-1:4:4:-1:-1:-1:-1:data:forward
1564141854:2:5:1:75:-1:-1:-1:-1:-1:3:4:1:data:send
1564141856:2:5:-1:-1:-1:-1:-1:-1:-1:4:3:1:ack:recv
1564141861:2:5:2:75:-1:-1:-1:-1:-1:2:3:2:data:recv
1564141861:2:5:-1:-1:-1:-1:-1:-1:-1:3:2:2:ack:send
1564141861:3:2:2:75:1:-1:4:4:-1:-1:-1:-1:data:forward
1564141861:2:5:2:75:-1:-1:-1:-1:-1:3:4:2:data:send
1564141863:2:5:-1:-1:-1:-1:-1:-1:-1:4:3:2:ack:recv
1564141881:2:5:3:75:-1:-1:-1:-1:-1:2:3:3:data:recv
1564141881:2:5:-1:-1:-1:-1:-1:-1:-1:3:2:3:ack:send
1564141881:3:2:3:75:1:-1:4:4:-1:-1:-1:-1:data:forward
1564141881:2:5:3:75:-1:-1:-1:-1:-1:3:4:3:data:send
1564141883:2:5:-1:-1:-1:-1:-1:-1:-1:4:3:3:ack:recv
1564141901:2:5:4:75:-1:-1:-1:-1:-1:2:3:4:data:recv
1564141901:2:5:-1:-1:-1:-1:-1:-1:-1:3:2:4:ack:send
1564141901:3:2:4:75:1:-1:4:4:-1:-1:-1:-1:data:forward
1564141901:2:5:4:75:-1:-1:-1:-1:-1:3:4:4:data:send
1564141903:2:5:-1:-1:-1:-1:-1:-1:-1:4:3:4:ack:recv
1564141933:2:5:5:75:-1:-1:-1:-1:-1:2:3:5:data:recv
1564141933:2:5:-1:-1:-1:-1:-1:-1:-1:3:2:5:ack:send
1564141933:3:2:5:75:1:-1:4:4:-1:-1:-1:-1:data:forward
1564141933:2:5:5:75:-1:-1:-1:-1:-1:3:4:5:data:send
1564141935:2:5:-1:-1:-1:-1:-1:-1:-1:4:3:5:ack:recv
1564141941:2:5:6:75:-1:-1:-1:-1:-1:2:3:6:data:recv
1564141941:2:5:-1:-1:-1:-1:-1:-1:-1:3:2:6:ack:send
1564141941:3:2:6:75:1:-1:4:4:-1:-1:-1:-1:data:forward
1564141941:2:5:6:75:-1:-1:-1:-1:-1:3:4:6:data:send
1564141943:2:5:-1:-1:-1:-1:-1:-1:-1:4:3:6:ack:recv
1564141961:2:5:7:75:-1:-1:-1:-1:-1:2:3:7:data:recv
1564141961:2:5:-1:-1:-1:-1:-1:-1:-1:3:2:7:ack:send
1564141961:3:2:7:75:1:-1:4:4:-1:-1:-1:-1:data:forward
1564141961:2:5:7:75:-1:-1:-1:-1:-1:3:4:7:data:send
1564141963:2:5:-1:-1:-1:-1:-1:-1:-1:4:3:7:ack:recv
1564141990:2:5:8:75:-1:-1:-1:-1:-1:2:3:8:data:recv
1564141990:2:5:-1:-1:-1:-1:-1:-1:-1:3:2:8:ack:send
1564141990:3:2:8:75:1:-1:4:4:-1:-1:-1:-1:data:forward
1564141990:2:5:8:75:-1:-1:-1:-1:-1:3:4:8:data:send
1564142002:2:5:8:75:-1:-1:-1:-1:-1:3:4:8:data:resend
1564142004:2:5:-1:-1:-1:-1:-1:-1:-1:4:3:8:ack:recv
1564142011:2:5:9:75:-1:-1:-1:-1:-1:2:3:9:data:recv
1564142011:2:5:-1:-1:-1:-1:-1:-1:-1:3:2:9:ack:send
1564142011:3:2:9:75:1:-1:4:4:-1:-1:-1:-1:data:forward
1564142011:2:5:9:75:-1:-1:-1:-1:-1:3:4:9:data:send
1564142013:2:5:-1:-1:-1:-1:-1:-1:-1:4:3:9:ack:recv
1564142021:2:5:10:75:-1:-1:-1:-1:-1:2:3:10:data:recv
1564142021:2:5:-1:-1:-1:-1:-1:-1:-1:3:2:10:ack:send
1564142021:3:2:10:75:1:-1:4:4:-1:-1:-1:-1:data:forward
1564142021:2:5:10:75:-1:-1:-1:-1:-1:3:4:10:data:send
1564142023:2:5:-1:-1:-1:-1:-1:-1:-1:4:3:10:ack:recv
1564142041:2:5:11:75:-1:-1:-1:-1:-1:2:3:11:data:recv
1564142041:2:5:-1:-1:-1:-1:-1:-1:-1:3:2:11:ack:send
1564142041:3:2:11:75:1:-1:4:4:-1:-1:-1:-1:data:forward
1564142041:2:5:11:75:-1:-1:-1:-1:-1:3:4:11:data:send
1564142043:2:5:-1:-1:-1:-1:-1:-1:-1:4:3:11:ack:recv
1564142061:2:5:12:75:-1:-1:-1:-1:-1:2:3:12:data:recv
1564142061:2:5:-1:-1:-1:-1:-1:-1:-1:3:2:12:ack:send
1564142061:3:2:12:75:1:-1:4:4:-1:-1:-1:-1:data:forward
1564142061:2:5:12:75:-1:-1:-1:-1:-1:3:4:12:data:send
1564142063:2:5:-1:-1:-1:-1:-1:-1:-1:4:3:12:ack:recv
1564142066:2:5:12:75:-1:-1:-1:-1:-1:2:3:12:data:recv
1564142066:2:5:-1:-1:-1:-1:-1:-1:-1:3:2:12:ack:send
1564142081:2:5:13:75:-1:-1:-1:-1:-1:2:3:13:data:recv
1564142081:2:5:-1:-1:-1:-1:-1:-1:-1:3:2:13:ack:send
1564142081:3:2:13:75:1:-1:4:4:-1:-1:-1:-1:data:forward
1564142081:2:5:13:75:-1:-1:-1:-1:-1:3:4:13:data:send
1564142083:2:5:-1:-1:-1:-1:-1:-1:-1:4:3:13:ack:recv
1564142101:2:5:14:75:-1:-1:-1:-1:-1:2:3:14:data:recv
1564142101:2:5:-1:-1:-1:-1:-1:-1:-1:3:2:14:ack:send
1564142101:3:2:14:75:1:-1:4:4:-1:-1:-1:-1:data:forward
1564142101:2:5:14:75:-1:-1:-1:-1:-1:3:4:14:data:send
1564142103:2:5:-1:-1:-1:-1:-1:-1:-1:4:3:14:ack:recv
1564142109:2:5:14:75:-1:-1:-1:-1:-1:2:3:14:data:recv
1564142109:2:5:-1:-1:-1:-1:-1:-1:-1:3:2:14:ack:send
1564142121:2:5:15:75:-1:-1:-1:-1:-1:2:3:15:data:recv
1564142121:2:5:-1:-1:-1:-1:-1:-1:-1:3:2:15:ack:send
1564142121:3:2:15:75:1:-1:4:4:-1:-1:-1:-1:data:forward
1564142121:2:5:15:75:-1:-1:-1:-1:-1:3:4:15:data:send
1564142123:2:5:-1:-1:-1:-1:-1:-1:-1:4:3:15:ack:recv
1564142141:2:5:16:75:-1:-1:-1:-1:-1:2:3:16:data:recv
1564142141:2:5:-1:-1:-1:-1:-1:-1:-1:3:2:16:ack:send
1564142141:3:2:16:75:1:-1:4:4:-1:-1:-1:-1:data:forward
1564142141:2:5:16:75:-1:-1:-1:-1:-1:3:4:16:data:send
1564142143:2:5:-1:-1:-1:-1:-1:-1:-1:4:3:16:ack:recv
1564142161:2:5:17:75:-1:-1:-1:-1:-1:2:3:17:data:recv
1564142161:2:5:-1:-1:-1:-1:-1:-1:-1:3:2:17:ack:send
1564142161:3:2:17:75:1:-1:4:4:-1:-1:-1:-1:data:forward
1564142161:2:5:17:75:-1:-1:-1:-1:-1:3:4:17:data:send
1564142163:2:5:-1:-1:-1:-1:-1:-1:-1:4:3:17:ack:recv
1564142181:2:5:18:75:-1:-1:-1:-1:-1:2:3:18:data:recv
1564142181:2:5:-1:-1:-1:-1:-1:-1:-1:3:2:18:ack:send
1564142181:3:2:18:75:1:-1:4:4:-1:-1:-1:-1:data:forward
1564142181:2:5:18:75:-1:-1:-1:-1:-1:3:4:18:data:send
1564142183:2:5:-1:-1:-1:-1:-1:-1:-1:4:3:18:ack:recv
1564142201:2:5:19:75:-1:-1:-1:-1:-1:2:3:19:data:recv
1564142201:2:5:-1:-1:-1:-1:-1:-1:-1:3:2:19:ack:send
1564142201:3:2:19:75:1:-1:4:4:-1:-1:-1:-1:data:forward
1564142201:2:5:19:75:-1:-1:-1:-1:-1:3:4:19:data:send
1564142203:2:5:-1:-1:-1:-1:-1:-1:-1:4:3:19:ack:recv
1564142211:2:5:19:75:-1:-1:-1:-1:-1:2:3:19:data:recv
1564142211:2:5:-1:-1:-1:-1:-1:-1:-1:3:2:19:ack:send
1564142221:2:5:20:75:-1:-1:-1:-1:-1:2:3:20:data:recv
1564142221:2:5:-1:-1:-1:-1:-1:-1:-1:3:2:20:ack:send
1564142221:3:2:20:75:1:-1:4:4:-1:-1:-1:-1:data:forward
1564142221:2:5:20:75:-1:-1:-1:-1:-1:3:4:20:data:send
1564142223:2:5:-1:-1:-1:-1:-1:-1:-1:4:3:20:ack:recv
1564142241:2:5:21:75:-1:-1:-1:-1:-1:2:3:21:data:recv
1564142241:2:5:-1:-1:-1:-1:-1:-1:-1:3:2:21:ack:send
1564142241:3:2:21:75:1:-1:4:4:-1:-1:-1:-1:data:forward
1564142241:2:5:21:75:-1:-1:-1:-1:-1:3:4:21:data:send
1564142243:2:5:-1:-1:-1:-1:-1:-1:-1:4:3:21:ack:recv
1564142261:2:5:22:75:-1:-1:-1:-1:-1:2:3:22:data:recv
1564142261:2:5:-1:-1:-1:-1:-1:-1:-1:3:2:22:ack:send
1564142261:3:2:22:75:1:-1:4:4:-1:-1:-1:-1:data:forward
1564142261:2:5:22:75:-1:-1:-1:-1:-1:3:4:22:data:send
1564142263:2:5:-1:-1:-1:-1:-1:-1:-1:4:3:22:ack:recv
1564142281:2:5:23:75:-1:-1:-1:-1:-1:2:3:23:data:recv
1564142281:2:5:-1:-1:-1:-1:-1:-1:-1:3:2:23:ack:send
1564142281:3:2:23:75:1:-1:4:4:-1:-1:-1:-1:data:forward
1564142281:2:5:23:75:-1:-1:-1:-1:-1:3:4:23:data:send
1564142283:2:5:-1:-1:-1:-1:-1:-1:-1:4:3:23:ack:recv
1564142301:2:5:24:75:-1:-1:-1:-1:-1:2:3:24:data:recv
1564142301:2:5:-1:-1:-1:-1:-1:-1:-1:3:2:24:ack:send
1564142301:3:2:24:75:1:-1:4:4:-1:-1:-1:-1:data:forward
1564142301:2:5:24:75:-1:-1:-1:-1:-1:3:4:24:data:send
1564142303:2:5:-1:-1:-1:-1:-1:-1:-1:4:3:24:ack:recv
1564142321:2:5:25:75:-1:-1:-1:-1:-1:2:3:25:data:recv
1564142321:2:5:-1:-1:-1:-1:-1:-1:-1:3:2:25:ack:send
1564142321:3:2:25:75:1:-1:4:4:-1:-1:-1:-1:data:forward
1564142321:2:5:25:75:-1:-1:-1:-1:-1:3:4:25:data:send
1564142328:2:5:25:75:-1:-1:-1:-1:-1:3:4:25:data:resend
1564142330:2:5:-1:-1:-1:-1:-1:-1:-1:4:3:25:ack:recv
1564142341:2:5:26:75:-1:-1:-1:-1:-1:2:3:26:data:recv
1564142341:2:5:-1:-1:-1:-1:-1:-1:-1:3:2:26:ack:send
1564142341:3:2:26:75:1:-1:4:4:-1:-1:-1:-1:data:forward
1564142341:2:5:26:75:-1:-1:-1:-1:-1:3:4:26:data:send
1564142343:2:5:-1:-1:-1:-1:-1:-1:-1:4:3:26:ack:recv
1564142348:2:5:26:75:-1:-1:-1:-1:-1:2:3:26:data:recv
1564142348:2:5:-1:-1:-1:-1:-1:-1:-1:3:2:26:ack:send
1564142361:2:5:27:75:-1:-1:-1:-1:-1:2:3:27:data:recv
1564142361:2:5:-1:-1:-1:-1:-1:-1:-1:3:2:27:ack:send
1564142361:3:2:27:75:1:-1:4:4:-1:-1:-1:-1:data:forward
1564142361:2:5:27:75:-1:-1:-1:-1:-1:3:4:27:data:send
1564142363:2:5:-1:-1:-1:-1:-1:-1:-1:4:3:27:ack:recv
1564142381:2:5:28:75:-1:-1:-1:-1:-1:2:3:28:data:recv
1564142381:2:5:-1:-1:-1:-1:-1:-1:-1:3:2:28:ack:send
1564142381:3:2:28:75:1:-1:4:4:-1:-1:-1:-1:data:forward
1564142381:2:5:28:75:-1:-1:-1:-1:-1:3:4:28:data:send
1564142383:2:5:-1:-1:-1:-1:-1:-1:-1:4:3:28:ack:recv
1564142401:2:5:29:75:-1:-1:-1:-1:-1:2:3:29:data:recv
1564142401:2:5:-1:-1:-1:-1:-1:-1:-1:3:2:29:ack:send
1564142401:3:2:29:75:1:-1:4:4:-1:-1:-1:-1:data:forward
1564142401:2:5:29:75:-1:-1:-1:-1:-1:3:4:29:data:send
1564142403:2:5:-1:-1:-1:-1:-1:-1:-1:4:3:29:ack:recv
1564142407:2:5:29:75:-1:-1:-1:-1:-1:2:3:29:data:recv
1564142407:2:5:-1:-1:-1:-1:-1:-1:-1:3:2:29:ack:send
1564142421:2:5:30:75:-1:-1:-1:-1:-1:2:3:30:data:recv
1564142421:2:5:-1:-1:-1:-1:-1:-1:-1:3:2:30:ack:send
1564142421:3:2:30:75:1:-1:4:4:-1:-1:-1:-1:data:forward
1564142421:2:5:30:75:-1:-1:-1:-1:-1:3:4:30:data:send
1564142423:2:5:-1:-1:-1:-1:-1:-1:-1:4:3:30:ack:recv
1564142441:2:5:31:75:-1:-1:-1:-1:-1:2:3:31:data:recv
1564142441:2:5:-1:-1:-1:-1:-1:-1:-1:3:2:31:ack:send
1564142441:3:2:31:75:1:-1:4:4:-1:-1:-1:-1:data:forward
1564142441:2:5:31:75:-1:-1:-1:-1:-1:3:4:31:data:send
1564142444:2:5:-1:-1:-1:-1:-1:-1:-1:4:3:31:ack:recv
1564142461:2:5:32:75:-1:-1:-1:-1:-1:2:3:32:data:recv
1564142461:2:5:-1:-1:-1:-1:-1:-1:-1:3:2:32:ack:send
1564142461:3:2:32:75:1:-1:4:4:-1:-1:-1:-1:data:forward
1564142461:2:5:32:75:-1:-1:-1:-1:-1:3:4:32:data:send
1564142464:2:5:-1:-1:-1:-1:-1:-1:-1:4:3:32:ack:recv
1564142481:2:5:33:75:-1:-1:-1:-1:-1:2:3:33:data:recv
1564142481:2:5:-1:-1:-1:-1:-1:-1:-1:3:2:33:ack:send
1564142481:3:2:33:75:1:-1:4:4:-1:-1:-1:-1:data:forward
1564142481:2:5:33:75:-1:-1:-1:-1:-1:3:4:33:data:send
1564142484:2:5:-1:-1:-1:-1:-1:-1:-1:4:3:33:ack:recv
1564142501:2:5:34:75:-1:-1:-1:-1:-1:2:3:34:data:recv
1564142501:2:5:-1:-1:-1:-1:-1:-1:-1:3:2:34:ack:send
1564142501:3:2:34:75:1:-1:4:4:-1:-1:-1:-1:data:forward
1564142501:2:5:34:75:-1:-1:-1:-1:-1:3:4:34:data:send
1564142507:2:5:34:75:-1:-1:-1:-1:-1:3:4:34:data:resend
1564142510:2:5:-1:-1:-1:-1:-1:-1:-1:4:3:34:ack:recv
1564142521:2:5:35:75:-1:-1:-1:-1:-1:2:3:35:data:recv
1564142521:2:5:-1:-1:-1:-1:-1:-1:-1:3:2:35:ack:send
1564142521:3:2:35:75:1:-1:4:4:-1:-1:-1:-1:data:forward
1564142521:2:5:35:75:-1:-1:-1:-1:-1:3:4:35:data:send
1564142524:2:5:-1:-1:-1:-1:-1:-1:-1:4:3:35:ack:recv
1564142541:2:5:36:75:-1:-1:-1:-1:-1:2:3:36:data:recv
1564142541:2:5:-1:-1:-1:-1:-1:-1:-1:3:2:36:ack:send
1564142541:3:2:36:75:1:-1:4:4:-1:-1:-1:-1:data:forward
1564142541:2:5:36:75:-1:-1:-1:-1:-1:3:4:36:data:send
1564142547:2:5:36:75:-1:-1:-1:-1:-1:3:4:36:data:resend
1564142550:2:5:-1:-1:-1:-1:-1:-1:-1:4:3:36:ack:recv
1564142561:2:5:37:74:-1:-1:-1:-1:-1:2:3:37:data:recv
1564142561:2:5:-1:-1:-1:-1:-1:-1:-1:3:2:37:ack:send
1564142561:3:2:37:74:1:-1:4:4:-1:-1:-1:-1:data:forward
1564142561:2:5:37:74:-1:-1:-1:-1:-1:3:4:37:data:send
1564142564:2:5:-1:-1:-1:-1:-1:-1:-1:4:3:37:ack:recv
1564142566:2:5:37:74:-1:-1:-1:-1:-1:2:3:37:data:recv
1564142566:2:5:-1:-1:-1:-1:-1:-1:-1:3:2:37:ack:send
1564142588:2:5:38:75:-1:-1:-1:-1:-1:2:3:38:data:recv
1564142588:2:5:-1:-1:-1:-1:-1:-1:-1:3:2:38:ack:send
1564142588:3:2:38:75:1:-1:4:4:-1:-1:-1:-1:data:forward
1564142588:2:5:38:75:-1:-1:-1:-1:-1:3:4:38:data:send
1564142591:2:5:-1:-1:-1:-1:-1:-1:-1:4:3:38:ack:recv
1564142601:2:5:39:75:-1:-1:-1:-1:-1:2:3:39:data:recv
1564142601:2:5:-1:-1:-1:-1:-1:-1:-1:3:2:39:ack:send
1564142601:3:2:39:75:1:-1:4:4:-1:-1:-1:-1:data:forward
1564142601:2:5:39:75:-1:-1:-1:-1:-1:3:4:39:data:send
1564142614:2:5:39:75:-1:-1:-1:-1:-1:3:4:39:data:resend
1564142621:2:5:39:75:-1:-1:-1:-1:-1:3:4:39:data:resend
1564142621:2:5:40:75:-1:-1:-1:-1:-1:2:3:40:data:recv
1564142621:2:5:-1:-1:-1:-1:-1:-1:-1:3:2:40:ack:send
1564142621:3:2:40:75:1:-1:4:4:-1:-1:-1:-1:data:forward
1564142621:2:5:40:75:-1:-1:-1:-1:-1:3:4:40:data:send
1564142624:2:5:-1:-1:-1:-1:-1:-1:-1:4:3:39:ack:recv
1564142630:2:5:40:75:-1:-1:-1:-1:-1:3:4:40:data:resend
1564142632:2:5:-1:-1:-1:-1:-1:-1:-1:4:3:40:ack:recv
1564142642:2:5:41:75:-1:-1:-1:-1:-1:2:3:41:data:recv
1564142642:2:5:-1:-1:-1:-1:-1:-1:-1:3:2:41:ack:send
1564142642:3:2:41:75:1:-1:4:4:-1:-1:-1:-1:data:forward
1564142642:2:5:41:75:-1:-1:-1:-1:-1:3:4:41:data:send
1564142644:2:5:-1:-1:-1:-1:-1:-1:-1:4:3:41:ack:recv
1564142670:2:5:42:75:-1:-1:-1:-1:-1:2:3:42:data:recv
1564142670:2:5:-1:-1:-1:-1:-1:-1:-1:3:2:42:ack:send
1564142670:3:2:42:75:1:-1:4:4:-1:-1:-1:-1:data:forward
1564142670:2:5:42:75:-1:-1:-1:-1:-1:3:4:42:data:send
1564142672:2:5:-1:-1:-1:-1:-1:-1:-1:4:3:42:ack:recv
1564142682:2:5:43:75:-1:-1:-1:-1:-1:2:3:43:data:recv
1564142682:2:5:-1:-1:-1:-1:-1:-1:-1:3:2:43:ack:send
1564142682:3:2:43:75:1:-1:4:4:-1:-1:-1:-1:data:forward
1564142682:2:5:43:75:-1:-1:-1:-1:-1:3:4:43:data:send
1564142684:2:5:-1:-1:-1:-1:-1:-1:-1:4:3:43:ack:recv
1564142702:2:5:44:75:-1:-1:-1:-1:-1:2:3:44:data:recv
1564142702:2:5:-1:-1:-1:-1:-1:-1:-1:3:2:44:ack:send
1564142702:3:2:44:75:1:-1:4:4:-1:-1:-1:-1:data:forward
1564142702:2:5:44:75:-1:-1:-1:-1:-1:3:4:44:data:send
1564142704:2:5:-1:-1:-1:-1:-1:-1:-1:4:3:44:ack:recv
1564142722:2:5:45:75:-1:-1:-1:-1:-1:2:3:45:data:recv
1564142722:2:5:-1:-1:-1:-1:-1:-1:-1:3:2:45:ack:send
1564142722:3:2:45:75:1:-1:4:4:-1:-1:-1:-1:data:forward
1564142722:2:5:45:75:-1:-1:-1:-1:-1:3:4:45:data:send
1564142728:2:5:45:75:-1:-1:-1:-1:-1:3:4:45:data:resend
1564142730:2:5:-1:-1:-1:-1:-1:-1:-1:4:3:45:ack:recv
1564142742:2:5:46:75:-1:-1:-1:-1:-1:2:3:46:data:recv
1564142742:2:5:-1:-1:-1:-1:-1:-1:-1:3:2:46:ack:send
1564142742:3:2:46:75:1:-1:4:4:-1:-1:-1:-1:data:forward
1564142742:2:5:46:75:-1:-1:-1:-1:-1:3:4:46:data:send
1564142744:2:5:-1:-1:-1:-1:-1:-1:-1:4:3:46:ack:recv
1564142762:2:5:47:75:-1:-1:-1:-1:-1:2:3:47:data:recv
1564142762:2:5:-1:-1:-1:-1:-1:-1:-1:3:2:47:ack:send
1564142762:3:2:47:75:1:-1:4:4:-1:-1:-1:-1:data:forward
1564142762:2:5:47:75:-1:-1:-1:-1:-1:3:4:47:data:send
1564142764:2:5:-1:-1:-1:-1:-1:-1:-1:4:3:47:ack:recv
1564142782:2:5:48:75:-1:-1:-1:-1:-1:2:3:48:data:recv
1564142782:2:5:-1:-1:-1:-1:-1:-1:-1:3:2:48:ack:send
1564142782:3:2:48:75:1:-1:4:4:-1:-1:-1:-1:data:forward
1564142782:2:5:48:75:-1:-1:-1:-1:-1:3:4:48:data:send
1564142784:2:5:-1:-1:-1:-1:-1:-1:-1:4:3:48:ack:recv
1564142802:2:5:49:75:-1:-1:-1:-1:-1:2:3:49:data:recv
1564142802:2:5:-1:-1:-1:-1:-1:-1:-1:3:2:49:ack:send
1564142802:3:2:49:75:1:-1:4:4:-1:-1:-1:-1:data:forward
1564142802:2:5:49:75:-1:-1:-1:-1:-1:3:4:49:data:send
1564142804:2:5:-1:-1:-1:-1:-1:-1:-1:4:3:49:ack:recv
1564142822:2:5:50:75:-1:-1:-1:-1:-1:2:3:50:data:recv
1564142822:2:5:-1:-1:-1:-1:-1:-1:-1:3:2:50:ack:send
1564142822:3:2:50:75:1:-1:4:4:-1:-1:-1:-1:data:forward
1564142822:2:5:50:75:-1:-1:-1:-1:-1:3:4:50:data:send
1564142828:2:5:50:75:-1:-1:-1:-1:-1:3:4:50:data:resend
1564142830:2:5:-1:-1:-1:-1:-1:-1:-1:4:3:50:ack:recv
1564142842:2:5:51:75:-1:-1:-1:-1:-1:2:3:51:data:recv
1564142842:2:5:-1:-1:-1:-1:-1:-1:-1:3:2:51:ack:send
1564142842:3:2:51:75:1:-1:4:4:-1:-1:-1:-1:data:forward
1564142842:2:5:51:75:-1:-1:-1:-1:-1:3:4:51:data:send
1564142844:2:5:-1:-1:-1:-1:-1:-1:-1:4:3:51:ack:recv
1564142862:2:5:52:75:-1:-1:-1:-1:-1:2:3:52:data:recv
1564142862:2:5:-1:-1:-1:-1:-1:-1:-1:3:2:52:ack:send
1564142862:3:2:52:75:1:-1:4:4:-1:-1:-1:-1:data:forward
1564142862:2:5:52:75:-1:-1:-1:-1:-1:3:4:52:data:send
1564142871:2:5:52:75:-1:-1:-1:-1:-1:3:4:52:data:resend
1564142882:2:5:53:75:-1:-1:-1:-1:-1:2:3:53:data:recv
1564142882:2:5:-1:-1:-1:-1:-1:-1:-1:3:2:53:ack:send
1564142882:3:2:53:75:1:-1:4:4:-1:-1:-1:-1:data:forward
1564142882:2:5:53:75:-1:-1:-1:-1:-1:3:4:53:data:send
1564142883:2:5:52:75:-1:-1:-1:-1:-1:3:4:52:data:resend
1564142884:2:5:-1:-1:-1:-1:-1:-1:-1:4:3:53:ack:recv
1564142885:2:5:-1:-1:-1:-1:-1:-1:-1:4:3:52:ack:recv
1564142902:2:5:54:75:-1:-1:-1:-1:-1:2:3:54:data:recv
1564142902:2:5:-1:-1:-1:-1:-1:-1:-1:3:2:54:ack:send
1564142902:3:2:54:75:1:-1:4:4:-1:-1:-1:-1:data:forward
1564142902:2:5:54:75:-1:-1:-1:-1:-1:3:4:54:data:send
1564142904:2:5:-1:-1:-1:-1:-1:-1:-1:4:3:54:ack:recv
1564142922:2:5:55:75:-1:-1:-1:-1:-1:2:3:55:data:recv
1564142922:2:5:-1:-1:-1:-1:-1:-1:-1:3:2:55:ack:send
1564142922:3:2:55:75:1:-1:4:4:-1:-1:-1:-1:data:forward
1564142922:2:5:55:75:-1:-1:-1:-1:-1:3:4:55:data:send
1564142924:2:5:-1:-1:-1:-1:-1:-1:-1:4:3:55:ack:recv
1564142942:2:5:56:75:-1:-1:-1:-1:-1:2:3:56:data:recv
1564142942:2:5:-1:-1:-1:-1:-1:-1:-1:3:2:56:ack:send
1564142942:3:2:56:75:1:-1:4:4:-1:-1:-1:-1:data:forward
1564142942:2:5:56:75:-1:-1:-1:-1:-1:3:4:56:data:send
1564142944:2:5:-1:-1:-1:-1:-1:-1:-1:4:3:56:ack:recv
1564142962:2:5:57:75:-1:-1:-1:-1:-1:2:3:57:data:recv
1564142962:2:5:-1:-1:-1:-1:-1:-1:-1:3:2:57:ack:send
1564142962:3:2:57:75:1:-1:4:4:-1:-1:-1:-1:data:forward
1564142962:2:5:57:75:-1:-1:-1:-1:-1:3:4:57:data:send
1564142974:2:5:57:75:-1:-1:-1:-1:-1:3:4:57:data:resend
1564142976:2:5:-1:-1:-1:-1:-1:-1:-1:4:3:57:ack:recv
1564142982:2:5:58:75:-1:-1:-1:-1:-1:2:3:58:data:recv
1564142982:2:5:-1:-1:-1:-1:-1:-1:-1:3:2:58:ack:send
1564142982:3:2:58:75:1:-1:4:4:-1:-1:-1:-1:data:forward
1564142982:2:5:58:75:-1:-1:-1:-1:-1:3:4:58:data:send
1564142984:2:5:-1:-1:-1:-1:-1:-1:-1:4:3:58:ack:recv
1564142987:2:5:58:75:-1:-1:-1:-1:-1:2:3:58:data:recv
1564142987:2:5:-1:-1:-1:-1:-1:-1:-1:3:2:58:ack:send
1564143002:2:5:59:75:-1:-1:-1:-1:-1:2:3:59:data:recv
1564143002:2:5:-1:-1:-1:-1:-1:-1:-1:3:2:59:ack:send
1564143002:3:2:59:75:1:-1:4:4:-1:-1:-1:-1:data:forward
1564143002:2:5:59:75:-1:-1:-1:-1:-1:3:4:59:data:send
1564143004:2:5:-1:-1:-1:-1:-1:-1:-1:4:3:59:ack:recv
1564143022:2:5:60:75:-1:-1:-1:-1:-1:2:3:60:data:recv
1564143022:2:5:-1:-1:-1:-1:-1:-1:-1:3:2:60:ack:send
1564143022:3:2:60:75:1:-1:4:4:-1:-1:-1:-1:data:forward
1564143022:2:5:60:75:-1:-1:-1:-1:-1:3:4:60:data:send
1564143034:2:5:60:75:-1:-1:-1:-1:-1:3:4:60:data:resend
1564143036:2:5:-1:-1:-1:-1:-1:-1:-1:4:3:60:ack:recv
1564143042:2:5:61:75:-1:-1:-1:-1:-1:2:3:61:data:recv
1564143042:2:5:-1:-1:-1:-1:-1:-1:-1:3:2:61:ack:send
1564143042:3:2:61:75:1:-1:4:4:-1:-1:-1:-1:data:forward
1564143042:2:5:61:75:-1:-1:-1:-1:-1:3:4:61:data:send
1564143044:2:5:-1:-1:-1:-1:-1:-1:-1:4:3:61:ack:recv
1564143062:2:5:62:75:-1:-1:-1:-1:-1:2:3:62:data:recv
1564143062:2:5:-1:-1:-1:-1:-1:-1:-1:3:2:62:ack:send
1564143062:3:2:62:75:1:-1:4:4:-1:-1:-1:-1:data:forward
1564143062:2:5:62:75:-1:-1:-1:-1:-1:3:4:62:data:send
1564143064:2:5:-1:-1:-1:-1:-1:-1:-1:4:3:62:ack:recv
