=========================Fri Jul 26 19:14:59 2019
1564139755:3:2:0:75:1:-1:2:2:-1:-1:-1:-1:data:send
1564139755:2:5:0:75:-1:-1:-1:-1:-1:1:2:0:data:send
1564139757:2:5:-1:-1:-1:-1:-1:-1:-1:2:1:0:ack:recv
1564139759:3:2:1:75:1:-1:2:2:-1:-1:-1:-1:data:send
1564139759:2:5:1:75:-1:-1:-1:-1:-1:1:2:1:data:send
1564139761:2:5:-1:-1:-1:-1:-1:-1:-1:2:1:1:ack:recv
1564139763:3:2:2:75:1:-1:2:2:-1:-1:-1:-1:data:send
1564139763:2:5:2:75:-1:-1:-1:-1:-1:1:2:2:data:send
1564139767:3:2:3:75:1:-1:2:2:-1:-1:-1:-1:data:send
1564139767:2:5:3:75:-1:-1:-1:-1:-1:1:2:3:data:send
1564139769:2:5:-1:-1:-1:-1:-1:-1:-1:2:1:3:ack:recv
1564139771:3:2:4:75:1:-1:2:2:-1:-1:-1:-1:data:send
1564139771:2:5:4:75:-1:-1:-1:-1:-1:1:2:4:data:send
1564139773:2:5:-1:-1:-1:-1:-1:-1:-1:2:1:4:ack:recv
1564139774:2:5:2:75:-1:-1:-1:-1:-1:1:2:2:data:resend
1564139775:3:2:5:75:1:-1:2:2:-1:-1:-1:-1:data:send
1564139775:2:5:5:75:-1:-1:-1:-1:-1:1:2:5:data:send
1564139777:2:5:-1:-1:-1:-1:-1:-1:-1:2:1:5:ack:recv
1564139779:3:2:6:75:1:-1:2:2:-1:-1:-1:-1:data:send
1564139779:2:5:6:75:-1:-1:-1:-1:-1:1:2:6:data:send
1564139781:2:5:2:75:-1:-1:-1:-1:-1:1:2:2:data:resend
1564139783:3:2:7:75:1:-1:2:2:-1:-1:-1:-1:data:send
1564139783:2:5:7:75:-1:-1:-1:-1:-1:1:2:7:data:send
1564139785:2:5:-1:-1:-1:-1:-1:-1:-1:2:1:7:ack:recv
1564139786:2:5:6:75:-1:-1:-1:-1:-1:1:2:6:data:resend
1564139787:3:2:8:75:1:-1:2:2:-1:-1:-1:-1:data:send
1564139787:2:5:8:75:-1:-1:-1:-1:-1:1:2:8:data:send
1564139788:2:5:2:75:-1:-1:-1:-1:-1:1:2:2:data:resend
1564139789:2:5:-1:-1:-1:-1:-1:-1:-1:2:1:8:ack:recv
1564139790:2:5:-1:-1:-1:-1:-1:-1:-1:2:1:2:ack:recv
1564139791:3:2:9:75:1:-1:2:2:-1:-1:-1:-1:data:send
1564139791:2:5:9:75:-1:-1:-1:-1:-1:1:2:9:data:send
1564139795:3:2:10:75:1:-1:2:2:-1:-1:-1:-1:data:send
1564139795:2:5:10:75:-1:-1:-1:-1:-1:1:2:10:data:send
1564139796:2:5:6:75:-1:-1:-1:-1:-1:1:2:6:data:resend
1564139797:2:5:-1:-1:-1:-1:-1:-1:-1:2:1:10:ack:recv
1564139798:2:5:-1:-1:-1:-1:-1:-1:-1:2:1:6:ack:recv
1564139799:3:2:11:75:1:-1:2:2:-1:-1:-1:-1:data:send
1564139799:2:5:11:75:-1:-1:-1:-1:-1:1:2:11:data:send
1564139801:2:5:9:75:-1:-1:-1:-1:-1:1:2:9:data:resend
1564139803:3:2:12:75:1:-1:2:2:-1:-1:-1:-1:data:send
1564139803:2:5:12:75:-1:-1:-1:-1:-1:1:2:12:data:send
1564139805:2:5:-1:-1:-1:-1:-1:-1:-1:2:1:12:ack:recv
1564139806:2:5:9:75:-1:-1:-1:-1:-1:1:2:9:data:resend
1564139806:2:5:11:75:-1:-1:-1:-1:-1:1:2:11:data:resend
1564139807:3:2:13:75:1:-1:2:2:-1:-1:-1:-1:data:send
1564139807:2:5:13:75:-1:-1:-1:-1:-1:1:2:13:data:send
1564139808:2:5:-1:-1:-1:-1:-1:-1:-1:2:1:9:ack:recv
1564139809:2:5:-1:-1:-1:-1:-1:-1:-1:2:1:13:ack:recv
1564139811:3:2:14:75:1:-1:2:2:-1:-1:-1:-1:data:send
1564139811:2:5:14:75:-1:-1:-1:-1:-1:1:2:14:data:send
1564139813:2:5:-1:-1:-1:-1:-1:-1:-1:2:1:14:ack:recv
1564139815:3:2:15:75:1:-1:2:2:-1:-1:-1:-1:data:send
1564139815:2:5:15:75:-1:-1:-1:-1:-1:1:2:15:data:send
1564139817:2:5:-1:-1:-1:-1:-1:-1:-1:2:1:15:ack:recv
1564139818:2:5:11:75:-1:-1:-1:-1:-1:1:2:11:data:resend
1564139819:3:2:16:75:1:-1:2:2:-1:-1:-1:-1:data:send
1564139819:2:5:16:75:-1:-1:-1:-1:-1:1:2:16:data:send
1564139820:2:5:-1:-1:-1:-1:-1:-1:-1:2:1:11:ack:recv
1564139821:2:5:-1:-1:-1:-1:-1:-1:-1:2:1:16:ack:recv
1564139823:3:2:17:75:1:-1:2:2:-1:-1:-1:-1:data:send
1564139823:2:5:17:75:-1:-1:-1:-1:-1:1:2:17:data:send
1564139825:2:5:-1:-1:-1:-1:-1:-1:-1:2:1:17:ack:recv
1564139827:3:2:18:75:1:-1:2:2:-1:-1:-1:-1:data:send
1564139827:2:5:18:75:-1:-1:-1:-1:-1:1:2:18:data:send
1564139829:2:5:-1:-1:-1:-1:-1:-1:-1:2:1:18:ack:recv
1564139831:3:2:19:75:1:-1:2:2:-1:-1:-1:-1:data:send
1564139831:2:5:19:75:-1:-1:-1:-1:-1:1:2:19:data:send
1564139833:2:5:-1:-1:-1:-1:-1:-1:-1:2:1:19:ack:recv
1564139835:3:2:20:75:1:-1:2:2:-1:-1:-1:-1:data:send
1564139835:2:5:20:75:-1:-1:-1:-1:-1:1:2:20:data:send
1564139839:3:2:21:75:1:-1:2:2:-1:-1:-1:-1:data:send
1564139839:2:5:21:75:-1:-1:-1:-1:-1:1:2:21:data:send
1564139843:2:5:20:75:-1:-1:-1:-1:-1:1:2:20:data:resend
1564139843:3:2:22:75:1:-1:2:2:-1:-1:-1:-1:data:send
1564139843:2:5:22:75:-1:-1:-1:-1:-1:1:2:22:data:send
1564139845:2:5:-1:-1:-1:-1:-1:-1:-1:2:1:20:ack:recv
1564139847:3:2:23:75:1:-1:2:2:-1:-1:-1:-1:data:send
1564139847:2:5:23:75:-1:-1:-1:-1:-1:1:2:23:data:send
1564139849:2:5:22:75:-1:-1:-1:-1:-1:1:2:22:data:resend
1564139851:3:2:24:75:1:-1:2:2:-1:-1:-1:-1:data:send
1564139851:2:5:24:75:-1:-1:-1:-1:-1:1:2:24:data:send
1564139852:2:5:21:75:-1:-1:-1:-1:-1:1:2:21:data:resend
1564139853:2:5:-1:-1:-1:-1:-1:-1:-1:2:1:24:ack:recv
1564139854:2:5:-1:-1:-1:-1:-1:-1:-1:2:1:21:ack:recv
1564139855:2:5:22:75:-1:-1:-1:-1:-1:1:2:22:data:resend
1564139855:3:2:25:75:1:-1:2:2:-1:-1:-1:-1:data:send
1564139855:2:5:25:75:-1:-1:-1:-1:-1:1:2:25:data:send
1564139857:2:5:23:75:-1:-1:-1:-1:-1:1:2:23:data:resend
1564139859:2:5:22:75:-1:-1:-1:-1:-1:1:2:22:data:resend
1564139859:2:5:25:75:-1:-1:-1:-1:-1:1:2:25:data:resend
1564139859:3:2:26:75:1:-1:2:2:-1:-1:-1:-1:data:send
1564139859:2:5:26:75:-1:-1:-1:-1:-1:1:2:26:data:send
1564139861:2:5:-1:-1:-1:-1:-1:-1:-1:2:1:22:ack:recv
1564139862:2:5:-1:-1:-1:-1:-1:-1:-1:2:1:26:ack:recv
1564139863:3:2:27:75:1:-1:2:2:-1:-1:-1:-1:data:send
1564139863:2:5:27:75:-1:-1:-1:-1:-1:1:2:27:data:send
1564139865:2:5:-1:-1:-1:-1:-1:-1:-1:2:1:27:ack:recv
1564139866:2:5:23:75:-1:-1:-1:-1:-1:1:2:23:data:resend
1564139867:2:5:25:75:-1:-1:-1:-1:-1:1:2:25:data:resend
1564139867:3:2:28:75:1:-1:2:2:-1:-1:-1:-1:data:send
1564139867:2:5:28:75:-1:-1:-1:-1:-1:1:2:28:data:send
1564139869:2:5:-1:-1:-1:-1:-1:-1:-1:2:1:25:ack:recv
1564139871:3:2:29:75:1:-1:2:2:-1:-1:-1:-1:data:send
1564139871:2:5:29:75:-1:-1:-1:-1:-1:1:2:29:data:send
1564139873:2:5:-1:-1:-1:-1:-1:-1:-1:2:1:29:ack:recv
1564139875:3:2:30:75:1:-1:2:2:-1:-1:-1:-1:data:send
1564139875:2:5:30:75:-1:-1:-1:-1:-1:1:2:30:data:send
1564139876:2:5:28:75:-1:-1:-1:-1:-1:1:2:28:data:resend
1564139877:2:5:-1:-1:-1:-1:-1:-1:-1:2:1:30:ack:recv
1564139878:2:5:23:75:-1:-1:-1:-1:-1:1:2:23:data:resend
1564139879:3:2:31:75:1:-1:2:2:-1:-1:-1:-1:data:send
1564139879:2:5:31:75:-1:-1:-1:-1:-1:1:2:31:data:send
1564139880:2:5:-1:-1:-1:-1:-1:-1:-1:2:1:23:ack:recv
1564139881:2:5:-1:-1:-1:-1:-1:-1:-1:2:1:31:ack:recv
1564139883:3:2:32:75:1:-1:2:2:-1:-1:-1:-1:data:send
1564139883:2:5:32:75:-1:-1:-1:-1:-1:1:2:32:data:send
1564139884:2:5:28:75:-1:-1:-1:-1:-1:1:2:28:data:resend
1564139885:2:5:-1:-1:-1:-1:-1:-1:-1:2:1:32:ack:recv
1564139886:2:5:-1:-1:-1:-1:-1:-1:-1:2:1:28:ack:recv
1564139887:3:2:33:75:1:-1:2:2:-1:-1:-1:-1:data:send
1564139887:2:5:33:75:-1:-1:-1:-1:-1:1:2:33:data:send
1564139891:3:2:34:75:1:-1:2:2:-1:-1:-1:-1:data:send
1564139891:2:5:34:75:-1:-1:-1:-1:-1:1:2:34:data:send
1564139893:2:5:-1:-1:-1:-1:-1:-1:-1:2:1:34:ack:recv
1564139895:3:2:35:75:1:-1:2:2:-1:-1:-1:-1:data:send
1564139895:2:5:35:75:-1:-1:-1:-1:-1:1:2:35:data:send
1564139897:2:5:33:75:-1:-1:-1:-1:-1:1:2:33:data:resend
1564139899:3:2:36:75:1:-1:2:2:-1:-1:-1:-1:data:send
1564139899:2:5:36:75:-1:-1:-1:-1:-1:1:2:36:data:send
1564139901:2:5:35:75:-1:-1:-1:-1:-1:1:2:35:data:resend
1564139903:3:2:37:75:1:-1:2:2:-1:-1:-1:-1:data:send
1564139903:2:5:37:75:-1:-1:-1:-1:-1:1:2:37:data:send
1564139905:2:5:-1:-1:-1:-1:-1:-1:-1:2:1:37:ack:recv
1564139907:2:5:33:75:-1:-1:-1:-1:-1:1:2:33:data:resend
1564139907:3:2:38:75:1:-1:2:2:-1:-1:-1:-1:data:send
1564139907:2:5:38:75:-1:-1:-1:-1:-1:1:2:38:data:send
1564139909:2:5:35:75:-1:-1:-1:-1:-1:1:2:35:data:resend
1564139911:2:5:36:75:-1:-1:-1:-1:-1:1:2:36:data:resend
1564139911:3:2:39:75:1:-1:2:2:-1:-1:-1:-1:data:send
1564139911:2:5:39:75:-1:-1:-1:-1:-1:1:2:39:data:send
1564139914:2:5:-1:-1:-1:-1:-1:-1:-1:2:1:39:ack:recv
1564139914:2:5:35:75:-1:-1:-1:-1:-1:1:2:35:data:resend
1564139915:3:2:40:75:1:-1:2:2:-1:-1:-1:-1:data:send
1564139915:2:5:40:75:-1:-1:-1:-1:-1:1:2:40:data:send
1564139916:2:5:-1:-1:-1:-1:-1:-1:-1:2:1:35:ack:recv
1564139917:2:5:-1:-1:-1:-1:-1:-1:-1:2:1:40:ack:recv
1564139919:3:2:41:75:1:-1:2:2:-1:-1:-1:-1:data:send
1564139919:2:5:41:75:-1:-1:-1:-1:-1:1:2:41:data:send
1564139920:2:5:33:75:-1:-1:-1:-1:-1:1:2:33:data:resend
1564139920:2:5:36:75:-1:-1:-1:-1:-1:1:2:36:data:resend
1564139920:2:5:38:75:-1:-1:-1:-1:-1:1:2:38:data:resend
1564139922:2:5:-1:-1:-1:-1:-1:-1:-1:2:1:33:ack:recv
1564139923:2:5:-1:-1:-1:-1:-1:-1:-1:2:1:36:ack:recv
1564139923:3:2:42:75:1:-1:2:2:-1:-1:-1:-1:data:send
1564139923:2:5:42:75:-1:-1:-1:-1:-1:1:2:42:data:send
1564139925:2:5:-1:-1:-1:-1:-1:-1:-1:2:1:42:ack:recv
1564139927:3:2:43:75:1:-1:2:2:-1:-1:-1:-1:data:send
1564139927:2:5:43:75:-1:-1:-1:-1:-1:1:2:43:data:send
1564139929:2:5:38:75:-1:-1:-1:-1:-1:1:2:38:data:resend
1564139931:2:5:41:75:-1:-1:-1:-1:-1:1:2:41:data:resend
1564139931:3:2:44:75:1:-1:2:2:-1:-1:-1:-1:data:send
1564139931:2:5:44:75:-1:-1:-1:-1:-1:1:2:44:data:send
1564139933:2:5:-1:-1:-1:-1:-1:-1:-1:2:1:41:ack:recv
1564139934:2:5:-1:-1:-1:-1:-1:-1:-1:2:1:44:ack:recv
1564139935:3:2:45:75:1:-1:2:2:-1:-1:-1:-1:data:send
1564139935:2:5:45:75:-1:-1:-1:-1:-1:1:2:45:data:send
1564139937:2:5:-1:-1:-1:-1:-1:-1:-1:2:1:45:ack:recv
1564139939:3:2:46:75:1:-1:2:2:-1:-1:-1:-1:data:send
1564139939:2:5:46:75:-1:-1:-1:-1:-1:1:2:46:data:send
1564139940:2:5:38:75:-1:-1:-1:-1:-1:1:2:38:data:resend
1564139940:2:5:43:75:-1:-1:-1:-1:-1:1:2:43:data:resend
1564139943:2:5:-1:-1:-1:-1:-1:-1:-1:2:1:43:ack:recv
1564139943:3:2:47:75:1:-1:2:2:-1:-1:-1:-1:data:send
1564139943:2:5:47:75:-1:-1:-1:-1:-1:1:2:47:data:send
1564139944:2:5:46:75:-1:-1:-1:-1:-1:1:2:46:data:resend
1564139945:2:5:-1:-1:-1:-1:-1:-1:-1:2:1:47:ack:recv
1564139947:3:2:48:75:1:-1:2:2:-1:-1:-1:-1:data:send
1564139947:2:5:48:75:-1:-1:-1:-1:-1:1:2:48:data:send
1564139951:3:2:49:75:1:-1:2:2:-1:-1:-1:-1:data:send
1564139951:2:5:49:75:-1:-1:-1:-1:-1:1:2:49:data:send
1564139953:2:5:46:75:-1:-1:-1:-1:-1:1:2:46:data:resend
1564139955:3:2:50:75:1:-1:2:2:-1:-1:-1:-1:data:send
1564139955:2:5:50:75:-1:-1:-1:-1:-1:1:2:50:data:send
1564139956:2:5:48:75:-1:-1:-1:-1:-1:1:2:48:data:resend
1564139957:2:5:-1:-1:-1:-1:-1:-1:-1:2:1:50:ack:recv
1564139958:2:5:-1:-1:-1:-1:-1:-1:-1:2:1:48:ack:recv
1564139959:3:2:51:75:1:-1:2:2:-1:-1:-1:-1:data:send
1564139959:2:5:51:75:-1:-1:-1:-1:-1:1:2:51:data:send
1564139961:2:5:-1:-1:-1:-1:-1:-1:-1:2:1:51:ack:recv
1564139962:2:5:49:75:-1:-1:-1:-1:-1:1:2:49:data:resend
1564139963:3:2:52:75:1:-1:2:2:-1:-1:-1:-1:data:send
1564139963:2:5:52:75:-1:-1:-1:-1:-1:1:2:52:data:send
1564139964:2:5:46:75:-1:-1:-1:-1:-1:1:2:46:data:resend
1564139966:2:5:-1:-1:-1:-1:-1:-1:-1:2:1:46:ack:recv
1564139967:3:2:53:75:1:-1:2:2:-1:-1:-1:-1:data:send
1564139967:2:5:53:75:-1:-1:-1:-1:-1:1:2:53:data:send
1564139969:2:5:-1:-1:-1:-1:-1:-1:-1:2:1:53:ack:recv
1564139971:2:5:49:75:-1:-1:-1:-1:-1:1:2:49:data:resend
1564139971:2:5:52:75:-1:-1:-1:-1:-1:1:2:52:data:resend
1564139971:3:2:54:75:1:-1:2:2:-1:-1:-1:-1:data:send
1564139971:2:5:54:75:-1:-1:-1:-1:-1:1:2:54:data:send
1564139973:2:5:-1:-1:-1:-1:-1:-1:-1:2:1:49:ack:recv
1564139974:2:5:-1:-1:-1:-1:-1:-1:-1:2:1:54:ack:recv
1564139975:3:2:55:75:1:-1:2:2:-1:-1:-1:-1:data:send
1564139975:2:5:55:75:-1:-1:-1:-1:-1:1:2:55:data:send
1564139976:2:5:52:75:-1:-1:-1:-1:-1:1:2:52:data:resend
1564139977:2:5:-1:-1:-1:-1:-1:-1:-1:2:1:55:ack:recv
1564139978:2:5:-1:-1:-1:-1:-1:-1:-1:2:1:52:ack:recv
1564139979:3:2:56:75:1:-1:2:2:-1:-1:-1:-1:data:send
1564139979:2:5:56:75:-1:-1:-1:-1:-1:1:2:56:data:send
1564139981:2:5:-1:-1:-1:-1:-1:-1:-1:2:1:56:ack:recv
1564139983:3:2:57:75:1:-1:2:2:-1:-1:-1:-1:data:send
1564139983:2:5:57:75:-1:-1:-1:-1:-1:1:2:57:data:send
1564139985:2:5:-1:-1:-1:-1:-1:-1:-1:2:1:57:ack:recv
1564139987:3:2:58:75:1:-1:2:2:-1:-1:-1:-1:data:send
1564139987:2:5:58:75:-1:-1:-1:-1:-1:1:2:58:data:send
1564139989:2:5:-1:-1:-1:-1:-1:-1:-1:2:1:58:ack:recv
1564139991:3:2:59:75:1:-1:2:2:-1:-1:-1:-1:data:send
1564139991:2:5:59:75:-1:-1:-1:-1:-1:1:2:59:data:send
1564139993:2:5:-1:-1:-1:-1:-1:-1:-1:2:1:59:ack:recv
1564139995:3:2:60:75:1:-1:2:2:-1:-1:-1:-1:data:send
1564139995:2:5:60:75:-1:-1:-1:-1:-1:1:2:60:data:send
1564139997:2:5:-1:-1:-1:-1:-1:-1:-1:2:1:60:ack:recv
1564139999:3:2:61:75:1:-1:2:2:-1:-1:-1:-1:data:send
1564139999:2:5:61:75:-1:-1:-1:-1:-1:1:2:61:data:send
1564140003:3:2:62:75:1:-1:2:2:-1:-1:-1:-1:data:send
1564140003:2:5:62:75:-1:-1:-1:-1:-1:1:2:62:data:send
1564140010:2:5:61:75:-1:-1:-1:-1:-1:1:2:61:data:resend
1564140012:2:5:62:75:-1:-1:-1:-1:-1:1:2:62:data:resend
1564140014:2:5:-1:-1:-1:-1:-1:-1:-1:2:1:62:ack:recv
1564140015:2:5:61:75:-1:-1:-1:-1:-1:1:2:61:data:resend
1564140017:2:5:-1:-1:-1:-1:-1:-1:-1:2:1:61:ack:recv
