=========================Fri Jul 26 11:36:36 2019
1564112222:3:2:0:10:1:-1:2:4:-1:-1:-1:-1:data:send
1564112222:2:7:10:1:-1:-1:-1:-1:-1:1:2:0:data:send
1564112224:2:7:-1:-1:-1:-1:-1:-1:-1:2:1:0:ack:recv
1564112241:2:7:1:9:-1:-1:-1:-1:-1:2:1:1:data:recv
1564112241:2:7:-1:-1:-1:-1:-1:-1:-1:1:2:1:ack:send
1564112241:3:2:0:9:4:-1:1:1:-1:-1:-1:-1:data:sendUp
1564112272:3:2:1:77:1:-1:2:4:-1:-1:-1:-1:data:send
1564112272:2:7:77:2:-1:-1:-1:-1:-1:1:2:1:data:send
1564112287:3:2:2:77:1:-1:2:4:-1:-1:-1:-1:data:send
1564112287:2:7:77:3:-1:-1:-1:-1:-1:1:2:2:data:send
1564112302:3:2:3:77:1:-1:2:4:-1:-1:-1:-1:data:send
1564112302:2:7:77:4:-1:-1:-1:-1:-1:1:2:3:data:send
1564112317:3:2:4:77:1:-1:2:4:-1:-1:-1:-1:data:send
1564112317:2:7:77:5:-1:-1:-1:-1:-1:1:2:4:data:send
1564112332:3:2:5:77:1:-1:2:4:-1:-1:-1:-1:data:send
1564112332:2:7:77:6:-1:-1:-1:-1:-1:1:2:5:data:send
1564112347:3:2:6:77:1:-1:2:4:-1:-1:-1:-1:data:send
1564112347:2:7:77:7:-1:-1:-1:-1:-1:1:2:6:data:send
1564112362:3:2:7:77:1:-1:2:4:-1:-1:-1:-1:data:send
1564112362:2:7:77:8:-1:-1:-1:-1:-1:1:2:7:data:send
1564112377:3:2:8:77:1:-1:2:4:-1:-1:-1:-1:data:send
1564112377:2:7:77:9:-1:-1:-1:-1:-1:1:2:8:data:send
1564112392:3:2:9:77:1:-1:2:4:-1:-1:-1:-1:data:send
1564112392:2:7:77:10:-1:-1:-1:-1:-1:1:2:9:data:send
1564112407:3:2:10:77:1:-1:2:4:-1:-1:-1:-1:data:send
1564112407:2:7:77:11:-1:-1:-1:-1:-1:1:2:10:data:send
1564112422:3:2:11:77:1:-1:2:4:-1:-1:-1:-1:data:send
1564112422:2:7:77:12:-1:-1:-1:-1:-1:1:2:11:data:send
1564112437:3:2:12:77:1:-1:2:4:-1:-1:-1:-1:data:send
1564112437:2:7:77:13:-1:-1:-1:-1:-1:1:2:12:data:send
1564112452:3:2:13:77:1:-1:2:4:-1:-1:-1:-1:data:send
1564112452:2:7:77:14:-1:-1:-1:-1:-1:1:2:13:data:send
1564112467:3:2:14:77:1:-1:2:4:-1:-1:-1:-1:data:send
1564112467:2:7:77:15:-1:-1:-1:-1:-1:1:2:14:data:send
1564112482:3:2:15:77:1:-1:2:4:-1:-1:-1:-1:data:send
1564112482:2:7:77:16:-1:-1:-1:-1:-1:1:2:15:data:send
1564112497:3:2:16:77:1:-1:2:4:-1:-1:-1:-1:data:send
1564112497:2:7:77:17:-1:-1:-1:-1:-1:1:2:16:data:send
1564112512:3:2:17:77:1:-1:2:4:-1:-1:-1:-1:data:send
1564112512:2:7:77:18:-1:-1:-1:-1:-1:1:2:17:data:send
1564112527:3:2:18:77:1:-1:2:4:-1:-1:-1:-1:data:send
1564112527:2:7:77:19:-1:-1:-1:-1:-1:1:2:18:data:send
1564112542:3:2:19:77:1:-1:2:4:-1:-1:-1:-1:data:send
1564112542:2:7:77:20:-1:-1:-1:-1:-1:1:2:19:data:send
1564112557:3:2:20:77:1:-1:2:4:-1:-1:-1:-1:data:send
1564112557:2:7:77:21:-1:-1:-1:-1:-1:1:2:20:data:send
1564112572:3:2:21:77:1:-1:2:4:-1:-1:-1:-1:data:send
1564112572:2:7:77:22:-1:-1:-1:-1:-1:1:2:21:data:send
1564112587:3:2:22:77:1:-1:2:4:-1:-1:-1:-1:data:send
1564112587:2:7:77:23:-1:-1:-1:-1:-1:1:2:22:data:send
1564112602:3:2:23:77:1:-1:2:4:-1:-1:-1:-1:data:send
1564112602:2:7:77:24:-1:-1:-1:-1:-1:1:2:23:data:send
1564112617:3:2:24:77:1:-1:2:4:-1:-1:-1:-1:data:send
1564112617:2:7:77:25:-1:-1:-1:-1:-1:1:2:24:data:send
1564112632:3:2:25:77:1:-1:2:4:-1:-1:-1:-1:data:send
1564112632:2:7:77:26:-1:-1:-1:-1:-1:1:2:25:data:send
1564112647:3:2:26:77:1:-1:2:4:-1:-1:-1:-1:data:send
1564112647:2:7:77:27:-1:-1:-1:-1:-1:1:2:26:data:send
1564112662:3:2:27:77:1:-1:2:4:-1:-1:-1:-1:data:send
1564112662:2:7:77:28:-1:-1:-1:-1:-1:1:2:27:data:send
1564112677:3:2:28:77:1:-1:2:4:-1:-1:-1:-1:data:send
1564112677:2:7:77:29:-1:-1:-1:-1:-1:1:2:28:data:send
1564112692:3:2:29:77:1:-1:2:4:-1:-1:-1:-1:data:send
1564112692:2:7:77:30:-1:-1:-1:-1:-1:1:2:29:data:send
1564112707:3:2:30:77:1:-1:2:4:-1:-1:-1:-1:data:send
1564112707:2:7:77:31:-1:-1:-1:-1:-1:1:2:30:data:send
1564112722:3:2:31:77:1:-1:2:4:-1:-1:-1:-1:data:send
1564112722:2:7:77:32:-1:-1:-1:-1:-1:1:2:31:data:send
1564112737:3:2:32:77:1:-1:2:4:-1:-1:-1:-1:data:send
1564112737:2:7:77:33:-1:-1:-1:-1:-1:1:2:32:data:send
1564112752:3:2:33:77:1:-1:2:4:-1:-1:-1:-1:data:send
1564112752:2:7:77:34:-1:-1:-1:-1:-1:1:2:33:data:send
1564112767:3:2:34:77:1:-1:2:4:-1:-1:-1:-1:data:send
1564112767:2:7:77:35:-1:-1:-1:-1:-1:1:2:34:data:send
1564112782:3:2:35:77:1:-1:2:4:-1:-1:-1:-1:data:send
1564112782:2:7:77:36:-1:-1:-1:-1:-1:1:2:35:data:send
1564112797:3:2:36:77:1:-1:2:4:-1:-1:-1:-1:data:send
1564112797:2:7:77:37:-1:-1:-1:-1:-1:1:2:36:data:send
1564112812:3:2:37:77:1:-1:2:4:-1:-1:-1:-1:data:send
1564112812:2:7:77:38:-1:-1:-1:-1:-1:1:2:37:data:send
1564112827:3:2:38:77:1:-1:2:4:-1:-1:-1:-1:data:send
1564112827:2:7:77:39:-1:-1:-1:-1:-1:1:2:38:data:send
1564112842:3:2:39:77:1:-1:2:4:-1:-1:-1:-1:data:send
1564112842:2:7:77:40:-1:-1:-1:-1:-1:1:2:39:data:send
1564112857:3:2:40:77:1:-1:2:4:-1:-1:-1:-1:data:send
1564112857:2:7:77:41:-1:-1:-1:-1:-1:1:2:40:data:send
1564112872:3:2:41:77:1:-1:2:4:-1:-1:-1:-1:data:send
1564112872:2:7:77:42:-1:-1:-1:-1:-1:1:2:41:data:send
1564112887:3:2:42:77:1:-1:2:4:-1:-1:-1:-1:data:send
1564112887:2:7:77:43:-1:-1:-1:-1:-1:1:2:42:data:send
1564112902:3:2:43:77:1:-1:2:4:-1:-1:-1:-1:data:send
1564112902:2:7:77:44:-1:-1:-1:-1:-1:1:2:43:data:send
1564112917:3:2:44:77:1:-1:2:4:-1:-1:-1:-1:data:send
1564112917:2:7:77:45:-1:-1:-1:-1:-1:1:2:44:data:send
1564112932:3:2:45:77:1:-1:2:4:-1:-1:-1:-1:data:send
1564112932:2:7:77:46:-1:-1:-1:-1:-1:1:2:45:data:send
1564112947:3:2:46:77:1:-1:2:4:-1:-1:-1:-1:data:send
1564112947:2:7:77:47:-1:-1:-1:-1:-1:1:2:46:data:send
1564112962:3:2:47:77:1:-1:2:4:-1:-1:-1:-1:data:send
1564112962:2:7:77:48:-1:-1:-1:-1:-1:1:2:47:data:send
1564112977:3:2:48:77:1:-1:2:4:-1:-1:-1:-1:data:send
1564112977:2:7:77:49:-1:-1:-1:-1:-1:1:2:48:data:send
1564112992:3:2:49:77:1:-1:2:4:-1:-1:-1:-1:data:send
1564112992:2:7:77:50:-1:-1:-1:-1:-1:1:2:49:data:send
1564113007:3:2:50:77:1:-1:2:4:-1:-1:-1:-1:data:send
1564113007:2:7:77:51:-1:-1:-1:-1:-1:1:2:50:data:send
1564113022:3:2:51:77:1:-1:2:4:-1:-1:-1:-1:data:send
1564113022:2:7:77:52:-1:-1:-1:-1:-1:1:2:51:data:send
1564113037:3:2:52:77:1:-1:2:4:-1:-1:-1:-1:data:send
1564113037:2:7:77:53:-1:-1:-1:-1:-1:1:2:52:data:send
1564113052:3:2:53:77:1:-1:2:4:-1:-1:-1:-1:data:send
1564113052:2:7:77:54:-1:-1:-1:-1:-1:1:2:53:data:send
1564113067:3:2:54:77:1:-1:2:4:-1:-1:-1:-1:data:send
1564113067:2:7:77:55:-1:-1:-1:-1:-1:1:2:54:data:send
1564113082:3:2:55:77:1:-1:2:4:-1:-1:-1:-1:data:send
1564113082:2:7:77:56:-1:-1:-1:-1:-1:1:2:55:data:send
1564113097:3:2:56:77:1:-1:2:4:-1:-1:-1:-1:data:send
1564113097:2:7:77:57:-1:-1:-1:-1:-1:1:2:56:data:send
1564113112:3:2:57:77:1:-1:2:4:-1:-1:-1:-1:data:send
1564113112:2:7:77:58:-1:-1:-1:-1:-1:1:2:57:data:send
1564113127:3:2:58:77:1:-1:2:4:-1:-1:-1:-1:data:send
1564113127:2:7:77:59:-1:-1:-1:-1:-1:1:2:58:data:send
1564113142:3:2:59:77:1:-1:2:4:-1:-1:-1:-1:data:send
1564113142:2:7:77:60:-1:-1:-1:-1:-1:1:2:59:data:send
1564113157:3:2:60:77:1:-1:2:4:-1:-1:-1:-1:data:send
1564113157:2:7:77:61:-1:-1:-1:-1:-1:1:2:60:data:send
1564113172:3:2:61:77:1:-1:2:4:-1:-1:-1:-1:data:send
1564113172:2:7:77:62:-1:-1:-1:-1:-1:1:2:61:data:send
1564113187:3:2:62:77:1:-1:2:4:-1:-1:-1:-1:data:send
1564113187:2:7:77:63:-1:-1:-1:-1:-1:1:2:62:data:send
1564113203:3:2:63:77:1:-1:2:4:-1:-1:-1:-1:data:send
1564113203:2:7:77:64:-1:-1:-1:-1:-1:1:2:63:data:send
1564113218:3:2:64:77:1:-1:2:4:-1:-1:-1:-1:data:send
1564113218:2:7:77:65:-1:-1:-1:-1:-1:1:2:64:data:send
1564113233:3:2:65:77:1:-1:2:4:-1:-1:-1:-1:data:send
1564113233:2:7:77:66:-1:-1:-1:-1:-1:1:2:65:data:send
1564113248:3:2:66:77:1:-1:2:4:-1:-1:-1:-1:data:send
1564113248:2:7:77:67:-1:-1:-1:-1:-1:1:2:66:data:send
1564113263:3:2:67:77:1:-1:2:4:-1:-1:-1:-1:data:send
1564113263:2:7:77:68:-1:-1:-1:-1:-1:1:2:67:data:send
1564113278:3:2:68:77:1:-1:2:4:-1:-1:-1:-1:data:send
1564113278:2:7:77:69:-1:-1:-1:-1:-1:1:2:68:data:send
1564113293:3:2:69:77:1:-1:2:4:-1:-1:-1:-1:data:send
1564113293:2:7:77:70:-1:-1:-1:-1:-1:1:2:69:data:send
1564113308:3:2:70:77:1:-1:2:4:-1:-1:-1:-1:data:send
1564113308:2:7:77:71:-1:-1:-1:-1:-1:1:2:70:data:send
1564113323:3:2:71:77:1:-1:2:4:-1:-1:-1:-1:data:send
1564113323:2:7:77:72:-1:-1:-1:-1:-1:1:2:71:data:send
1564113338:3:2:72:77:1:-1:2:4:-1:-1:-1:-1:data:send
1564113338:2:7:77:73:-1:-1:-1:-1:-1:1:2:72:data:send
1564113353:3:2:73:77:1:-1:2:4:-1:-1:-1:-1:data:send
1564113353:2:7:77:74:-1:-1:-1:-1:-1:1:2:73:data:send
1564113368:3:2:74:77:1:-1:2:4:-1:-1:-1:-1:data:send
1564113368:2:7:77:75:-1:-1:-1:-1:-1:1:2:74:data:send
1564113383:3:2:75:77:1:-1:2:4:-1:-1:-1:-1:data:send
1564113383:2:7:77:76:-1:-1:-1:-1:-1:1:2:75:data:send
1564113398:3:2:76:77:1:-1:2:4:-1:-1:-1:-1:data:send
1564113398:2:7:77:77:-1:-1:-1:-1:-1:1:2:76:data:send
1564113413:3:2:77:77:1:-1:2:4:-1:-1:-1:-1:data:send
1564113413:2:7:77:78:-1:-1:-1:-1:-1:1:2:77:data:send
1564113428:3:2:78:77:1:-1:2:4:-1:-1:-1:-1:data:send
1564113428:2:7:77:79:-1:-1:-1:-1:-1:1:2:78:data:send
1564113443:3:2:79:77:1:-1:2:4:-1:-1:-1:-1:data:send
1564113443:2:7:77:80:-1:-1:-1:-1:-1:1:2:79:data:send
1564113458:3:2:80:77:1:-1:2:4:-1:-1:-1:-1:data:send
1564113458:2:7:77:81:-1:-1:-1:-1:-1:1:2:80:data:send
1564113473:3:2:81:77:1:-1:2:4:-1:-1:-1:-1:data:send
1564113473:2:7:77:82:-1:-1:-1:-1:-1:1:2:81:data:send
1564113488:3:2:82:77:1:-1:2:4:-1:-1:-1:-1:data:send
1564113488:2:7:77:83:-1:-1:-1:-1:-1:1:2:82:data:send
1564113503:3:2:83:77:1:-1:2:4:-1:-1:-1:-1:data:send
1564113503:2:7:77:84:-1:-1:-1:-1:-1:1:2:83:data:send
1564113518:3:2:84:77:1:-1:2:4:-1:-1:-1:-1:data:send
1564113518:2:7:77:85:-1:-1:-1:-1:-1:1:2:84:data:send
1564113533:3:2:85:77:1:-1:2:4:-1:-1:-1:-1:data:send
1564113533:2:7:77:86:-1:-1:-1:-1:-1:1:2:85:data:send
1564113548:3:2:86:77:1:-1:2:4:-1:-1:-1:-1:data:send
1564113548:2:7:77:87:-1:-1:-1:-1:-1:1:2:86:data:send
1564113563:3:2:87:77:1:-1:2:4:-1:-1:-1:-1:data:send
1564113563:2:7:77:88:-1:-1:-1:-1:-1:1:2:87:data:send
1564113578:3:2:88:77:1:-1:2:4:-1:-1:-1:-1:data:send
1564113578:2:7:77:89:-1:-1:-1:-1:-1:1:2:88:data:send
1564113593:3:2:89:77:1:-1:2:4:-1:-1:-1:-1:data:send
1564113593:2:7:77:90:-1:-1:-1:-1:-1:1:2:89:data:send
1564113608:3:2:90:77:1:-1:2:4:-1:-1:-1:-1:data:send
1564113608:2:7:77:91:-1:-1:-1:-1:-1:1:2:90:data:send
1564113623:3:2:91:77:1:-1:2:4:-1:-1:-1:-1:data:send
1564113623:2:7:77:92:-1:-1:-1:-1:-1:1:2:91:data:send
1564113638:3:2:92:77:1:-1:2:4:-1:-1:-1:-1:data:send
1564113638:2:7:77:93:-1:-1:-1:-1:-1:1:2:92:data:send
1564113653:3:2:93:77:1:-1:2:4:-1:-1:-1:-1:data:send
1564113653:2:7:77:94:-1:-1:-1:-1:-1:1:2:93:data:send
1564113668:3:2:94:77:1:-1:2:4:-1:-1:-1:-1:data:send
1564113668:2:7:77:95:-1:-1:-1:-1:-1:1:2:94:data:send
1564113683:3:2:95:77:1:-1:2:4:-1:-1:-1:-1:data:send
1564113683:2:7:77:96:-1:-1:-1:-1:-1:1:2:95:data:send
1564113698:3:2:96:77:1:-1:2:4:-1:-1:-1:-1:data:send
1564113698:2:7:77:97:-1:-1:-1:-1:-1:1:2:96:data:send
1564113713:3:2:97:77:1:-1:2:4:-1:-1:-1:-1:data:send
1564113713:2:7:77:98:-1:-1:-1:-1:-1:1:2:97:data:send
1564113728:3:2:98:77:1:-1:2:4:-1:-1:-1:-1:data:send
1564113728:2:7:77:99:-1:-1:-1:-1:-1:1:2:98:data:send
1564113743:3:2:99:77:1:-1:2:4:-1:-1:-1:-1:data:send
1564113743:2:7:77:100:-1:-1:-1:-1:-1:1:2:99:data:send
1564113758:3:2:100:77:1:-1:2:4:-1:-1:-1:-1:data:send
1564113758:2:7:77:101:-1:-1:-1:-1:-1:1:2:100:data:send
1564113773:3:2:101:77:1:-1:2:4:-1:-1:-1:-1:data:send
1564113773:2:7:77:102:-1:-1:-1:-1:-1:1:2:101:data:send
1564113788:3:2:102:77:1:-1:2:4:-1:-1:-1:-1:data:send
1564113788:2:7:77:103:-1:-1:-1:-1:-1:1:2:102:data:send
1564113803:3:2:103:77:1:-1:2:4:-1:-1:-1:-1:data:send
1564113803:2:7:77:104:-1:-1:-1:-1:-1:1:2:103:data:send
1564113818:3:2:104:77:1:-1:2:4:-1:-1:-1:-1:data:send
1564113818:2:7:77:105:-1:-1:-1:-1:-1:1:2:104:data:send
1564113833:3:2:105:77:1:-1:2:4:-1:-1:-1:-1:data:send
1564113833:2:7:77:106:-1:-1:-1:-1:-1:1:2:105:data:send
1564113848:3:2:106:77:1:-1:2:4:-1:-1:-1:-1:data:send
1564113848:2:7:77:107:-1:-1:-1:-1:-1:1:2:106:data:send
1564113863:3:2:107:77:1:-1:2:4:-1:-1:-1:-1:data:send
1564113863:2:7:77:108:-1:-1:-1:-1:-1:1:2:107:data:send
1564113878:3:2:108:77:1:-1:2:4:-1:-1:-1:-1:data:send
1564113878:2:7:77:109:-1:-1:-1:-1:-1:1:2:108:data:send
1564113893:3:2:109:77:1:-1:2:4:-1:-1:-1:-1:data:send
1564113893:2:7:77:110:-1:-1:-1:-1:-1:1:2:109:data:send
1564113908:3:2:110:77:1:-1:2:4:-1:-1:-1:-1:data:send
1564113908:2:7:77:111:-1:-1:-1:-1:-1:1:2:110:data:send
1564113923:3:2:111:77:1:-1:2:4:-1:-1:-1:-1:data:send
1564113923:2:7:77:112:-1:-1:-1:-1:-1:1:2:111:data:send
1564113938:3:2:112:77:1:-1:2:4:-1:-1:-1:-1:data:send
1564113938:2:7:77:113:-1:-1:-1:-1:-1:1:2:112:data:send
1564113953:3:2:113:77:1:-1:2:4:-1:-1:-1:-1:data:send
1564113953:2:7:77:114:-1:-1:-1:-1:-1:1:2:113:data:send
1564113968:3:2:114:77:1:-1:2:4:-1:-1:-1:-1:data:send
1564113968:2:7:77:115:-1:-1:-1:-1:-1:1:2:114:data:send
1564113983:3:2:115:77:1:-1:2:4:-1:-1:-1:-1:data:send
1564113983:2:7:77:116:-1:-1:-1:-1:-1:1:2:115:data:send
1564113998:3:2:116:77:1:-1:2:4:-1:-1:-1:-1:data:send
1564113998:2:7:77:117:-1:-1:-1:-1:-1:1:2:116:data:send
1564114013:3:2:117:77:1:-1:2:4:-1:-1:-1:-1:data:send
1564114013:2:7:77:118:-1:-1:-1:-1:-1:1:2:117:data:send
1564114028:3:2:118:77:1:-1:2:4:-1:-1:-1:-1:data:send
1564114028:2:7:77:119:-1:-1:-1:-1:-1:1:2:118:data:send
1564114043:3:2:119:77:1:-1:2:4:-1:-1:-1:-1:data:send
1564114043:2:7:77:120:-1:-1:-1:-1:-1:1:2:119:data:send
1564114058:3:2:120:77:1:-1:2:4:-1:-1:-1:-1:data:send
1564114058:2:7:77:121:-1:-1:-1:-1:-1:1:2:120:data:send
1564114073:3:2:121:77:1:-1:2:4:-1:-1:-1:-1:data:send
1564114073:2:7:77:122:-1:-1:-1:-1:-1:1:2:121:data:send
1564114088:3:2:122:77:1:-1:2:4:-1:-1:-1:-1:data:send
1564114088:2:7:77:123:-1:-1:-1:-1:-1:1:2:122:data:send
1564114104:3:2:123:77:1:-1:2:4:-1:-1:-1:-1:data:send
1564114104:2:7:77:124:-1:-1:-1:-1:-1:1:2:123:data:send
1564114119:3:2:124:77:1:-1:2:4:-1:-1:-1:-1:data:send
1564114119:2:7:77:125:-1:-1:-1:-1:-1:1:2:124:data:send
1564114134:3:2:125:77:1:-1:2:4:-1:-1:-1:-1:data:send
1564114134:2:7:77:126:-1:-1:-1:-1:-1:1:2:125:data:send
1564114149:3:2:126:77:1:-1:2:4:-1:-1:-1:-1:data:send
1564114149:2:7:77:127:-1:-1:-1:-1:-1:1:2:126:data:send
1564114164:3:2:127:77:1:-1:2:4:-1:-1:-1:-1:data:send
1564114164:2:7:77:128:-1:-1:-1:-1:-1:1:2:127:data:send
1564114179:3:2:128:77:1:-1:2:4:-1:-1:-1:-1:data:send
1564114179:2:7:77:129:-1:-1:-1:-1:-1:1:2:128:data:send
1564114194:3:2:129:77:1:-1:2:4:-1:-1:-1:-1:data:send
1564114194:2:7:77:130:-1:-1:-1:-1:-1:1:2:129:data:send
1564114209:3:2:130:77:1:-1:2:4:-1:-1:-1:-1:data:send
1564114209:2:7:77:131:-1:-1:-1:-1:-1:1:2:130:data:send
1564114224:3:2:131:77:1:-1:2:4:-1:-1:-1:-1:data:send
1564114224:2:7:77:132:-1:-1:-1:-1:-1:1:2:131:data:send
1564114239:3:2:132:77:1:-1:2:4:-1:-1:-1:-1:data:send
1564114239:2:7:77:133:-1:-1:-1:-1:-1:1:2:132:data:send
1564114254:3:2:133:77:1:-1:2:4:-1:-1:-1:-1:data:send
1564114254:2:7:77:134:-1:-1:-1:-1:-1:1:2:133:data:send
1564114269:3:2:134:77:1:-1:2:4:-1:-1:-1:-1:data:send
1564114269:2:7:77:135:-1:-1:-1:-1:-1:1:2:134:data:send
1564114284:3:2:135:77:1:-1:2:4:-1:-1:-1:-1:data:send
1564114284:2:7:77:136:-1:-1:-1:-1:-1:1:2:135:data:send
1564114299:3:2:136:77:1:-1:2:4:-1:-1:-1:-1:data:send
1564114299:2:7:77:137:-1:-1:-1:-1:-1:1:2:136:data:send
1564114314:3:2:137:77:1:-1:2:4:-1:-1:-1:-1:data:send
1564114314:2:7:77:138:-1:-1:-1:-1:-1:1:2:137:data:send
1564114329:3:2:138:77:1:-1:2:4:-1:-1:-1:-1:data:send
1564114329:2:7:77:139:-1:-1:-1:-1:-1:1:2:138:data:send
1564114344:3:2:139:77:1:-1:2:4:-1:-1:-1:-1:data:send
1564114344:2:7:77:140:-1:-1:-1:-1:-1:1:2:139:data:send
1564114359:3:2:140:77:1:-1:2:4:-1:-1:-1:-1:data:send
1564114359:2:7:77:141:-1:-1:-1:-1:-1:1:2:140:data:send
1564114374:3:2:141:77:1:-1:2:4:-1:-1:-1:-1:data:send
1564114374:2:7:77:142:-1:-1:-1:-1:-1:1:2:141:data:send
1564114389:3:2:142:77:1:-1:2:4:-1:-1:-1:-1:data:send
1564114389:2:7:77:143:-1:-1:-1:-1:-1:1:2:142:data:send
1564114404:3:2:143:77:1:-1:2:4:-1:-1:-1:-1:data:send
1564114404:2:7:77:144:-1:-1:-1:-1:-1:1:2:143:data:send
1564114419:3:2:144:77:1:-1:2:4:-1:-1:-1:-1:data:send
1564114419:2:7:77:145:-1:-1:-1:-1:-1:1:2:144:data:send
1564114434:3:2:145:77:1:-1:2:4:-1:-1:-1:-1:data:send
1564114434:2:7:77:146:-1:-1:-1:-1:-1:1:2:145:data:send
1564114449:3:2:146:77:1:-1:2:4:-1:-1:-1:-1:data:send
1564114449:2:7:77:147:-1:-1:-1:-1:-1:1:2:146:data:send
1564114464:3:2:147:77:1:-1:2:4:-1:-1:-1:-1:data:send
1564114464:2:7:77:148:-1:-1:-1:-1:-1:1:2:147:data:send
1564114479:3:2:148:77:1:-1:2:4:-1:-1:-1:-1:data:send
1564114479:2:7:77:149:-1:-1:-1:-1:-1:1:2:148:data:send
1564114494:3:2:149:77:1:-1:2:4:-1:-1:-1:-1:data:send
1564114494:2:7:77:150:-1:-1:-1:-1:-1:1:2:149:data:send
1564114509:3:2:150:77:1:-1:2:4:-1:-1:-1:-1:data:send
1564114509:2:7:77:151:-1:-1:-1:-1:-1:1:2:150:data:send
1564114524:3:2:151:77:1:-1:2:4:-1:-1:-1:-1:data:send
1564114524:2:7:77:152:-1:-1:-1:-1:-1:1:2:151:data:send
1564114539:3:2:152:77:1:-1:2:4:-1:-1:-1:-1:data:send
1564114539:2:7:77:153:-1:-1:-1:-1:-1:1:2:152:data:send
1564114554:3:2:153:77:1:-1:2:4:-1:-1:-1:-1:data:send
1564114554:2:7:77:154:-1:-1:-1:-1:-1:1:2:153:data:send
1564114569:3:2:154:77:1:-1:2:4:-1:-1:-1:-1:data:send
1564114569:2:7:77:155:-1:-1:-1:-1:-1:1:2:154:data:send
1564114584:3:2:155:77:1:-1:2:4:-1:-1:-1:-1:data:send
1564114584:2:7:77:156:-1:-1:-1:-1:-1:1:2:155:data:send
1564114599:3:2:156:77:1:-1:2:4:-1:-1:-1:-1:data:send
1564114599:2:7:77:157:-1:-1:-1:-1:-1:1:2:156:data:send
1564114614:3:2:157:77:1:-1:2:4:-1:-1:-1:-1:data:send
1564114614:2:7:77:158:-1:-1:-1:-1:-1:1:2:157:data:send
1564114629:3:2:158:77:1:-1:2:4:-1:-1:-1:-1:data:send
1564114629:2:7:77:159:-1:-1:-1:-1:-1:1:2:158:data:send
1564114644:3:2:159:77:1:-1:2:4:-1:-1:-1:-1:data:send
1564114644:2:7:77:160:-1:-1:-1:-1:-1:1:2:159:data:send
1564114659:3:2:160:77:1:-1:2:4:-1:-1:-1:-1:data:send
1564114659:2:7:77:161:-1:-1:-1:-1:-1:1:2:160:data:send
1564114674:3:2:161:77:1:-1:2:4:-1:-1:-1:-1:data:send
1564114674:2:7:77:162:-1:-1:-1:-1:-1:1:2:161:data:send
1564114689:3:2:162:77:1:-1:2:4:-1:-1:-1:-1:data:send
1564114689:2:7:77:163:-1:-1:-1:-1:-1:1:2:162:data:send
1564114704:3:2:163:77:1:-1:2:4:-1:-1:-1:-1:data:send
1564114704:2:7:77:164:-1:-1:-1:-1:-1:1:2:163:data:send
1564114719:3:2:164:77:1:-1:2:4:-1:-1:-1:-1:data:send
1564114719:2:7:77:165:-1:-1:-1:-1:-1:1:2:164:data:send
1564114734:3:2:165:77:1:-1:2:4:-1:-1:-1:-1:data:send
1564114734:2:7:77:166:-1:-1:-1:-1:-1:1:2:165:data:send
1564114749:3:2:166:77:1:-1:2:4:-1:-1:-1:-1:data:send
1564114749:2:7:77:167:-1:-1:-1:-1:-1:1:2:166:data:send
1564114764:3:2:167:77:1:-1:2:4:-1:-1:-1:-1:data:send
1564114764:2:7:77:168:-1:-1:-1:-1:-1:1:2:167:data:send
1564114779:3:2:168:77:1:-1:2:4:-1:-1:-1:-1:data:send
1564114779:2:7:77:169:-1:-1:-1:-1:-1:1:2:168:data:send
1564114794:3:2:169:77:1:-1:2:4:-1:-1:-1:-1:data:send
1564114794:2:7:77:170:-1:-1:-1:-1:-1:1:2:169:data:send
1564114809:3:2:170:77:1:-1:2:4:-1:-1:-1:-1:data:send
1564114809:2:7:77:171:-1:-1:-1:-1:-1:1:2:170:data:send
1564114824:3:2:171:77:1:-1:2:4:-1:-1:-1:-1:data:send
1564114824:2:7:77:172:-1:-1:-1:-1:-1:1:2:171:data:send
1564114839:3:2:172:77:1:-1:2:4:-1:-1:-1:-1:data:send
1564114839:2:7:77:173:-1:-1:-1:-1:-1:1:2:172:data:send
1564114854:3:2:173:77:1:-1:2:4:-1:-1:-1:-1:data:send
1564114854:2:7:77:174:-1:-1:-1:-1:-1:1:2:173:data:send
1564114869:3:2:174:77:1:-1:2:4:-1:-1:-1:-1:data:send
1564114869:2:7:77:175:-1:-1:-1:-1:-1:1:2:174:data:send
1564114884:3:2:175:77:1:-1:2:4:-1:-1:-1:-1:data:send
1564114884:2:7:77:176:-1:-1:-1:-1:-1:1:2:175:data:send
1564114899:3:2:176:77:1:-1:2:4:-1:-1:-1:-1:data:send
1564114899:2:7:77:177:-1:-1:-1:-1:-1:1:2:176:data:send
1564114914:3:2:177:77:1:-1:2:4:-1:-1:-1:-1:data:send
1564114914:2:7:77:178:-1:-1:-1:-1:-1:1:2:177:data:send
1564114929:3:2:178:77:1:-1:2:4:-1:-1:-1:-1:data:send
1564114929:2:7:77:179:-1:-1:-1:-1:-1:1:2:178:data:send
1564114944:3:2:179:77:1:-1:2:4:-1:-1:-1:-1:data:send
1564114944:2:7:77:180:-1:-1:-1:-1:-1:1:2:179:data:send
1564114959:3:2:180:77:1:-1:2:4:-1:-1:-1:-1:data:send
1564114959:2:7:77:181:-1:-1:-1:-1:-1:1:2:180:data:send
1564114974:3:2:181:77:1:-1:2:4:-1:-1:-1:-1:data:send
1564114974:2:7:77:182:-1:-1:-1:-1:-1:1:2:181:data:send
1564114990:3:2:182:77:1:-1:2:4:-1:-1:-1:-1:data:send
1564114990:2:7:77:183:-1:-1:-1:-1:-1:1:2:182:data:send
1564115005:3:2:183:77:1:-1:2:4:-1:-1:-1:-1:data:send
1564115005:2:7:77:184:-1:-1:-1:-1:-1:1:2:183:data:send
1564115020:3:2:184:77:1:-1:2:4:-1:-1:-1:-1:data:send
1564115020:2:7:77:185:-1:-1:-1:-1:-1:1:2:184:data:send
1564115035:3:2:185:77:1:-1:2:4:-1:-1:-1:-1:data:send
1564115035:2:7:77:186:-1:-1:-1:-1:-1:1:2:185:data:send
1564115050:3:2:186:77:1:-1:2:4:-1:-1:-1:-1:data:send
1564115050:2:7:77:187:-1:-1:-1:-1:-1:1:2:186:data:send
1564115065:3:2:187:77:1:-1:2:4:-1:-1:-1:-1:data:send
1564115065:2:7:77:188:-1:-1:-1:-1:-1:1:2:187:data:send
1564115080:3:2:188:77:1:-1:2:4:-1:-1:-1:-1:data:send
1564115080:2:7:77:189:-1:-1:-1:-1:-1:1:2:188:data:send
1564115095:3:2:189:77:1:-1:2:4:-1:-1:-1:-1:data:send
1564115095:2:7:77:190:-1:-1:-1:-1:-1:1:2:189:data:send
1564115110:3:2:190:77:1:-1:2:4:-1:-1:-1:-1:data:send
1564115110:2:7:77:191:-1:-1:-1:-1:-1:1:2:190:data:send
1564115125:3:2:191:77:1:-1:2:4:-1:-1:-1:-1:data:send
1564115125:2:7:77:192:-1:-1:-1:-1:-1:1:2:191:data:send
1564115140:3:2:192:77:1:-1:2:4:-1:-1:-1:-1:data:send
1564115140:2:7:77:193:-1:-1:-1:-1:-1:1:2:192:data:send
1564115155:3:2:193:77:1:-1:2:4:-1:-1:-1:-1:data:send
1564115155:2:7:77:194:-1:-1:-1:-1:-1:1:2:193:data:send
1564115170:3:2:194:77:1:-1:2:4:-1:-1:-1:-1:data:send
1564115170:2:7:77:195:-1:-1:-1:-1:-1:1:2:194:data:send
1564115185:3:2:195:77:1:-1:2:4:-1:-1:-1:-1:data:send
1564115185:2:7:77:196:-1:-1:-1:-1:-1:1:2:195:data:send
1564115200:3:2:196:77:1:-1:2:4:-1:-1:-1:-1:data:send
1564115200:2:7:77:197:-1:-1:-1:-1:-1:1:2:196:data:send
1564115215:3:2:197:77:1:-1:2:4:-1:-1:-1:-1:data:send
1564115215:2:7:77:198:-1:-1:-1:-1:-1:1:2:197:data:send
1564115230:3:2:198:77:1:-1:2:4:-1:-1:-1:-1:data:send
1564115230:2:7:77:199:-1:-1:-1:-1:-1:1:2:198:data:send
1564115245:3:2:199:77:1:-1:2:4:-1:-1:-1:-1:data:send
1564115245:2:7:77:200:-1:-1:-1:-1:-1:1:2:199:data:send
1564115260:3:2:200:77:1:-1:2:4:-1:-1:-1:-1:data:send
1564115260:2:7:77:201:-1:-1:-1:-1:-1:1:2:200:data:send
1564115275:3:2:201:77:1:-1:2:4:-1:-1:-1:-1:data:send
1564115275:2:7:77:202:-1:-1:-1:-1:-1:1:2:201:data:send
1564115290:3:2:202:77:1:-1:2:4:-1:-1:-1:-1:data:send
1564115290:2:7:77:203:-1:-1:-1:-1:-1:1:2:202:data:send
1564115305:3:2:203:77:1:-1:2:4:-1:-1:-1:-1:data:send
1564115305:2:7:77:204:-1:-1:-1:-1:-1:1:2:203:data:send
1564115320:3:2:204:77:1:-1:2:4:-1:-1:-1:-1:data:send
1564115320:2:7:77:205:-1:-1:-1:-1:-1:1:2:204:data:send
1564115335:3:2:205:77:1:-1:2:4:-1:-1:-1:-1:data:send
1564115335:2:7:77:206:-1:-1:-1:-1:-1:1:2:205:data:send
1564115350:3:2:206:77:1:-1:2:4:-1:-1:-1:-1:data:send
1564115350:2:7:77:207:-1:-1:-1:-1:-1:1:2:206:data:send
1564115365:3:2:207:77:1:-1:2:4:-1:-1:-1:-1:data:send
1564115365:2:7:77:208:-1:-1:-1:-1:-1:1:2:207:data:send
1564115380:3:2:208:77:1:-1:2:4:-1:-1:-1:-1:data:send
1564115380:2:7:77:209:-1:-1:-1:-1:-1:1:2:208:data:send
1564115395:3:2:209:77:1:-1:2:4:-1:-1:-1:-1:data:send
1564115395:2:7:77:210:-1:-1:-1:-1:-1:1:2:209:data:send
1564115410:3:2:210:77:1:-1:2:4:-1:-1:-1:-1:data:send
1564115410:2:7:77:211:-1:-1:-1:-1:-1:1:2:210:data:send
1564115425:3:2:211:77:1:-1:2:4:-1:-1:-1:-1:data:send
1564115425:2:7:77:212:-1:-1:-1:-1:-1:1:2:211:data:send
1564115440:3:2:212:77:1:-1:2:4:-1:-1:-1:-1:data:send
1564115440:2:7:77:213:-1:-1:-1:-1:-1:1:2:212:data:send
1564115455:3:2:213:77:1:-1:2:4:-1:-1:-1:-1:data:send
1564115455:2:7:77:214:-1:-1:-1:-1:-1:1:2:213:data:send
1564115470:3:2:214:77:1:-1:2:4:-1:-1:-1:-1:data:send
1564115470:2:7:77:215:-1:-1:-1:-1:-1:1:2:214:data:send
1564115485:3:2:215:77:1:-1:2:4:-1:-1:-1:-1:data:send
1564115485:2:7:77:216:-1:-1:-1:-1:-1:1:2:215:data:send
1564115500:3:2:216:77:1:-1:2:4:-1:-1:-1:-1:data:send
1564115500:2:7:77:217:-1:-1:-1:-1:-1:1:2:216:data:send
1564115515:3:2:217:77:1:-1:2:4:-1:-1:-1:-1:data:send
1564115515:2:7:77:218:-1:-1:-1:-1:-1:1:2:217:data:send
1564115530:3:2:218:77:1:-1:2:4:-1:-1:-1:-1:data:send
1564115530:2:7:77:219:-1:-1:-1:-1:-1:1:2:218:data:send
1564115545:3:2:219:77:1:-1:2:4:-1:-1:-1:-1:data:send
1564115545:2:7:77:220:-1:-1:-1:-1:-1:1:2:219:data:send
1564115560:3:2:220:77:1:-1:2:4:-1:-1:-1:-1:data:send
1564115560:2:7:77:221:-1:-1:-1:-1:-1:1:2:220:data:send
1564115575:3:2:221:77:1:-1:2:4:-1:-1:-1:-1:data:send
1564115575:2:7:77:222:-1:-1:-1:-1:-1:1:2:221:data:send
1564115590:3:2:222:77:1:-1:2:4:-1:-1:-1:-1:data:send
1564115590:2:7:77:223:-1:-1:-1:-1:-1:1:2:222:data:send
1564115605:3:2:223:77:1:-1:2:4:-1:-1:-1:-1:data:send
1564115605:2:7:77:224:-1:-1:-1:-1:-1:1:2:223:data:send
1564115620:3:2:224:77:1:-1:2:4:-1:-1:-1:-1:data:send
1564115620:2:7:77:225:-1:-1:-1:-1:-1:1:2:224:data:send
1564115635:3:2:225:77:1:-1:2:4:-1:-1:-1:-1:data:send
1564115635:2:7:77:226:-1:-1:-1:-1:-1:1:2:225:data:send
1564115650:3:2:226:77:1:-1:2:4:-1:-1:-1:-1:data:send
1564115650:2:7:77:227:-1:-1:-1:-1:-1:1:2:226:data:send
1564115665:3:2:227:77:1:-1:2:4:-1:-1:-1:-1:data:send
1564115665:2:7:77:228:-1:-1:-1:-1:-1:1:2:227:data:send
1564115680:3:2:228:77:1:-1:2:4:-1:-1:-1:-1:data:send
1564115680:2:7:77:229:-1:-1:-1:-1:-1:1:2:228:data:send
1564115688:2:7:221:9:-1:-1:-1:-1:-1:2:1:221:data:recv
1564115688:2:7:-1:-1:-1:-1:-1:-1:-1:1:2:221:ack:send
1564115688:3:2:1:9:4:-1:1:1:-1:-1:-1:-1:data:sendUp
1564115695:3:2:229:77:1:-1:2:4:-1:-1:-1:-1:data:send
1564115695:2:7:77:230:-1:-1:-1:-1:-1:1:2:229:data:send
