=========================Fri Jul 26 11:36:37 2019
1564112223:2:7:0:10:-1:-1:-1:-1:-1:1:2:0:data:recv
1564112223:2:7:-1:-1:-1:-1:-1:-1:-1:2:1:0:ack:send
1564112223:3:2:0:10:1:-1:3:4:-1:-1:-1:-1:data:forward
1564112223:2:7:10:1:-1:-1:-1:-1:-1:2:3:0:data:send
1564112229:2:7:10:0:-1:-1:-1:-1:-1:2:3:0:data:resend
1564112231:2:7:-1:-1:-1:-1:-1:-1:-1:3:2:0:ack:recv
1564112241:2:7:1:9:-1:-1:-1:-1:-1:3:2:1:data:recv
1564112241:2:7:-1:-1:-1:-1:-1:-1:-1:2:3:1:ack:send
1564112241:3:2:0:9:4:-1:1:1:-1:-1:-1:-1:data:forward
1564112241:2:7:9:2:-1:-1:-1:-1:-1:2:1:1:data:send
1564112242:2:7:-1:-1:-1:-1:-1:-1:-1:1:2:1:ack:recv
1564112273:2:7:1:77:-1:-1:-1:-1:-1:1:2:1:data:recv
1564112273:3:2:1:77:1:-1:3:4:-1:-1:-1:-1:data:forward
1564112273:2:7:77:3:-1:-1:-1:-1:-1:2:3:2:data:send
1564112288:2:7:2:77:-1:-1:-1:-1:-1:1:2:2:data:recv
1564112288:3:2:2:77:1:-1:3:4:-1:-1:-1:-1:data:forward
1564112288:2:7:77:4:-1:-1:-1:-1:-1:2:3:3:data:send
1564112303:2:7:3:77:-1:-1:-1:-1:-1:1:2:3:data:recv
1564112303:3:2:3:77:1:-1:3:4:-1:-1:-1:-1:data:forward
1564112303:2:7:77:5:-1:-1:-1:-1:-1:2:3:4:data:send
1564112318:2:7:4:77:-1:-1:-1:-1:-1:1:2:4:data:recv
1564112318:3:2:4:77:1:-1:3:4:-1:-1:-1:-1:data:forward
1564112318:2:7:77:6:-1:-1:-1:-1:-1:2:3:5:data:send
1564112333:2:7:5:77:-1:-1:-1:-1:-1:1:2:5:data:recv
1564112333:3:2:5:77:1:-1:3:4:-1:-1:-1:-1:data:forward
1564112333:2:7:77:7:-1:-1:-1:-1:-1:2:3:6:data:send
1564112348:2:7:6:77:-1:-1:-1:-1:-1:1:2:6:data:recv
1564112348:3:2:6:77:1:-1:3:4:-1:-1:-1:-1:data:forward
1564112348:2:7:77:8:-1:-1:-1:-1:-1:2:3:7:data:send
1564112363:2:7:7:77:-1:-1:-1:-1:-1:1:2:7:data:recv
1564112363:3:2:7:77:1:-1:3:4:-1:-1:-1:-1:data:forward
1564112363:2:7:77:9:-1:-1:-1:-1:-1:2:3:8:data:send
1564112378:2:7:8:77:-1:-1:-1:-1:-1:1:2:8:data:recv
1564112378:3:2:8:77:1:-1:3:4:-1:-1:-1:-1:data:forward
1564112378:2:7:77:10:-1:-1:-1:-1:-1:2:3:9:data:send
1564112408:2:7:10:77:-1:-1:-1:-1:-1:1:2:10:data:recv
1564112408:3:2:10:77:1:-1:3:4:-1:-1:-1:-1:data:forward
1564112408:2:7:77:11:-1:-1:-1:-1:-1:2:3:10:data:send
1564112423:2:7:11:77:-1:-1:-1:-1:-1:1:2:11:data:recv
1564112423:3:2:11:77:1:-1:3:4:-1:-1:-1:-1:data:forward
1564112423:2:7:77:12:-1:-1:-1:-1:-1:2:3:11:data:send
1564112438:2:7:12:77:-1:-1:-1:-1:-1:1:2:12:data:recv
1564112438:3:2:12:77:1:-1:3:4:-1:-1:-1:-1:data:forward
1564112438:2:7:77:13:-1:-1:-1:-1:-1:2:3:12:data:send
1564112453:2:7:13:77:-1:-1:-1:-1:-1:1:2:13:data:recv
1564112453:3:2:13:77:1:-1:3:4:-1:-1:-1:-1:data:forward
1564112453:2:7:77:14:-1:-1:-1:-1:-1:2:3:13:data:send
1564112468:2:7:14:77:-1:-1:-1:-1:-1:1:2:14:data:recv
1564112468:3:2:14:77:1:-1:3:4:-1:-1:-1:-1:data:forward
1564112468:2:7:77:15:-1:-1:-1:-1:-1:2:3:14:data:send
1564112498:2:7:16:77:-1:-1:-1:-1:-1:1:2:16:data:recv
1564112498:3:2:16:77:1:-1:3:4:-1:-1:-1:-1:data:forward
1564112498:2:7:77:16:-1:-1:-1:-1:-1:2:3:15:data:send
1564112513:2:7:17:77:-1:-1:-1:-1:-1:1:2:17:data:recv
1564112513:3:2:17:77:1:-1:3:4:-1:-1:-1:-1:data:forward
1564112513:2:7:77:17:-1:-1:-1:-1:-1:2:3:16:data:send
1564112528:2:7:18:77:-1:-1:-1:-1:-1:1:2:18:data:recv
1564112528:3:2:18:77:1:-1:3:4:-1:-1:-1:-1:data:forward
1564112528:2:7:77:18:-1:-1:-1:-1:-1:2:3:17:data:send
1564112543:2:7:19:77:-1:-1:-1:-1:-1:1:2:19:data:recv
1564112543:3:2:19:77:1:-1:3:4:-1:-1:-1:-1:data:forward
1564112543:2:7:77:19:-1:-1:-1:-1:-1:2:3:18:data:send
1564112558:2:7:20:77:-1:-1:-1:-1:-1:1:2:20:data:recv
1564112558:3:2:20:77:1:-1:3:4:-1:-1:-1:-1:data:forward
1564112558:2:7:77:20:-1:-1:-1:-1:-1:2:3:19:data:send
1564112573:2:7:21:77:-1:-1:-1:-1:-1:1:2:21:data:recv
1564112573:3:2:21:77:1:-1:3:4:-1:-1:-1:-1:data:forward
1564112573:2:7:77:21:-1:-1:-1:-1:-1:2:3:20:data:send
1564112588:2:7:22:77:-1:-1:-1:-1:-1:1:2:22:data:recv
1564112588:3:2:22:77:1:-1:3:4:-1:-1:-1:-1:data:forward
1564112588:2:7:77:22:-1:-1:-1:-1:-1:2:3:21:data:send
1564112603:2:7:23:77:-1:-1:-1:-1:-1:1:2:23:data:recv
1564112603:3:2:23:77:1:-1:3:4:-1:-1:-1:-1:data:forward
1564112603:2:7:77:23:-1:-1:-1:-1:-1:2:3:22:data:send
1564112618:2:7:24:77:-1:-1:-1:-1:-1:1:2:24:data:recv
1564112618:3:2:24:77:1:-1:3:4:-1:-1:-1:-1:data:forward
1564112618:2:7:77:24:-1:-1:-1:-1:-1:2:3:23:data:send
1564112633:2:7:25:77:-1:-1:-1:-1:-1:1:2:25:data:recv
1564112633:3:2:25:77:1:-1:3:4:-1:-1:-1:-1:data:forward
1564112633:2:7:77:25:-1:-1:-1:-1:-1:2:3:24:data:send
1564112648:2:7:26:77:-1:-1:-1:-1:-1:1:2:26:data:recv
1564112648:3:2:26:77:1:-1:3:4:-1:-1:-1:-1:data:forward
1564112648:2:7:77:26:-1:-1:-1:-1:-1:2:3:25:data:send
1564112663:2:7:27:77:-1:-1:-1:-1:-1:1:2:27:data:recv
1564112663:3:2:27:77:1:-1:3:4:-1:-1:-1:-1:data:forward
1564112663:2:7:77:27:-1:-1:-1:-1:-1:2:3:26:data:send
1564112679:2:7:28:77:-1:-1:-1:-1:-1:1:2:28:data:recv
1564112679:3:2:28:77:1:-1:3:4:-1:-1:-1:-1:data:forward
1564112679:2:7:77:28:-1:-1:-1:-1:-1:2:3:27:data:send
1564112694:2:7:29:77:-1:-1:-1:-1:-1:1:2:29:data:recv
1564112694:3:2:29:77:1:-1:3:4:-1:-1:-1:-1:data:forward
1564112694:2:7:77:29:-1:-1:-1:-1:-1:2:3:28:data:send
1564112709:2:7:30:77:-1:-1:-1:-1:-1:1:2:30:data:recv
1564112709:3:2:30:77:1:-1:3:4:-1:-1:-1:-1:data:forward
1564112709:2:7:77:30:-1:-1:-1:-1:-1:2:3:29:data:send
1564112724:2:7:31:77:-1:-1:-1:-1:-1:1:2:31:data:recv
1564112724:3:2:31:77:1:-1:3:4:-1:-1:-1:-1:data:forward
1564112724:2:7:77:31:-1:-1:-1:-1:-1:2:3:30:data:send
1564112739:2:7:32:77:-1:-1:-1:-1:-1:1:2:32:data:recv
1564112739:3:2:32:77:1:-1:3:4:-1:-1:-1:-1:data:forward
1564112739:2:7:77:32:-1:-1:-1:-1:-1:2:3:31:data:send
1564112754:2:7:33:77:-1:-1:-1:-1:-1:1:2:33:data:recv
1564112754:3:2:33:77:1:-1:3:4:-1:-1:-1:-1:data:forward
1564112754:2:7:77:33:-1:-1:-1:-1:-1:2:3:32:data:send
1564112769:2:7:34:77:-1:-1:-1:-1:-1:1:2:34:data:recv
1564112769:3:2:34:77:1:-1:3:4:-1:-1:-1:-1:data:forward
1564112769:2:7:77:34:-1:-1:-1:-1:-1:2:3:33:data:send
1564112784:2:7:35:77:-1:-1:-1:-1:-1:1:2:35:data:recv
1564112784:3:2:35:77:1:-1:3:4:-1:-1:-1:-1:data:forward
1564112784:2:7:77:35:-1:-1:-1:-1:-1:2:3:34:data:send
1564112799:2:7:36:77:-1:-1:-1:-1:-1:1:2:36:data:recv
1564112799:3:2:36:77:1:-1:3:4:-1:-1:-1:-1:data:forward
1564112799:2:7:77:36:-1:-1:-1:-1:-1:2:3:35:data:send
1564112814:2:7:37:77:-1:-1:-1:-1:-1:1:2:37:data:recv
1564112814:3:2:37:77:1:-1:3:4:-1:-1:-1:-1:data:forward
1564112814:2:7:77:37:-1:-1:-1:-1:-1:2:3:36:data:send
1564112829:2:7:38:77:-1:-1:-1:-1:-1:1:2:38:data:recv
1564112829:3:2:38:77:1:-1:3:4:-1:-1:-1:-1:data:forward
1564112829:2:7:77:38:-1:-1:-1:-1:-1:2:3:37:data:send
1564112844:2:7:39:77:-1:-1:-1:-1:-1:1:2:39:data:recv
1564112844:3:2:39:77:1:-1:3:4:-1:-1:-1:-1:data:forward
1564112844:2:7:77:39:-1:-1:-1:-1:-1:2:3:38:data:send
1564112859:2:7:40:77:-1:-1:-1:-1:-1:1:2:40:data:recv
1564112859:3:2:40:77:1:-1:3:4:-1:-1:-1:-1:data:forward
1564112859:2:7:77:40:-1:-1:-1:-1:-1:2:3:39:data:send
1564112874:2:7:41:77:-1:-1:-1:-1:-1:1:2:41:data:recv
1564112874:3:2:41:77:1:-1:3:4:-1:-1:-1:-1:data:forward
1564112874:2:7:77:41:-1:-1:-1:-1:-1:2:3:40:data:send
1564112889:2:7:42:77:-1:-1:-1:-1:-1:1:2:42:data:recv
1564112889:3:2:42:77:1:-1:3:4:-1:-1:-1:-1:data:forward
1564112889:2:7:77:42:-1:-1:-1:-1:-1:2:3:41:data:send
1564112904:2:7:43:77:-1:-1:-1:-1:-1:1:2:43:data:recv
1564112904:3:2:43:77:1:-1:3:4:-1:-1:-1:-1:data:forward
1564112904:2:7:77:43:-1:-1:-1:-1:-1:2:3:42:data:send
1564112919:2:7:44:77:-1:-1:-1:-1:-1:1:2:44:data:recv
1564112919:3:2:44:77:1:-1:3:4:-1:-1:-1:-1:data:forward
1564112919:2:7:77:44:-1:-1:-1:-1:-1:2:3:43:data:send
1564112934:2:7:45:77:-1:-1:-1:-1:-1:1:2:45:data:recv
1564112934:3:2:45:77:1:-1:3:4:-1:-1:-1:-1:data:forward
1564112934:2:7:77:45:-1:-1:-1:-1:-1:2:3:44:data:send
1564112949:2:7:46:77:-1:-1:-1:-1:-1:1:2:46:data:recv
1564112949:3:2:46:77:1:-1:3:4:-1:-1:-1:-1:data:forward
1564112949:2:7:77:46:-1:-1:-1:-1:-1:2:3:45:data:send
1564112964:2:7:47:77:-1:-1:-1:-1:-1:1:2:47:data:recv
1564112964:3:2:47:77:1:-1:3:4:-1:-1:-1:-1:data:forward
1564112964:2:7:77:47:-1:-1:-1:-1:-1:2:3:46:data:send
1564112979:2:7:48:77:-1:-1:-1:-1:-1:1:2:48:data:recv
1564112979:3:2:48:77:1:-1:3:4:-1:-1:-1:-1:data:forward
1564112979:2:7:77:48:-1:-1:-1:-1:-1:2:3:47:data:send
1564112994:2:7:49:77:-1:-1:-1:-1:-1:1:2:49:data:recv
1564112994:3:2:49:77:1:-1:3:4:-1:-1:-1:-1:data:forward
1564112994:2:7:77:49:-1:-1:-1:-1:-1:2:3:48:data:send
1564113009:2:7:50:77:-1:-1:-1:-1:-1:1:2:50:data:recv
1564113009:3:2:50:77:1:-1:3:4:-1:-1:-1:-1:data:forward
1564113009:2:7:77:50:-1:-1:-1:-1:-1:2:3:49:data:send
1564113024:2:7:51:77:-1:-1:-1:-1:-1:1:2:51:data:recv
1564113024:3:2:51:77:1:-1:3:4:-1:-1:-1:-1:data:forward
1564113024:2:7:77:51:-1:-1:-1:-1:-1:2:3:50:data:send
1564113039:2:7:52:77:-1:-1:-1:-1:-1:1:2:52:data:recv
1564113039:3:2:52:77:1:-1:3:4:-1:-1:-1:-1:data:forward
1564113039:2:7:77:52:-1:-1:-1:-1:-1:2:3:51:data:send
1564113054:2:7:53:77:-1:-1:-1:-1:-1:1:2:53:data:recv
1564113054:3:2:53:77:1:-1:3:4:-1:-1:-1:-1:data:forward
1564113054:2:7:77:53:-1:-1:-1:-1:-1:2:3:52:data:send
1564113069:2:7:54:77:-1:-1:-1:-1:-1:1:2:54:data:recv
1564113069:3:2:54:77:1:-1:3:4:-1:-1:-1:-1:data:forward
1564113069:2:7:77:54:-1:-1:-1:-1:-1:2:3:53:data:send
1564113084:2:7:55:77:-1:-1:-1:-1:-1:1:2:55:data:recv
1564113084:3:2:55:77:1:-1:3:4:-1:-1:-1:-1:data:forward
1564113084:2:7:77:55:-1:-1:-1:-1:-1:2:3:54:data:send
1564113099:2:7:56:77:-1:-1:-1:-1:-1:1:2:56:data:recv
1564113099:3:2:56:77:1:-1:3:4:-1:-1:-1:-1:data:forward
1564113099:2:7:77:56:-1:-1:-1:-1:-1:2:3:55:data:send
1564113114:2:7:57:77:-1:-1:-1:-1:-1:1:2:57:data:recv
1564113114:3:2:57:77:1:-1:3:4:-1:-1:-1:-1:data:forward
1564113114:2:7:77:57:-1:-1:-1:-1:-1:2:3:56:data:send
1564113129:2:7:58:77:-1:-1:-1:-1:-1:1:2:58:data:recv
1564113129:3:2:58:77:1:-1:3:4:-1:-1:-1:-1:data:forward
1564113129:2:7:77:58:-1:-1:-1:-1:-1:2:3:57:data:send
1564113144:2:7:59:77:-1:-1:-1:-1:-1:1:2:59:data:recv
1564113144:3:2:59:77:1:-1:3:4:-1:-1:-1:-1:data:forward
1564113144:2:7:77:59:-1:-1:-1:-1:-1:2:3:58:data:send
1564113159:2:7:60:77:-1:-1:-1:-1:-1:1:2:60:data:recv
1564113159:3:2:60:77:1:-1:3:4:-1:-1:-1:-1:data:forward
1564113159:2:7:77:60:-1:-1:-1:-1:-1:2:3:59:data:send
1564113174:2:7:61:77:-1:-1:-1:-1:-1:1:2:61:data:recv
1564113174:3:2:61:77:1:-1:3:4:-1:-1:-1:-1:data:forward
1564113174:2:7:77:61:-1:-1:-1:-1:-1:2:3:60:data:send
1564113189:2:7:62:77:-1:-1:-1:-1:-1:1:2:62:data:recv
1564113189:3:2:62:77:1:-1:3:4:-1:-1:-1:-1:data:forward
1564113189:2:7:77:62:-1:-1:-1:-1:-1:2:3:61:data:send
1564113204:2:7:63:77:-1:-1:-1:-1:-1:1:2:63:data:recv
1564113204:3:2:63:77:1:-1:3:4:-1:-1:-1:-1:data:forward
1564113204:2:7:77:63:-1:-1:-1:-1:-1:2:3:62:data:send
1564113219:2:7:64:77:-1:-1:-1:-1:-1:1:2:64:data:recv
1564113219:3:2:64:77:1:-1:3:4:-1:-1:-1:-1:data:forward
1564113219:2:7:77:64:-1:-1:-1:-1:-1:2:3:63:data:send
1564113234:2:7:65:77:-1:-1:-1:-1:-1:1:2:65:data:recv
1564113234:3:2:65:77:1:-1:3:4:-1:-1:-1:-1:data:forward
1564113234:2:7:77:65:-1:-1:-1:-1:-1:2:3:64:data:send
1564113249:2:7:66:77:-1:-1:-1:-1:-1:1:2:66:data:recv
1564113249:3:2:66:77:1:-1:3:4:-1:-1:-1:-1:data:forward
1564113249:2:7:77:66:-1:-1:-1:-1:-1:2:3:65:data:send
1564113264:2:7:67:77:-1:-1:-1:-1:-1:1:2:67:data:recv
1564113264:3:2:67:77:1:-1:3:4:-1:-1:-1:-1:data:forward
1564113264:2:7:77:67:-1:-1:-1:-1:-1:2:3:66:data:send
1564113279:2:7:68:77:-1:-1:-1:-1:-1:1:2:68:data:recv
1564113279:3:2:68:77:1:-1:3:4:-1:-1:-1:-1:data:forward
1564113279:2:7:77:68:-1:-1:-1:-1:-1:2:3:67:data:send
1564113294:2:7:69:77:-1:-1:-1:-1:-1:1:2:69:data:recv
1564113294:3:2:69:77:1:-1:3:4:-1:-1:-1:-1:data:forward
1564113294:2:7:77:69:-1:-1:-1:-1:-1:2:3:68:data:send
1564113309:2:7:70:77:-1:-1:-1:-1:-1:1:2:70:data:recv
1564113309:3:2:70:77:1:-1:3:4:-1:-1:-1:-1:data:forward
1564113309:2:7:77:70:-1:-1:-1:-1:-1:2:3:69:data:send
1564113324:2:7:71:77:-1:-1:-1:-1:-1:1:2:71:data:recv
1564113324:3:2:71:77:1:-1:3:4:-1:-1:-1:-1:data:forward
1564113324:2:7:77:71:-1:-1:-1:-1:-1:2:3:70:data:send
1564113339:2:7:72:77:-1:-1:-1:-1:-1:1:2:72:data:recv
1564113339:3:2:72:77:1:-1:3:4:-1:-1:-1:-1:data:forward
1564113339:2:7:77:72:-1:-1:-1:-1:-1:2:3:71:data:send
1564113354:2:7:73:77:-1:-1:-1:-1:-1:1:2:73:data:recv
1564113354:3:2:73:77:1:-1:3:4:-1:-1:-1:-1:data:forward
1564113354:2:7:77:73:-1:-1:-1:-1:-1:2:3:72:data:send
1564113369:2:7:74:77:-1:-1:-1:-1:-1:1:2:74:data:recv
1564113369:3:2:74:77:1:-1:3:4:-1:-1:-1:-1:data:forward
1564113369:2:7:77:74:-1:-1:-1:-1:-1:2:3:73:data:send
1564113384:2:7:75:77:-1:-1:-1:-1:-1:1:2:75:data:recv
1564113384:3:2:75:77:1:-1:3:4:-1:-1:-1:-1:data:forward
1564113384:2:7:77:75:-1:-1:-1:-1:-1:2:3:74:data:send
1564113399:2:7:76:77:-1:-1:-1:-1:-1:1:2:76:data:recv
1564113399:3:2:76:77:1:-1:3:4:-1:-1:-1:-1:data:forward
1564113399:2:7:77:76:-1:-1:-1:-1:-1:2:3:75:data:send
1564113429:2:7:78:77:-1:-1:-1:-1:-1:1:2:78:data:recv
1564113429:3:2:78:77:1:-1:3:4:-1:-1:-1:-1:data:forward
1564113429:2:7:77:77:-1:-1:-1:-1:-1:2:3:76:data:send
1564113444:2:7:79:77:-1:-1:-1:-1:-1:1:2:79:data:recv
1564113444:3:2:79:77:1:-1:3:4:-1:-1:-1:-1:data:forward
1564113444:2:7:77:78:-1:-1:-1:-1:-1:2:3:77:data:send
1564113474:2:7:81:77:-1:-1:-1:-1:-1:1:2:81:data:recv
1564113474:3:2:81:77:1:-1:3:4:-1:-1:-1:-1:data:forward
1564113474:2:7:77:79:-1:-1:-1:-1:-1:2:3:78:data:send
1564113489:2:7:82:77:-1:-1:-1:-1:-1:1:2:82:data:recv
1564113489:3:2:82:77:1:-1:3:4:-1:-1:-1:-1:data:forward
1564113489:2:7:77:80:-1:-1:-1:-1:-1:2:3:79:data:send
1564113504:2:7:83:77:-1:-1:-1:-1:-1:1:2:83:data:recv
1564113504:3:2:83:77:1:-1:3:4:-1:-1:-1:-1:data:forward
1564113504:2:7:77:81:-1:-1:-1:-1:-1:2:3:80:data:send
1564113519:2:7:84:77:-1:-1:-1:-1:-1:1:2:84:data:recv
1564113519:3:2:84:77:1:-1:3:4:-1:-1:-1:-1:data:forward
1564113519:2:7:77:82:-1:-1:-1:-1:-1:2:3:81:data:send
1564113534:2:7:85:77:-1:-1:-1:-1:-1:1:2:85:data:recv
1564113534:3:2:85:77:1:-1:3:4:-1:-1:-1:-1:data:forward
1564113534:2:7:77:83:-1:-1:-1:-1:-1:2:3:82:data:send
1564113549:2:7:86:77:-1:-1:-1:-1:-1:1:2:86:data:recv
1564113549:3:2:86:77:1:-1:3:4:-1:-1:-1:-1:data:forward
1564113549:2:7:77:84:-1:-1:-1:-1:-1:2:3:83:data:send
1564113564:2:7:87:77:-1:-1:-1:-1:-1:1:2:87:data:recv
1564113564:3:2:87:77:1:-1:3:4:-1:-1:-1:-1:data:forward
1564113564:2:7:77:85:-1:-1:-1:-1:-1:2:3:84:data:send
1564113579:2:7:88:77:-1:-1:-1:-1:-1:1:2:88:data:recv
1564113579:3:2:88:77:1:-1:3:4:-1:-1:-1:-1:data:forward
1564113579:2:7:77:86:-1:-1:-1:-1:-1:2:3:85:data:send
1564113594:2:7:89:77:-1:-1:-1:-1:-1:1:2:89:data:recv
1564113594:3:2:89:77:1:-1:3:4:-1:-1:-1:-1:data:forward
1564113594:2:7:77:87:-1:-1:-1:-1:-1:2:3:86:data:send
1564113609:2:7:90:77:-1:-1:-1:-1:-1:1:2:90:data:recv
1564113609:3:2:90:77:1:-1:3:4:-1:-1:-1:-1:data:forward
1564113609:2:7:77:88:-1:-1:-1:-1:-1:2:3:87:data:send
1564113624:2:7:91:77:-1:-1:-1:-1:-1:1:2:91:data:recv
1564113624:3:2:91:77:1:-1:3:4:-1:-1:-1:-1:data:forward
1564113624:2:7:77:89:-1:-1:-1:-1:-1:2:3:88:data:send
1564113640:2:7:92:77:-1:-1:-1:-1:-1:1:2:92:data:recv
1564113640:3:2:92:77:1:-1:3:4:-1:-1:-1:-1:data:forward
1564113640:2:7:77:90:-1:-1:-1:-1:-1:2:3:89:data:send
1564113655:2:7:93:77:-1:-1:-1:-1:-1:1:2:93:data:recv
1564113655:3:2:93:77:1:-1:3:4:-1:-1:-1:-1:data:forward
1564113655:2:7:77:91:-1:-1:-1:-1:-1:2:3:90:data:send
1564113670:2:7:94:77:-1:-1:-1:-1:-1:1:2:94:data:recv
1564113670:3:2:94:77:1:-1:3:4:-1:-1:-1:-1:data:forward
1564113670:2:7:77:92:-1:-1:-1:-1:-1:2:3:91:data:send
1564113685:2:7:95:77:-1:-1:-1:-1:-1:1:2:95:data:recv
1564113685:3:2:95:77:1:-1:3:4:-1:-1:-1:-1:data:forward
1564113685:2:7:77:93:-1:-1:-1:-1:-1:2:3:92:data:send
1564113700:2:7:96:77:-1:-1:-1:-1:-1:1:2:96:data:recv
1564113700:3:2:96:77:1:-1:3:4:-1:-1:-1:-1:data:forward
1564113700:2:7:77:94:-1:-1:-1:-1:-1:2:3:93:data:send
1564113715:2:7:97:77:-1:-1:-1:-1:-1:1:2:97:data:recv
1564113715:3:2:97:77:1:-1:3:4:-1:-1:-1:-1:data:forward
1564113715:2:7:77:95:-1:-1:-1:-1:-1:2:3:94:data:send
1564113730:2:7:98:77:-1:-1:-1:-1:-1:1:2:98:data:recv
1564113730:3:2:98:77:1:-1:3:4:-1:-1:-1:-1:data:forward
1564113730:2:7:77:96:-1:-1:-1:-1:-1:2:3:95:data:send
1564113745:2:7:99:77:-1:-1:-1:-1:-1:1:2:99:data:recv
1564113745:3:2:99:77:1:-1:3:4:-1:-1:-1:-1:data:forward
1564113745:2:7:77:97:-1:-1:-1:-1:-1:2:3:96:data:send
1564113760:2:7:100:77:-1:-1:-1:-1:-1:1:2:100:data:recv
1564113760:3:2:100:77:1:-1:3:4:-1:-1:-1:-1:data:forward
1564113760:2:7:77:98:-1:-1:-1:-1:-1:2:3:97:data:send
1564113775:2:7:101:77:-1:-1:-1:-1:-1:1:2:101:data:recv
1564113775:3:2:101:77:1:-1:3:4:-1:-1:-1:-1:data:forward
1564113775:2:7:77:99:-1:-1:-1:-1:-1:2:3:98:data:send
1564113790:2:7:102:77:-1:-1:-1:-1:-1:1:2:102:data:recv
1564113790:3:2:102:77:1:-1:3:4:-1:-1:-1:-1:data:forward
1564113790:2:7:77:100:-1:-1:-1:-1:-1:2:3:99:data:send
1564113805:2:7:103:77:-1:-1:-1:-1:-1:1:2:103:data:recv
1564113805:3:2:103:77:1:-1:3:4:-1:-1:-1:-1:data:forward
1564113805:2:7:77:101:-1:-1:-1:-1:-1:2:3:100:data:send
1564113820:2:7:104:77:-1:-1:-1:-1:-1:1:2:104:data:recv
1564113820:3:2:104:77:1:-1:3:4:-1:-1:-1:-1:data:forward
1564113820:2:7:77:102:-1:-1:-1:-1:-1:2:3:101:data:send
1564113835:2:7:105:77:-1:-1:-1:-1:-1:1:2:105:data:recv
1564113835:3:2:105:77:1:-1:3:4:-1:-1:-1:-1:data:forward
1564113835:2:7:77:103:-1:-1:-1:-1:-1:2:3:102:data:send
1564113850:2:7:106:77:-1:-1:-1:-1:-1:1:2:106:data:recv
1564113850:3:2:106:77:1:-1:3:4:-1:-1:-1:-1:data:forward
1564113850:2:7:77:104:-1:-1:-1:-1:-1:2:3:103:data:send
1564113865:2:7:107:77:-1:-1:-1:-1:-1:1:2:107:data:recv
1564113865:3:2:107:77:1:-1:3:4:-1:-1:-1:-1:data:forward
1564113865:2:7:77:105:-1:-1:-1:-1:-1:2:3:104:data:send
1564113880:2:7:108:77:-1:-1:-1:-1:-1:1:2:108:data:recv
1564113880:3:2:108:77:1:-1:3:4:-1:-1:-1:-1:data:forward
1564113880:2:7:77:106:-1:-1:-1:-1:-1:2:3:105:data:send
1564113895:2:7:109:77:-1:-1:-1:-1:-1:1:2:109:data:recv
1564113895:3:2:109:77:1:-1:3:4:-1:-1:-1:-1:data:forward
1564113895:2:7:77:107:-1:-1:-1:-1:-1:2:3:106:data:send
1564113910:2:7:110:77:-1:-1:-1:-1:-1:1:2:110:data:recv
1564113910:3:2:110:77:1:-1:3:4:-1:-1:-1:-1:data:forward
1564113910:2:7:77:108:-1:-1:-1:-1:-1:2:3:107:data:send
1564113925:2:7:111:77:-1:-1:-1:-1:-1:1:2:111:data:recv
1564113925:3:2:111:77:1:-1:3:4:-1:-1:-1:-1:data:forward
1564113925:2:7:77:109:-1:-1:-1:-1:-1:2:3:108:data:send
1564113940:2:7:112:77:-1:-1:-1:-1:-1:1:2:112:data:recv
1564113940:3:2:112:77:1:-1:3:4:-1:-1:-1:-1:data:forward
1564113940:2:7:77:110:-1:-1:-1:-1:-1:2:3:109:data:send
1564113955:2:7:113:77:-1:-1:-1:-1:-1:1:2:113:data:recv
1564113955:3:2:113:77:1:-1:3:4:-1:-1:-1:-1:data:forward
1564113955:2:7:77:111:-1:-1:-1:-1:-1:2:3:110:data:send
1564113970:2:7:114:77:-1:-1:-1:-1:-1:1:2:114:data:recv
1564113970:3:2:114:77:1:-1:3:4:-1:-1:-1:-1:data:forward
1564113970:2:7:77:112:-1:-1:-1:-1:-1:2:3:111:data:send
1564113985:2:7:115:77:-1:-1:-1:-1:-1:1:2:115:data:recv
1564113985:3:2:115:77:1:-1:3:4:-1:-1:-1:-1:data:forward
1564113985:2:7:77:113:-1:-1:-1:-1:-1:2:3:112:data:send
1564114000:2:7:116:77:-1:-1:-1:-1:-1:1:2:116:data:recv
1564114000:3:2:116:77:1:-1:3:4:-1:-1:-1:-1:data:forward
1564114000:2:7:77:114:-1:-1:-1:-1:-1:2:3:113:data:send
1564114015:2:7:117:77:-1:-1:-1:-1:-1:1:2:117:data:recv
1564114015:3:2:117:77:1:-1:3:4:-1:-1:-1:-1:data:forward
1564114015:2:7:77:115:-1:-1:-1:-1:-1:2:3:114:data:send
1564114030:2:7:118:77:-1:-1:-1:-1:-1:1:2:118:data:recv
1564114030:3:2:118:77:1:-1:3:4:-1:-1:-1:-1:data:forward
1564114030:2:7:77:116:-1:-1:-1:-1:-1:2:3:115:data:send
1564114045:2:7:119:77:-1:-1:-1:-1:-1:1:2:119:data:recv
1564114045:3:2:119:77:1:-1:3:4:-1:-1:-1:-1:data:forward
1564114045:2:7:77:117:-1:-1:-1:-1:-1:2:3:116:data:send
1564114060:2:7:120:77:-1:-1:-1:-1:-1:1:2:120:data:recv
1564114060:3:2:120:77:1:-1:3:4:-1:-1:-1:-1:data:forward
1564114060:2:7:77:118:-1:-1:-1:-1:-1:2:3:117:data:send
1564114075:2:7:121:77:-1:-1:-1:-1:-1:1:2:121:data:recv
1564114075:3:2:121:77:1:-1:3:4:-1:-1:-1:-1:data:forward
1564114075:2:7:77:119:-1:-1:-1:-1:-1:2:3:118:data:send
1564114090:2:7:122:77:-1:-1:-1:-1:-1:1:2:122:data:recv
1564114090:3:2:122:77:1:-1:3:4:-1:-1:-1:-1:data:forward
1564114090:2:7:77:120:-1:-1:-1:-1:-1:2:3:119:data:send
1564114105:2:7:123:77:-1:-1:-1:-1:-1:1:2:123:data:recv
1564114105:3:2:123:77:1:-1:3:4:-1:-1:-1:-1:data:forward
1564114105:2:7:77:121:-1:-1:-1:-1:-1:2:3:120:data:send
1564114120:2:7:124:77:-1:-1:-1:-1:-1:1:2:124:data:recv
1564114120:3:2:124:77:1:-1:3:4:-1:-1:-1:-1:data:forward
1564114120:2:7:77:122:-1:-1:-1:-1:-1:2:3:121:data:send
1564114135:2:7:125:77:-1:-1:-1:-1:-1:1:2:125:data:recv
1564114135:3:2:125:77:1:-1:3:4:-1:-1:-1:-1:data:forward
1564114135:2:7:77:123:-1:-1:-1:-1:-1:2:3:122:data:send
1564114150:2:7:126:77:-1:-1:-1:-1:-1:1:2:126:data:recv
1564114150:3:2:126:77:1:-1:3:4:-1:-1:-1:-1:data:forward
1564114150:2:7:77:124:-1:-1:-1:-1:-1:2:3:123:data:send
1564114165:2:7:127:77:-1:-1:-1:-1:-1:1:2:127:data:recv
1564114165:3:2:127:77:1:-1:3:4:-1:-1:-1:-1:data:forward
1564114165:2:7:77:125:-1:-1:-1:-1:-1:2:3:124:data:send
1564114180:2:7:128:77:-1:-1:-1:-1:-1:1:2:128:data:recv
1564114180:3:2:128:77:1:-1:3:4:-1:-1:-1:-1:data:forward
1564114180:2:7:77:126:-1:-1:-1:-1:-1:2:3:125:data:send
1564114195:2:7:129:77:-1:-1:-1:-1:-1:1:2:129:data:recv
1564114195:3:2:129:77:1:-1:3:4:-1:-1:-1:-1:data:forward
1564114195:2:7:77:127:-1:-1:-1:-1:-1:2:3:126:data:send
1564114210:2:7:130:77:-1:-1:-1:-1:-1:1:2:130:data:recv
1564114210:3:2:130:77:1:-1:3:4:-1:-1:-1:-1:data:forward
1564114210:2:7:77:128:-1:-1:-1:-1:-1:2:3:127:data:send
1564114225:2:7:131:77:-1:-1:-1:-1:-1:1:2:131:data:recv
1564114225:3:2:131:77:1:-1:3:4:-1:-1:-1:-1:data:forward
1564114225:2:7:77:129:-1:-1:-1:-1:-1:2:3:128:data:send
1564114240:2:7:132:77:-1:-1:-1:-1:-1:1:2:132:data:recv
1564114240:3:2:132:77:1:-1:3:4:-1:-1:-1:-1:data:forward
1564114240:2:7:77:130:-1:-1:-1:-1:-1:2:3:129:data:send
1564114255:2:7:133:77:-1:-1:-1:-1:-1:1:2:133:data:recv
1564114255:3:2:133:77:1:-1:3:4:-1:-1:-1:-1:data:forward
1564114255:2:7:77:131:-1:-1:-1:-1:-1:2:3:130:data:send
1564114270:2:7:134:77:-1:-1:-1:-1:-1:1:2:134:data:recv
1564114270:3:2:134:77:1:-1:3:4:-1:-1:-1:-1:data:forward
1564114270:2:7:77:132:-1:-1:-1:-1:-1:2:3:131:data:send
1564114285:2:7:135:77:-1:-1:-1:-1:-1:1:2:135:data:recv
1564114285:3:2:135:77:1:-1:3:4:-1:-1:-1:-1:data:forward
1564114285:2:7:77:133:-1:-1:-1:-1:-1:2:3:132:data:send
1564114300:2:7:136:77:-1:-1:-1:-1:-1:1:2:136:data:recv
1564114300:3:2:136:77:1:-1:3:4:-1:-1:-1:-1:data:forward
1564114300:2:7:77:134:-1:-1:-1:-1:-1:2:3:133:data:send
1564114315:2:7:137:77:-1:-1:-1:-1:-1:1:2:137:data:recv
1564114315:3:2:137:77:1:-1:3:4:-1:-1:-1:-1:data:forward
1564114315:2:7:77:135:-1:-1:-1:-1:-1:2:3:134:data:send
1564114330:2:7:138:77:-1:-1:-1:-1:-1:1:2:138:data:recv
1564114330:3:2:138:77:1:-1:3:4:-1:-1:-1:-1:data:forward
1564114330:2:7:77:136:-1:-1:-1:-1:-1:2:3:135:data:send
1564114345:2:7:139:77:-1:-1:-1:-1:-1:1:2:139:data:recv
1564114345:3:2:139:77:1:-1:3:4:-1:-1:-1:-1:data:forward
1564114345:2:7:77:137:-1:-1:-1:-1:-1:2:3:136:data:send
1564114360:2:7:140:77:-1:-1:-1:-1:-1:1:2:140:data:recv
1564114360:3:2:140:77:1:-1:3:4:-1:-1:-1:-1:data:forward
1564114360:2:7:77:138:-1:-1:-1:-1:-1:2:3:137:data:send
1564114375:2:7:141:77:-1:-1:-1:-1:-1:1:2:141:data:recv
1564114375:3:2:141:77:1:-1:3:4:-1:-1:-1:-1:data:forward
1564114375:2:7:77:139:-1:-1:-1:-1:-1:2:3:138:data:send
1564114390:2:7:142:77:-1:-1:-1:-1:-1:1:2:142:data:recv
1564114390:3:2:142:77:1:-1:3:4:-1:-1:-1:-1:data:forward
1564114390:2:7:77:140:-1:-1:-1:-1:-1:2:3:139:data:send
1564114405:2:7:143:77:-1:-1:-1:-1:-1:1:2:143:data:recv
1564114405:3:2:143:77:1:-1:3:4:-1:-1:-1:-1:data:forward
1564114405:2:7:77:141:-1:-1:-1:-1:-1:2:3:140:data:send
1564114420:2:7:144:77:-1:-1:-1:-1:-1:1:2:144:data:recv
1564114420:3:2:144:77:1:-1:3:4:-1:-1:-1:-1:data:forward
1564114420:2:7:77:142:-1:-1:-1:-1:-1:2:3:141:data:send
1564114435:2:7:145:77:-1:-1:-1:-1:-1:1:2:145:data:recv
1564114435:3:2:145:77:1:-1:3:4:-1:-1:-1:-1:data:forward
1564114435:2:7:77:143:-1:-1:-1:-1:-1:2:3:142:data:send
1564114450:2:7:146:77:-1:-1:-1:-1:-1:1:2:146:data:recv
1564114450:3:2:146:77:1:-1:3:4:-1:-1:-1:-1:data:forward
1564114450:2:7:77:144:-1:-1:-1:-1:-1:2:3:143:data:send
1564114465:2:7:147:77:-1:-1:-1:-1:-1:1:2:147:data:recv
1564114465:3:2:147:77:1:-1:3:4:-1:-1:-1:-1:data:forward
1564114465:2:7:77:145:-1:-1:-1:-1:-1:2:3:144:data:send
1564114480:2:7:148:77:-1:-1:-1:-1:-1:1:2:148:data:recv
1564114480:3:2:148:77:1:-1:3:4:-1:-1:-1:-1:data:forward
1564114480:2:7:77:146:-1:-1:-1:-1:-1:2:3:145:data:send
1564114496:2:7:149:77:-1:-1:-1:-1:-1:1:2:149:data:recv
1564114496:3:2:149:77:1:-1:3:4:-1:-1:-1:-1:data:forward
1564114496:2:7:77:147:-1:-1:-1:-1:-1:2:3:146:data:send
1564114511:2:7:150:77:-1:-1:-1:-1:-1:1:2:150:data:recv
1564114511:3:2:150:77:1:-1:3:4:-1:-1:-1:-1:data:forward
1564114511:2:7:77:148:-1:-1:-1:-1:-1:2:3:147:data:send
1564114526:2:7:151:77:-1:-1:-1:-1:-1:1:2:151:data:recv
1564114526:3:2:151:77:1:-1:3:4:-1:-1:-1:-1:data:forward
1564114526:2:7:77:149:-1:-1:-1:-1:-1:2:3:148:data:send
1564114541:2:7:152:77:-1:-1:-1:-1:-1:1:2:152:data:recv
1564114541:3:2:152:77:1:-1:3:4:-1:-1:-1:-1:data:forward
1564114541:2:7:77:150:-1:-1:-1:-1:-1:2:3:149:data:send
1564114556:2:7:153:77:-1:-1:-1:-1:-1:1:2:153:data:recv
1564114556:3:2:153:77:1:-1:3:4:-1:-1:-1:-1:data:forward
1564114556:2:7:77:151:-1:-1:-1:-1:-1:2:3:150:data:send
1564114571:2:7:154:77:-1:-1:-1:-1:-1:1:2:154:data:recv
1564114571:3:2:154:77:1:-1:3:4:-1:-1:-1:-1:data:forward
1564114571:2:7:77:152:-1:-1:-1:-1:-1:2:3:151:data:send
1564114586:2:7:155:77:-1:-1:-1:-1:-1:1:2:155:data:recv
1564114586:3:2:155:77:1:-1:3:4:-1:-1:-1:-1:data:forward
1564114586:2:7:77:153:-1:-1:-1:-1:-1:2:3:152:data:send
1564114601:2:7:156:77:-1:-1:-1:-1:-1:1:2:156:data:recv
1564114601:3:2:156:77:1:-1:3:4:-1:-1:-1:-1:data:forward
1564114601:2:7:77:154:-1:-1:-1:-1:-1:2:3:153:data:send
1564114616:2:7:157:77:-1:-1:-1:-1:-1:1:2:157:data:recv
1564114616:3:2:157:77:1:-1:3:4:-1:-1:-1:-1:data:forward
1564114616:2:7:77:155:-1:-1:-1:-1:-1:2:3:154:data:send
1564114631:2:7:158:77:-1:-1:-1:-1:-1:1:2:158:data:recv
1564114631:3:2:158:77:1:-1:3:4:-1:-1:-1:-1:data:forward
1564114631:2:7:77:156:-1:-1:-1:-1:-1:2:3:155:data:send
1564114646:2:7:159:77:-1:-1:-1:-1:-1:1:2:159:data:recv
1564114646:3:2:159:77:1:-1:3:4:-1:-1:-1:-1:data:forward
1564114646:2:7:77:157:-1:-1:-1:-1:-1:2:3:156:data:send
1564114661:2:7:160:77:-1:-1:-1:-1:-1:1:2:160:data:recv
1564114661:3:2:160:77:1:-1:3:4:-1:-1:-1:-1:data:forward
1564114661:2:7:77:158:-1:-1:-1:-1:-1:2:3:157:data:send
1564114676:2:7:161:77:-1:-1:-1:-1:-1:1:2:161:data:recv
1564114676:3:2:161:77:1:-1:3:4:-1:-1:-1:-1:data:forward
1564114676:2:7:77:159:-1:-1:-1:-1:-1:2:3:158:data:send
1564114691:2:7:162:77:-1:-1:-1:-1:-1:1:2:162:data:recv
1564114691:3:2:162:77:1:-1:3:4:-1:-1:-1:-1:data:forward
1564114691:2:7:77:160:-1:-1:-1:-1:-1:2:3:159:data:send
1564114706:2:7:163:77:-1:-1:-1:-1:-1:1:2:163:data:recv
1564114706:3:2:163:77:1:-1:3:4:-1:-1:-1:-1:data:forward
1564114706:2:7:77:161:-1:-1:-1:-1:-1:2:3:160:data:send
1564114721:2:7:164:77:-1:-1:-1:-1:-1:1:2:164:data:recv
1564114721:3:2:164:77:1:-1:3:4:-1:-1:-1:-1:data:forward
1564114721:2:7:77:162:-1:-1:-1:-1:-1:2:3:161:data:send
1564114736:2:7:165:77:-1:-1:-1:-1:-1:1:2:165:data:recv
1564114736:3:2:165:77:1:-1:3:4:-1:-1:-1:-1:data:forward
1564114736:2:7:77:163:-1:-1:-1:-1:-1:2:3:162:data:send
1564114751:2:7:166:77:-1:-1:-1:-1:-1:1:2:166:data:recv
1564114751:3:2:166:77:1:-1:3:4:-1:-1:-1:-1:data:forward
1564114751:2:7:77:164:-1:-1:-1:-1:-1:2:3:163:data:send
1564114766:2:7:167:77:-1:-1:-1:-1:-1:1:2:167:data:recv
1564114766:3:2:167:77:1:-1:3:4:-1:-1:-1:-1:data:forward
1564114766:2:7:77:165:-1:-1:-1:-1:-1:2:3:164:data:send
1564114781:2:7:168:77:-1:-1:-1:-1:-1:1:2:168:data:recv
1564114781:3:2:168:77:1:-1:3:4:-1:-1:-1:-1:data:forward
1564114781:2:7:77:166:-1:-1:-1:-1:-1:2:3:165:data:send
1564114796:2:7:169:77:-1:-1:-1:-1:-1:1:2:169:data:recv
1564114796:3:2:169:77:1:-1:3:4:-1:-1:-1:-1:data:forward
1564114796:2:7:77:167:-1:-1:-1:-1:-1:2:3:166:data:send
1564114811:2:7:170:77:-1:-1:-1:-1:-1:1:2:170:data:recv
1564114811:3:2:170:77:1:-1:3:4:-1:-1:-1:-1:data:forward
1564114811:2:7:77:168:-1:-1:-1:-1:-1:2:3:167:data:send
1564114826:2:7:171:77:-1:-1:-1:-1:-1:1:2:171:data:recv
1564114826:3:2:171:77:1:-1:3:4:-1:-1:-1:-1:data:forward
1564114826:2:7:77:169:-1:-1:-1:-1:-1:2:3:168:data:send
1564114841:2:7:172:77:-1:-1:-1:-1:-1:1:2:172:data:recv
1564114841:3:2:172:77:1:-1:3:4:-1:-1:-1:-1:data:forward
1564114841:2:7:77:170:-1:-1:-1:-1:-1:2:3:169:data:send
1564114856:2:7:173:77:-1:-1:-1:-1:-1:1:2:173:data:recv
1564114856:3:2:173:77:1:-1:3:4:-1:-1:-1:-1:data:forward
1564114856:2:7:77:171:-1:-1:-1:-1:-1:2:3:170:data:send
1564114871:2:7:174:77:-1:-1:-1:-1:-1:1:2:174:data:recv
1564114871:3:2:174:77:1:-1:3:4:-1:-1:-1:-1:data:forward
1564114871:2:7:77:172:-1:-1:-1:-1:-1:2:3:171:data:send
1564114901:2:7:176:77:-1:-1:-1:-1:-1:1:2:176:data:recv
1564114901:3:2:176:77:1:-1:3:4:-1:-1:-1:-1:data:forward
1564114901:2:7:77:173:-1:-1:-1:-1:-1:2:3:172:data:send
1564114916:2:7:177:77:-1:-1:-1:-1:-1:1:2:177:data:recv
1564114916:3:2:177:77:1:-1:3:4:-1:-1:-1:-1:data:forward
1564114916:2:7:77:174:-1:-1:-1:-1:-1:2:3:173:data:send
1564114931:2:7:178:77:-1:-1:-1:-1:-1:1:2:178:data:recv
1564114931:3:2:178:77:1:-1:3:4:-1:-1:-1:-1:data:forward
1564114931:2:7:77:175:-1:-1:-1:-1:-1:2:3:174:data:send
1564114946:2:7:179:77:-1:-1:-1:-1:-1:1:2:179:data:recv
1564114946:3:2:179:77:1:-1:3:4:-1:-1:-1:-1:data:forward
1564114946:2:7:77:176:-1:-1:-1:-1:-1:2:3:175:data:send
1564114961:2:7:180:77:-1:-1:-1:-1:-1:1:2:180:data:recv
1564114961:3:2:180:77:1:-1:3:4:-1:-1:-1:-1:data:forward
1564114961:2:7:77:177:-1:-1:-1:-1:-1:2:3:176:data:send
1564114976:2:7:181:77:-1:-1:-1:-1:-1:1:2:181:data:recv
1564114976:3:2:181:77:1:-1:3:4:-1:-1:-1:-1:data:forward
1564114976:2:7:77:178:-1:-1:-1:-1:-1:2:3:177:data:send
1564114991:2:7:182:77:-1:-1:-1:-1:-1:1:2:182:data:recv
1564114991:3:2:182:77:1:-1:3:4:-1:-1:-1:-1:data:forward
1564114991:2:7:77:179:-1:-1:-1:-1:-1:2:3:178:data:send
1564115006:2:7:183:77:-1:-1:-1:-1:-1:1:2:183:data:recv
1564115006:3:2:183:77:1:-1:3:4:-1:-1:-1:-1:data:forward
1564115006:2:7:77:180:-1:-1:-1:-1:-1:2:3:179:data:send
1564115021:2:7:184:77:-1:-1:-1:-1:-1:1:2:184:data:recv
1564115021:3:2:184:77:1:-1:3:4:-1:-1:-1:-1:data:forward
1564115021:2:7:77:181:-1:-1:-1:-1:-1:2:3:180:data:send
1564115036:2:7:185:77:-1:-1:-1:-1:-1:1:2:185:data:recv
1564115036:3:2:185:77:1:-1:3:4:-1:-1:-1:-1:data:forward
1564115036:2:7:77:182:-1:-1:-1:-1:-1:2:3:181:data:send
1564115051:2:7:186:77:-1:-1:-1:-1:-1:1:2:186:data:recv
1564115051:3:2:186:77:1:-1:3:4:-1:-1:-1:-1:data:forward
1564115051:2:7:77:183:-1:-1:-1:-1:-1:2:3:182:data:send
1564115066:2:7:187:77:-1:-1:-1:-1:-1:1:2:187:data:recv
1564115066:3:2:187:77:1:-1:3:4:-1:-1:-1:-1:data:forward
1564115066:2:7:77:184:-1:-1:-1:-1:-1:2:3:183:data:send
1564115081:2:7:188:77:-1:-1:-1:-1:-1:1:2:188:data:recv
1564115081:3:2:188:77:1:-1:3:4:-1:-1:-1:-1:data:forward
1564115081:2:7:77:185:-1:-1:-1:-1:-1:2:3:184:data:send
1564115096:2:7:189:77:-1:-1:-1:-1:-1:1:2:189:data:recv
1564115096:3:2:189:77:1:-1:3:4:-1:-1:-1:-1:data:forward
1564115096:2:7:77:186:-1:-1:-1:-1:-1:2:3:185:data:send
1564115111:2:7:190:77:-1:-1:-1:-1:-1:1:2:190:data:recv
1564115111:3:2:190:77:1:-1:3:4:-1:-1:-1:-1:data:forward
1564115111:2:7:77:187:-1:-1:-1:-1:-1:2:3:186:data:send
1564115126:2:7:191:77:-1:-1:-1:-1:-1:1:2:191:data:recv
1564115126:3:2:191:77:1:-1:3:4:-1:-1:-1:-1:data:forward
1564115126:2:7:77:188:-1:-1:-1:-1:-1:2:3:187:data:send
1564115141:2:7:192:77:-1:-1:-1:-1:-1:1:2:192:data:recv
1564115141:3:2:192:77:1:-1:3:4:-1:-1:-1:-1:data:forward
1564115141:2:7:77:189:-1:-1:-1:-1:-1:2:3:188:data:send
1564115156:2:7:193:77:-1:-1:-1:-1:-1:1:2:193:data:recv
1564115156:3:2:193:77:1:-1:3:4:-1:-1:-1:-1:data:forward
1564115156:2:7:77:190:-1:-1:-1:-1:-1:2:3:189:data:send
1564115171:2:7:194:77:-1:-1:-1:-1:-1:1:2:194:data:recv
1564115171:3:2:194:77:1:-1:3:4:-1:-1:-1:-1:data:forward
1564115171:2:7:77:191:-1:-1:-1:-1:-1:2:3:190:data:send
1564115186:2:7:195:77:-1:-1:-1:-1:-1:1:2:195:data:recv
1564115186:3:2:195:77:1:-1:3:4:-1:-1:-1:-1:data:forward
1564115186:2:7:77:192:-1:-1:-1:-1:-1:2:3:191:data:send
1564115231:2:7:198:77:-1:-1:-1:-1:-1:1:2:198:data:recv
1564115231:3:2:198:77:1:-1:3:4:-1:-1:-1:-1:data:forward
1564115231:2:7:77:193:-1:-1:-1:-1:-1:2:3:192:data:send
1564115246:2:7:199:77:-1:-1:-1:-1:-1:1:2:199:data:recv
1564115246:3:2:199:77:1:-1:3:4:-1:-1:-1:-1:data:forward
1564115246:2:7:77:194:-1:-1:-1:-1:-1:2:3:193:data:send
1564115261:2:7:200:77:-1:-1:-1:-1:-1:1:2:200:data:recv
1564115261:3:2:200:77:1:-1:3:4:-1:-1:-1:-1:data:forward
1564115261:2:7:77:195:-1:-1:-1:-1:-1:2:3:194:data:send
1564115276:2:7:201:77:-1:-1:-1:-1:-1:1:2:201:data:recv
1564115276:3:2:201:77:1:-1:3:4:-1:-1:-1:-1:data:forward
1564115276:2:7:77:196:-1:-1:-1:-1:-1:2:3:195:data:send
1564115291:2:7:202:77:-1:-1:-1:-1:-1:1:2:202:data:recv
1564115291:3:2:202:77:1:-1:3:4:-1:-1:-1:-1:data:forward
1564115291:2:7:77:197:-1:-1:-1:-1:-1:2:3:196:data:send
1564115306:2:7:203:77:-1:-1:-1:-1:-1:1:2:203:data:recv
1564115306:3:2:203:77:1:-1:3:4:-1:-1:-1:-1:data:forward
1564115306:2:7:77:198:-1:-1:-1:-1:-1:2:3:197:data:send
1564115321:2:7:204:77:-1:-1:-1:-1:-1:1:2:204:data:recv
1564115321:3:2:204:77:1:-1:3:4:-1:-1:-1:-1:data:forward
1564115321:2:7:77:199:-1:-1:-1:-1:-1:2:3:198:data:send
1564115336:2:7:205:77:-1:-1:-1:-1:-1:1:2:205:data:recv
1564115336:3:2:205:77:1:-1:3:4:-1:-1:-1:-1:data:forward
1564115336:2:7:77:200:-1:-1:-1:-1:-1:2:3:199:data:send
1564115351:2:7:206:77:-1:-1:-1:-1:-1:1:2:206:data:recv
1564115351:3:2:206:77:1:-1:3:4:-1:-1:-1:-1:data:forward
1564115351:2:7:77:201:-1:-1:-1:-1:-1:2:3:200:data:send
1564115366:2:7:207:77:-1:-1:-1:-1:-1:1:2:207:data:recv
1564115366:3:2:207:77:1:-1:3:4:-1:-1:-1:-1:data:forward
1564115366:2:7:77:202:-1:-1:-1:-1:-1:2:3:201:data:send
1564115396:2:7:209:77:-1:-1:-1:-1:-1:1:2:209:data:recv
1564115396:3:2:209:77:1:-1:3:4:-1:-1:-1:-1:data:forward
1564115396:2:7:77:203:-1:-1:-1:-1:-1:2:3:202:data:send
1564115411:2:7:210:77:-1:-1:-1:-1:-1:1:2:210:data:recv
1564115411:3:2:210:77:1:-1:3:4:-1:-1:-1:-1:data:forward
1564115411:2:7:77:204:-1:-1:-1:-1:-1:2:3:203:data:send
1564115426:2:7:211:77:-1:-1:-1:-1:-1:1:2:211:data:recv
1564115426:3:2:211:77:1:-1:3:4:-1:-1:-1:-1:data:forward
1564115426:2:7:77:205:-1:-1:-1:-1:-1:2:3:204:data:send
1564115457:2:7:213:77:-1:-1:-1:-1:-1:1:2:213:data:recv
1564115457:3:2:213:77:1:-1:3:4:-1:-1:-1:-1:data:forward
1564115457:2:7:77:206:-1:-1:-1:-1:-1:2:3:205:data:send
1564115472:2:7:214:77:-1:-1:-1:-1:-1:1:2:214:data:recv
1564115472:3:2:214:77:1:-1:3:4:-1:-1:-1:-1:data:forward
1564115472:2:7:77:207:-1:-1:-1:-1:-1:2:3:206:data:send
1564115487:2:7:215:77:-1:-1:-1:-1:-1:1:2:215:data:recv
1564115487:3:2:215:77:1:-1:3:4:-1:-1:-1:-1:data:forward
1564115487:2:7:77:208:-1:-1:-1:-1:-1:2:3:207:data:send
1564115502:2:7:216:77:-1:-1:-1:-1:-1:1:2:216:data:recv
1564115502:3:2:216:77:1:-1:3:4:-1:-1:-1:-1:data:forward
1564115502:2:7:77:209:-1:-1:-1:-1:-1:2:3:208:data:send
1564115517:2:7:217:77:-1:-1:-1:-1:-1:1:2:217:data:recv
1564115517:3:2:217:77:1:-1:3:4:-1:-1:-1:-1:data:forward
1564115517:2:7:77:210:-1:-1:-1:-1:-1:2:3:209:data:send
1564115532:2:7:218:77:-1:-1:-1:-1:-1:1:2:218:data:recv
1564115532:3:2:218:77:1:-1:3:4:-1:-1:-1:-1:data:forward
1564115532:2:7:77:211:-1:-1:-1:-1:-1:2:3:210:data:send
1564115547:2:7:219:77:-1:-1:-1:-1:-1:1:2:219:data:recv
1564115547:3:2:219:77:1:-1:3:4:-1:-1:-1:-1:data:forward
1564115547:2:7:77:212:-1:-1:-1:-1:-1:2:3:211:data:send
1564115562:2:7:220:77:-1:-1:-1:-1:-1:1:2:220:data:recv
1564115562:3:2:220:77:1:-1:3:4:-1:-1:-1:-1:data:forward
1564115562:2:7:77:213:-1:-1:-1:-1:-1:2:3:212:data:send
1564115577:2:7:221:77:-1:-1:-1:-1:-1:1:2:221:data:recv
1564115577:3:2:221:77:1:-1:3:4:-1:-1:-1:-1:data:forward
1564115577:2:7:77:214:-1:-1:-1:-1:-1:2:3:213:data:send
1564115592:2:7:222:77:-1:-1:-1:-1:-1:1:2:222:data:recv
1564115592:3:2:222:77:1:-1:3:4:-1:-1:-1:-1:data:forward
1564115592:2:7:77:215:-1:-1:-1:-1:-1:2:3:214:data:send
1564115607:2:7:223:77:-1:-1:-1:-1:-1:1:2:223:data:recv
1564115607:3:2:223:77:1:-1:3:4:-1:-1:-1:-1:data:forward
1564115607:2:7:77:216:-1:-1:-1:-1:-1:2:3:215:data:send
1564115622:2:7:224:77:-1:-1:-1:-1:-1:1:2:224:data:recv
1564115622:3:2:224:77:1:-1:3:4:-1:-1:-1:-1:data:forward
1564115622:2:7:77:217:-1:-1:-1:-1:-1:2:3:216:data:send
1564115637:2:7:225:77:-1:-1:-1:-1:-1:1:2:225:data:recv
1564115637:3:2:225:77:1:-1:3:4:-1:-1:-1:-1:data:forward
1564115637:2:7:77:218:-1:-1:-1:-1:-1:2:3:217:data:send
1564115652:2:7:226:77:-1:-1:-1:-1:-1:1:2:226:data:recv
1564115652:3:2:226:77:1:-1:3:4:-1:-1:-1:-1:data:forward
1564115652:2:7:77:219:-1:-1:-1:-1:-1:2:3:218:data:send
1564115667:2:7:227:77:-1:-1:-1:-1:-1:1:2:227:data:recv
1564115667:3:2:227:77:1:-1:3:4:-1:-1:-1:-1:data:forward
1564115667:2:7:77:220:-1:-1:-1:-1:-1:2:3:219:data:send
1564115682:2:7:228:77:-1:-1:-1:-1:-1:1:2:228:data:recv
1564115682:3:2:228:77:1:-1:3:4:-1:-1:-1:-1:data:forward
1564115682:2:7:77:221:-1:-1:-1:-1:-1:2:3:220:data:send
1564115687:2:7:203:9:-1:-1:-1:-1:-1:3:2:203:data:recv
1564115687:2:7:-1:-1:-1:-1:-1:-1:-1:2:3:203:ack:send
1564115687:3:2:1:9:4:-1:1:1:-1:-1:-1:-1:data:forward
1564115687:2:7:9:222:-1:-1:-1:-1:-1:2:1:221:data:send
1564115689:2:7:-1:-1:-1:-1:-1:-1:-1:1:2:221:ack:recv
1564115697:2:7:229:77:-1:-1:-1:-1:-1:1:2:229:data:recv
1564115697:3:2:229:77:1:-1:3:4:-1:-1:-1:-1:data:forward
1564115697:2:7:77:223:-1:-1:-1:-1:-1:2:3:222:data:send
