=========================Fri Jul 26 11:36:38 2019
1564112230:2:7:0:10:-1:-1:-1:-1:-1:2:3:0:data:recv
1564112230:2:7:-1:-1:-1:-1:-1:-1:-1:3:2:0:ack:send
1564112230:3:2:0:10:1:-1:4:4:-1:-1:-1:-1:data:forward
1564112230:2:7:10:1:-1:-1:-1:-1:-1:3:4:0:data:send
1564112232:2:7:-1:-1:-1:-1:-1:-1:-1:4:3:0:ack:recv
1564112240:2:7:0:9:-1:-1:-1:-1:-1:4:3:0:data:recv
1564112240:2:7:-1:-1:-1:-1:-1:-1:-1:3:4:0:ack:send
1564112240:3:2:0:9:4:-1:2:1:-1:-1:-1:-1:data:forward
1564112240:2:7:9:2:-1:-1:-1:-1:-1:3:2:1:data:send
1564112241:2:7:-1:-1:-1:-1:-1:-1:-1:2:3:1:ack:recv
1564112275:2:7:2:77:-1:-1:-1:-1:-1:2:3:2:data:recv
1564112275:3:2:1:77:1:-1:4:4:-1:-1:-1:-1:data:forward
1564112275:2:7:77:3:-1:-1:-1:-1:-1:3:4:2:data:send
1564112290:2:7:3:77:-1:-1:-1:-1:-1:2:3:3:data:recv
1564112290:3:2:2:77:1:-1:4:4:-1:-1:-1:-1:data:forward
1564112290:2:7:77:4:-1:-1:-1:-1:-1:3:4:3:data:send
1564112305:2:7:4:77:-1:-1:-1:-1:-1:2:3:4:data:recv
1564112305:3:2:3:77:1:-1:4:4:-1:-1:-1:-1:data:forward
1564112305:2:7:77:5:-1:-1:-1:-1:-1:3:4:4:data:send
1564112320:2:7:5:77:-1:-1:-1:-1:-1:2:3:5:data:recv
1564112320:3:2:4:77:1:-1:4:4:-1:-1:-1:-1:data:forward
1564112320:2:7:77:6:-1:-1:-1:-1:-1:3:4:5:data:send
1564112335:2:7:6:77:-1:-1:-1:-1:-1:2:3:6:data:recv
1564112335:3:2:5:77:1:-1:4:4:-1:-1:-1:-1:data:forward
1564112335:2:7:77:7:-1:-1:-1:-1:-1:3:4:6:data:send
1564112365:2:7:8:77:-1:-1:-1:-1:-1:2:3:8:data:recv
1564112365:3:2:7:77:1:-1:4:4:-1:-1:-1:-1:data:forward
1564112365:2:7:77:8:-1:-1:-1:-1:-1:3:4:7:data:send
1564112380:2:7:9:77:-1:-1:-1:-1:-1:2:3:9:data:recv
1564112380:3:2:8:77:1:-1:4:4:-1:-1:-1:-1:data:forward
1564112380:2:7:77:9:-1:-1:-1:-1:-1:3:4:8:data:send
1564112425:2:7:11:77:-1:-1:-1:-1:-1:2:3:11:data:recv
1564112425:3:2:11:77:1:-1:4:4:-1:-1:-1:-1:data:forward
1564112425:2:7:77:10:-1:-1:-1:-1:-1:3:4:9:data:send
1564112455:2:7:13:77:-1:-1:-1:-1:-1:2:3:13:data:recv
1564112455:3:2:13:77:1:-1:4:4:-1:-1:-1:-1:data:forward
1564112455:2:7:77:11:-1:-1:-1:-1:-1:3:4:10:data:send
1564112470:2:7:14:77:-1:-1:-1:-1:-1:2:3:14:data:recv
1564112470:3:2:14:77:1:-1:4:4:-1:-1:-1:-1:data:forward
1564112470:2:7:77:12:-1:-1:-1:-1:-1:3:4:11:data:send
1564112500:2:7:15:77:-1:-1:-1:-1:-1:2:3:15:data:recv
1564112500:3:2:16:77:1:-1:4:4:-1:-1:-1:-1:data:forward
1564112500:2:7:77:13:-1:-1:-1:-1:-1:3:4:12:data:send
1564112515:2:7:16:77:-1:-1:-1:-1:-1:2:3:16:data:recv
1564112515:3:2:17:77:1:-1:4:4:-1:-1:-1:-1:data:forward
1564112515:2:7:77:14:-1:-1:-1:-1:-1:3:4:13:data:send
1564112530:2:7:17:77:-1:-1:-1:-1:-1:2:3:17:data:recv
1564112530:3:2:18:77:1:-1:4:4:-1:-1:-1:-1:data:forward
1564112530:2:7:77:15:-1:-1:-1:-1:-1:3:4:14:data:send
1564112545:2:7:18:77:-1:-1:-1:-1:-1:2:3:18:data:recv
1564112545:3:2:19:77:1:-1:4:4:-1:-1:-1:-1:data:forward
1564112545:2:7:77:16:-1:-1:-1:-1:-1:3:4:15:data:send
1564112560:2:7:19:77:-1:-1:-1:-1:-1:2:3:19:data:recv
1564112560:3:2:20:77:1:-1:4:4:-1:-1:-1:-1:data:forward
1564112560:2:7:77:17:-1:-1:-1:-1:-1:3:4:16:data:send
1564112590:2:7:21:77:-1:-1:-1:-1:-1:2:3:21:data:recv
1564112590:3:2:22:77:1:-1:4:4:-1:-1:-1:-1:data:forward
1564112590:2:7:77:18:-1:-1:-1:-1:-1:3:4:17:data:send
1564112605:2:7:22:77:-1:-1:-1:-1:-1:2:3:22:data:recv
1564112605:3:2:23:77:1:-1:4:4:-1:-1:-1:-1:data:forward
1564112605:2:7:77:19:-1:-1:-1:-1:-1:3:4:18:data:send
1564112620:2:7:23:77:-1:-1:-1:-1:-1:2:3:23:data:recv
1564112620:3:2:24:77:1:-1:4:4:-1:-1:-1:-1:data:forward
1564112620:2:7:77:20:-1:-1:-1:-1:-1:3:4:19:data:send
1564112635:2:7:24:77:-1:-1:-1:-1:-1:2:3:24:data:recv
1564112635:3:2:25:77:1:-1:4:4:-1:-1:-1:-1:data:forward
1564112635:2:7:77:21:-1:-1:-1:-1:-1:3:4:20:data:send
1564112650:2:7:25:77:-1:-1:-1:-1:-1:2:3:25:data:recv
1564112650:3:2:26:77:1:-1:4:4:-1:-1:-1:-1:data:forward
1564112650:2:7:77:22:-1:-1:-1:-1:-1:3:4:21:data:send
1564112665:2:7:26:77:-1:-1:-1:-1:-1:2:3:26:data:recv
1564112665:3:2:27:77:1:-1:4:4:-1:-1:-1:-1:data:forward
1564112665:2:7:77:23:-1:-1:-1:-1:-1:3:4:22:data:send
1564112680:2:7:27:77:-1:-1:-1:-1:-1:2:3:27:data:recv
1564112680:3:2:28:77:1:-1:4:4:-1:-1:-1:-1:data:forward
1564112680:2:7:77:24:-1:-1:-1:-1:-1:3:4:23:data:send
1564112695:2:7:28:77:-1:-1:-1:-1:-1:2:3:28:data:recv
1564112695:3:2:29:77:1:-1:4:4:-1:-1:-1:-1:data:forward
1564112695:2:7:77:25:-1:-1:-1:-1:-1:3:4:24:data:send
1564112710:2:7:29:77:-1:-1:-1:-1:-1:2:3:29:data:recv
1564112710:3:2:30:77:1:-1:4:4:-1:-1:-1:-1:data:forward
1564112710:2:7:77:26:-1:-1:-1:-1:-1:3:4:25:data:send
1564112725:2:7:30:77:-1:-1:-1:-1:-1:2:3:30:data:recv
1564112725:3:2:31:77:1:-1:4:4:-1:-1:-1:-1:data:forward
1564112725:2:7:77:27:-1:-1:-1:-1:-1:3:4:26:data:send
1564112740:2:7:31:77:-1:-1:-1:-1:-1:2:3:31:data:recv
1564112740:3:2:32:77:1:-1:4:4:-1:-1:-1:-1:data:forward
1564112740:2:7:77:28:-1:-1:-1:-1:-1:3:4:27:data:send
1564112755:2:7:32:77:-1:-1:-1:-1:-1:2:3:32:data:recv
1564112755:3:2:33:77:1:-1:4:4:-1:-1:-1:-1:data:forward
1564112755:2:7:77:29:-1:-1:-1:-1:-1:3:4:28:data:send
1564112770:2:7:33:77:-1:-1:-1:-1:-1:2:3:33:data:recv
1564112770:3:2:34:77:1:-1:4:4:-1:-1:-1:-1:data:forward
1564112770:2:7:77:30:-1:-1:-1:-1:-1:3:4:29:data:send
1564112785:2:7:34:77:-1:-1:-1:-1:-1:2:3:34:data:recv
1564112785:3:2:35:77:1:-1:4:4:-1:-1:-1:-1:data:forward
1564112785:2:7:77:31:-1:-1:-1:-1:-1:3:4:30:data:send
1564112800:2:7:35:77:-1:-1:-1:-1:-1:2:3:35:data:recv
1564112800:3:2:36:77:1:-1:4:4:-1:-1:-1:-1:data:forward
1564112800:2:7:77:32:-1:-1:-1:-1:-1:3:4:31:data:send
1564112815:2:7:36:77:-1:-1:-1:-1:-1:2:3:36:data:recv
1564112815:3:2:37:77:1:-1:4:4:-1:-1:-1:-1:data:forward
1564112815:2:7:77:33:-1:-1:-1:-1:-1:3:4:32:data:send
1564112830:2:7:37:77:-1:-1:-1:-1:-1:2:3:37:data:recv
1564112830:3:2:38:77:1:-1:4:4:-1:-1:-1:-1:data:forward
1564112830:2:7:77:34:-1:-1:-1:-1:-1:3:4:33:data:send
1564112845:2:7:38:77:-1:-1:-1:-1:-1:2:3:38:data:recv
1564112845:3:2:39:77:1:-1:4:4:-1:-1:-1:-1:data:forward
1564112845:2:7:77:35:-1:-1:-1:-1:-1:3:4:34:data:send
1564112860:2:7:39:77:-1:-1:-1:-1:-1:2:3:39:data:recv
1564112860:3:2:40:77:1:-1:4:4:-1:-1:-1:-1:data:forward
1564112860:2:7:77:36:-1:-1:-1:-1:-1:3:4:35:data:send
1564112890:2:7:41:77:-1:-1:-1:-1:-1:2:3:41:data:recv
1564112890:3:2:42:77:1:-1:4:4:-1:-1:-1:-1:data:forward
1564112890:2:7:77:37:-1:-1:-1:-1:-1:3:4:36:data:send
1564112905:2:7:42:77:-1:-1:-1:-1:-1:2:3:42:data:recv
1564112905:3:2:43:77:1:-1:4:4:-1:-1:-1:-1:data:forward
1564112905:2:7:77:38:-1:-1:-1:-1:-1:3:4:37:data:send
1564112920:2:7:43:77:-1:-1:-1:-1:-1:2:3:43:data:recv
1564112920:3:2:44:77:1:-1:4:4:-1:-1:-1:-1:data:forward
1564112920:2:7:77:39:-1:-1:-1:-1:-1:3:4:38:data:send
1564112935:2:7:44:77:-1:-1:-1:-1:-1:2:3:44:data:recv
1564112935:3:2:45:77:1:-1:4:4:-1:-1:-1:-1:data:forward
1564112935:2:7:77:40:-1:-1:-1:-1:-1:3:4:39:data:send
1564112950:2:7:45:77:-1:-1:-1:-1:-1:2:3:45:data:recv
1564112950:3:2:46:77:1:-1:4:4:-1:-1:-1:-1:data:forward
1564112950:2:7:77:41:-1:-1:-1:-1:-1:3:4:40:data:send
1564112965:2:7:46:77:-1:-1:-1:-1:-1:2:3:46:data:recv
1564112965:3:2:47:77:1:-1:4:4:-1:-1:-1:-1:data:forward
1564112965:2:7:77:42:-1:-1:-1:-1:-1:3:4:41:data:send
1564112980:2:7:47:77:-1:-1:-1:-1:-1:2:3:47:data:recv
1564112980:3:2:48:77:1:-1:4:4:-1:-1:-1:-1:data:forward
1564112980:2:7:77:43:-1:-1:-1:-1:-1:3:4:42:data:send
1564112995:2:7:48:77:-1:-1:-1:-1:-1:2:3:48:data:recv
1564112995:3:2:49:77:1:-1:4:4:-1:-1:-1:-1:data:forward
1564112995:2:7:77:44:-1:-1:-1:-1:-1:3:4:43:data:send
1564113010:2:7:49:77:-1:-1:-1:-1:-1:2:3:49:data:recv
1564113010:3:2:50:77:1:-1:4:4:-1:-1:-1:-1:data:forward
1564113010:2:7:77:45:-1:-1:-1:-1:-1:3:4:44:data:send
1564113025:2:7:50:77:-1:-1:-1:-1:-1:2:3:50:data:recv
1564113025:3:2:51:77:1:-1:4:4:-1:-1:-1:-1:data:forward
1564113025:2:7:77:46:-1:-1:-1:-1:-1:3:4:45:data:send
1564113040:2:7:51:77:-1:-1:-1:-1:-1:2:3:51:data:recv
1564113040:3:2:52:77:1:-1:4:4:-1:-1:-1:-1:data:forward
1564113040:2:7:77:47:-1:-1:-1:-1:-1:3:4:46:data:send
1564113055:2:7:52:77:-1:-1:-1:-1:-1:2:3:52:data:recv
1564113055:3:2:53:77:1:-1:4:4:-1:-1:-1:-1:data:forward
1564113055:2:7:77:48:-1:-1:-1:-1:-1:3:4:47:data:send
1564113070:2:7:53:77:-1:-1:-1:-1:-1:2:3:53:data:recv
1564113070:3:2:54:77:1:-1:4:4:-1:-1:-1:-1:data:forward
1564113070:2:7:77:49:-1:-1:-1:-1:-1:3:4:48:data:send
1564113085:2:7:54:77:-1:-1:-1:-1:-1:2:3:54:data:recv
1564113085:3:2:55:77:1:-1:4:4:-1:-1:-1:-1:data:forward
1564113085:2:7:77:50:-1:-1:-1:-1:-1:3:4:49:data:send
1564113100:2:7:55:77:-1:-1:-1:-1:-1:2:3:55:data:recv
1564113100:3:2:56:77:1:-1:4:4:-1:-1:-1:-1:data:forward
1564113100:2:7:77:51:-1:-1:-1:-1:-1:3:4:50:data:send
1564113115:2:7:56:77:-1:-1:-1:-1:-1:2:3:56:data:recv
1564113115:3:2:57:77:1:-1:4:4:-1:-1:-1:-1:data:forward
1564113115:2:7:77:52:-1:-1:-1:-1:-1:3:4:51:data:send
1564113131:2:7:57:77:-1:-1:-1:-1:-1:2:3:57:data:recv
1564113131:3:2:58:77:1:-1:4:4:-1:-1:-1:-1:data:forward
1564113131:2:7:77:53:-1:-1:-1:-1:-1:3:4:52:data:send
1564113146:2:7:58:77:-1:-1:-1:-1:-1:2:3:58:data:recv
1564113146:3:2:59:77:1:-1:4:4:-1:-1:-1:-1:data:forward
1564113146:2:7:77:54:-1:-1:-1:-1:-1:3:4:53:data:send
1564113161:2:7:59:77:-1:-1:-1:-1:-1:2:3:59:data:recv
1564113161:3:2:60:77:1:-1:4:4:-1:-1:-1:-1:data:forward
1564113161:2:7:77:55:-1:-1:-1:-1:-1:3:4:54:data:send
1564113176:2:7:60:77:-1:-1:-1:-1:-1:2:3:60:data:recv
1564113176:3:2:61:77:1:-1:4:4:-1:-1:-1:-1:data:forward
1564113176:2:7:77:56:-1:-1:-1:-1:-1:3:4:55:data:send
1564113191:2:7:61:77:-1:-1:-1:-1:-1:2:3:61:data:recv
1564113191:3:2:62:77:1:-1:4:4:-1:-1:-1:-1:data:forward
1564113191:2:7:77:57:-1:-1:-1:-1:-1:3:4:56:data:send
1564113206:2:7:62:77:-1:-1:-1:-1:-1:2:3:62:data:recv
1564113206:3:2:63:77:1:-1:4:4:-1:-1:-1:-1:data:forward
1564113206:2:7:77:58:-1:-1:-1:-1:-1:3:4:57:data:send
1564113221:2:7:63:77:-1:-1:-1:-1:-1:2:3:63:data:recv
1564113221:3:2:64:77:1:-1:4:4:-1:-1:-1:-1:data:forward
1564113221:2:7:77:59:-1:-1:-1:-1:-1:3:4:58:data:send
1564113236:2:7:64:77:-1:-1:-1:-1:-1:2:3:64:data:recv
1564113236:3:2:65:77:1:-1:4:4:-1:-1:-1:-1:data:forward
1564113236:2:7:77:60:-1:-1:-1:-1:-1:3:4:59:data:send
1564113251:2:7:65:77:-1:-1:-1:-1:-1:2:3:65:data:recv
1564113251:3:2:66:77:1:-1:4:4:-1:-1:-1:-1:data:forward
1564113251:2:7:77:61:-1:-1:-1:-1:-1:3:4:60:data:send
1564113266:2:7:66:77:-1:-1:-1:-1:-1:2:3:66:data:recv
1564113266:3:2:67:77:1:-1:4:4:-1:-1:-1:-1:data:forward
1564113266:2:7:77:62:-1:-1:-1:-1:-1:3:4:61:data:send
1564113281:2:7:67:77:-1:-1:-1:-1:-1:2:3:67:data:recv
1564113281:3:2:68:77:1:-1:4:4:-1:-1:-1:-1:data:forward
1564113281:2:7:77:63:-1:-1:-1:-1:-1:3:4:62:data:send
1564113296:2:7:68:77:-1:-1:-1:-1:-1:2:3:68:data:recv
1564113296:3:2:69:77:1:-1:4:4:-1:-1:-1:-1:data:forward
1564113296:2:7:77:64:-1:-1:-1:-1:-1:3:4:63:data:send
1564113311:2:7:69:77:-1:-1:-1:-1:-1:2:3:69:data:recv
1564113311:3:2:70:77:1:-1:4:4:-1:-1:-1:-1:data:forward
1564113311:2:7:77:65:-1:-1:-1:-1:-1:3:4:64:data:send
1564113326:2:7:70:77:-1:-1:-1:-1:-1:2:3:70:data:recv
1564113326:3:2:71:77:1:-1:4:4:-1:-1:-1:-1:data:forward
1564113326:2:7:77:66:-1:-1:-1:-1:-1:3:4:65:data:send
1564113341:2:7:71:77:-1:-1:-1:-1:-1:2:3:71:data:recv
1564113341:3:2:72:77:1:-1:4:4:-1:-1:-1:-1:data:forward
1564113341:2:7:77:67:-1:-1:-1:-1:-1:3:4:66:data:send
1564113356:2:7:72:77:-1:-1:-1:-1:-1:2:3:72:data:recv
1564113356:3:2:73:77:1:-1:4:4:-1:-1:-1:-1:data:forward
1564113356:2:7:77:68:-1:-1:-1:-1:-1:3:4:67:data:send
1564113386:2:7:74:77:-1:-1:-1:-1:-1:2:3:74:data:recv
1564113386:3:2:75:77:1:-1:4:4:-1:-1:-1:-1:data:forward
1564113386:2:7:77:69:-1:-1:-1:-1:-1:3:4:68:data:send
1564113401:2:7:75:77:-1:-1:-1:-1:-1:2:3:75:data:recv
1564113401:3:2:76:77:1:-1:4:4:-1:-1:-1:-1:data:forward
1564113401:2:7:77:70:-1:-1:-1:-1:-1:3:4:69:data:send
1564113431:2:7:76:77:-1:-1:-1:-1:-1:2:3:76:data:recv
1564113431:3:2:78:77:1:-1:4:4:-1:-1:-1:-1:data:forward
1564113431:2:7:77:71:-1:-1:-1:-1:-1:3:4:70:data:send
1564113446:2:7:77:77:-1:-1:-1:-1:-1:2:3:77:data:recv
1564113446:3:2:79:77:1:-1:4:4:-1:-1:-1:-1:data:forward
1564113446:2:7:77:72:-1:-1:-1:-1:-1:3:4:71:data:send
1564113476:2:7:78:77:-1:-1:-1:-1:-1:2:3:78:data:recv
1564113476:3:2:81:77:1:-1:4:4:-1:-1:-1:-1:data:forward
1564113476:2:7:77:73:-1:-1:-1:-1:-1:3:4:72:data:send
1564113491:2:7:79:77:-1:-1:-1:-1:-1:2:3:79:data:recv
1564113491:3:2:82:77:1:-1:4:4:-1:-1:-1:-1:data:forward
1564113491:2:7:77:74:-1:-1:-1:-1:-1:3:4:73:data:send
1564113506:2:7:80:77:-1:-1:-1:-1:-1:2:3:80:data:recv
1564113506:3:2:83:77:1:-1:4:4:-1:-1:-1:-1:data:forward
1564113506:2:7:77:75:-1:-1:-1:-1:-1:3:4:74:data:send
1564113521:2:7:81:77:-1:-1:-1:-1:-1:2:3:81:data:recv
1564113521:3:2:84:77:1:-1:4:4:-1:-1:-1:-1:data:forward
1564113521:2:7:77:76:-1:-1:-1:-1:-1:3:4:75:data:send
1564113536:2:7:82:77:-1:-1:-1:-1:-1:2:3:82:data:recv
1564113536:3:2:85:77:1:-1:4:4:-1:-1:-1:-1:data:forward
1564113536:2:7:77:77:-1:-1:-1:-1:-1:3:4:76:data:send
1564113551:2:7:83:77:-1:-1:-1:-1:-1:2:3:83:data:recv
1564113551:3:2:86:77:1:-1:4:4:-1:-1:-1:-1:data:forward
1564113551:2:7:77:78:-1:-1:-1:-1:-1:3:4:77:data:send
1564113566:2:7:84:77:-1:-1:-1:-1:-1:2:3:84:data:recv
1564113566:3:2:87:77:1:-1:4:4:-1:-1:-1:-1:data:forward
1564113566:2:7:77:79:-1:-1:-1:-1:-1:3:4:78:data:send
1564113581:2:7:85:77:-1:-1:-1:-1:-1:2:3:85:data:recv
1564113581:3:2:88:77:1:-1:4:4:-1:-1:-1:-1:data:forward
1564113581:2:7:77:80:-1:-1:-1:-1:-1:3:4:79:data:send
1564113596:2:7:86:77:-1:-1:-1:-1:-1:2:3:86:data:recv
1564113596:3:2:89:77:1:-1:4:4:-1:-1:-1:-1:data:forward
1564113596:2:7:77:81:-1:-1:-1:-1:-1:3:4:80:data:send
1564113611:2:7:87:77:-1:-1:-1:-1:-1:2:3:87:data:recv
1564113611:3:2:90:77:1:-1:4:4:-1:-1:-1:-1:data:forward
1564113611:2:7:77:82:-1:-1:-1:-1:-1:3:4:81:data:send
1564113626:2:7:88:77:-1:-1:-1:-1:-1:2:3:88:data:recv
1564113626:3:2:91:77:1:-1:4:4:-1:-1:-1:-1:data:forward
1564113626:2:7:77:83:-1:-1:-1:-1:-1:3:4:82:data:send
1564113641:2:7:89:77:-1:-1:-1:-1:-1:2:3:89:data:recv
1564113641:3:2:92:77:1:-1:4:4:-1:-1:-1:-1:data:forward
1564113641:2:7:77:84:-1:-1:-1:-1:-1:3:4:83:data:send
1564113656:2:7:90:77:-1:-1:-1:-1:-1:2:3:90:data:recv
1564113656:3:2:93:77:1:-1:4:4:-1:-1:-1:-1:data:forward
1564113656:2:7:77:85:-1:-1:-1:-1:-1:3:4:84:data:send
1564113671:2:7:91:77:-1:-1:-1:-1:-1:2:3:91:data:recv
1564113671:3:2:94:77:1:-1:4:4:-1:-1:-1:-1:data:forward
1564113671:2:7:77:86:-1:-1:-1:-1:-1:3:4:85:data:send
1564113701:2:7:93:77:-1:-1:-1:-1:-1:2:3:93:data:recv
1564113701:3:2:96:77:1:-1:4:4:-1:-1:-1:-1:data:forward
1564113701:2:7:77:87:-1:-1:-1:-1:-1:3:4:86:data:send
1564113716:2:7:94:77:-1:-1:-1:-1:-1:2:3:94:data:recv
1564113716:3:2:97:77:1:-1:4:4:-1:-1:-1:-1:data:forward
1564113716:2:7:77:88:-1:-1:-1:-1:-1:3:4:87:data:send
1564113731:2:7:95:77:-1:-1:-1:-1:-1:2:3:95:data:recv
1564113731:3:2:98:77:1:-1:4:4:-1:-1:-1:-1:data:forward
1564113731:2:7:77:89:-1:-1:-1:-1:-1:3:4:88:data:send
1564113761:2:7:97:77:-1:-1:-1:-1:-1:2:3:97:data:recv
1564113761:3:2:100:77:1:-1:4:4:-1:-1:-1:-1:data:forward
1564113761:2:7:77:90:-1:-1:-1:-1:-1:3:4:89:data:send
1564113776:2:7:98:77:-1:-1:-1:-1:-1:2:3:98:data:recv
1564113776:3:2:101:77:1:-1:4:4:-1:-1:-1:-1:data:forward
1564113776:2:7:77:91:-1:-1:-1:-1:-1:3:4:90:data:send
1564113791:2:7:99:77:-1:-1:-1:-1:-1:2:3:99:data:recv
1564113791:3:2:102:77:1:-1:4:4:-1:-1:-1:-1:data:forward
1564113791:2:7:77:92:-1:-1:-1:-1:-1:3:4:91:data:send
1564113806:2:7:100:77:-1:-1:-1:-1:-1:2:3:100:data:recv
1564113806:3:2:103:77:1:-1:4:4:-1:-1:-1:-1:data:forward
1564113806:2:7:77:93:-1:-1:-1:-1:-1:3:4:92:data:send
1564113821:2:7:101:77:-1:-1:-1:-1:-1:2:3:101:data:recv
1564113821:3:2:104:77:1:-1:4:4:-1:-1:-1:-1:data:forward
1564113821:2:7:77:94:-1:-1:-1:-1:-1:3:4:93:data:send
1564113836:2:7:102:77:-1:-1:-1:-1:-1:2:3:102:data:recv
1564113836:3:2:105:77:1:-1:4:4:-1:-1:-1:-1:data:forward
1564113836:2:7:77:95:-1:-1:-1:-1:-1:3:4:94:data:send
1564113851:2:7:103:77:-1:-1:-1:-1:-1:2:3:103:data:recv
1564113851:3:2:106:77:1:-1:4:4:-1:-1:-1:-1:data:forward
1564113851:2:7:77:96:-1:-1:-1:-1:-1:3:4:95:data:send
1564113866:2:7:104:77:-1:-1:-1:-1:-1:2:3:104:data:recv
1564113866:3:2:107:77:1:-1:4:4:-1:-1:-1:-1:data:forward
1564113866:2:7:77:97:-1:-1:-1:-1:-1:3:4:96:data:send
1564113881:2:7:105:77:-1:-1:-1:-1:-1:2:3:105:data:recv
1564113881:3:2:108:77:1:-1:4:4:-1:-1:-1:-1:data:forward
1564113881:2:7:77:98:-1:-1:-1:-1:-1:3:4:97:data:send
1564113896:2:7:106:77:-1:-1:-1:-1:-1:2:3:106:data:recv
1564113896:3:2:109:77:1:-1:4:4:-1:-1:-1:-1:data:forward
1564113896:2:7:77:99:-1:-1:-1:-1:-1:3:4:98:data:send
1564113911:2:7:107:77:-1:-1:-1:-1:-1:2:3:107:data:recv
1564113911:3:2:110:77:1:-1:4:4:-1:-1:-1:-1:data:forward
1564113911:2:7:77:100:-1:-1:-1:-1:-1:3:4:99:data:send
1564113926:2:7:108:77:-1:-1:-1:-1:-1:2:3:108:data:recv
1564113926:3:2:111:77:1:-1:4:4:-1:-1:-1:-1:data:forward
1564113926:2:7:77:101:-1:-1:-1:-1:-1:3:4:100:data:send
1564113941:2:7:109:77:-1:-1:-1:-1:-1:2:3:109:data:recv
1564113941:3:2:112:77:1:-1:4:4:-1:-1:-1:-1:data:forward
1564113941:2:7:77:102:-1:-1:-1:-1:-1:3:4:101:data:send
1564113956:2:7:110:77:-1:-1:-1:-1:-1:2:3:110:data:recv
1564113956:3:2:113:77:1:-1:4:4:-1:-1:-1:-1:data:forward
1564113956:2:7:77:103:-1:-1:-1:-1:-1:3:4:102:data:send
1564113971:2:7:111:77:-1:-1:-1:-1:-1:2:3:111:data:recv
1564113971:3:2:114:77:1:-1:4:4:-1:-1:-1:-1:data:forward
1564113971:2:7:77:104:-1:-1:-1:-1:-1:3:4:103:data:send
1564113986:2:7:112:77:-1:-1:-1:-1:-1:2:3:112:data:recv
1564113986:3:2:115:77:1:-1:4:4:-1:-1:-1:-1:data:forward
1564113986:2:7:77:105:-1:-1:-1:-1:-1:3:4:104:data:send
1564114001:2:7:113:77:-1:-1:-1:-1:-1:2:3:113:data:recv
1564114001:3:2:116:77:1:-1:4:4:-1:-1:-1:-1:data:forward
1564114001:2:7:77:106:-1:-1:-1:-1:-1:3:4:105:data:send
1564114016:2:7:114:77:-1:-1:-1:-1:-1:2:3:114:data:recv
1564114016:3:2:117:77:1:-1:4:4:-1:-1:-1:-1:data:forward
1564114016:2:7:77:107:-1:-1:-1:-1:-1:3:4:106:data:send
1564114047:2:7:116:77:-1:-1:-1:-1:-1:2:3:116:data:recv
1564114047:3:2:119:77:1:-1:4:4:-1:-1:-1:-1:data:forward
1564114047:2:7:77:108:-1:-1:-1:-1:-1:3:4:107:data:send
1564114062:2:7:117:77:-1:-1:-1:-1:-1:2:3:117:data:recv
1564114062:3:2:120:77:1:-1:4:4:-1:-1:-1:-1:data:forward
1564114062:2:7:77:109:-1:-1:-1:-1:-1:3:4:108:data:send
1564114077:2:7:118:77:-1:-1:-1:-1:-1:2:3:118:data:recv
1564114077:3:2:121:77:1:-1:4:4:-1:-1:-1:-1:data:forward
1564114077:2:7:77:110:-1:-1:-1:-1:-1:3:4:109:data:send
1564114092:2:7:119:77:-1:-1:-1:-1:-1:2:3:119:data:recv
1564114092:3:2:122:77:1:-1:4:4:-1:-1:-1:-1:data:forward
1564114092:2:7:77:111:-1:-1:-1:-1:-1:3:4:110:data:send
1564114107:2:7:120:77:-1:-1:-1:-1:-1:2:3:120:data:recv
1564114107:3:2:123:77:1:-1:4:4:-1:-1:-1:-1:data:forward
1564114107:2:7:77:112:-1:-1:-1:-1:-1:3:4:111:data:send
1564114122:2:7:121:77:-1:-1:-1:-1:-1:2:3:121:data:recv
1564114122:3:2:124:77:1:-1:4:4:-1:-1:-1:-1:data:forward
1564114122:2:7:77:113:-1:-1:-1:-1:-1:3:4:112:data:send
1564114152:2:7:123:77:-1:-1:-1:-1:-1:2:3:123:data:recv
1564114152:3:2:126:77:1:-1:4:4:-1:-1:-1:-1:data:forward
1564114152:2:7:77:114:-1:-1:-1:-1:-1:3:4:113:data:send
1564114182:2:7:125:77:-1:-1:-1:-1:-1:2:3:125:data:recv
1564114182:3:2:128:77:1:-1:4:4:-1:-1:-1:-1:data:forward
1564114182:2:7:77:115:-1:-1:-1:-1:-1:3:4:114:data:send
1564114197:2:7:126:77:-1:-1:-1:-1:-1:2:3:126:data:recv
1564114197:3:2:129:77:1:-1:4:4:-1:-1:-1:-1:data:forward
1564114197:2:7:77:116:-1:-1:-1:-1:-1:3:4:115:data:send
1564114212:2:7:127:77:-1:-1:-1:-1:-1:2:3:127:data:recv
1564114212:3:2:130:77:1:-1:4:4:-1:-1:-1:-1:data:forward
1564114212:2:7:77:117:-1:-1:-1:-1:-1:3:4:116:data:send
1564114227:2:7:128:77:-1:-1:-1:-1:-1:2:3:128:data:recv
1564114227:3:2:131:77:1:-1:4:4:-1:-1:-1:-1:data:forward
1564114227:2:7:77:118:-1:-1:-1:-1:-1:3:4:117:data:send
1564114257:2:7:130:77:-1:-1:-1:-1:-1:2:3:130:data:recv
1564114257:3:2:133:77:1:-1:4:4:-1:-1:-1:-1:data:forward
1564114257:2:7:77:119:-1:-1:-1:-1:-1:3:4:118:data:send
1564114272:2:7:131:77:-1:-1:-1:-1:-1:2:3:131:data:recv
1564114272:3:2:134:77:1:-1:4:4:-1:-1:-1:-1:data:forward
1564114272:2:7:77:120:-1:-1:-1:-1:-1:3:4:119:data:send
1564114287:2:7:132:77:-1:-1:-1:-1:-1:2:3:132:data:recv
1564114287:3:2:135:77:1:-1:4:4:-1:-1:-1:-1:data:forward
1564114287:2:7:77:121:-1:-1:-1:-1:-1:3:4:120:data:send
1564114302:2:7:133:77:-1:-1:-1:-1:-1:2:3:133:data:recv
1564114302:3:2:136:77:1:-1:4:4:-1:-1:-1:-1:data:forward
1564114302:2:7:77:122:-1:-1:-1:-1:-1:3:4:121:data:send
1564114332:2:7:135:77:-1:-1:-1:-1:-1:2:3:135:data:recv
1564114332:3:2:138:77:1:-1:4:4:-1:-1:-1:-1:data:forward
1564114332:2:7:77:123:-1:-1:-1:-1:-1:3:4:122:data:send
1564114347:2:7:136:77:-1:-1:-1:-1:-1:2:3:136:data:recv
1564114347:3:2:139:77:1:-1:4:4:-1:-1:-1:-1:data:forward
1564114347:2:7:77:124:-1:-1:-1:-1:-1:3:4:123:data:send
1564114362:2:7:137:77:-1:-1:-1:-1:-1:2:3:137:data:recv
1564114362:3:2:140:77:1:-1:4:4:-1:-1:-1:-1:data:forward
1564114362:2:7:77:125:-1:-1:-1:-1:-1:3:4:124:data:send
1564114377:2:7:138:77:-1:-1:-1:-1:-1:2:3:138:data:recv
1564114377:3:2:141:77:1:-1:4:4:-1:-1:-1:-1:data:forward
1564114377:2:7:77:126:-1:-1:-1:-1:-1:3:4:125:data:send
1564114392:2:7:139:77:-1:-1:-1:-1:-1:2:3:139:data:recv
1564114392:3:2:142:77:1:-1:4:4:-1:-1:-1:-1:data:forward
1564114392:2:7:77:127:-1:-1:-1:-1:-1:3:4:126:data:send
1564114407:2:7:140:77:-1:-1:-1:-1:-1:2:3:140:data:recv
1564114407:3:2:143:77:1:-1:4:4:-1:-1:-1:-1:data:forward
1564114407:2:7:77:128:-1:-1:-1:-1:-1:3:4:127:data:send
1564114437:2:7:142:77:-1:-1:-1:-1:-1:2:3:142:data:recv
1564114437:3:2:145:77:1:-1:4:4:-1:-1:-1:-1:data:forward
1564114437:2:7:77:129:-1:-1:-1:-1:-1:3:4:128:data:send
1564114452:2:7:143:77:-1:-1:-1:-1:-1:2:3:143:data:recv
1564114452:3:2:146:77:1:-1:4:4:-1:-1:-1:-1:data:forward
1564114452:2:7:77:130:-1:-1:-1:-1:-1:3:4:129:data:send
1564114467:2:7:144:77:-1:-1:-1:-1:-1:2:3:144:data:recv
1564114467:3:2:147:77:1:-1:4:4:-1:-1:-1:-1:data:forward
1564114467:2:7:77:131:-1:-1:-1:-1:-1:3:4:130:data:send
1564114482:2:7:145:77:-1:-1:-1:-1:-1:2:3:145:data:recv
1564114482:3:2:148:77:1:-1:4:4:-1:-1:-1:-1:data:forward
1564114482:2:7:77:132:-1:-1:-1:-1:-1:3:4:131:data:send
1564114497:2:7:146:77:-1:-1:-1:-1:-1:2:3:146:data:recv
1564114497:3:2:149:77:1:-1:4:4:-1:-1:-1:-1:data:forward
1564114497:2:7:77:133:-1:-1:-1:-1:-1:3:4:132:data:send
1564114512:2:7:147:77:-1:-1:-1:-1:-1:2:3:147:data:recv
1564114512:3:2:150:77:1:-1:4:4:-1:-1:-1:-1:data:forward
1564114512:2:7:77:134:-1:-1:-1:-1:-1:3:4:133:data:send
1564114527:2:7:148:77:-1:-1:-1:-1:-1:2:3:148:data:recv
1564114527:3:2:151:77:1:-1:4:4:-1:-1:-1:-1:data:forward
1564114527:2:7:77:135:-1:-1:-1:-1:-1:3:4:134:data:send
1564114542:2:7:149:77:-1:-1:-1:-1:-1:2:3:149:data:recv
1564114542:3:2:152:77:1:-1:4:4:-1:-1:-1:-1:data:forward
1564114542:2:7:77:136:-1:-1:-1:-1:-1:3:4:135:data:send
1564114557:2:7:150:77:-1:-1:-1:-1:-1:2:3:150:data:recv
1564114557:3:2:153:77:1:-1:4:4:-1:-1:-1:-1:data:forward
1564114557:2:7:77:137:-1:-1:-1:-1:-1:3:4:136:data:send
1564114572:2:7:151:77:-1:-1:-1:-1:-1:2:3:151:data:recv
1564114572:3:2:154:77:1:-1:4:4:-1:-1:-1:-1:data:forward
1564114572:2:7:77:138:-1:-1:-1:-1:-1:3:4:137:data:send
1564114587:2:7:152:77:-1:-1:-1:-1:-1:2:3:152:data:recv
1564114587:3:2:155:77:1:-1:4:4:-1:-1:-1:-1:data:forward
1564114587:2:7:77:139:-1:-1:-1:-1:-1:3:4:138:data:send
1564114602:2:7:153:77:-1:-1:-1:-1:-1:2:3:153:data:recv
1564114602:3:2:156:77:1:-1:4:4:-1:-1:-1:-1:data:forward
1564114602:2:7:77:140:-1:-1:-1:-1:-1:3:4:139:data:send
1564114617:2:7:154:77:-1:-1:-1:-1:-1:2:3:154:data:recv
1564114617:3:2:157:77:1:-1:4:4:-1:-1:-1:-1:data:forward
1564114617:2:7:77:141:-1:-1:-1:-1:-1:3:4:140:data:send
1564114632:2:7:155:77:-1:-1:-1:-1:-1:2:3:155:data:recv
1564114632:3:2:158:77:1:-1:4:4:-1:-1:-1:-1:data:forward
1564114632:2:7:77:142:-1:-1:-1:-1:-1:3:4:141:data:send
1564114647:2:7:156:77:-1:-1:-1:-1:-1:2:3:156:data:recv
1564114647:3:2:159:77:1:-1:4:4:-1:-1:-1:-1:data:forward
1564114647:2:7:77:143:-1:-1:-1:-1:-1:3:4:142:data:send
1564114662:2:7:157:77:-1:-1:-1:-1:-1:2:3:157:data:recv
1564114662:3:2:160:77:1:-1:4:4:-1:-1:-1:-1:data:forward
1564114662:2:7:77:144:-1:-1:-1:-1:-1:3:4:143:data:send
1564114677:2:7:158:77:-1:-1:-1:-1:-1:2:3:158:data:recv
1564114677:3:2:161:77:1:-1:4:4:-1:-1:-1:-1:data:forward
1564114677:2:7:77:145:-1:-1:-1:-1:-1:3:4:144:data:send
1564114692:2:7:159:77:-1:-1:-1:-1:-1:2:3:159:data:recv
1564114692:3:2:162:77:1:-1:4:4:-1:-1:-1:-1:data:forward
1564114692:2:7:77:146:-1:-1:-1:-1:-1:3:4:145:data:send
1564114707:2:7:160:77:-1:-1:-1:-1:-1:2:3:160:data:recv
1564114707:3:2:163:77:1:-1:4:4:-1:-1:-1:-1:data:forward
1564114707:2:7:77:147:-1:-1:-1:-1:-1:3:4:146:data:send
1564114722:2:7:161:77:-1:-1:-1:-1:-1:2:3:161:data:recv
1564114722:3:2:164:77:1:-1:4:4:-1:-1:-1:-1:data:forward
1564114722:2:7:77:148:-1:-1:-1:-1:-1:3:4:147:data:send
1564114752:2:7:163:77:-1:-1:-1:-1:-1:2:3:163:data:recv
1564114752:3:2:166:77:1:-1:4:4:-1:-1:-1:-1:data:forward
1564114752:2:7:77:149:-1:-1:-1:-1:-1:3:4:148:data:send
1564114767:2:7:164:77:-1:-1:-1:-1:-1:2:3:164:data:recv
1564114767:3:2:167:77:1:-1:4:4:-1:-1:-1:-1:data:forward
1564114767:2:7:77:150:-1:-1:-1:-1:-1:3:4:149:data:send
1564114797:2:7:166:77:-1:-1:-1:-1:-1:2:3:166:data:recv
1564114797:3:2:169:77:1:-1:4:4:-1:-1:-1:-1:data:forward
1564114797:2:7:77:151:-1:-1:-1:-1:-1:3:4:150:data:send
1564114812:2:7:167:77:-1:-1:-1:-1:-1:2:3:167:data:recv
1564114812:3:2:170:77:1:-1:4:4:-1:-1:-1:-1:data:forward
1564114812:2:7:77:152:-1:-1:-1:-1:-1:3:4:151:data:send
1564114827:2:7:168:77:-1:-1:-1:-1:-1:2:3:168:data:recv
1564114827:3:2:171:77:1:-1:4:4:-1:-1:-1:-1:data:forward
1564114827:2:7:77:153:-1:-1:-1:-1:-1:3:4:152:data:send
1564114857:2:7:170:77:-1:-1:-1:-1:-1:2:3:170:data:recv
1564114857:3:2:173:77:1:-1:4:4:-1:-1:-1:-1:data:forward
1564114857:2:7:77:154:-1:-1:-1:-1:-1:3:4:153:data:send
1564114872:2:7:171:77:-1:-1:-1:-1:-1:2:3:171:data:recv
1564114872:3:2:174:77:1:-1:4:4:-1:-1:-1:-1:data:forward
1564114872:2:7:77:155:-1:-1:-1:-1:-1:3:4:154:data:send
1564114902:2:7:172:77:-1:-1:-1:-1:-1:2:3:172:data:recv
1564114902:3:2:176:77:1:-1:4:4:-1:-1:-1:-1:data:forward
1564114902:2:7:77:156:-1:-1:-1:-1:-1:3:4:155:data:send
1564114918:2:7:173:77:-1:-1:-1:-1:-1:2:3:173:data:recv
1564114918:3:2:177:77:1:-1:4:4:-1:-1:-1:-1:data:forward
1564114918:2:7:77:157:-1:-1:-1:-1:-1:3:4:156:data:send
1564114933:2:7:174:77:-1:-1:-1:-1:-1:2:3:174:data:recv
1564114933:3:2:178:77:1:-1:4:4:-1:-1:-1:-1:data:forward
1564114933:2:7:77:158:-1:-1:-1:-1:-1:3:4:157:data:send
1564114948:2:7:175:77:-1:-1:-1:-1:-1:2:3:175:data:recv
1564114948:3:2:179:77:1:-1:4:4:-1:-1:-1:-1:data:forward
1564114948:2:7:77:159:-1:-1:-1:-1:-1:3:4:158:data:send
1564114963:2:7:176:77:-1:-1:-1:-1:-1:2:3:176:data:recv
1564114963:3:2:180:77:1:-1:4:4:-1:-1:-1:-1:data:forward
1564114963:2:7:77:160:-1:-1:-1:-1:-1:3:4:159:data:send
1564114978:2:7:177:77:-1:-1:-1:-1:-1:2:3:177:data:recv
1564114978:3:2:181:77:1:-1:4:4:-1:-1:-1:-1:data:forward
1564114978:2:7:77:161:-1:-1:-1:-1:-1:3:4:160:data:send
1564114993:2:7:178:77:-1:-1:-1:-1:-1:2:3:178:data:recv
1564114993:3:2:182:77:1:-1:4:4:-1:-1:-1:-1:data:forward
1564114993:2:7:77:162:-1:-1:-1:-1:-1:3:4:161:data:send
1564115008:2:7:179:77:-1:-1:-1:-1:-1:2:3:179:data:recv
1564115008:3:2:183:77:1:-1:4:4:-1:-1:-1:-1:data:forward
1564115008:2:7:77:163:-1:-1:-1:-1:-1:3:4:162:data:send
1564115038:2:7:181:77:-1:-1:-1:-1:-1:2:3:181:data:recv
1564115038:3:2:185:77:1:-1:4:4:-1:-1:-1:-1:data:forward
1564115038:2:7:77:164:-1:-1:-1:-1:-1:3:4:163:data:send
1564115053:2:7:182:77:-1:-1:-1:-1:-1:2:3:182:data:recv
1564115053:3:2:186:77:1:-1:4:4:-1:-1:-1:-1:data:forward
1564115053:2:7:77:165:-1:-1:-1:-1:-1:3:4:164:data:send
1564115068:2:7:183:77:-1:-1:-1:-1:-1:2:3:183:data:recv
1564115068:3:2:187:77:1:-1:4:4:-1:-1:-1:-1:data:forward
1564115068:2:7:77:166:-1:-1:-1:-1:-1:3:4:165:data:send
1564115083:2:7:184:77:-1:-1:-1:-1:-1:2:3:184:data:recv
1564115083:3:2:188:77:1:-1:4:4:-1:-1:-1:-1:data:forward
1564115083:2:7:77:167:-1:-1:-1:-1:-1:3:4:166:data:send
1564115098:2:7:185:77:-1:-1:-1:-1:-1:2:3:185:data:recv
1564115098:3:2:189:77:1:-1:4:4:-1:-1:-1:-1:data:forward
1564115098:2:7:77:168:-1:-1:-1:-1:-1:3:4:167:data:send
1564115113:2:7:186:77:-1:-1:-1:-1:-1:2:3:186:data:recv
1564115113:3:2:190:77:1:-1:4:4:-1:-1:-1:-1:data:forward
1564115113:2:7:77:169:-1:-1:-1:-1:-1:3:4:168:data:send
1564115128:2:7:187:77:-1:-1:-1:-1:-1:2:3:187:data:recv
1564115128:3:2:191:77:1:-1:4:4:-1:-1:-1:-1:data:forward
1564115128:2:7:77:170:-1:-1:-1:-1:-1:3:4:169:data:send
1564115143:2:7:188:77:-1:-1:-1:-1:-1:2:3:188:data:recv
1564115143:3:2:192:77:1:-1:4:4:-1:-1:-1:-1:data:forward
1564115143:2:7:77:171:-1:-1:-1:-1:-1:3:4:170:data:send
1564115158:2:7:189:77:-1:-1:-1:-1:-1:2:3:189:data:recv
1564115158:3:2:193:77:1:-1:4:4:-1:-1:-1:-1:data:forward
1564115158:2:7:77:172:-1:-1:-1:-1:-1:3:4:171:data:send
1564115173:2:7:190:77:-1:-1:-1:-1:-1:2:3:190:data:recv
1564115173:3:2:194:77:1:-1:4:4:-1:-1:-1:-1:data:forward
1564115173:2:7:77:173:-1:-1:-1:-1:-1:3:4:172:data:send
1564115188:2:7:191:77:-1:-1:-1:-1:-1:2:3:191:data:recv
1564115188:3:2:195:77:1:-1:4:4:-1:-1:-1:-1:data:forward
1564115188:2:7:77:174:-1:-1:-1:-1:-1:3:4:173:data:send
1564115233:2:7:192:77:-1:-1:-1:-1:-1:2:3:192:data:recv
1564115233:3:2:198:77:1:-1:4:4:-1:-1:-1:-1:data:forward
1564115233:2:7:77:175:-1:-1:-1:-1:-1:3:4:174:data:send
1564115248:2:7:193:77:-1:-1:-1:-1:-1:2:3:193:data:recv
1564115248:3:2:199:77:1:-1:4:4:-1:-1:-1:-1:data:forward
1564115248:2:7:77:176:-1:-1:-1:-1:-1:3:4:175:data:send
1564115263:2:7:194:77:-1:-1:-1:-1:-1:2:3:194:data:recv
1564115263:3:2:200:77:1:-1:4:4:-1:-1:-1:-1:data:forward
1564115263:2:7:77:177:-1:-1:-1:-1:-1:3:4:176:data:send
1564115278:2:7:195:77:-1:-1:-1:-1:-1:2:3:195:data:recv
1564115278:3:2:201:77:1:-1:4:4:-1:-1:-1:-1:data:forward
1564115278:2:7:77:178:-1:-1:-1:-1:-1:3:4:177:data:send
1564115293:2:7:196:77:-1:-1:-1:-1:-1:2:3:196:data:recv
1564115293:3:2:202:77:1:-1:4:4:-1:-1:-1:-1:data:forward
1564115293:2:7:77:179:-1:-1:-1:-1:-1:3:4:178:data:send
1564115308:2:7:197:77:-1:-1:-1:-1:-1:2:3:197:data:recv
1564115308:3:2:203:77:1:-1:4:4:-1:-1:-1:-1:data:forward
1564115308:2:7:77:180:-1:-1:-1:-1:-1:3:4:179:data:send
1564115323:2:7:198:77:-1:-1:-1:-1:-1:2:3:198:data:recv
1564115323:3:2:204:77:1:-1:4:4:-1:-1:-1:-1:data:forward
1564115323:2:7:77:181:-1:-1:-1:-1:-1:3:4:180:data:send
1564115338:2:7:199:77:-1:-1:-1:-1:-1:2:3:199:data:recv
1564115338:3:2:205:77:1:-1:4:4:-1:-1:-1:-1:data:forward
1564115338:2:7:77:182:-1:-1:-1:-1:-1:3:4:181:data:send
1564115353:2:7:200:77:-1:-1:-1:-1:-1:2:3:200:data:recv
1564115353:3:2:206:77:1:-1:4:4:-1:-1:-1:-1:data:forward
1564115353:2:7:77:183:-1:-1:-1:-1:-1:3:4:182:data:send
1564115368:2:7:201:77:-1:-1:-1:-1:-1:2:3:201:data:recv
1564115368:3:2:207:77:1:-1:4:4:-1:-1:-1:-1:data:forward
1564115368:2:7:77:184:-1:-1:-1:-1:-1:3:4:183:data:send
1564115398:2:7:202:77:-1:-1:-1:-1:-1:2:3:202:data:recv
1564115398:3:2:209:77:1:-1:4:4:-1:-1:-1:-1:data:forward
1564115398:2:7:77:185:-1:-1:-1:-1:-1:3:4:184:data:send
1564115413:2:7:203:77:-1:-1:-1:-1:-1:2:3:203:data:recv
1564115413:3:2:210:77:1:-1:4:4:-1:-1:-1:-1:data:forward
1564115413:2:7:77:186:-1:-1:-1:-1:-1:3:4:185:data:send
1564115428:2:7:204:77:-1:-1:-1:-1:-1:2:3:204:data:recv
1564115428:3:2:211:77:1:-1:4:4:-1:-1:-1:-1:data:forward
1564115428:2:7:77:187:-1:-1:-1:-1:-1:3:4:186:data:send
1564115458:2:7:205:77:-1:-1:-1:-1:-1:2:3:205:data:recv
1564115458:3:2:213:77:1:-1:4:4:-1:-1:-1:-1:data:forward
1564115458:2:7:77:188:-1:-1:-1:-1:-1:3:4:187:data:send
1564115473:2:7:206:77:-1:-1:-1:-1:-1:2:3:206:data:recv
1564115473:3:2:214:77:1:-1:4:4:-1:-1:-1:-1:data:forward
1564115473:2:7:77:189:-1:-1:-1:-1:-1:3:4:188:data:send
1564115488:2:7:207:77:-1:-1:-1:-1:-1:2:3:207:data:recv
1564115488:3:2:215:77:1:-1:4:4:-1:-1:-1:-1:data:forward
1564115488:2:7:77:190:-1:-1:-1:-1:-1:3:4:189:data:send
1564115503:2:7:208:77:-1:-1:-1:-1:-1:2:3:208:data:recv
1564115503:3:2:216:77:1:-1:4:4:-1:-1:-1:-1:data:forward
1564115503:2:7:77:191:-1:-1:-1:-1:-1:3:4:190:data:send
1564115518:2:7:209:77:-1:-1:-1:-1:-1:2:3:209:data:recv
1564115518:3:2:217:77:1:-1:4:4:-1:-1:-1:-1:data:forward
1564115518:2:7:77:192:-1:-1:-1:-1:-1:3:4:191:data:send
1564115533:2:7:210:77:-1:-1:-1:-1:-1:2:3:210:data:recv
1564115533:3:2:218:77:1:-1:4:4:-1:-1:-1:-1:data:forward
1564115533:2:7:77:193:-1:-1:-1:-1:-1:3:4:192:data:send
1564115548:2:7:211:77:-1:-1:-1:-1:-1:2:3:211:data:recv
1564115548:3:2:219:77:1:-1:4:4:-1:-1:-1:-1:data:forward
1564115548:2:7:77:194:-1:-1:-1:-1:-1:3:4:193:data:send
1564115563:2:7:212:77:-1:-1:-1:-1:-1:2:3:212:data:recv
1564115563:3:2:220:77:1:-1:4:4:-1:-1:-1:-1:data:forward
1564115563:2:7:77:195:-1:-1:-1:-1:-1:3:4:194:data:send
1564115578:2:7:213:77:-1:-1:-1:-1:-1:2:3:213:data:recv
1564115578:3:2:221:77:1:-1:4:4:-1:-1:-1:-1:data:forward
1564115578:2:7:77:196:-1:-1:-1:-1:-1:3:4:195:data:send
1564115593:2:7:214:77:-1:-1:-1:-1:-1:2:3:214:data:recv
1564115593:3:2:222:77:1:-1:4:4:-1:-1:-1:-1:data:forward
1564115593:2:7:77:197:-1:-1:-1:-1:-1:3:4:196:data:send
1564115608:2:7:215:77:-1:-1:-1:-1:-1:2:3:215:data:recv
1564115608:3:2:223:77:1:-1:4:4:-1:-1:-1:-1:data:forward
1564115608:2:7:77:198:-1:-1:-1:-1:-1:3:4:197:data:send
1564115623:2:7:216:77:-1:-1:-1:-1:-1:2:3:216:data:recv
1564115623:3:2:224:77:1:-1:4:4:-1:-1:-1:-1:data:forward
1564115623:2:7:77:199:-1:-1:-1:-1:-1:3:4:198:data:send
1564115638:2:7:217:77:-1:-1:-1:-1:-1:2:3:217:data:recv
1564115638:3:2:225:77:1:-1:4:4:-1:-1:-1:-1:data:forward
1564115638:2:7:77:200:-1:-1:-1:-1:-1:3:4:199:data:send
1564115653:2:7:218:77:-1:-1:-1:-1:-1:2:3:218:data:recv
1564115653:3:2:226:77:1:-1:4:4:-1:-1:-1:-1:data:forward
1564115653:2:7:77:201:-1:-1:-1:-1:-1:3:4:200:data:send
1564115668:2:7:219:77:-1:-1:-1:-1:-1:2:3:219:data:recv
1564115668:3:2:227:77:1:-1:4:4:-1:-1:-1:-1:data:forward
1564115668:2:7:77:202:-1:-1:-1:-1:-1:3:4:201:data:send
1564115683:2:7:220:77:-1:-1:-1:-1:-1:2:3:220:data:recv
1564115683:3:2:228:77:1:-1:4:4:-1:-1:-1:-1:data:forward
1564115683:2:7:77:203:-1:-1:-1:-1:-1:3:4:202:data:send
1564115686:2:7:1:9:-1:-1:-1:-1:-1:4:3:1:data:recv
1564115686:2:7:-1:-1:-1:-1:-1:-1:-1:3:4:1:ack:send
1564115686:3:2:1:9:4:-1:2:1:-1:-1:-1:-1:data:forward
1564115686:2:7:9:204:-1:-1:-1:-1:-1:3:2:203:data:send
1564115688:2:7:-1:-1:-1:-1:-1:-1:-1:2:3:203:ack:recv
1564115698:2:7:222:77:-1:-1:-1:-1:-1:2:3:222:data:recv
1564115698:3:2:229:77:1:-1:4:4:-1:-1:-1:-1:data:forward
1564115698:2:7:77:205:-1:-1:-1:-1:-1:3:4:204:data:send
