=========================Fri Jul 26 11:36:40 2019
1564112231:2:7:0:10:-1:-1:-1:-1:-1:3:4:0:data:recv
1564112231:2:7:-1:-1:-1:-1:-1:-1:-1:4:3:0:ack:send
1564112231:3:2:0:10:1:-1:4:4:-1:-1:-1:-1:data:sendUp
1564112231:3:2:0:9:4:-1:3:1:-1:-1:-1:-1:data:send
1564112231:2:7:9:1:-1:-1:-1:-1:-1:4:3:0:data:send
1564112239:2:7:9:0:-1:-1:-1:-1:-1:4:3:0:data:resend
1564112240:2:7:-1:-1:-1:-1:-1:-1:-1:3:4:0:ack:recv
1564112276:2:7:2:77:-1:-1:-1:-1:-1:3:4:2:data:recv
1564112276:3:2:1:77:1:-1:4:4:-1:-1:-1:-1:data:sendUp
1564112291:2:7:3:77:-1:-1:-1:-1:-1:3:4:3:data:recv
1564112291:3:2:2:77:1:-1:4:4:-1:-1:-1:-1:data:sendUp
1564112306:2:7:4:77:-1:-1:-1:-1:-1:3:4:4:data:recv
1564112306:3:2:3:77:1:-1:4:4:-1:-1:-1:-1:data:sendUp
1564112321:2:7:5:77:-1:-1:-1:-1:-1:3:4:5:data:recv
1564112321:3:2:4:77:1:-1:4:4:-1:-1:-1:-1:data:sendUp
1564112336:2:7:6:77:-1:-1:-1:-1:-1:3:4:6:data:recv
1564112336:3:2:5:77:1:-1:4:4:-1:-1:-1:-1:data:sendUp
1564112366:2:7:7:77:-1:-1:-1:-1:-1:3:4:7:data:recv
1564112366:3:2:7:77:1:-1:4:4:-1:-1:-1:-1:data:sendUp
1564112381:2:7:8:77:-1:-1:-1:-1:-1:3:4:8:data:recv
1564112381:3:2:8:77:1:-1:4:4:-1:-1:-1:-1:data:sendUp
1564112456:2:7:10:77:-1:-1:-1:-1:-1:3:4:10:data:recv
1564112456:3:2:13:77:1:-1:4:4:-1:-1:-1:-1:data:sendUp
1564112501:2:7:12:77:-1:-1:-1:-1:-1:3:4:12:data:recv
1564112501:3:2:16:77:1:-1:4:4:-1:-1:-1:-1:data:sendUp
1564112531:2:7:14:77:-1:-1:-1:-1:-1:3:4:14:data:recv
1564112531:3:2:18:77:1:-1:4:4:-1:-1:-1:-1:data:sendUp
1564112546:2:7:15:77:-1:-1:-1:-1:-1:3:4:15:data:recv
1564112546:3:2:19:77:1:-1:4:4:-1:-1:-1:-1:data:sendUp
1564112561:2:7:16:77:-1:-1:-1:-1:-1:3:4:16:data:recv
1564112561:3:2:20:77:1:-1:4:4:-1:-1:-1:-1:data:sendUp
1564112591:2:7:17:77:-1:-1:-1:-1:-1:3:4:17:data:recv
1564112591:3:2:22:77:1:-1:4:4:-1:-1:-1:-1:data:sendUp
1564112606:2:7:18:77:-1:-1:-1:-1:-1:3:4:18:data:recv
1564112606:3:2:23:77:1:-1:4:4:-1:-1:-1:-1:data:sendUp
1564112622:2:7:19:77:-1:-1:-1:-1:-1:3:4:19:data:recv
1564112622:3:2:24:77:1:-1:4:4:-1:-1:-1:-1:data:sendUp
1564112652:2:7:21:77:-1:-1:-1:-1:-1:3:4:21:data:recv
1564112652:3:2:26:77:1:-1:4:4:-1:-1:-1:-1:data:sendUp
1564112667:2:7:22:77:-1:-1:-1:-1:-1:3:4:22:data:recv
1564112667:3:2:27:77:1:-1:4:4:-1:-1:-1:-1:data:sendUp
1564112697:2:7:24:77:-1:-1:-1:-1:-1:3:4:24:data:recv
1564112697:3:2:29:77:1:-1:4:4:-1:-1:-1:-1:data:sendUp
1564112712:2:7:25:77:-1:-1:-1:-1:-1:3:4:25:data:recv
1564112712:3:2:30:77:1:-1:4:4:-1:-1:-1:-1:data:sendUp
1564112727:2:7:26:77:-1:-1:-1:-1:-1:3:4:26:data:recv
1564112727:3:2:31:77:1:-1:4:4:-1:-1:-1:-1:data:sendUp
1564112742:2:7:27:77:-1:-1:-1:-1:-1:3:4:27:data:recv
1564112742:3:2:32:77:1:-1:4:4:-1:-1:-1:-1:data:sendUp
1564112757:2:7:28:77:-1:-1:-1:-1:-1:3:4:28:data:recv
1564112757:3:2:33:77:1:-1:4:4:-1:-1:-1:-1:data:sendUp
1564112772:2:7:29:77:-1:-1:-1:-1:-1:3:4:29:data:recv
1564112772:3:2:34:77:1:-1:4:4:-1:-1:-1:-1:data:sendUp
1564112787:2:7:30:77:-1:-1:-1:-1:-1:3:4:30:data:recv
1564112787:3:2:35:77:1:-1:4:4:-1:-1:-1:-1:data:sendUp
1564112802:2:7:31:77:-1:-1:-1:-1:-1:3:4:31:data:recv
1564112802:3:2:36:77:1:-1:4:4:-1:-1:-1:-1:data:sendUp
1564112817:2:7:32:77:-1:-1:-1:-1:-1:3:4:32:data:recv
1564112817:3:2:37:77:1:-1:4:4:-1:-1:-1:-1:data:sendUp
1564112832:2:7:33:77:-1:-1:-1:-1:-1:3:4:33:data:recv
1564112832:3:2:38:77:1:-1:4:4:-1:-1:-1:-1:data:sendUp
1564112847:2:7:34:77:-1:-1:-1:-1:-1:3:4:34:data:recv
1564112847:3:2:39:77:1:-1:4:4:-1:-1:-1:-1:data:sendUp
1564112862:2:7:35:77:-1:-1:-1:-1:-1:3:4:35:data:recv
1564112862:3:2:40:77:1:-1:4:4:-1:-1:-1:-1:data:sendUp
1564112892:2:7:36:77:-1:-1:-1:-1:-1:3:4:36:data:recv
1564112892:3:2:42:77:1:-1:4:4:-1:-1:-1:-1:data:sendUp
1564112907:2:7:37:77:-1:-1:-1:-1:-1:3:4:37:data:recv
1564112907:3:2:43:77:1:-1:4:4:-1:-1:-1:-1:data:sendUp
1564112922:2:7:38:77:-1:-1:-1:-1:-1:3:4:38:data:recv
1564112922:3:2:44:77:1:-1:4:4:-1:-1:-1:-1:data:sendUp
1564112937:2:7:39:77:-1:-1:-1:-1:-1:3:4:39:data:recv
1564112937:3:2:45:77:1:-1:4:4:-1:-1:-1:-1:data:sendUp
1564112952:2:7:40:77:-1:-1:-1:-1:-1:3:4:40:data:recv
1564112952:3:2:46:77:1:-1:4:4:-1:-1:-1:-1:data:sendUp
1564112967:2:7:41:77:-1:-1:-1:-1:-1:3:4:41:data:recv
1564112967:3:2:47:77:1:-1:4:4:-1:-1:-1:-1:data:sendUp
1564112982:2:7:42:77:-1:-1:-1:-1:-1:3:4:42:data:recv
1564112982:3:2:48:77:1:-1:4:4:-1:-1:-1:-1:data:sendUp
1564112997:2:7:43:77:-1:-1:-1:-1:-1:3:4:43:data:recv
1564112997:3:2:49:77:1:-1:4:4:-1:-1:-1:-1:data:sendUp
1564113012:2:7:44:77:-1:-1:-1:-1:-1:3:4:44:data:recv
1564113012:3:2:50:77:1:-1:4:4:-1:-1:-1:-1:data:sendUp
1564113042:2:7:46:77:-1:-1:-1:-1:-1:3:4:46:data:recv
1564113042:3:2:52:77:1:-1:4:4:-1:-1:-1:-1:data:sendUp
1564113057:2:7:47:77:-1:-1:-1:-1:-1:3:4:47:data:recv
1564113057:3:2:53:77:1:-1:4:4:-1:-1:-1:-1:data:sendUp
1564113072:2:7:48:77:-1:-1:-1:-1:-1:3:4:48:data:recv
1564113072:3:2:54:77:1:-1:4:4:-1:-1:-1:-1:data:sendUp
1564113087:2:7:49:77:-1:-1:-1:-1:-1:3:4:49:data:recv
1564113087:3:2:55:77:1:-1:4:4:-1:-1:-1:-1:data:sendUp
1564113102:2:7:50:77:-1:-1:-1:-1:-1:3:4:50:data:recv
1564113102:3:2:56:77:1:-1:4:4:-1:-1:-1:-1:data:sendUp
1564113117:2:7:51:77:-1:-1:-1:-1:-1:3:4:51:data:recv
1564113117:3:2:57:77:1:-1:4:4:-1:-1:-1:-1:data:sendUp
1564113132:2:7:52:77:-1:-1:-1:-1:-1:3:4:52:data:recv
1564113132:3:2:58:77:1:-1:4:4:-1:-1:-1:-1:data:sendUp
1564113147:2:7:53:77:-1:-1:-1:-1:-1:3:4:53:data:recv
1564113147:3:2:59:77:1:-1:4:4:-1:-1:-1:-1:data:sendUp
1564113162:2:7:54:77:-1:-1:-1:-1:-1:3:4:54:data:recv
1564113162:3:2:60:77:1:-1:4:4:-1:-1:-1:-1:data:sendUp
1564113192:2:7:56:77:-1:-1:-1:-1:-1:3:4:56:data:recv
1564113192:3:2:62:77:1:-1:4:4:-1:-1:-1:-1:data:sendUp
1564113207:2:7:57:77:-1:-1:-1:-1:-1:3:4:57:data:recv
1564113207:3:2:63:77:1:-1:4:4:-1:-1:-1:-1:data:sendUp
1564113222:2:7:58:77:-1:-1:-1:-1:-1:3:4:58:data:recv
1564113222:3:2:64:77:1:-1:4:4:-1:-1:-1:-1:data:sendUp
1564113237:2:7:59:77:-1:-1:-1:-1:-1:3:4:59:data:recv
1564113237:3:2:65:77:1:-1:4:4:-1:-1:-1:-1:data:sendUp
1564113252:2:7:60:77:-1:-1:-1:-1:-1:3:4:60:data:recv
1564113252:3:2:66:77:1:-1:4:4:-1:-1:-1:-1:data:sendUp
1564113267:2:7:61:77:-1:-1:-1:-1:-1:3:4:61:data:recv
1564113267:3:2:67:77:1:-1:4:4:-1:-1:-1:-1:data:sendUp
1564113282:2:7:62:77:-1:-1:-1:-1:-1:3:4:62:data:recv
1564113282:3:2:68:77:1:-1:4:4:-1:-1:-1:-1:data:sendUp
1564113297:2:7:63:77:-1:-1:-1:-1:-1:3:4:63:data:recv
1564113297:3:2:69:77:1:-1:4:4:-1:-1:-1:-1:data:sendUp
1564113312:2:7:64:77:-1:-1:-1:-1:-1:3:4:64:data:recv
1564113312:3:2:70:77:1:-1:4:4:-1:-1:-1:-1:data:sendUp
1564113327:2:7:65:77:-1:-1:-1:-1:-1:3:4:65:data:recv
1564113327:3:2:71:77:1:-1:4:4:-1:-1:-1:-1:data:sendUp
1564113342:2:7:66:77:-1:-1:-1:-1:-1:3:4:66:data:recv
1564113342:3:2:72:77:1:-1:4:4:-1:-1:-1:-1:data:sendUp
1564113357:2:7:67:77:-1:-1:-1:-1:-1:3:4:67:data:recv
1564113357:3:2:73:77:1:-1:4:4:-1:-1:-1:-1:data:sendUp
1564113387:2:7:68:77:-1:-1:-1:-1:-1:3:4:68:data:recv
1564113387:3:2:75:77:1:-1:4:4:-1:-1:-1:-1:data:sendUp
1564113402:2:7:69:77:-1:-1:-1:-1:-1:3:4:69:data:recv
1564113402:3:2:76:77:1:-1:4:4:-1:-1:-1:-1:data:sendUp
1564113432:2:7:70:77:-1:-1:-1:-1:-1:3:4:70:data:recv
1564113432:3:2:78:77:1:-1:4:4:-1:-1:-1:-1:data:sendUp
1564113477:2:7:72:77:-1:-1:-1:-1:-1:3:4:72:data:recv
1564113477:3:2:81:77:1:-1:4:4:-1:-1:-1:-1:data:sendUp
1564113492:2:7:73:77:-1:-1:-1:-1:-1:3:4:73:data:recv
1564113492:3:2:82:77:1:-1:4:4:-1:-1:-1:-1:data:sendUp
1564113507:2:7:74:77:-1:-1:-1:-1:-1:3:4:74:data:recv
1564113507:3:2:83:77:1:-1:4:4:-1:-1:-1:-1:data:sendUp
1564113522:2:7:75:77:-1:-1:-1:-1:-1:3:4:75:data:recv
1564113522:3:2:84:77:1:-1:4:4:-1:-1:-1:-1:data:sendUp
1564113537:2:7:76:77:-1:-1:-1:-1:-1:3:4:76:data:recv
1564113537:3:2:85:77:1:-1:4:4:-1:-1:-1:-1:data:sendUp
1564113553:2:7:77:77:-1:-1:-1:-1:-1:3:4:77:data:recv
1564113553:3:2:86:77:1:-1:4:4:-1:-1:-1:-1:data:sendUp
1564113568:2:7:78:77:-1:-1:-1:-1:-1:3:4:78:data:recv
1564113568:3:2:87:77:1:-1:4:4:-1:-1:-1:-1:data:sendUp
1564113583:2:7:79:77:-1:-1:-1:-1:-1:3:4:79:data:recv
1564113583:3:2:88:77:1:-1:4:4:-1:-1:-1:-1:data:sendUp
1564113598:2:7:80:77:-1:-1:-1:-1:-1:3:4:80:data:recv
1564113598:3:2:89:77:1:-1:4:4:-1:-1:-1:-1:data:sendUp
1564113613:2:7:81:77:-1:-1:-1:-1:-1:3:4:81:data:recv
1564113613:3:2:90:77:1:-1:4:4:-1:-1:-1:-1:data:sendUp
1564113628:2:7:82:77:-1:-1:-1:-1:-1:3:4:82:data:recv
1564113628:3:2:91:77:1:-1:4:4:-1:-1:-1:-1:data:sendUp
1564113643:2:7:83:77:-1:-1:-1:-1:-1:3:4:83:data:recv
1564113643:3:2:92:77:1:-1:4:4:-1:-1:-1:-1:data:sendUp
1564113658:2:7:84:77:-1:-1:-1:-1:-1:3:4:84:data:recv
1564113658:3:2:93:77:1:-1:4:4:-1:-1:-1:-1:data:sendUp
1564113673:2:7:85:77:-1:-1:-1:-1:-1:3:4:85:data:recv
1564113673:3:2:94:77:1:-1:4:4:-1:-1:-1:-1:data:sendUp
1564113703:2:7:86:77:-1:-1:-1:-1:-1:3:4:86:data:recv
1564113703:3:2:96:77:1:-1:4:4:-1:-1:-1:-1:data:sendUp
1564113718:2:7:87:77:-1:-1:-1:-1:-1:3:4:87:data:recv
1564113718:3:2:97:77:1:-1:4:4:-1:-1:-1:-1:data:sendUp
1564113763:2:7:89:77:-1:-1:-1:-1:-1:3:4:89:data:recv
1564113763:3:2:100:77:1:-1:4:4:-1:-1:-1:-1:data:sendUp
1564113778:2:7:90:77:-1:-1:-1:-1:-1:3:4:90:data:recv
1564113778:3:2:101:77:1:-1:4:4:-1:-1:-1:-1:data:sendUp
1564113793:2:7:91:77:-1:-1:-1:-1:-1:3:4:91:data:recv
1564113793:3:2:102:77:1:-1:4:4:-1:-1:-1:-1:data:sendUp
1564113808:2:7:92:77:-1:-1:-1:-1:-1:3:4:92:data:recv
1564113808:3:2:103:77:1:-1:4:4:-1:-1:-1:-1:data:sendUp
1564113838:2:7:94:77:-1:-1:-1:-1:-1:3:4:94:data:recv
1564113838:3:2:105:77:1:-1:4:4:-1:-1:-1:-1:data:sendUp
1564113853:2:7:95:77:-1:-1:-1:-1:-1:3:4:95:data:recv
1564113853:3:2:106:77:1:-1:4:4:-1:-1:-1:-1:data:sendUp
1564113868:2:7:96:77:-1:-1:-1:-1:-1:3:4:96:data:recv
1564113868:3:2:107:77:1:-1:4:4:-1:-1:-1:-1:data:sendUp
1564113883:2:7:97:77:-1:-1:-1:-1:-1:3:4:97:data:recv
1564113883:3:2:108:77:1:-1:4:4:-1:-1:-1:-1:data:sendUp
1564113898:2:7:98:77:-1:-1:-1:-1:-1:3:4:98:data:recv
1564113898:3:2:109:77:1:-1:4:4:-1:-1:-1:-1:data:sendUp
1564113913:2:7:99:77:-1:-1:-1:-1:-1:3:4:99:data:recv
1564113913:3:2:110:77:1:-1:4:4:-1:-1:-1:-1:data:sendUp
1564113928:2:7:100:77:-1:-1:-1:-1:-1:3:4:100:data:recv
1564113928:3:2:111:77:1:-1:4:4:-1:-1:-1:-1:data:sendUp
1564113943:2:7:101:77:-1:-1:-1:-1:-1:3:4:101:data:recv
1564113943:3:2:112:77:1:-1:4:4:-1:-1:-1:-1:data:sendUp
1564113958:2:7:102:77:-1:-1:-1:-1:-1:3:4:102:data:recv
1564113958:3:2:113:77:1:-1:4:4:-1:-1:-1:-1:data:sendUp
1564113988:2:7:104:77:-1:-1:-1:-1:-1:3:4:104:data:recv
1564113988:3:2:115:77:1:-1:4:4:-1:-1:-1:-1:data:sendUp
1564114003:2:7:105:77:-1:-1:-1:-1:-1:3:4:105:data:recv
1564114003:3:2:116:77:1:-1:4:4:-1:-1:-1:-1:data:sendUp
1564114018:2:7:106:77:-1:-1:-1:-1:-1:3:4:106:data:recv
1564114018:3:2:117:77:1:-1:4:4:-1:-1:-1:-1:data:sendUp
1564114048:2:7:107:77:-1:-1:-1:-1:-1:3:4:107:data:recv
1564114048:3:2:119:77:1:-1:4:4:-1:-1:-1:-1:data:sendUp
1564114078:2:7:109:77:-1:-1:-1:-1:-1:3:4:109:data:recv
1564114078:3:2:121:77:1:-1:4:4:-1:-1:-1:-1:data:sendUp
1564114093:2:7:110:77:-1:-1:-1:-1:-1:3:4:110:data:recv
1564114093:3:2:122:77:1:-1:4:4:-1:-1:-1:-1:data:sendUp
1564114108:2:7:111:77:-1:-1:-1:-1:-1:3:4:111:data:recv
1564114108:3:2:123:77:1:-1:4:4:-1:-1:-1:-1:data:sendUp
1564114123:2:7:112:77:-1:-1:-1:-1:-1:3:4:112:data:recv
1564114123:3:2:124:77:1:-1:4:4:-1:-1:-1:-1:data:sendUp
1564114153:2:7:113:77:-1:-1:-1:-1:-1:3:4:113:data:recv
1564114153:3:2:126:77:1:-1:4:4:-1:-1:-1:-1:data:sendUp
1564114183:2:7:114:77:-1:-1:-1:-1:-1:3:4:114:data:recv
1564114183:3:2:128:77:1:-1:4:4:-1:-1:-1:-1:data:sendUp
1564114198:2:7:115:77:-1:-1:-1:-1:-1:3:4:115:data:recv
1564114198:3:2:129:77:1:-1:4:4:-1:-1:-1:-1:data:sendUp
1564114213:2:7:116:77:-1:-1:-1:-1:-1:3:4:116:data:recv
1564114213:3:2:130:77:1:-1:4:4:-1:-1:-1:-1:data:sendUp
1564114228:2:7:117:77:-1:-1:-1:-1:-1:3:4:117:data:recv
1564114228:3:2:131:77:1:-1:4:4:-1:-1:-1:-1:data:sendUp
1564114258:2:7:118:77:-1:-1:-1:-1:-1:3:4:118:data:recv
1564114258:3:2:133:77:1:-1:4:4:-1:-1:-1:-1:data:sendUp
1564114273:2:7:119:77:-1:-1:-1:-1:-1:3:4:119:data:recv
1564114273:3:2:134:77:1:-1:4:4:-1:-1:-1:-1:data:sendUp
1564114288:2:7:120:77:-1:-1:-1:-1:-1:3:4:120:data:recv
1564114288:3:2:135:77:1:-1:4:4:-1:-1:-1:-1:data:sendUp
1564114303:2:7:121:77:-1:-1:-1:-1:-1:3:4:121:data:recv
1564114303:3:2:136:77:1:-1:4:4:-1:-1:-1:-1:data:sendUp
1564114333:2:7:122:77:-1:-1:-1:-1:-1:3:4:122:data:recv
1564114333:3:2:138:77:1:-1:4:4:-1:-1:-1:-1:data:sendUp
1564114348:2:7:123:77:-1:-1:-1:-1:-1:3:4:123:data:recv
1564114348:3:2:139:77:1:-1:4:4:-1:-1:-1:-1:data:sendUp
1564114363:2:7:124:77:-1:-1:-1:-1:-1:3:4:124:data:recv
1564114363:3:2:140:77:1:-1:4:4:-1:-1:-1:-1:data:sendUp
1564114378:2:7:125:77:-1:-1:-1:-1:-1:3:4:125:data:recv
1564114378:3:2:141:77:1:-1:4:4:-1:-1:-1:-1:data:sendUp
1564114393:2:7:126:77:-1:-1:-1:-1:-1:3:4:126:data:recv
1564114393:3:2:142:77:1:-1:4:4:-1:-1:-1:-1:data:sendUp
1564114408:2:7:127:77:-1:-1:-1:-1:-1:3:4:127:data:recv
1564114408:3:2:143:77:1:-1:4:4:-1:-1:-1:-1:data:sendUp
1564114439:2:7:128:77:-1:-1:-1:-1:-1:3:4:128:data:recv
1564114439:3:2:145:77:1:-1:4:4:-1:-1:-1:-1:data:sendUp
1564114454:2:7:129:77:-1:-1:-1:-1:-1:3:4:129:data:recv
1564114454:3:2:146:77:1:-1:4:4:-1:-1:-1:-1:data:sendUp
1564114469:2:7:130:77:-1:-1:-1:-1:-1:3:4:130:data:recv
1564114469:3:2:147:77:1:-1:4:4:-1:-1:-1:-1:data:sendUp
1564114499:2:7:132:77:-1:-1:-1:-1:-1:3:4:132:data:recv
1564114499:3:2:149:77:1:-1:4:4:-1:-1:-1:-1:data:sendUp
1564114514:2:7:133:77:-1:-1:-1:-1:-1:3:4:133:data:recv
1564114514:3:2:150:77:1:-1:4:4:-1:-1:-1:-1:data:sendUp
1564114529:2:7:134:77:-1:-1:-1:-1:-1:3:4:134:data:recv
1564114529:3:2:151:77:1:-1:4:4:-1:-1:-1:-1:data:sendUp
1564114544:2:7:135:77:-1:-1:-1:-1:-1:3:4:135:data:recv
1564114544:3:2:152:77:1:-1:4:4:-1:-1:-1:-1:data:sendUp
1564114559:2:7:136:77:-1:-1:-1:-1:-1:3:4:136:data:recv
1564114559:3:2:153:77:1:-1:4:4:-1:-1:-1:-1:data:sendUp
1564114574:2:7:137:77:-1:-1:-1:-1:-1:3:4:137:data:recv
1564114574:3:2:154:77:1:-1:4:4:-1:-1:-1:-1:data:sendUp
1564114589:2:7:138:77:-1:-1:-1:-1:-1:3:4:138:data:recv
1564114589:3:2:155:77:1:-1:4:4:-1:-1:-1:-1:data:sendUp
1564114604:2:7:139:77:-1:-1:-1:-1:-1:3:4:139:data:recv
1564114604:3:2:156:77:1:-1:4:4:-1:-1:-1:-1:data:sendUp
1564114619:2:7:140:77:-1:-1:-1:-1:-1:3:4:140:data:recv
1564114619:3:2:157:77:1:-1:4:4:-1:-1:-1:-1:data:sendUp
1564114634:2:7:141:77:-1:-1:-1:-1:-1:3:4:141:data:recv
1564114634:3:2:158:77:1:-1:4:4:-1:-1:-1:-1:data:sendUp
1564114649:2:7:142:77:-1:-1:-1:-1:-1:3:4:142:data:recv
1564114649:3:2:159:77:1:-1:4:4:-1:-1:-1:-1:data:sendUp
1564114664:2:7:143:77:-1:-1:-1:-1:-1:3:4:143:data:recv
1564114664:3:2:160:77:1:-1:4:4:-1:-1:-1:-1:data:sendUp
1564114679:2:7:144:77:-1:-1:-1:-1:-1:3:4:144:data:recv
1564114679:3:2:161:77:1:-1:4:4:-1:-1:-1:-1:data:sendUp
1564114694:2:7:145:77:-1:-1:-1:-1:-1:3:4:145:data:recv
1564114694:3:2:162:77:1:-1:4:4:-1:-1:-1:-1:data:sendUp
1564114709:2:7:146:77:-1:-1:-1:-1:-1:3:4:146:data:recv
1564114709:3:2:163:77:1:-1:4:4:-1:-1:-1:-1:data:sendUp
1564114724:2:7:147:77:-1:-1:-1:-1:-1:3:4:147:data:recv
1564114724:3:2:164:77:1:-1:4:4:-1:-1:-1:-1:data:sendUp
1564114754:2:7:148:77:-1:-1:-1:-1:-1:3:4:148:data:recv
1564114754:3:2:166:77:1:-1:4:4:-1:-1:-1:-1:data:sendUp
1564114769:2:7:149:77:-1:-1:-1:-1:-1:3:4:149:data:recv
1564114769:3:2:167:77:1:-1:4:4:-1:-1:-1:-1:data:sendUp
1564114799:2:7:150:77:-1:-1:-1:-1:-1:3:4:150:data:recv
1564114799:3:2:169:77:1:-1:4:4:-1:-1:-1:-1:data:sendUp
1564114829:2:7:152:77:-1:-1:-1:-1:-1:3:4:152:data:recv
1564114829:3:2:171:77:1:-1:4:4:-1:-1:-1:-1:data:sendUp
1564114859:2:7:153:77:-1:-1:-1:-1:-1:3:4:153:data:recv
1564114859:3:2:173:77:1:-1:4:4:-1:-1:-1:-1:data:sendUp
1564114874:2:7:154:77:-1:-1:-1:-1:-1:3:4:154:data:recv
1564114874:3:2:174:77:1:-1:4:4:-1:-1:-1:-1:data:sendUp
1564114904:2:7:155:77:-1:-1:-1:-1:-1:3:4:155:data:recv
1564114904:3:2:176:77:1:-1:4:4:-1:-1:-1:-1:data:sendUp
1564114919:2:7:156:77:-1:-1:-1:-1:-1:3:4:156:data:recv
1564114919:3:2:177:77:1:-1:4:4:-1:-1:-1:-1:data:sendUp
1564114934:2:7:157:77:-1:-1:-1:-1:-1:3:4:157:data:recv
1564114934:3:2:178:77:1:-1:4:4:-1:-1:-1:-1:data:sendUp
1564114949:2:7:158:77:-1:-1:-1:-1:-1:3:4:158:data:recv
1564114949:3:2:179:77:1:-1:4:4:-1:-1:-1:-1:data:sendUp
1564114964:2:7:159:77:-1:-1:-1:-1:-1:3:4:159:data:recv
1564114964:3:2:180:77:1:-1:4:4:-1:-1:-1:-1:data:sendUp
1564114994:2:7:161:77:-1:-1:-1:-1:-1:3:4:161:data:recv
1564114994:3:2:182:77:1:-1:4:4:-1:-1:-1:-1:data:sendUp
1564115009:2:7:162:77:-1:-1:-1:-1:-1:3:4:162:data:recv
1564115009:3:2:183:77:1:-1:4:4:-1:-1:-1:-1:data:sendUp
1564115039:2:7:163:77:-1:-1:-1:-1:-1:3:4:163:data:recv
1564115039:3:2:185:77:1:-1:4:4:-1:-1:-1:-1:data:sendUp
1564115054:2:7:164:77:-1:-1:-1:-1:-1:3:4:164:data:recv
1564115054:3:2:186:77:1:-1:4:4:-1:-1:-1:-1:data:sendUp
1564115069:2:7:165:77:-1:-1:-1:-1:-1:3:4:165:data:recv
1564115069:3:2:187:77:1:-1:4:4:-1:-1:-1:-1:data:sendUp
1564115084:2:7:166:77:-1:-1:-1:-1:-1:3:4:166:data:recv
1564115084:3:2:188:77:1:-1:4:4:-1:-1:-1:-1:data:sendUp
1564115099:2:7:167:77:-1:-1:-1:-1:-1:3:4:167:data:recv
1564115099:3:2:189:77:1:-1:4:4:-1:-1:-1:-1:data:sendUp
1564115114:2:7:168:77:-1:-1:-1:-1:-1:3:4:168:data:recv
1564115114:3:2:190:77:1:-1:4:4:-1:-1:-1:-1:data:sendUp
1564115159:2:7:171:77:-1:-1:-1:-1:-1:3:4:171:data:recv
1564115159:3:2:193:77:1:-1:4:4:-1:-1:-1:-1:data:sendUp
1564115174:2:7:172:77:-1:-1:-1:-1:-1:3:4:172:data:recv
1564115174:3:2:194:77:1:-1:4:4:-1:-1:-1:-1:data:sendUp
1564115189:2:7:173:77:-1:-1:-1:-1:-1:3:4:173:data:recv
1564115189:3:2:195:77:1:-1:4:4:-1:-1:-1:-1:data:sendUp
1564115234:2:7:174:77:-1:-1:-1:-1:-1:3:4:174:data:recv
1564115234:3:2:198:77:1:-1:4:4:-1:-1:-1:-1:data:sendUp
1564115249:2:7:175:77:-1:-1:-1:-1:-1:3:4:175:data:recv
1564115249:3:2:199:77:1:-1:4:4:-1:-1:-1:-1:data:sendUp
1564115264:2:7:176:77:-1:-1:-1:-1:-1:3:4:176:data:recv
1564115264:3:2:200:77:1:-1:4:4:-1:-1:-1:-1:data:sendUp
1564115279:2:7:177:77:-1:-1:-1:-1:-1:3:4:177:data:recv
1564115279:3:2:201:77:1:-1:4:4:-1:-1:-1:-1:data:sendUp
1564115294:2:7:178:77:-1:-1:-1:-1:-1:3:4:178:data:recv
1564115294:3:2:202:77:1:-1:4:4:-1:-1:-1:-1:data:sendUp
1564115309:2:7:179:77:-1:-1:-1:-1:-1:3:4:179:data:recv
1564115309:3:2:203:77:1:-1:4:4:-1:-1:-1:-1:data:sendUp
1564115324:2:7:180:77:-1:-1:-1:-1:-1:3:4:180:data:recv
1564115324:3:2:204:77:1:-1:4:4:-1:-1:-1:-1:data:sendUp
1564115339:2:7:181:77:-1:-1:-1:-1:-1:3:4:181:data:recv
1564115339:3:2:205:77:1:-1:4:4:-1:-1:-1:-1:data:sendUp
1564115354:2:7:182:77:-1:-1:-1:-1:-1:3:4:182:data:recv
1564115354:3:2:206:77:1:-1:4:4:-1:-1:-1:-1:data:sendUp
1564115369:2:7:183:77:-1:-1:-1:-1:-1:3:4:183:data:recv
1564115369:3:2:207:77:1:-1:4:4:-1:-1:-1:-1:data:sendUp
1564115400:2:7:184:77:-1:-1:-1:-1:-1:3:4:184:data:recv
1564115400:3:2:209:77:1:-1:4:4:-1:-1:-1:-1:data:sendUp
1564115415:2:7:185:77:-1:-1:-1:-1:-1:3:4:185:data:recv
1564115415:3:2:210:77:1:-1:4:4:-1:-1:-1:-1:data:sendUp
1564115430:2:7:186:77:-1:-1:-1:-1:-1:3:4:186:data:recv
1564115430:3:2:211:77:1:-1:4:4:-1:-1:-1:-1:data:sendUp
1564115460:2:7:187:77:-1:-1:-1:-1:-1:3:4:187:data:recv
1564115460:3:2:213:77:1:-1:4:4:-1:-1:-1:-1:data:sendUp
1564115475:2:7:188:77:-1:-1:-1:-1:-1:3:4:188:data:recv
1564115475:3:2:214:77:1:-1:4:4:-1:-1:-1:-1:data:sendUp
1564115490:2:7:189:77:-1:-1:-1:-1:-1:3:4:189:data:recv
1564115490:3:2:215:77:1:-1:4:4:-1:-1:-1:-1:data:sendUp
1564115505:2:7:190:77:-1:-1:-1:-1:-1:3:4:190:data:recv
1564115505:3:2:216:77:1:-1:4:4:-1:-1:-1:-1:data:sendUp
1564115520:2:7:191:77:-1:-1:-1:-1:-1:3:4:191:data:recv
1564115520:3:2:217:77:1:-1:4:4:-1:-1:-1:-1:data:sendUp
1564115535:2:7:192:77:-1:-1:-1:-1:-1:3:4:192:data:recv
1564115535:3:2:218:77:1:-1:4:4:-1:-1:-1:-1:data:sendUp
1564115565:2:7:194:77:-1:-1:-1:-1:-1:3:4:194:data:recv
1564115565:3:2:220:77:1:-1:4:4:-1:-1:-1:-1:data:sendUp
1564115580:2:7:195:77:-1:-1:-1:-1:-1:3:4:195:data:recv
1564115580:3:2:221:77:1:-1:4:4:-1:-1:-1:-1:data:sendUp
1564115595:2:7:196:77:-1:-1:-1:-1:-1:3:4:196:data:recv
1564115595:3:2:222:77:1:-1:4:4:-1:-1:-1:-1:data:sendUp
1564115610:2:7:197:77:-1:-1:-1:-1:-1:3:4:197:data:recv
1564115610:3:2:223:77:1:-1:4:4:-1:-1:-1:-1:data:sendUp
1564115625:2:7:198:77:-1:-1:-1:-1:-1:3:4:198:data:recv
1564115625:3:2:224:77:1:-1:4:4:-1:-1:-1:-1:data:sendUp
1564115640:2:7:199:77:-1:-1:-1:-1:-1:3:4:199:data:recv
1564115640:3:2:225:77:1:-1:4:4:-1:-1:-1:-1:data:sendUp
1564115655:2:7:200:77:-1:-1:-1:-1:-1:3:4:200:data:recv
1564115655:3:2:226:77:1:-1:4:4:-1:-1:-1:-1:data:sendUp
1564115670:2:7:201:77:-1:-1:-1:-1:-1:3:4:201:data:recv
1564115670:3:2:227:77:1:-1:4:4:-1:-1:-1:-1:data:sendUp
1564115685:2:7:202:77:-1:-1:-1:-1:-1:3:4:202:data:recv
1564115685:3:2:228:77:1:-1:4:4:-1:-1:-1:-1:data:sendUp
1564115685:3:2:1:9:4:-1:3:1:-1:-1:-1:-1:data:send
1564115685:2:7:9:2:-1:-1:-1:-1:-1:4:3:1:data:send
1564115687:2:7:-1:-1:-1:-1:-1:-1:-1:3:4:1:ack:recv
1564115700:2:7:204:77:-1:-1:-1:-1:-1:3:4:204:data:recv
1564115700:3:2:229:77:1:-1:4:4:-1:-1:-1:-1:data:sendUp
