=========================Fri Jul 26 10:55:41 2019
1564109763:3:2:0:10:1:-1:2:3:-1:-1:-1:-1:data:send
1564109763:2:7:10:1:-1:-1:-1:-1:-1:1:2:0:data:send
1564109765:2:7:-1:-1:-1:-1:-1:-1:-1:2:1:0:ack:recv
1564109767:2:7:1:9:-1:-1:-1:-1:-1:2:1:1:data:recv
1564109767:2:7:-1:-1:-1:-1:-1:-1:-1:1:2:1:ack:send
1564109767:3:2:0:9:3:-1:1:1:-1:-1:-1:-1:data:sendUp
1564109787:3:2:1:77:1:-1:2:3:-1:-1:-1:-1:data:send
1564109787:2:7:77:2:-1:-1:-1:-1:-1:1:2:1:data:send
1564109797:3:2:2:77:1:-1:2:3:-1:-1:-1:-1:data:send
1564109797:2:7:77:3:-1:-1:-1:-1:-1:1:2:2:data:send
1564109807:3:2:3:77:1:-1:2:3:-1:-1:-1:-1:data:send
1564109807:2:7:77:4:-1:-1:-1:-1:-1:1:2:3:data:send
1564109817:3:2:4:77:1:-1:2:3:-1:-1:-1:-1:data:send
1564109817:2:7:77:5:-1:-1:-1:-1:-1:1:2:4:data:send
1564109827:3:2:5:77:1:-1:2:3:-1:-1:-1:-1:data:send
1564109827:2:7:77:6:-1:-1:-1:-1:-1:1:2:5:data:send
1564109837:3:2:6:77:1:-1:2:3:-1:-1:-1:-1:data:send
1564109837:2:7:77:7:-1:-1:-1:-1:-1:1:2:6:data:send
1564109847:3:2:7:77:1:-1:2:3:-1:-1:-1:-1:data:send
1564109847:2:7:77:8:-1:-1:-1:-1:-1:1:2:7:data:send
1564109857:3:2:8:77:1:-1:2:3:-1:-1:-1:-1:data:send
1564109857:2:7:77:9:-1:-1:-1:-1:-1:1:2:8:data:send
1564109867:3:2:9:77:1:-1:2:3:-1:-1:-1:-1:data:send
1564109867:2:7:77:10:-1:-1:-1:-1:-1:1:2:9:data:send
1564109877:3:2:10:77:1:-1:2:3:-1:-1:-1:-1:data:send
1564109877:2:7:77:11:-1:-1:-1:-1:-1:1:2:10:data:send
1564109887:3:2:11:77:1:-1:2:3:-1:-1:-1:-1:data:send
1564109887:2:7:77:12:-1:-1:-1:-1:-1:1:2:11:data:send
1564109897:3:2:12:77:1:-1:2:3:-1:-1:-1:-1:data:send
1564109897:2:7:77:13:-1:-1:-1:-1:-1:1:2:12:data:send
1564109907:3:2:13:77:1:-1:2:3:-1:-1:-1:-1:data:send
1564109907:2:7:77:14:-1:-1:-1:-1:-1:1:2:13:data:send
1564109917:3:2:14:77:1:-1:2:3:-1:-1:-1:-1:data:send
1564109917:2:7:77:15:-1:-1:-1:-1:-1:1:2:14:data:send
1564109927:3:2:15:77:1:-1:2:3:-1:-1:-1:-1:data:send
1564109927:2:7:77:16:-1:-1:-1:-1:-1:1:2:15:data:send
1564109937:3:2:16:77:1:-1:2:3:-1:-1:-1:-1:data:send
1564109937:2:7:77:17:-1:-1:-1:-1:-1:1:2:16:data:send
1564109947:3:2:17:77:1:-1:2:3:-1:-1:-1:-1:data:send
1564109947:2:7:77:18:-1:-1:-1:-1:-1:1:2:17:data:send
1564109957:3:2:18:77:1:-1:2:3:-1:-1:-1:-1:data:send
1564109957:2:7:77:19:-1:-1:-1:-1:-1:1:2:18:data:send
1564109967:3:2:19:77:1:-1:2:3:-1:-1:-1:-1:data:send
1564109967:2:7:77:20:-1:-1:-1:-1:-1:1:2:19:data:send
1564109977:3:2:20:77:1:-1:2:3:-1:-1:-1:-1:data:send
1564109977:2:7:77:21:-1:-1:-1:-1:-1:1:2:20:data:send
1564109987:3:2:21:77:1:-1:2:3:-1:-1:-1:-1:data:send
1564109987:2:7:77:22:-1:-1:-1:-1:-1:1:2:21:data:send
1564109997:3:2:22:77:1:-1:2:3:-1:-1:-1:-1:data:send
1564109997:2:7:77:23:-1:-1:-1:-1:-1:1:2:22:data:send
1564110007:3:2:23:77:1:-1:2:3:-1:-1:-1:-1:data:send
1564110007:2:7:77:24:-1:-1:-1:-1:-1:1:2:23:data:send
1564110017:3:2:24:77:1:-1:2:3:-1:-1:-1:-1:data:send
1564110017:2:7:77:25:-1:-1:-1:-1:-1:1:2:24:data:send
1564110027:3:2:25:77:1:-1:2:3:-1:-1:-1:-1:data:send
1564110027:2:7:77:26:-1:-1:-1:-1:-1:1:2:25:data:send
1564110037:3:2:26:77:1:-1:2:3:-1:-1:-1:-1:data:send
1564110037:2:7:77:27:-1:-1:-1:-1:-1:1:2:26:data:send
1564110047:3:2:27:77:1:-1:2:3:-1:-1:-1:-1:data:send
1564110047:2:7:77:28:-1:-1:-1:-1:-1:1:2:27:data:send
1564110057:3:2:28:77:1:-1:2:3:-1:-1:-1:-1:data:send
1564110057:2:7:77:29:-1:-1:-1:-1:-1:1:2:28:data:send
1564110067:3:2:29:77:1:-1:2:3:-1:-1:-1:-1:data:send
1564110067:2:7:77:30:-1:-1:-1:-1:-1:1:2:29:data:send
1564110077:3:2:30:77:1:-1:2:3:-1:-1:-1:-1:data:send
1564110077:2:7:77:31:-1:-1:-1:-1:-1:1:2:30:data:send
1564110087:3:2:31:77:1:-1:2:3:-1:-1:-1:-1:data:send
1564110087:2:7:77:32:-1:-1:-1:-1:-1:1:2:31:data:send
1564110097:3:2:32:77:1:-1:2:3:-1:-1:-1:-1:data:send
1564110097:2:7:77:33:-1:-1:-1:-1:-1:1:2:32:data:send
1564110107:3:2:33:77:1:-1:2:3:-1:-1:-1:-1:data:send
1564110107:2:7:77:34:-1:-1:-1:-1:-1:1:2:33:data:send
1564110117:3:2:34:77:1:-1:2:3:-1:-1:-1:-1:data:send
1564110117:2:7:77:35:-1:-1:-1:-1:-1:1:2:34:data:send
1564110127:3:2:35:77:1:-1:2:3:-1:-1:-1:-1:data:send
1564110127:2:7:77:36:-1:-1:-1:-1:-1:1:2:35:data:send
1564110137:3:2:36:77:1:-1:2:3:-1:-1:-1:-1:data:send
1564110137:2:7:77:37:-1:-1:-1:-1:-1:1:2:36:data:send
1564110147:3:2:37:77:1:-1:2:3:-1:-1:-1:-1:data:send
1564110147:2:7:77:38:-1:-1:-1:-1:-1:1:2:37:data:send
1564110157:3:2:38:77:1:-1:2:3:-1:-1:-1:-1:data:send
1564110157:2:7:77:39:-1:-1:-1:-1:-1:1:2:38:data:send
1564110167:3:2:39:77:1:-1:2:3:-1:-1:-1:-1:data:send
1564110167:2:7:77:40:-1:-1:-1:-1:-1:1:2:39:data:send
1564110177:3:2:40:77:1:-1:2:3:-1:-1:-1:-1:data:send
1564110177:2:7:77:41:-1:-1:-1:-1:-1:1:2:40:data:send
1564110187:3:2:41:77:1:-1:2:3:-1:-1:-1:-1:data:send
1564110187:2:7:77:42:-1:-1:-1:-1:-1:1:2:41:data:send
1564110197:3:2:42:77:1:-1:2:3:-1:-1:-1:-1:data:send
1564110197:2:7:77:43:-1:-1:-1:-1:-1:1:2:42:data:send
1564110207:3:2:43:77:1:-1:2:3:-1:-1:-1:-1:data:send
1564110207:2:7:77:44:-1:-1:-1:-1:-1:1:2:43:data:send
1564110217:3:2:44:77:1:-1:2:3:-1:-1:-1:-1:data:send
1564110217:2:7:77:45:-1:-1:-1:-1:-1:1:2:44:data:send
1564110227:3:2:45:77:1:-1:2:3:-1:-1:-1:-1:data:send
1564110227:2:7:77:46:-1:-1:-1:-1:-1:1:2:45:data:send
1564110237:3:2:46:77:1:-1:2:3:-1:-1:-1:-1:data:send
1564110237:2:7:77:47:-1:-1:-1:-1:-1:1:2:46:data:send
1564110247:3:2:47:77:1:-1:2:3:-1:-1:-1:-1:data:send
1564110247:2:7:77:48:-1:-1:-1:-1:-1:1:2:47:data:send
1564110257:3:2:48:77:1:-1:2:3:-1:-1:-1:-1:data:send
1564110257:2:7:77:49:-1:-1:-1:-1:-1:1:2:48:data:send
1564110267:3:2:49:77:1:-1:2:3:-1:-1:-1:-1:data:send
1564110267:2:7:77:50:-1:-1:-1:-1:-1:1:2:49:data:send
1564110277:3:2:50:77:1:-1:2:3:-1:-1:-1:-1:data:send
1564110277:2:7:77:51:-1:-1:-1:-1:-1:1:2:50:data:send
1564110287:3:2:51:77:1:-1:2:3:-1:-1:-1:-1:data:send
1564110287:2:7:77:52:-1:-1:-1:-1:-1:1:2:51:data:send
1564110297:3:2:52:77:1:-1:2:3:-1:-1:-1:-1:data:send
1564110297:2:7:77:53:-1:-1:-1:-1:-1:1:2:52:data:send
1564110307:3:2:53:77:1:-1:2:3:-1:-1:-1:-1:data:send
1564110307:2:7:77:54:-1:-1:-1:-1:-1:1:2:53:data:send
1564110317:3:2:54:77:1:-1:2:3:-1:-1:-1:-1:data:send
1564110317:2:7:77:55:-1:-1:-1:-1:-1:1:2:54:data:send
1564110327:3:2:55:77:1:-1:2:3:-1:-1:-1:-1:data:send
1564110327:2:7:77:56:-1:-1:-1:-1:-1:1:2:55:data:send
1564110338:3:2:56:77:1:-1:2:3:-1:-1:-1:-1:data:send
1564110338:2:7:77:57:-1:-1:-1:-1:-1:1:2:56:data:send
1564110348:3:2:57:77:1:-1:2:3:-1:-1:-1:-1:data:send
1564110348:2:7:77:58:-1:-1:-1:-1:-1:1:2:57:data:send
1564110358:3:2:58:77:1:-1:2:3:-1:-1:-1:-1:data:send
1564110358:2:7:77:59:-1:-1:-1:-1:-1:1:2:58:data:send
1564110368:3:2:59:77:1:-1:2:3:-1:-1:-1:-1:data:send
1564110368:2:7:77:60:-1:-1:-1:-1:-1:1:2:59:data:send
1564110378:3:2:60:77:1:-1:2:3:-1:-1:-1:-1:data:send
1564110378:2:7:77:61:-1:-1:-1:-1:-1:1:2:60:data:send
1564110388:3:2:61:77:1:-1:2:3:-1:-1:-1:-1:data:send
1564110388:2:7:77:62:-1:-1:-1:-1:-1:1:2:61:data:send
1564110398:3:2:62:77:1:-1:2:3:-1:-1:-1:-1:data:send
1564110398:2:7:77:63:-1:-1:-1:-1:-1:1:2:62:data:send
1564110408:3:2:63:77:1:-1:2:3:-1:-1:-1:-1:data:send
1564110408:2:7:77:64:-1:-1:-1:-1:-1:1:2:63:data:send
1564110418:3:2:64:77:1:-1:2:3:-1:-1:-1:-1:data:send
1564110418:2:7:77:65:-1:-1:-1:-1:-1:1:2:64:data:send
1564110428:3:2:65:77:1:-1:2:3:-1:-1:-1:-1:data:send
1564110428:2:7:77:66:-1:-1:-1:-1:-1:1:2:65:data:send
1564110438:3:2:66:77:1:-1:2:3:-1:-1:-1:-1:data:send
1564110438:2:7:77:67:-1:-1:-1:-1:-1:1:2:66:data:send
1564110448:3:2:67:77:1:-1:2:3:-1:-1:-1:-1:data:send
1564110448:2:7:77:68:-1:-1:-1:-1:-1:1:2:67:data:send
1564110458:3:2:68:77:1:-1:2:3:-1:-1:-1:-1:data:send
1564110458:2:7:77:69:-1:-1:-1:-1:-1:1:2:68:data:send
1564110468:3:2:69:77:1:-1:2:3:-1:-1:-1:-1:data:send
1564110468:2:7:77:70:-1:-1:-1:-1:-1:1:2:69:data:send
1564110478:3:2:70:77:1:-1:2:3:-1:-1:-1:-1:data:send
1564110478:2:7:77:71:-1:-1:-1:-1:-1:1:2:70:data:send
1564110488:3:2:71:77:1:-1:2:3:-1:-1:-1:-1:data:send
1564110488:2:7:77:72:-1:-1:-1:-1:-1:1:2:71:data:send
1564110498:3:2:72:77:1:-1:2:3:-1:-1:-1:-1:data:send
1564110498:2:7:77:73:-1:-1:-1:-1:-1:1:2:72:data:send
1564110508:3:2:73:77:1:-1:2:3:-1:-1:-1:-1:data:send
1564110508:2:7:77:74:-1:-1:-1:-1:-1:1:2:73:data:send
1564110518:3:2:74:77:1:-1:2:3:-1:-1:-1:-1:data:send
1564110518:2:7:77:75:-1:-1:-1:-1:-1:1:2:74:data:send
1564110528:3:2:75:77:1:-1:2:3:-1:-1:-1:-1:data:send
1564110528:2:7:77:76:-1:-1:-1:-1:-1:1:2:75:data:send
1564110538:3:2:76:77:1:-1:2:3:-1:-1:-1:-1:data:send
1564110538:2:7:77:77:-1:-1:-1:-1:-1:1:2:76:data:send
1564110548:3:2:77:77:1:-1:2:3:-1:-1:-1:-1:data:send
1564110548:2:7:77:78:-1:-1:-1:-1:-1:1:2:77:data:send
1564110558:3:2:78:77:1:-1:2:3:-1:-1:-1:-1:data:send
1564110558:2:7:77:79:-1:-1:-1:-1:-1:1:2:78:data:send
1564110568:3:2:79:77:1:-1:2:3:-1:-1:-1:-1:data:send
1564110568:2:7:77:80:-1:-1:-1:-1:-1:1:2:79:data:send
1564110578:3:2:80:77:1:-1:2:3:-1:-1:-1:-1:data:send
1564110578:2:7:77:81:-1:-1:-1:-1:-1:1:2:80:data:send
1564110588:3:2:81:77:1:-1:2:3:-1:-1:-1:-1:data:send
1564110588:2:7:77:82:-1:-1:-1:-1:-1:1:2:81:data:send
1564110598:3:2:82:77:1:-1:2:3:-1:-1:-1:-1:data:send
1564110598:2:7:77:83:-1:-1:-1:-1:-1:1:2:82:data:send
1564110608:3:2:83:77:1:-1:2:3:-1:-1:-1:-1:data:send
1564110608:2:7:77:84:-1:-1:-1:-1:-1:1:2:83:data:send
1564110618:3:2:84:77:1:-1:2:3:-1:-1:-1:-1:data:send
1564110618:2:7:77:85:-1:-1:-1:-1:-1:1:2:84:data:send
1564110628:3:2:85:77:1:-1:2:3:-1:-1:-1:-1:data:send
1564110628:2:7:77:86:-1:-1:-1:-1:-1:1:2:85:data:send
1564110638:3:2:86:77:1:-1:2:3:-1:-1:-1:-1:data:send
1564110638:2:7:77:87:-1:-1:-1:-1:-1:1:2:86:data:send
1564110648:3:2:87:77:1:-1:2:3:-1:-1:-1:-1:data:send
1564110648:2:7:77:88:-1:-1:-1:-1:-1:1:2:87:data:send
1564110658:3:2:88:77:1:-1:2:3:-1:-1:-1:-1:data:send
1564110658:2:7:77:89:-1:-1:-1:-1:-1:1:2:88:data:send
1564110668:3:2:89:77:1:-1:2:3:-1:-1:-1:-1:data:send
1564110668:2:7:77:90:-1:-1:-1:-1:-1:1:2:89:data:send
1564110678:3:2:90:77:1:-1:2:3:-1:-1:-1:-1:data:send
1564110678:2:7:77:91:-1:-1:-1:-1:-1:1:2:90:data:send
1564110688:3:2:91:77:1:-1:2:3:-1:-1:-1:-1:data:send
1564110688:2:7:77:92:-1:-1:-1:-1:-1:1:2:91:data:send
1564110698:3:2:92:77:1:-1:2:3:-1:-1:-1:-1:data:send
1564110698:2:7:77:93:-1:-1:-1:-1:-1:1:2:92:data:send
1564110708:3:2:93:77:1:-1:2:3:-1:-1:-1:-1:data:send
1564110708:2:7:77:94:-1:-1:-1:-1:-1:1:2:93:data:send
1564110718:3:2:94:77:1:-1:2:3:-1:-1:-1:-1:data:send
1564110718:2:7:77:95:-1:-1:-1:-1:-1:1:2:94:data:send
1564110728:3:2:95:77:1:-1:2:3:-1:-1:-1:-1:data:send
1564110728:2:7:77:96:-1:-1:-1:-1:-1:1:2:95:data:send
1564110738:3:2:96:77:1:-1:2:3:-1:-1:-1:-1:data:send
1564110738:2:7:77:97:-1:-1:-1:-1:-1:1:2:96:data:send
1564110748:3:2:97:77:1:-1:2:3:-1:-1:-1:-1:data:send
1564110748:2:7:77:98:-1:-1:-1:-1:-1:1:2:97:data:send
1564110758:3:2:98:77:1:-1:2:3:-1:-1:-1:-1:data:send
1564110758:2:7:77:99:-1:-1:-1:-1:-1:1:2:98:data:send
1564110768:3:2:99:77:1:-1:2:3:-1:-1:-1:-1:data:send
1564110768:2:7:77:100:-1:-1:-1:-1:-1:1:2:99:data:send
1564110778:3:2:100:77:1:-1:2:3:-1:-1:-1:-1:data:send
1564110778:2:7:77:101:-1:-1:-1:-1:-1:1:2:100:data:send
1564110788:3:2:101:77:1:-1:2:3:-1:-1:-1:-1:data:send
1564110788:2:7:77:102:-1:-1:-1:-1:-1:1:2:101:data:send
1564110798:3:2:102:77:1:-1:2:3:-1:-1:-1:-1:data:send
1564110798:2:7:77:103:-1:-1:-1:-1:-1:1:2:102:data:send
1564110808:3:2:103:77:1:-1:2:3:-1:-1:-1:-1:data:send
1564110808:2:7:77:104:-1:-1:-1:-1:-1:1:2:103:data:send
1564110818:3:2:104:77:1:-1:2:3:-1:-1:-1:-1:data:send
1564110818:2:7:77:105:-1:-1:-1:-1:-1:1:2:104:data:send
1564110828:3:2:105:77:1:-1:2:3:-1:-1:-1:-1:data:send
1564110828:2:7:77:106:-1:-1:-1:-1:-1:1:2:105:data:send
1564110838:3:2:106:77:1:-1:2:3:-1:-1:-1:-1:data:send
1564110838:2:7:77:107:-1:-1:-1:-1:-1:1:2:106:data:send
1564110848:3:2:107:77:1:-1:2:3:-1:-1:-1:-1:data:send
1564110848:2:7:77:108:-1:-1:-1:-1:-1:1:2:107:data:send
1564110858:3:2:108:77:1:-1:2:3:-1:-1:-1:-1:data:send
1564110858:2:7:77:109:-1:-1:-1:-1:-1:1:2:108:data:send
1564110868:3:2:109:77:1:-1:2:3:-1:-1:-1:-1:data:send
1564110868:2:7:77:110:-1:-1:-1:-1:-1:1:2:109:data:send
1564110878:3:2:110:77:1:-1:2:3:-1:-1:-1:-1:data:send
1564110878:2:7:77:111:-1:-1:-1:-1:-1:1:2:110:data:send
1564110888:3:2:111:77:1:-1:2:3:-1:-1:-1:-1:data:send
1564110888:2:7:77:112:-1:-1:-1:-1:-1:1:2:111:data:send
1564110898:3:2:112:77:1:-1:2:3:-1:-1:-1:-1:data:send
1564110898:2:7:77:113:-1:-1:-1:-1:-1:1:2:112:data:send
1564110908:3:2:113:77:1:-1:2:3:-1:-1:-1:-1:data:send
1564110908:2:7:77:114:-1:-1:-1:-1:-1:1:2:113:data:send
1564110918:3:2:114:77:1:-1:2:3:-1:-1:-1:-1:data:send
1564110918:2:7:77:115:-1:-1:-1:-1:-1:1:2:114:data:send
1564110928:3:2:115:77:1:-1:2:3:-1:-1:-1:-1:data:send
1564110928:2:7:77:116:-1:-1:-1:-1:-1:1:2:115:data:send
1564110938:3:2:116:77:1:-1:2:3:-1:-1:-1:-1:data:send
1564110938:2:7:77:117:-1:-1:-1:-1:-1:1:2:116:data:send
1564110948:3:2:117:77:1:-1:2:3:-1:-1:-1:-1:data:send
1564110948:2:7:77:118:-1:-1:-1:-1:-1:1:2:117:data:send
1564110958:3:2:118:77:1:-1:2:3:-1:-1:-1:-1:data:send
1564110958:2:7:77:119:-1:-1:-1:-1:-1:1:2:118:data:send
1564110968:3:2:119:77:1:-1:2:3:-1:-1:-1:-1:data:send
1564110968:2:7:77:120:-1:-1:-1:-1:-1:1:2:119:data:send
1564110978:3:2:120:77:1:-1:2:3:-1:-1:-1:-1:data:send
1564110978:2:7:77:121:-1:-1:-1:-1:-1:1:2:120:data:send
1564110988:3:2:121:77:1:-1:2:3:-1:-1:-1:-1:data:send
1564110988:2:7:77:122:-1:-1:-1:-1:-1:1:2:121:data:send
1564110998:3:2:122:77:1:-1:2:3:-1:-1:-1:-1:data:send
1564110998:2:7:77:123:-1:-1:-1:-1:-1:1:2:122:data:send
1564111008:3:2:123:77:1:-1:2:3:-1:-1:-1:-1:data:send
1564111008:2:7:77:124:-1:-1:-1:-1:-1:1:2:123:data:send
1564111018:3:2:124:77:1:-1:2:3:-1:-1:-1:-1:data:send
1564111018:2:7:77:125:-1:-1:-1:-1:-1:1:2:124:data:send
1564111028:3:2:125:77:1:-1:2:3:-1:-1:-1:-1:data:send
1564111028:2:7:77:126:-1:-1:-1:-1:-1:1:2:125:data:send
1564111038:3:2:126:77:1:-1:2:3:-1:-1:-1:-1:data:send
1564111038:2:7:77:127:-1:-1:-1:-1:-1:1:2:126:data:send
1564111048:3:2:127:77:1:-1:2:3:-1:-1:-1:-1:data:send
1564111048:2:7:77:128:-1:-1:-1:-1:-1:1:2:127:data:send
1564111058:3:2:128:77:1:-1:2:3:-1:-1:-1:-1:data:send
1564111058:2:7:77:129:-1:-1:-1:-1:-1:1:2:128:data:send
1564111068:3:2:129:77:1:-1:2:3:-1:-1:-1:-1:data:send
1564111068:2:7:77:130:-1:-1:-1:-1:-1:1:2:129:data:send
1564111078:3:2:130:77:1:-1:2:3:-1:-1:-1:-1:data:send
1564111078:2:7:77:131:-1:-1:-1:-1:-1:1:2:130:data:send
1564111088:3:2:131:77:1:-1:2:3:-1:-1:-1:-1:data:send
1564111088:2:7:77:132:-1:-1:-1:-1:-1:1:2:131:data:send
1564111098:3:2:132:77:1:-1:2:3:-1:-1:-1:-1:data:send
1564111098:2:7:77:133:-1:-1:-1:-1:-1:1:2:132:data:send
1564111108:3:2:133:77:1:-1:2:3:-1:-1:-1:-1:data:send
1564111108:2:7:77:134:-1:-1:-1:-1:-1:1:2:133:data:send
1564111119:3:2:134:77:1:-1:2:3:-1:-1:-1:-1:data:send
1564111119:2:7:77:135:-1:-1:-1:-1:-1:1:2:134:data:send
1564111129:3:2:135:77:1:-1:2:3:-1:-1:-1:-1:data:send
1564111129:2:7:77:136:-1:-1:-1:-1:-1:1:2:135:data:send
1564111139:3:2:136:77:1:-1:2:3:-1:-1:-1:-1:data:send
1564111139:2:7:77:137:-1:-1:-1:-1:-1:1:2:136:data:send
1564111149:3:2:137:77:1:-1:2:3:-1:-1:-1:-1:data:send
1564111149:2:7:77:138:-1:-1:-1:-1:-1:1:2:137:data:send
1564111159:3:2:138:77:1:-1:2:3:-1:-1:-1:-1:data:send
1564111159:2:7:77:139:-1:-1:-1:-1:-1:1:2:138:data:send
1564111169:3:2:139:77:1:-1:2:3:-1:-1:-1:-1:data:send
1564111169:2:7:77:140:-1:-1:-1:-1:-1:1:2:139:data:send
1564111179:3:2:140:77:1:-1:2:3:-1:-1:-1:-1:data:send
1564111179:2:7:77:141:-1:-1:-1:-1:-1:1:2:140:data:send
1564111189:3:2:141:77:1:-1:2:3:-1:-1:-1:-1:data:send
1564111189:2:7:77:142:-1:-1:-1:-1:-1:1:2:141:data:send
1564111199:3:2:142:77:1:-1:2:3:-1:-1:-1:-1:data:send
1564111199:2:7:77:143:-1:-1:-1:-1:-1:1:2:142:data:send
1564111209:3:2:143:77:1:-1:2:3:-1:-1:-1:-1:data:send
1564111209:2:7:77:144:-1:-1:-1:-1:-1:1:2:143:data:send
1564111219:3:2:144:77:1:-1:2:3:-1:-1:-1:-1:data:send
1564111219:2:7:77:145:-1:-1:-1:-1:-1:1:2:144:data:send
1564111229:3:2:145:77:1:-1:2:3:-1:-1:-1:-1:data:send
1564111229:2:7:77:146:-1:-1:-1:-1:-1:1:2:145:data:send
1564111239:3:2:146:77:1:-1:2:3:-1:-1:-1:-1:data:send
1564111239:2:7:77:147:-1:-1:-1:-1:-1:1:2:146:data:send
1564111249:3:2:147:77:1:-1:2:3:-1:-1:-1:-1:data:send
1564111249:2:7:77:148:-1:-1:-1:-1:-1:1:2:147:data:send
1564111259:3:2:148:77:1:-1:2:3:-1:-1:-1:-1:data:send
1564111259:2:7:77:149:-1:-1:-1:-1:-1:1:2:148:data:send
1564111269:3:2:149:77:1:-1:2:3:-1:-1:-1:-1:data:send
1564111269:2:7:77:150:-1:-1:-1:-1:-1:1:2:149:data:send
1564111279:3:2:150:77:1:-1:2:3:-1:-1:-1:-1:data:send
1564111279:2:7:77:151:-1:-1:-1:-1:-1:1:2:150:data:send
1564111289:3:2:151:77:1:-1:2:3:-1:-1:-1:-1:data:send
1564111289:2:7:77:152:-1:-1:-1:-1:-1:1:2:151:data:send
1564111299:3:2:152:77:1:-1:2:3:-1:-1:-1:-1:data:send
1564111299:2:7:77:153:-1:-1:-1:-1:-1:1:2:152:data:send
1564111309:3:2:153:77:1:-1:2:3:-1:-1:-1:-1:data:send
1564111309:2:7:77:154:-1:-1:-1:-1:-1:1:2:153:data:send
1564111319:3:2:154:77:1:-1:2:3:-1:-1:-1:-1:data:send
1564111319:2:7:77:155:-1:-1:-1:-1:-1:1:2:154:data:send
1564111329:3:2:155:77:1:-1:2:3:-1:-1:-1:-1:data:send
1564111329:2:7:77:156:-1:-1:-1:-1:-1:1:2:155:data:send
1564111339:3:2:156:77:1:-1:2:3:-1:-1:-1:-1:data:send
1564111339:2:7:77:157:-1:-1:-1:-1:-1:1:2:156:data:send
1564111349:3:2:157:77:1:-1:2:3:-1:-1:-1:-1:data:send
1564111349:2:7:77:158:-1:-1:-1:-1:-1:1:2:157:data:send
1564111359:3:2:158:77:1:-1:2:3:-1:-1:-1:-1:data:send
1564111359:2:7:77:159:-1:-1:-1:-1:-1:1:2:158:data:send
1564111369:3:2:159:77:1:-1:2:3:-1:-1:-1:-1:data:send
1564111369:2:7:77:160:-1:-1:-1:-1:-1:1:2:159:data:send
1564111379:3:2:160:77:1:-1:2:3:-1:-1:-1:-1:data:send
1564111379:2:7:77:161:-1:-1:-1:-1:-1:1:2:160:data:send
1564111389:3:2:161:77:1:-1:2:3:-1:-1:-1:-1:data:send
1564111389:2:7:77:162:-1:-1:-1:-1:-1:1:2:161:data:send
1564111399:3:2:162:77:1:-1:2:3:-1:-1:-1:-1:data:send
1564111399:2:7:77:163:-1:-1:-1:-1:-1:1:2:162:data:send
1564111409:3:2:163:77:1:-1:2:3:-1:-1:-1:-1:data:send
1564111409:2:7:77:164:-1:-1:-1:-1:-1:1:2:163:data:send
1564111419:3:2:164:77:1:-1:2:3:-1:-1:-1:-1:data:send
1564111419:2:7:77:165:-1:-1:-1:-1:-1:1:2:164:data:send
1564111429:3:2:165:77:1:-1:2:3:-1:-1:-1:-1:data:send
1564111429:2:7:77:166:-1:-1:-1:-1:-1:1:2:165:data:send
1564111439:3:2:166:77:1:-1:2:3:-1:-1:-1:-1:data:send
1564111439:2:7:77:167:-1:-1:-1:-1:-1:1:2:166:data:send
1564111449:3:2:167:77:1:-1:2:3:-1:-1:-1:-1:data:send
1564111449:2:7:77:168:-1:-1:-1:-1:-1:1:2:167:data:send
1564111459:3:2:168:77:1:-1:2:3:-1:-1:-1:-1:data:send
1564111459:2:7:77:169:-1:-1:-1:-1:-1:1:2:168:data:send
1564111469:3:2:169:77:1:-1:2:3:-1:-1:-1:-1:data:send
1564111469:2:7:77:170:-1:-1:-1:-1:-1:1:2:169:data:send
1564111479:3:2:170:77:1:-1:2:3:-1:-1:-1:-1:data:send
1564111479:2:7:77:171:-1:-1:-1:-1:-1:1:2:170:data:send
1564111489:3:2:171:77:1:-1:2:3:-1:-1:-1:-1:data:send
1564111489:2:7:77:172:-1:-1:-1:-1:-1:1:2:171:data:send
1564111499:3:2:172:77:1:-1:2:3:-1:-1:-1:-1:data:send
1564111499:2:7:77:173:-1:-1:-1:-1:-1:1:2:172:data:send
1564111509:3:2:173:77:1:-1:2:3:-1:-1:-1:-1:data:send
1564111509:2:7:77:174:-1:-1:-1:-1:-1:1:2:173:data:send
1564111519:3:2:174:77:1:-1:2:3:-1:-1:-1:-1:data:send
1564111519:2:7:77:175:-1:-1:-1:-1:-1:1:2:174:data:send
1564111529:3:2:175:77:1:-1:2:3:-1:-1:-1:-1:data:send
1564111529:2:7:77:176:-1:-1:-1:-1:-1:1:2:175:data:send
1564111539:3:2:176:77:1:-1:2:3:-1:-1:-1:-1:data:send
1564111539:2:7:77:177:-1:-1:-1:-1:-1:1:2:176:data:send
1564111549:3:2:177:77:1:-1:2:3:-1:-1:-1:-1:data:send
1564111549:2:7:77:178:-1:-1:-1:-1:-1:1:2:177:data:send
1564111559:3:2:178:77:1:-1:2:3:-1:-1:-1:-1:data:send
1564111559:2:7:77:179:-1:-1:-1:-1:-1:1:2:178:data:send
1564111569:3:2:179:77:1:-1:2:3:-1:-1:-1:-1:data:send
1564111569:2:7:77:180:-1:-1:-1:-1:-1:1:2:179:data:send
1564111579:3:2:180:77:1:-1:2:3:-1:-1:-1:-1:data:send
1564111579:2:7:77:181:-1:-1:-1:-1:-1:1:2:180:data:send
1564111589:3:2:181:77:1:-1:2:3:-1:-1:-1:-1:data:send
1564111589:2:7:77:182:-1:-1:-1:-1:-1:1:2:181:data:send
1564111599:3:2:182:77:1:-1:2:3:-1:-1:-1:-1:data:send
1564111599:2:7:77:183:-1:-1:-1:-1:-1:1:2:182:data:send
1564111609:3:2:183:77:1:-1:2:3:-1:-1:-1:-1:data:send
1564111609:2:7:77:184:-1:-1:-1:-1:-1:1:2:183:data:send
1564111619:3:2:184:77:1:-1:2:3:-1:-1:-1:-1:data:send
1564111619:2:7:77:185:-1:-1:-1:-1:-1:1:2:184:data:send
1564111629:3:2:185:77:1:-1:2:3:-1:-1:-1:-1:data:send
1564111629:2:7:77:186:-1:-1:-1:-1:-1:1:2:185:data:send
1564111639:3:2:186:77:1:-1:2:3:-1:-1:-1:-1:data:send
1564111639:2:7:77:187:-1:-1:-1:-1:-1:1:2:186:data:send
1564111649:3:2:187:77:1:-1:2:3:-1:-1:-1:-1:data:send
1564111649:2:7:77:188:-1:-1:-1:-1:-1:1:2:187:data:send
1564111659:3:2:188:77:1:-1:2:3:-1:-1:-1:-1:data:send
1564111659:2:7:77:189:-1:-1:-1:-1:-1:1:2:188:data:send
1564111669:3:2:189:77:1:-1:2:3:-1:-1:-1:-1:data:send
1564111669:2:7:77:190:-1:-1:-1:-1:-1:1:2:189:data:send
1564111679:3:2:190:77:1:-1:2:3:-1:-1:-1:-1:data:send
1564111679:2:7:77:191:-1:-1:-1:-1:-1:1:2:190:data:send
1564111689:3:2:191:77:1:-1:2:3:-1:-1:-1:-1:data:send
1564111689:2:7:77:192:-1:-1:-1:-1:-1:1:2:191:data:send
1564111699:3:2:192:77:1:-1:2:3:-1:-1:-1:-1:data:send
1564111699:2:7:77:193:-1:-1:-1:-1:-1:1:2:192:data:send
1564111709:3:2:193:77:1:-1:2:3:-1:-1:-1:-1:data:send
1564111709:2:7:77:194:-1:-1:-1:-1:-1:1:2:193:data:send
1564111719:3:2:194:77:1:-1:2:3:-1:-1:-1:-1:data:send
1564111719:2:7:77:195:-1:-1:-1:-1:-1:1:2:194:data:send
1564111729:3:2:195:77:1:-1:2:3:-1:-1:-1:-1:data:send
1564111729:2:7:77:196:-1:-1:-1:-1:-1:1:2:195:data:send
1564111739:3:2:196:77:1:-1:2:3:-1:-1:-1:-1:data:send
1564111739:2:7:77:197:-1:-1:-1:-1:-1:1:2:196:data:send
1564111749:3:2:197:77:1:-1:2:3:-1:-1:-1:-1:data:send
1564111749:2:7:77:198:-1:-1:-1:-1:-1:1:2:197:data:send
1564111759:3:2:198:77:1:-1:2:3:-1:-1:-1:-1:data:send
1564111759:2:7:77:199:-1:-1:-1:-1:-1:1:2:198:data:send
1564111769:3:2:199:77:1:-1:2:3:-1:-1:-1:-1:data:send
1564111769:2:7:77:200:-1:-1:-1:-1:-1:1:2:199:data:send
1564111779:3:2:200:77:1:-1:2:3:-1:-1:-1:-1:data:send
1564111779:2:7:77:201:-1:-1:-1:-1:-1:1:2:200:data:send
1564111789:3:2:201:77:1:-1:2:3:-1:-1:-1:-1:data:send
1564111789:2:7:77:202:-1:-1:-1:-1:-1:1:2:201:data:send
1564111799:3:2:202:77:1:-1:2:3:-1:-1:-1:-1:data:send
1564111799:2:7:77:203:-1:-1:-1:-1:-1:1:2:202:data:send
1564111809:3:2:203:77:1:-1:2:3:-1:-1:-1:-1:data:send
1564111809:2:7:77:204:-1:-1:-1:-1:-1:1:2:203:data:send
1564111819:3:2:204:77:1:-1:2:3:-1:-1:-1:-1:data:send
1564111819:2:7:77:205:-1:-1:-1:-1:-1:1:2:204:data:send
1564111829:3:2:205:77:1:-1:2:3:-1:-1:-1:-1:data:send
1564111829:2:7:77:206:-1:-1:-1:-1:-1:1:2:205:data:send
1564111839:3:2:206:77:1:-1:2:3:-1:-1:-1:-1:data:send
1564111839:2:7:77:207:-1:-1:-1:-1:-1:1:2:206:data:send
1564111849:3:2:207:77:1:-1:2:3:-1:-1:-1:-1:data:send
1564111849:2:7:77:208:-1:-1:-1:-1:-1:1:2:207:data:send
1564111860:3:2:208:77:1:-1:2:3:-1:-1:-1:-1:data:send
1564111860:2:7:77:209:-1:-1:-1:-1:-1:1:2:208:data:send
1564111870:3:2:209:77:1:-1:2:3:-1:-1:-1:-1:data:send
1564111870:2:7:77:210:-1:-1:-1:-1:-1:1:2:209:data:send
1564111880:3:2:210:77:1:-1:2:3:-1:-1:-1:-1:data:send
1564111880:2:7:77:211:-1:-1:-1:-1:-1:1:2:210:data:send
1564111890:3:2:211:77:1:-1:2:3:-1:-1:-1:-1:data:send
1564111890:2:7:77:212:-1:-1:-1:-1:-1:1:2:211:data:send
1564111900:3:2:212:77:1:-1:2:3:-1:-1:-1:-1:data:send
1564111900:2:7:77:213:-1:-1:-1:-1:-1:1:2:212:data:send
1564111910:3:2:213:77:1:-1:2:3:-1:-1:-1:-1:data:send
1564111910:2:7:77:214:-1:-1:-1:-1:-1:1:2:213:data:send
1564111920:3:2:214:77:1:-1:2:3:-1:-1:-1:-1:data:send
1564111920:2:7:77:215:-1:-1:-1:-1:-1:1:2:214:data:send
1564111930:3:2:215:77:1:-1:2:3:-1:-1:-1:-1:data:send
1564111930:2:7:77:216:-1:-1:-1:-1:-1:1:2:215:data:send
1564111940:3:2:216:77:1:-1:2:3:-1:-1:-1:-1:data:send
1564111940:2:7:77:217:-1:-1:-1:-1:-1:1:2:216:data:send
1564111945:2:7:203:9:-1:-1:-1:-1:-1:2:1:203:data:recv
1564111945:2:7:-1:-1:-1:-1:-1:-1:-1:1:2:203:ack:send
1564111945:3:2:1:9:3:-1:1:1:-1:-1:-1:-1:data:sendUp
1564111950:3:2:217:77:1:-1:2:3:-1:-1:-1:-1:data:send
1564111950:2:7:77:218:-1:-1:-1:-1:-1:1:2:217:data:send
