=========================Fri Jul 26 10:55:42 2019
1564109764:2:7:0:10:-1:-1:-1:-1:-1:1:2:0:data:recv
1564109764:2:7:-1:-1:-1:-1:-1:-1:-1:2:1:0:ack:send
1564109764:3:2:0:10:1:-1:3:3:-1:-1:-1:-1:data:forward
1564109764:2:7:10:1:-1:-1:-1:-1:-1:2:3:0:data:send
1564109766:2:7:-1:-1:-1:-1:-1:-1:-1:3:2:0:ack:recv
1564109766:2:7:0:9:-1:-1:-1:-1:-1:3:2:0:data:recv
1564109766:2:7:-1:-1:-1:-1:-1:-1:-1:2:3:0:ack:send
1564109766:3:2:0:9:3:-1:1:1:-1:-1:-1:-1:data:forward
1564109766:2:7:9:2:-1:-1:-1:-1:-1:2:1:1:data:send
1564109767:2:7:-1:-1:-1:-1:-1:-1:-1:1:2:1:ack:recv
1564109788:2:7:1:77:-1:-1:-1:-1:-1:1:2:1:data:recv
1564109788:3:2:1:77:1:-1:3:3:-1:-1:-1:-1:data:forward
1564109788:2:7:77:3:-1:-1:-1:-1:-1:2:3:2:data:send
1564109798:2:7:2:77:-1:-1:-1:-1:-1:1:2:2:data:recv
1564109798:3:2:2:77:1:-1:3:3:-1:-1:-1:-1:data:forward
1564109798:2:7:77:4:-1:-1:-1:-1:-1:2:3:3:data:send
1564109808:2:7:3:77:-1:-1:-1:-1:-1:1:2:3:data:recv
1564109808:3:2:3:77:1:-1:3:3:-1:-1:-1:-1:data:forward
1564109808:2:7:77:5:-1:-1:-1:-1:-1:2:3:4:data:send
1564109818:2:7:4:77:-1:-1:-1:-1:-1:1:2:4:data:recv
1564109818:3:2:4:77:1:-1:3:3:-1:-1:-1:-1:data:forward
1564109818:2:7:77:6:-1:-1:-1:-1:-1:2:3:5:data:send
1564109828:2:7:5:77:-1:-1:-1:-1:-1:1:2:5:data:recv
1564109828:3:2:5:77:1:-1:3:3:-1:-1:-1:-1:data:forward
1564109828:2:7:77:7:-1:-1:-1:-1:-1:2:3:6:data:send
1564109838:2:7:6:77:-1:-1:-1:-1:-1:1:2:6:data:recv
1564109838:3:2:6:77:1:-1:3:3:-1:-1:-1:-1:data:forward
1564109838:2:7:77:8:-1:-1:-1:-1:-1:2:3:7:data:send
1564109848:2:7:7:77:-1:-1:-1:-1:-1:1:2:7:data:recv
1564109848:3:2:7:77:1:-1:3:3:-1:-1:-1:-1:data:forward
1564109848:2:7:77:9:-1:-1:-1:-1:-1:2:3:8:data:send
1564109858:2:7:8:77:-1:-1:-1:-1:-1:1:2:8:data:recv
1564109858:3:2:8:77:1:-1:3:3:-1:-1:-1:-1:data:forward
1564109858:2:7:77:10:-1:-1:-1:-1:-1:2:3:9:data:send
1564109868:2:7:9:77:-1:-1:-1:-1:-1:1:2:9:data:recv
1564109868:3:2:9:77:1:-1:3:3:-1:-1:-1:-1:data:forward
1564109868:2:7:77:11:-1:-1:-1:-1:-1:2:3:10:data:send
1564109878:2:7:10:77:-1:-1:-1:-1:-1:1:2:10:data:recv
1564109878:3:2:10:77:1:-1:3:3:-1:-1:-1:-1:data:forward
1564109878:2:7:77:12:-1:-1:-1:-1:-1:2:3:11:data:send
1564109888:2:7:11:77:-1:-1:-1:-1:-1:1:2:11:data:recv
1564109888:3:2:11:77:1:-1:3:3:-1:-1:-1:-1:data:forward
1564109888:2:7:77:13:-1:-1:-1:-1:-1:2:3:12:data:send
1564109898:2:7:12:77:-1:-1:-1:-1:-1:1:2:12:data:recv
1564109898:3:2:12:77:1:-1:3:3:-1:-1:-1:-1:data:forward
1564109898:2:7:77:14:-1:-1:-1:-1:-1:2:3:13:data:send
1564109908:2:7:13:77:-1:-1:-1:-1:-1:1:2:13:data:recv
1564109908:3:2:13:77:1:-1:3:3:-1:-1:-1:-1:data:forward
1564109908:2:7:77:15:-1:-1:-1:-1:-1:2:3:14:data:send
1564109918:2:7:14:77:-1:-1:-1:-1:-1:1:2:14:data:recv
1564109918:3:2:14:77:1:-1:3:3:-1:-1:-1:-1:data:forward
1564109918:2:7:77:16:-1:-1:-1:-1:-1:2:3:15:data:send
1564109929:2:7:15:77:-1:-1:-1:-1:-1:1:2:15:data:recv
1564109929:3:2:15:77:1:-1:3:3:-1:-1:-1:-1:data:forward
1564109929:2:7:77:17:-1:-1:-1:-1:-1:2:3:16:data:send
1564109959:2:7:18:77:-1:-1:-1:-1:-1:1:2:18:data:recv
1564109959:3:2:18:77:1:-1:3:3:-1:-1:-1:-1:data:forward
1564109959:2:7:77:18:-1:-1:-1:-1:-1:2:3:17:data:send
1564109969:2:7:19:77:-1:-1:-1:-1:-1:1:2:19:data:recv
1564109969:3:2:19:77:1:-1:3:3:-1:-1:-1:-1:data:forward
1564109969:2:7:77:19:-1:-1:-1:-1:-1:2:3:18:data:send
1564109979:2:7:20:77:-1:-1:-1:-1:-1:1:2:20:data:recv
1564109979:3:2:20:77:1:-1:3:3:-1:-1:-1:-1:data:forward
1564109979:2:7:77:20:-1:-1:-1:-1:-1:2:3:19:data:send
1564109989:2:7:21:77:-1:-1:-1:-1:-1:1:2:21:data:recv
1564109989:3:2:21:77:1:-1:3:3:-1:-1:-1:-1:data:forward
1564109989:2:7:77:21:-1:-1:-1:-1:-1:2:3:20:data:send
1564109999:2:7:22:77:-1:-1:-1:-1:-1:1:2:22:data:recv
1564109999:3:2:22:77:1:-1:3:3:-1:-1:-1:-1:data:forward
1564109999:2:7:77:22:-1:-1:-1:-1:-1:2:3:21:data:send
1564110009:2:7:23:77:-1:-1:-1:-1:-1:1:2:23:data:recv
1564110009:3:2:23:77:1:-1:3:3:-1:-1:-1:-1:data:forward
1564110009:2:7:77:23:-1:-1:-1:-1:-1:2:3:22:data:send
1564110019:2:7:24:77:-1:-1:-1:-1:-1:1:2:24:data:recv
1564110019:3:2:24:77:1:-1:3:3:-1:-1:-1:-1:data:forward
1564110019:2:7:77:24:-1:-1:-1:-1:-1:2:3:23:data:send
1564110029:2:7:25:77:-1:-1:-1:-1:-1:1:2:25:data:recv
1564110029:3:2:25:77:1:-1:3:3:-1:-1:-1:-1:data:forward
1564110029:2:7:77:25:-1:-1:-1:-1:-1:2:3:24:data:send
1564110039:2:7:26:77:-1:-1:-1:-1:-1:1:2:26:data:recv
1564110039:3:2:26:77:1:-1:3:3:-1:-1:-1:-1:data:forward
1564110039:2:7:77:26:-1:-1:-1:-1:-1:2:3:25:data:send
1564110049:2:7:27:77:-1:-1:-1:-1:-1:1:2:27:data:recv
1564110049:3:2:27:77:1:-1:3:3:-1:-1:-1:-1:data:forward
1564110049:2:7:77:27:-1:-1:-1:-1:-1:2:3:26:data:send
1564110059:2:7:28:77:-1:-1:-1:-1:-1:1:2:28:data:recv
1564110059:3:2:28:77:1:-1:3:3:-1:-1:-1:-1:data:forward
1564110059:2:7:77:28:-1:-1:-1:-1:-1:2:3:27:data:send
1564110069:2:7:29:77:-1:-1:-1:-1:-1:1:2:29:data:recv
1564110069:3:2:29:77:1:-1:3:3:-1:-1:-1:-1:data:forward
1564110069:2:7:77:29:-1:-1:-1:-1:-1:2:3:28:data:send
1564110079:2:7:30:77:-1:-1:-1:-1:-1:1:2:30:data:recv
1564110079:3:2:30:77:1:-1:3:3:-1:-1:-1:-1:data:forward
1564110079:2:7:77:30:-1:-1:-1:-1:-1:2:3:29:data:send
1564110089:2:7:31:77:-1:-1:-1:-1:-1:1:2:31:data:recv
1564110089:3:2:31:77:1:-1:3:3:-1:-1:-1:-1:data:forward
1564110089:2:7:77:31:-1:-1:-1:-1:-1:2:3:30:data:send
1564110099:2:7:32:77:-1:-1:-1:-1:-1:1:2:32:data:recv
1564110099:3:2:32:77:1:-1:3:3:-1:-1:-1:-1:data:forward
1564110099:2:7:77:32:-1:-1:-1:-1:-1:2:3:31:data:send
1564110109:2:7:33:77:-1:-1:-1:-1:-1:1:2:33:data:recv
1564110109:3:2:33:77:1:-1:3:3:-1:-1:-1:-1:data:forward
1564110109:2:7:77:33:-1:-1:-1:-1:-1:2:3:32:data:send
1564110119:2:7:34:77:-1:-1:-1:-1:-1:1:2:34:data:recv
1564110119:3:2:34:77:1:-1:3:3:-1:-1:-1:-1:data:forward
1564110119:2:7:77:34:-1:-1:-1:-1:-1:2:3:33:data:send
1564110129:2:7:35:77:-1:-1:-1:-1:-1:1:2:35:data:recv
1564110129:3:2:35:77:1:-1:3:3:-1:-1:-1:-1:data:forward
1564110129:2:7:77:35:-1:-1:-1:-1:-1:2:3:34:data:send
1564110139:2:7:36:77:-1:-1:-1:-1:-1:1:2:36:data:recv
1564110139:3:2:36:77:1:-1:3:3:-1:-1:-1:-1:data:forward
1564110139:2:7:77:36:-1:-1:-1:-1:-1:2:3:35:data:send
1564110149:2:7:37:77:-1:-1:-1:-1:-1:1:2:37:data:recv
1564110149:3:2:37:77:1:-1:3:3:-1:-1:-1:-1:data:forward
1564110149:2:7:77:37:-1:-1:-1:-1:-1:2:3:36:data:send
1564110159:2:7:38:77:-1:-1:-1:-1:-1:1:2:38:data:recv
1564110159:3:2:38:77:1:-1:3:3:-1:-1:-1:-1:data:forward
1564110159:2:7:77:38:-1:-1:-1:-1:-1:2:3:37:data:send
1564110169:2:7:39:77:-1:-1:-1:-1:-1:1:2:39:data:recv
1564110169:3:2:39:77:1:-1:3:3:-1:-1:-1:-1:data:forward
1564110169:2:7:77:39:-1:-1:-1:-1:-1:2:3:38:data:send
1564110179:2:7:40:77:-1:-1:-1:-1:-1:1:2:40:data:recv
1564110179:3:2:40:77:1:-1:3:3:-1:-1:-1:-1:data:forward
1564110179:2:7:77:40:-1:-1:-1:-1:-1:2:3:39:data:send
1564110199:2:7:42:77:-1:-1:-1:-1:-1:1:2:42:data:recv
1564110199:3:2:42:77:1:-1:3:3:-1:-1:-1:-1:data:forward
1564110199:2:7:77:41:-1:-1:-1:-1:-1:2:3:40:data:send
1564110219:2:7:44:77:-1:-1:-1:-1:-1:1:2:44:data:recv
1564110219:3:2:44:77:1:-1:3:3:-1:-1:-1:-1:data:forward
1564110219:2:7:77:42:-1:-1:-1:-1:-1:2:3:41:data:send
1564110229:2:7:45:77:-1:-1:-1:-1:-1:1:2:45:data:recv
1564110229:3:2:45:77:1:-1:3:3:-1:-1:-1:-1:data:forward
1564110229:2:7:77:43:-1:-1:-1:-1:-1:2:3:42:data:send
1564110239:2:7:46:77:-1:-1:-1:-1:-1:1:2:46:data:recv
1564110239:3:2:46:77:1:-1:3:3:-1:-1:-1:-1:data:forward
1564110239:2:7:77:44:-1:-1:-1:-1:-1:2:3:43:data:send
1564110249:2:7:47:77:-1:-1:-1:-1:-1:1:2:47:data:recv
1564110249:3:2:47:77:1:-1:3:3:-1:-1:-1:-1:data:forward
1564110249:2:7:77:45:-1:-1:-1:-1:-1:2:3:44:data:send
1564110259:2:7:48:77:-1:-1:-1:-1:-1:1:2:48:data:recv
1564110259:3:2:48:77:1:-1:3:3:-1:-1:-1:-1:data:forward
1564110259:2:7:77:46:-1:-1:-1:-1:-1:2:3:45:data:send
1564110269:2:7:49:77:-1:-1:-1:-1:-1:1:2:49:data:recv
1564110269:3:2:49:77:1:-1:3:3:-1:-1:-1:-1:data:forward
1564110269:2:7:77:47:-1:-1:-1:-1:-1:2:3:46:data:send
1564110279:2:7:50:77:-1:-1:-1:-1:-1:1:2:50:data:recv
1564110279:3:2:50:77:1:-1:3:3:-1:-1:-1:-1:data:forward
1564110279:2:7:77:48:-1:-1:-1:-1:-1:2:3:47:data:send
1564110289:2:7:51:77:-1:-1:-1:-1:-1:1:2:51:data:recv
1564110289:3:2:51:77:1:-1:3:3:-1:-1:-1:-1:data:forward
1564110289:2:7:77:49:-1:-1:-1:-1:-1:2:3:48:data:send
1564110299:2:7:52:77:-1:-1:-1:-1:-1:1:2:52:data:recv
1564110299:3:2:52:77:1:-1:3:3:-1:-1:-1:-1:data:forward
1564110299:2:7:77:50:-1:-1:-1:-1:-1:2:3:49:data:send
1564110309:2:7:53:77:-1:-1:-1:-1:-1:1:2:53:data:recv
1564110309:3:2:53:77:1:-1:3:3:-1:-1:-1:-1:data:forward
1564110309:2:7:77:51:-1:-1:-1:-1:-1:2:3:50:data:send
1564110329:2:7:55:77:-1:-1:-1:-1:-1:1:2:55:data:recv
1564110329:3:2:55:77:1:-1:3:3:-1:-1:-1:-1:data:forward
1564110329:2:7:77:52:-1:-1:-1:-1:-1:2:3:51:data:send
1564110339:2:7:56:77:-1:-1:-1:-1:-1:1:2:56:data:recv
1564110339:3:2:56:77:1:-1:3:3:-1:-1:-1:-1:data:forward
1564110339:2:7:77:53:-1:-1:-1:-1:-1:2:3:52:data:send
1564110349:2:7:57:77:-1:-1:-1:-1:-1:1:2:57:data:recv
1564110349:3:2:57:77:1:-1:3:3:-1:-1:-1:-1:data:forward
1564110349:2:7:77:54:-1:-1:-1:-1:-1:2:3:53:data:send
1564110359:2:7:58:77:-1:-1:-1:-1:-1:1:2:58:data:recv
1564110359:3:2:58:77:1:-1:3:3:-1:-1:-1:-1:data:forward
1564110359:2:7:77:55:-1:-1:-1:-1:-1:2:3:54:data:send
1564110369:2:7:59:77:-1:-1:-1:-1:-1:1:2:59:data:recv
1564110369:3:2:59:77:1:-1:3:3:-1:-1:-1:-1:data:forward
1564110369:2:7:77:56:-1:-1:-1:-1:-1:2:3:55:data:send
1564110379:2:7:60:77:-1:-1:-1:-1:-1:1:2:60:data:recv
1564110379:3:2:60:77:1:-1:3:3:-1:-1:-1:-1:data:forward
1564110379:2:7:77:57:-1:-1:-1:-1:-1:2:3:56:data:send
1564110389:2:7:61:77:-1:-1:-1:-1:-1:1:2:61:data:recv
1564110389:3:2:61:77:1:-1:3:3:-1:-1:-1:-1:data:forward
1564110389:2:7:77:58:-1:-1:-1:-1:-1:2:3:57:data:send
1564110399:2:7:62:77:-1:-1:-1:-1:-1:1:2:62:data:recv
1564110399:3:2:62:77:1:-1:3:3:-1:-1:-1:-1:data:forward
1564110399:2:7:77:59:-1:-1:-1:-1:-1:2:3:58:data:send
1564110409:2:7:63:77:-1:-1:-1:-1:-1:1:2:63:data:recv
1564110409:3:2:63:77:1:-1:3:3:-1:-1:-1:-1:data:forward
1564110409:2:7:77:60:-1:-1:-1:-1:-1:2:3:59:data:send
1564110419:2:7:64:77:-1:-1:-1:-1:-1:1:2:64:data:recv
1564110419:3:2:64:77:1:-1:3:3:-1:-1:-1:-1:data:forward
1564110419:2:7:77:61:-1:-1:-1:-1:-1:2:3:60:data:send
1564110429:2:7:65:77:-1:-1:-1:-1:-1:1:2:65:data:recv
1564110429:3:2:65:77:1:-1:3:3:-1:-1:-1:-1:data:forward
1564110429:2:7:77:62:-1:-1:-1:-1:-1:2:3:61:data:send
1564110439:2:7:66:77:-1:-1:-1:-1:-1:1:2:66:data:recv
1564110439:3:2:66:77:1:-1:3:3:-1:-1:-1:-1:data:forward
1564110439:2:7:77:63:-1:-1:-1:-1:-1:2:3:62:data:send
1564110459:2:7:68:77:-1:-1:-1:-1:-1:1:2:68:data:recv
1564110459:3:2:68:77:1:-1:3:3:-1:-1:-1:-1:data:forward
1564110459:2:7:77:64:-1:-1:-1:-1:-1:2:3:63:data:send
1564110479:2:7:70:77:-1:-1:-1:-1:-1:1:2:70:data:recv
1564110479:3:2:70:77:1:-1:3:3:-1:-1:-1:-1:data:forward
1564110479:2:7:77:65:-1:-1:-1:-1:-1:2:3:64:data:send
1564110489:2:7:71:77:-1:-1:-1:-1:-1:1:2:71:data:recv
1564110489:3:2:71:77:1:-1:3:3:-1:-1:-1:-1:data:forward
1564110489:2:7:77:66:-1:-1:-1:-1:-1:2:3:65:data:send
1564110499:2:7:72:77:-1:-1:-1:-1:-1:1:2:72:data:recv
1564110499:3:2:72:77:1:-1:3:3:-1:-1:-1:-1:data:forward
1564110499:2:7:77:67:-1:-1:-1:-1:-1:2:3:66:data:send
1564110509:2:7:73:77:-1:-1:-1:-1:-1:1:2:73:data:recv
1564110509:3:2:73:77:1:-1:3:3:-1:-1:-1:-1:data:forward
1564110509:2:7:77:68:-1:-1:-1:-1:-1:2:3:67:data:send
1564110519:2:7:74:77:-1:-1:-1:-1:-1:1:2:74:data:recv
1564110519:3:2:74:77:1:-1:3:3:-1:-1:-1:-1:data:forward
1564110519:2:7:77:69:-1:-1:-1:-1:-1:2:3:68:data:send
1564110529:2:7:75:77:-1:-1:-1:-1:-1:1:2:75:data:recv
1564110529:3:2:75:77:1:-1:3:3:-1:-1:-1:-1:data:forward
1564110529:2:7:77:70:-1:-1:-1:-1:-1:2:3:69:data:send
1564110539:2:7:76:77:-1:-1:-1:-1:-1:1:2:76:data:recv
1564110539:3:2:76:77:1:-1:3:3:-1:-1:-1:-1:data:forward
1564110539:2:7:77:71:-1:-1:-1:-1:-1:2:3:70:data:send
1564110549:2:7:77:77:-1:-1:-1:-1:-1:1:2:77:data:recv
1564110549:3:2:77:77:1:-1:3:3:-1:-1:-1:-1:data:forward
1564110549:2:7:77:72:-1:-1:-1:-1:-1:2:3:71:data:send
1564110559:2:7:78:77:-1:-1:-1:-1:-1:1:2:78:data:recv
1564110559:3:2:78:77:1:-1:3:3:-1:-1:-1:-1:data:forward
1564110559:2:7:77:73:-1:-1:-1:-1:-1:2:3:72:data:send
1564110569:2:7:79:77:-1:-1:-1:-1:-1:1:2:79:data:recv
1564110569:3:2:79:77:1:-1:3:3:-1:-1:-1:-1:data:forward
1564110569:2:7:77:74:-1:-1:-1:-1:-1:2:3:73:data:send
1564110579:2:7:80:77:-1:-1:-1:-1:-1:1:2:80:data:recv
1564110579:3:2:80:77:1:-1:3:3:-1:-1:-1:-1:data:forward
1564110579:2:7:77:75:-1:-1:-1:-1:-1:2:3:74:data:send
1564110589:2:7:81:77:-1:-1:-1:-1:-1:1:2:81:data:recv
1564110589:3:2:81:77:1:-1:3:3:-1:-1:-1:-1:data:forward
1564110589:2:7:77:76:-1:-1:-1:-1:-1:2:3:75:data:send
1564110599:2:7:82:77:-1:-1:-1:-1:-1:1:2:82:data:recv
1564110599:3:2:82:77:1:-1:3:3:-1:-1:-1:-1:data:forward
1564110599:2:7:77:77:-1:-1:-1:-1:-1:2:3:76:data:send
1564110609:2:7:83:77:-1:-1:-1:-1:-1:1:2:83:data:recv
1564110609:3:2:83:77:1:-1:3:3:-1:-1:-1:-1:data:forward
1564110609:2:7:77:78:-1:-1:-1:-1:-1:2:3:77:data:send
1564110619:2:7:84:77:-1:-1:-1:-1:-1:1:2:84:data:recv
1564110619:3:2:84:77:1:-1:3:3:-1:-1:-1:-1:data:forward
1564110619:2:7:77:79:-1:-1:-1:-1:-1:2:3:78:data:send
1564110629:2:7:85:77:-1:-1:-1:-1:-1:1:2:85:data:recv
1564110629:3:2:85:77:1:-1:3:3:-1:-1:-1:-1:data:forward
1564110629:2:7:77:80:-1:-1:-1:-1:-1:2:3:79:data:send
1564110639:2:7:86:77:-1:-1:-1:-1:-1:1:2:86:data:recv
1564110639:3:2:86:77:1:-1:3:3:-1:-1:-1:-1:data:forward
1564110639:2:7:77:81:-1:-1:-1:-1:-1:2:3:80:data:send
1564110649:2:7:87:77:-1:-1:-1:-1:-1:1:2:87:data:recv
1564110649:3:2:87:77:1:-1:3:3:-1:-1:-1:-1:data:forward
1564110649:2:7:77:82:-1:-1:-1:-1:-1:2:3:81:data:send
1564110659:2:7:88:77:-1:-1:-1:-1:-1:1:2:88:data:recv
1564110659:3:2:88:77:1:-1:3:3:-1:-1:-1:-1:data:forward
1564110659:2:7:77:83:-1:-1:-1:-1:-1:2:3:82:data:send
1564110669:2:7:89:77:-1:-1:-1:-1:-1:1:2:89:data:recv
1564110669:3:2:89:77:1:-1:3:3:-1:-1:-1:-1:data:forward
1564110669:2:7:77:84:-1:-1:-1:-1:-1:2:3:83:data:send
1564110679:2:7:90:77:-1:-1:-1:-1:-1:1:2:90:data:recv
1564110679:3:2:90:77:1:-1:3:3:-1:-1:-1:-1:data:forward
1564110679:2:7:77:85:-1:-1:-1:-1:-1:2:3:84:data:send
1564110690:2:7:91:77:-1:-1:-1:-1:-1:1:2:91:data:recv
1564110690:3:2:91:77:1:-1:3:3:-1:-1:-1:-1:data:forward
1564110690:2:7:77:86:-1:-1:-1:-1:-1:2:3:85:data:send
1564110700:2:7:92:77:-1:-1:-1:-1:-1:1:2:92:data:recv
1564110700:3:2:92:77:1:-1:3:3:-1:-1:-1:-1:data:forward
1564110700:2:7:77:87:-1:-1:-1:-1:-1:2:3:86:data:send
1564110710:2:7:93:77:-1:-1:-1:-1:-1:1:2:93:data:recv
1564110710:3:2:93:77:1:-1:3:3:-1:-1:-1:-1:data:forward
1564110710:2:7:77:88:-1:-1:-1:-1:-1:2:3:87:data:send
1564110720:2:7:94:77:-1:-1:-1:-1:-1:1:2:94:data:recv
1564110720:3:2:94:77:1:-1:3:3:-1:-1:-1:-1:data:forward
1564110720:2:7:77:89:-1:-1:-1:-1:-1:2:3:88:data:send
1564110730:2:7:95:77:-1:-1:-1:-1:-1:1:2:95:data:recv
1564110730:3:2:95:77:1:-1:3:3:-1:-1:-1:-1:data:forward
1564110730:2:7:77:90:-1:-1:-1:-1:-1:2:3:89:data:send
1564110740:2:7:96:77:-1:-1:-1:-1:-1:1:2:96:data:recv
1564110740:3:2:96:77:1:-1:3:3:-1:-1:-1:-1:data:forward
1564110740:2:7:77:91:-1:-1:-1:-1:-1:2:3:90:data:send
1564110750:2:7:97:77:-1:-1:-1:-1:-1:1:2:97:data:recv
1564110750:3:2:97:77:1:-1:3:3:-1:-1:-1:-1:data:forward
1564110750:2:7:77:92:-1:-1:-1:-1:-1:2:3:91:data:send
1564110760:2:7:98:77:-1:-1:-1:-1:-1:1:2:98:data:recv
1564110760:3:2:98:77:1:-1:3:3:-1:-1:-1:-1:data:forward
1564110760:2:7:77:93:-1:-1:-1:-1:-1:2:3:92:data:send
1564110780:2:7:100:77:-1:-1:-1:-1:-1:1:2:100:data:recv
1564110780:3:2:100:77:1:-1:3:3:-1:-1:-1:-1:data:forward
1564110780:2:7:77:94:-1:-1:-1:-1:-1:2:3:93:data:send
1564110790:2:7:101:77:-1:-1:-1:-1:-1:1:2:101:data:recv
1564110790:3:2:101:77:1:-1:3:3:-1:-1:-1:-1:data:forward
1564110790:2:7:77:95:-1:-1:-1:-1:-1:2:3:94:data:send
1564110800:2:7:102:77:-1:-1:-1:-1:-1:1:2:102:data:recv
1564110800:3:2:102:77:1:-1:3:3:-1:-1:-1:-1:data:forward
1564110800:2:7:77:96:-1:-1:-1:-1:-1:2:3:95:data:send
1564110810:2:7:103:77:-1:-1:-1:-1:-1:1:2:103:data:recv
1564110810:3:2:103:77:1:-1:3:3:-1:-1:-1:-1:data:forward
1564110810:2:7:77:97:-1:-1:-1:-1:-1:2:3:96:data:send
1564110820:2:7:104:77:-1:-1:-1:-1:-1:1:2:104:data:recv
1564110820:3:2:104:77:1:-1:3:3:-1:-1:-1:-1:data:forward
1564110820:2:7:77:98:-1:-1:-1:-1:-1:2:3:97:data:send
1564110830:2:7:105:77:-1:-1:-1:-1:-1:1:2:105:data:recv
1564110830:3:2:105:77:1:-1:3:3:-1:-1:-1:-1:data:forward
1564110830:2:7:77:99:-1:-1:-1:-1:-1:2:3:98:data:send
1564110840:2:7:106:77:-1:-1:-1:-1:-1:1:2:106:data:recv
1564110840:3:2:106:77:1:-1:3:3:-1:-1:-1:-1:data:forward
1564110840:2:7:77:100:-1:-1:-1:-1:-1:2:3:99:data:send
1564110850:2:7:107:77:-1:-1:-1:-1:-1:1:2:107:data:recv
1564110850:3:2:107:77:1:-1:3:3:-1:-1:-1:-1:data:forward
1564110850:2:7:77:101:-1:-1:-1:-1:-1:2:3:100:data:send
1564110860:2:7:108:77:-1:-1:-1:-1:-1:1:2:108:data:recv
1564110860:3:2:108:77:1:-1:3:3:-1:-1:-1:-1:data:forward
1564110860:2:7:77:102:-1:-1:-1:-1:-1:2:3:101:data:send
1564110870:2:7:109:77:-1:-1:-1:-1:-1:1:2:109:data:recv
1564110870:3:2:109:77:1:-1:3:3:-1:-1:-1:-1:data:forward
1564110870:2:7:77:103:-1:-1:-1:-1:-1:2:3:102:data:send
1564110880:2:7:110:77:-1:-1:-1:-1:-1:1:2:110:data:recv
1564110880:3:2:110:77:1:-1:3:3:-1:-1:-1:-1:data:forward
1564110880:2:7:77:104:-1:-1:-1:-1:-1:2:3:103:data:send
1564110890:2:7:111:77:-1:-1:-1:-1:-1:1:2:111:data:recv
1564110890:3:2:111:77:1:-1:3:3:-1:-1:-1:-1:data:forward
1564110890:2:7:77:105:-1:-1:-1:-1:-1:2:3:104:data:send
1564110900:2:7:112:77:-1:-1:-1:-1:-1:1:2:112:data:recv
1564110900:3:2:112:77:1:-1:3:3:-1:-1:-1:-1:data:forward
1564110900:2:7:77:106:-1:-1:-1:-1:-1:2:3:105:data:send
1564110910:2:7:113:77:-1:-1:-1:-1:-1:1:2:113:data:recv
1564110910:3:2:113:77:1:-1:3:3:-1:-1:-1:-1:data:forward
1564110910:2:7:77:107:-1:-1:-1:-1:-1:2:3:106:data:send
1564110920:2:7:114:77:-1:-1:-1:-1:-1:1:2:114:data:recv
1564110920:3:2:114:77:1:-1:3:3:-1:-1:-1:-1:data:forward
1564110920:2:7:77:108:-1:-1:-1:-1:-1:2:3:107:data:send
1564110930:2:7:115:77:-1:-1:-1:-1:-1:1:2:115:data:recv
1564110930:3:2:115:77:1:-1:3:3:-1:-1:-1:-1:data:forward
1564110930:2:7:77:109:-1:-1:-1:-1:-1:2:3:108:data:send
1564110940:2:7:116:77:-1:-1:-1:-1:-1:1:2:116:data:recv
1564110940:3:2:116:77:1:-1:3:3:-1:-1:-1:-1:data:forward
1564110940:2:7:77:110:-1:-1:-1:-1:-1:2:3:109:data:send
1564110950:2:7:117:77:-1:-1:-1:-1:-1:1:2:117:data:recv
1564110950:3:2:117:77:1:-1:3:3:-1:-1:-1:-1:data:forward
1564110950:2:7:77:111:-1:-1:-1:-1:-1:2:3:110:data:send
1564110960:2:7:118:77:-1:-1:-1:-1:-1:1:2:118:data:recv
1564110960:3:2:118:77:1:-1:3:3:-1:-1:-1:-1:data:forward
1564110960:2:7:77:112:-1:-1:-1:-1:-1:2:3:111:data:send
1564110970:2:7:119:77:-1:-1:-1:-1:-1:1:2:119:data:recv
1564110970:3:2:119:77:1:-1:3:3:-1:-1:-1:-1:data:forward
1564110970:2:7:77:113:-1:-1:-1:-1:-1:2:3:112:data:send
1564110980:2:7:120:77:-1:-1:-1:-1:-1:1:2:120:data:recv
1564110980:3:2:120:77:1:-1:3:3:-1:-1:-1:-1:data:forward
1564110980:2:7:77:114:-1:-1:-1:-1:-1:2:3:113:data:send
1564110990:2:7:121:77:-1:-1:-1:-1:-1:1:2:121:data:recv
1564110990:3:2:121:77:1:-1:3:3:-1:-1:-1:-1:data:forward
1564110990:2:7:77:115:-1:-1:-1:-1:-1:2:3:114:data:send
1564111000:2:7:122:77:-1:-1:-1:-1:-1:1:2:122:data:recv
1564111000:3:2:122:77:1:-1:3:3:-1:-1:-1:-1:data:forward
1564111000:2:7:77:116:-1:-1:-1:-1:-1:2:3:115:data:send
1564111020:2:7:124:77:-1:-1:-1:-1:-1:1:2:124:data:recv
1564111020:3:2:124:77:1:-1:3:3:-1:-1:-1:-1:data:forward
1564111020:2:7:77:117:-1:-1:-1:-1:-1:2:3:116:data:send
1564111030:2:7:125:77:-1:-1:-1:-1:-1:1:2:125:data:recv
1564111030:3:2:125:77:1:-1:3:3:-1:-1:-1:-1:data:forward
1564111030:2:7:77:118:-1:-1:-1:-1:-1:2:3:117:data:send
1564111040:2:7:126:77:-1:-1:-1:-1:-1:1:2:126:data:recv
1564111040:3:2:126:77:1:-1:3:3:-1:-1:-1:-1:data:forward
1564111040:2:7:77:119:-1:-1:-1:-1:-1:2:3:118:data:send
1564111050:2:7:127:77:-1:-1:-1:-1:-1:1:2:127:data:recv
1564111050:3:2:127:77:1:-1:3:3:-1:-1:-1:-1:data:forward
1564111050:2:7:77:120:-1:-1:-1:-1:-1:2:3:119:data:send
1564111060:2:7:128:77:-1:-1:-1:-1:-1:1:2:128:data:recv
1564111060:3:2:128:77:1:-1:3:3:-1:-1:-1:-1:data:forward
1564111060:2:7:77:121:-1:-1:-1:-1:-1:2:3:120:data:send
1564111070:2:7:129:77:-1:-1:-1:-1:-1:1:2:129:data:recv
1564111070:3:2:129:77:1:-1:3:3:-1:-1:-1:-1:data:forward
1564111070:2:7:77:122:-1:-1:-1:-1:-1:2:3:121:data:send
1564111080:2:7:130:77:-1:-1:-1:-1:-1:1:2:130:data:recv
1564111080:3:2:130:77:1:-1:3:3:-1:-1:-1:-1:data:forward
1564111080:2:7:77:123:-1:-1:-1:-1:-1:2:3:122:data:send
1564111090:2:7:131:77:-1:-1:-1:-1:-1:1:2:131:data:recv
1564111090:3:2:131:77:1:-1:3:3:-1:-1:-1:-1:data:forward
1564111090:2:7:77:124:-1:-1:-1:-1:-1:2:3:123:data:send
1564111100:2:7:132:77:-1:-1:-1:-1:-1:1:2:132:data:recv
1564111100:3:2:132:77:1:-1:3:3:-1:-1:-1:-1:data:forward
1564111100:2:7:77:125:-1:-1:-1:-1:-1:2:3:124:data:send
1564111110:2:7:133:77:-1:-1:-1:-1:-1:1:2:133:data:recv
1564111110:3:2:133:77:1:-1:3:3:-1:-1:-1:-1:data:forward
1564111110:2:7:77:126:-1:-1:-1:-1:-1:2:3:125:data:send
1564111120:2:7:134:77:-1:-1:-1:-1:-1:1:2:134:data:recv
1564111120:3:2:134:77:1:-1:3:3:-1:-1:-1:-1:data:forward
1564111120:2:7:77:127:-1:-1:-1:-1:-1:2:3:126:data:send
1564111130:2:7:135:77:-1:-1:-1:-1:-1:1:2:135:data:recv
1564111130:3:2:135:77:1:-1:3:3:-1:-1:-1:-1:data:forward
1564111130:2:7:77:128:-1:-1:-1:-1:-1:2:3:127:data:send
1564111140:2:7:136:77:-1:-1:-1:-1:-1:1:2:136:data:recv
1564111140:3:2:136:77:1:-1:3:3:-1:-1:-1:-1:data:forward
1564111140:2:7:77:129:-1:-1:-1:-1:-1:2:3:128:data:send
1564111150:2:7:137:77:-1:-1:-1:-1:-1:1:2:137:data:recv
1564111150:3:2:137:77:1:-1:3:3:-1:-1:-1:-1:data:forward
1564111150:2:7:77:130:-1:-1:-1:-1:-1:2:3:129:data:send
1564111160:2:7:138:77:-1:-1:-1:-1:-1:1:2:138:data:recv
1564111160:3:2:138:77:1:-1:3:3:-1:-1:-1:-1:data:forward
1564111160:2:7:77:131:-1:-1:-1:-1:-1:2:3:130:data:send
1564111170:2:7:139:77:-1:-1:-1:-1:-1:1:2:139:data:recv
1564111170:3:2:139:77:1:-1:3:3:-1:-1:-1:-1:data:forward
1564111170:2:7:77:132:-1:-1:-1:-1:-1:2:3:131:data:send
1564111180:2:7:140:77:-1:-1:-1:-1:-1:1:2:140:data:recv
1564111180:3:2:140:77:1:-1:3:3:-1:-1:-1:-1:data:forward
1564111180:2:7:77:133:-1:-1:-1:-1:-1:2:3:132:data:send
1564111190:2:7:141:77:-1:-1:-1:-1:-1:1:2:141:data:recv
1564111190:3:2:141:77:1:-1:3:3:-1:-1:-1:-1:data:forward
1564111190:2:7:77:134:-1:-1:-1:-1:-1:2:3:133:data:send
1564111200:2:7:142:77:-1:-1:-1:-1:-1:1:2:142:data:recv
1564111200:3:2:142:77:1:-1:3:3:-1:-1:-1:-1:data:forward
1564111200:2:7:77:135:-1:-1:-1:-1:-1:2:3:134:data:send
1564111210:2:7:143:77:-1:-1:-1:-1:-1:1:2:143:data:recv
1564111210:3:2:143:77:1:-1:3:3:-1:-1:-1:-1:data:forward
1564111210:2:7:77:136:-1:-1:-1:-1:-1:2:3:135:data:send
1564111220:2:7:144:77:-1:-1:-1:-1:-1:1:2:144:data:recv
1564111220:3:2:144:77:1:-1:3:3:-1:-1:-1:-1:data:forward
1564111220:2:7:77:137:-1:-1:-1:-1:-1:2:3:136:data:send
1564111230:2:7:145:77:-1:-1:-1:-1:-1:1:2:145:data:recv
1564111230:3:2:145:77:1:-1:3:3:-1:-1:-1:-1:data:forward
1564111230:2:7:77:138:-1:-1:-1:-1:-1:2:3:137:data:send
1564111240:2:7:146:77:-1:-1:-1:-1:-1:1:2:146:data:recv
1564111240:3:2:146:77:1:-1:3:3:-1:-1:-1:-1:data:forward
1564111240:2:7:77:139:-1:-1:-1:-1:-1:2:3:138:data:send
1564111250:2:7:147:77:-1:-1:-1:-1:-1:1:2:147:data:recv
1564111250:3:2:147:77:1:-1:3:3:-1:-1:-1:-1:data:forward
1564111250:2:7:77:140:-1:-1:-1:-1:-1:2:3:139:data:send
1564111270:2:7:149:77:-1:-1:-1:-1:-1:1:2:149:data:recv
1564111270:3:2:149:77:1:-1:3:3:-1:-1:-1:-1:data:forward
1564111270:2:7:77:141:-1:-1:-1:-1:-1:2:3:140:data:send
1564111280:2:7:150:77:-1:-1:-1:-1:-1:1:2:150:data:recv
1564111280:3:2:150:77:1:-1:3:3:-1:-1:-1:-1:data:forward
1564111280:2:7:77:142:-1:-1:-1:-1:-1:2:3:141:data:send
1564111290:2:7:151:77:-1:-1:-1:-1:-1:1:2:151:data:recv
1564111290:3:2:151:77:1:-1:3:3:-1:-1:-1:-1:data:forward
1564111290:2:7:77:143:-1:-1:-1:-1:-1:2:3:142:data:send
1564111300:2:7:152:77:-1:-1:-1:-1:-1:1:2:152:data:recv
1564111300:3:2:152:77:1:-1:3:3:-1:-1:-1:-1:data:forward
1564111300:2:7:77:144:-1:-1:-1:-1:-1:2:3:143:data:send
1564111310:2:7:153:77:-1:-1:-1:-1:-1:1:2:153:data:recv
1564111310:3:2:153:77:1:-1:3:3:-1:-1:-1:-1:data:forward
1564111310:2:7:77:145:-1:-1:-1:-1:-1:2:3:144:data:send
1564111320:2:7:154:77:-1:-1:-1:-1:-1:1:2:154:data:recv
1564111320:3:2:154:77:1:-1:3:3:-1:-1:-1:-1:data:forward
1564111320:2:7:77:146:-1:-1:-1:-1:-1:2:3:145:data:send
1564111330:2:7:155:77:-1:-1:-1:-1:-1:1:2:155:data:recv
1564111330:3:2:155:77:1:-1:3:3:-1:-1:-1:-1:data:forward
1564111330:2:7:77:147:-1:-1:-1:-1:-1:2:3:146:data:send
1564111350:2:7:157:77:-1:-1:-1:-1:-1:1:2:157:data:recv
1564111350:3:2:157:77:1:-1:3:3:-1:-1:-1:-1:data:forward
1564111350:2:7:77:148:-1:-1:-1:-1:-1:2:3:147:data:send
1564111360:2:7:158:77:-1:-1:-1:-1:-1:1:2:158:data:recv
1564111360:3:2:158:77:1:-1:3:3:-1:-1:-1:-1:data:forward
1564111360:2:7:77:149:-1:-1:-1:-1:-1:2:3:148:data:send
1564111370:2:7:159:77:-1:-1:-1:-1:-1:1:2:159:data:recv
1564111370:3:2:159:77:1:-1:3:3:-1:-1:-1:-1:data:forward
1564111370:2:7:77:150:-1:-1:-1:-1:-1:2:3:149:data:send
1564111380:2:7:160:77:-1:-1:-1:-1:-1:1:2:160:data:recv
1564111380:3:2:160:77:1:-1:3:3:-1:-1:-1:-1:data:forward
1564111380:2:7:77:151:-1:-1:-1:-1:-1:2:3:150:data:send
1564111390:2:7:161:77:-1:-1:-1:-1:-1:1:2:161:data:recv
1564111390:3:2:161:77:1:-1:3:3:-1:-1:-1:-1:data:forward
1564111390:2:7:77:152:-1:-1:-1:-1:-1:2:3:151:data:send
1564111400:2:7:162:77:-1:-1:-1:-1:-1:1:2:162:data:recv
1564111400:3:2:162:77:1:-1:3:3:-1:-1:-1:-1:data:forward
1564111400:2:7:77:153:-1:-1:-1:-1:-1:2:3:152:data:send
1564111410:2:7:163:77:-1:-1:-1:-1:-1:1:2:163:data:recv
1564111410:3:2:163:77:1:-1:3:3:-1:-1:-1:-1:data:forward
1564111410:2:7:77:154:-1:-1:-1:-1:-1:2:3:153:data:send
1564111420:2:7:164:77:-1:-1:-1:-1:-1:1:2:164:data:recv
1564111420:3:2:164:77:1:-1:3:3:-1:-1:-1:-1:data:forward
1564111420:2:7:77:155:-1:-1:-1:-1:-1:2:3:154:data:send
1564111430:2:7:165:77:-1:-1:-1:-1:-1:1:2:165:data:recv
1564111430:3:2:165:77:1:-1:3:3:-1:-1:-1:-1:data:forward
1564111430:2:7:77:156:-1:-1:-1:-1:-1:2:3:155:data:send
1564111440:2:7:166:77:-1:-1:-1:-1:-1:1:2:166:data:recv
1564111440:3:2:166:77:1:-1:3:3:-1:-1:-1:-1:data:forward
1564111440:2:7:77:157:-1:-1:-1:-1:-1:2:3:156:data:send
1564111450:2:7:167:77:-1:-1:-1:-1:-1:1:2:167:data:recv
1564111451:3:2:167:77:1:-1:3:3:-1:-1:-1:-1:data:forward
1564111451:2:7:77:158:-1:-1:-1:-1:-1:2:3:157:data:send
1564111461:2:7:168:77:-1:-1:-1:-1:-1:1:2:168:data:recv
1564111461:3:2:168:77:1:-1:3:3:-1:-1:-1:-1:data:forward
1564111461:2:7:77:159:-1:-1:-1:-1:-1:2:3:158:data:send
1564111471:2:7:169:77:-1:-1:-1:-1:-1:1:2:169:data:recv
1564111471:3:2:169:77:1:-1:3:3:-1:-1:-1:-1:data:forward
1564111471:2:7:77:160:-1:-1:-1:-1:-1:2:3:159:data:send
1564111481:2:7:170:77:-1:-1:-1:-1:-1:1:2:170:data:recv
1564111481:3:2:170:77:1:-1:3:3:-1:-1:-1:-1:data:forward
1564111481:2:7:77:161:-1:-1:-1:-1:-1:2:3:160:data:send
1564111491:2:7:171:77:-1:-1:-1:-1:-1:1:2:171:data:recv
1564111491:3:2:171:77:1:-1:3:3:-1:-1:-1:-1:data:forward
1564111491:2:7:77:162:-1:-1:-1:-1:-1:2:3:161:data:send
1564111501:2:7:172:77:-1:-1:-1:-1:-1:1:2:172:data:recv
1564111501:3:2:172:77:1:-1:3:3:-1:-1:-1:-1:data:forward
1564111501:2:7:77:163:-1:-1:-1:-1:-1:2:3:162:data:send
1564111511:2:7:173:77:-1:-1:-1:-1:-1:1:2:173:data:recv
1564111511:3:2:173:77:1:-1:3:3:-1:-1:-1:-1:data:forward
1564111511:2:7:77:164:-1:-1:-1:-1:-1:2:3:163:data:send
1564111521:2:7:174:77:-1:-1:-1:-1:-1:1:2:174:data:recv
1564111521:3:2:174:77:1:-1:3:3:-1:-1:-1:-1:data:forward
1564111521:2:7:77:165:-1:-1:-1:-1:-1:2:3:164:data:send
1564111541:2:7:176:77:-1:-1:-1:-1:-1:1:2:176:data:recv
1564111541:3:2:176:77:1:-1:3:3:-1:-1:-1:-1:data:forward
1564111541:2:7:77:166:-1:-1:-1:-1:-1:2:3:165:data:send
1564111551:2:7:177:77:-1:-1:-1:-1:-1:1:2:177:data:recv
1564111551:3:2:177:77:1:-1:3:3:-1:-1:-1:-1:data:forward
1564111551:2:7:77:167:-1:-1:-1:-1:-1:2:3:166:data:send
1564111561:2:7:178:77:-1:-1:-1:-1:-1:1:2:178:data:recv
1564111561:3:2:178:77:1:-1:3:3:-1:-1:-1:-1:data:forward
1564111561:2:7:77:168:-1:-1:-1:-1:-1:2:3:167:data:send
1564111571:2:7:179:77:-1:-1:-1:-1:-1:1:2:179:data:recv
1564111571:3:2:179:77:1:-1:3:3:-1:-1:-1:-1:data:forward
1564111571:2:7:77:169:-1:-1:-1:-1:-1:2:3:168:data:send
1564111581:2:7:180:77:-1:-1:-1:-1:-1:1:2:180:data:recv
1564111581:3:2:180:77:1:-1:3:3:-1:-1:-1:-1:data:forward
1564111581:2:7:77:170:-1:-1:-1:-1:-1:2:3:169:data:send
1564111591:2:7:181:77:-1:-1:-1:-1:-1:1:2:181:data:recv
1564111591:3:2:181:77:1:-1:3:3:-1:-1:-1:-1:data:forward
1564111591:2:7:77:171:-1:-1:-1:-1:-1:2:3:170:data:send
1564111601:2:7:182:77:-1:-1:-1:-1:-1:1:2:182:data:recv
1564111601:3:2:182:77:1:-1:3:3:-1:-1:-1:-1:data:forward
1564111601:2:7:77:172:-1:-1:-1:-1:-1:2:3:171:data:send
1564111611:2:7:183:77:-1:-1:-1:-1:-1:1:2:183:data:recv
1564111611:3:2:183:77:1:-1:3:3:-1:-1:-1:-1:data:forward
1564111611:2:7:77:173:-1:-1:-1:-1:-1:2:3:172:data:send
1564111621:2:7:184:77:-1:-1:-1:-1:-1:1:2:184:data:recv
1564111621:3:2:184:77:1:-1:3:3:-1:-1:-1:-1:data:forward
1564111621:2:7:77:174:-1:-1:-1:-1:-1:2:3:173:data:send
1564111631:2:7:185:77:-1:-1:-1:-1:-1:1:2:185:data:recv
1564111631:3:2:185:77:1:-1:3:3:-1:-1:-1:-1:data:forward
1564111631:2:7:77:175:-1:-1:-1:-1:-1:2:3:174:data:send
1564111641:2:7:186:77:-1:-1:-1:-1:-1:1:2:186:data:recv
1564111641:3:2:186:77:1:-1:3:3:-1:-1:-1:-1:data:forward
1564111641:2:7:77:176:-1:-1:-1:-1:-1:2:3:175:data:send
1564111651:2:7:187:77:-1:-1:-1:-1:-1:1:2:187:data:recv
1564111651:3:2:187:77:1:-1:3:3:-1:-1:-1:-1:data:forward
1564111651:2:7:77:177:-1:-1:-1:-1:-1:2:3:176:data:send
1564111661:2:7:188:77:-1:-1:-1:-1:-1:1:2:188:data:recv
1564111661:3:2:188:77:1:-1:3:3:-1:-1:-1:-1:data:forward
1564111661:2:7:77:178:-1:-1:-1:-1:-1:2:3:177:data:send
1564111671:2:7:189:77:-1:-1:-1:-1:-1:1:2:189:data:recv
1564111671:3:2:189:77:1:-1:3:3:-1:-1:-1:-1:data:forward
1564111671:2:7:77:179:-1:-1:-1:-1:-1:2:3:178:data:send
1564111681:2:7:190:77:-1:-1:-1:-1:-1:1:2:190:data:recv
1564111681:3:2:190:77:1:-1:3:3:-1:-1:-1:-1:data:forward
1564111681:2:7:77:180:-1:-1:-1:-1:-1:2:3:179:data:send
1564111691:2:7:191:77:-1:-1:-1:-1:-1:1:2:191:data:recv
1564111691:3:2:191:77:1:-1:3:3:-1:-1:-1:-1:data:forward
1564111691:2:7:77:181:-1:-1:-1:-1:-1:2:3:180:data:send
1564111711:2:7:193:77:-1:-1:-1:-1:-1:1:2:193:data:recv
1564111711:3:2:193:77:1:-1:3:3:-1:-1:-1:-1:data:forward
1564111711:2:7:77:182:-1:-1:-1:-1:-1:2:3:181:data:send
1564111721:2:7:194:77:-1:-1:-1:-1:-1:1:2:194:data:recv
1564111721:3:2:194:77:1:-1:3:3:-1:-1:-1:-1:data:forward
1564111721:2:7:77:183:-1:-1:-1:-1:-1:2:3:182:data:send
1564111731:2:7:195:77:-1:-1:-1:-1:-1:1:2:195:data:recv
1564111731:3:2:195:77:1:-1:3:3:-1:-1:-1:-1:data:forward
1564111731:2:7:77:184:-1:-1:-1:-1:-1:2:3:183:data:send
1564111741:2:7:196:77:-1:-1:-1:-1:-1:1:2:196:data:recv
1564111741:3:2:196:77:1:-1:3:3:-1:-1:-1:-1:data:forward
1564111741:2:7:77:185:-1:-1:-1:-1:-1:2:3:184:data:send
1564111751:2:7:197:77:-1:-1:-1:-1:-1:1:2:197:data:recv
1564111751:3:2:197:77:1:-1:3:3:-1:-1:-1:-1:data:forward
1564111751:2:7:77:186:-1:-1:-1:-1:-1:2:3:185:data:send
1564111761:2:7:198:77:-1:-1:-1:-1:-1:1:2:198:data:recv
1564111761:3:2:198:77:1:-1:3:3:-1:-1:-1:-1:data:forward
1564111761:2:7:77:187:-1:-1:-1:-1:-1:2:3:186:data:send
1564111771:2:7:199:77:-1:-1:-1:-1:-1:1:2:199:data:recv
1564111771:3:2:199:77:1:-1:3:3:-1:-1:-1:-1:data:forward
1564111771:2:7:77:188:-1:-1:-1:-1:-1:2:3:187:data:send
1564111781:2:7:200:77:-1:-1:-1:-1:-1:1:2:200:data:recv
1564111781:3:2:200:77:1:-1:3:3:-1:-1:-1:-1:data:forward
1564111781:2:7:77:189:-1:-1:-1:-1:-1:2:3:188:data:send
1564111801:2:7:202:77:-1:-1:-1:-1:-1:1:2:202:data:recv
1564111801:3:2:202:77:1:-1:3:3:-1:-1:-1:-1:data:forward
1564111801:2:7:77:190:-1:-1:-1:-1:-1:2:3:189:data:send
1564111811:2:7:203:77:-1:-1:-1:-1:-1:1:2:203:data:recv
1564111811:3:2:203:77:1:-1:3:3:-1:-1:-1:-1:data:forward
1564111811:2:7:77:191:-1:-1:-1:-1:-1:2:3:190:data:send
1564111821:2:7:204:77:-1:-1:-1:-1:-1:1:2:204:data:recv
1564111821:3:2:204:77:1:-1:3:3:-1:-1:-1:-1:data:forward
1564111821:2:7:77:192:-1:-1:-1:-1:-1:2:3:191:data:send
1564111831:2:7:205:77:-1:-1:-1:-1:-1:1:2:205:data:recv
1564111831:3:2:205:77:1:-1:3:3:-1:-1:-1:-1:data:forward
1564111831:2:7:77:193:-1:-1:-1:-1:-1:2:3:192:data:send
1564111841:2:7:206:77:-1:-1:-1:-1:-1:1:2:206:data:recv
1564111841:3:2:206:77:1:-1:3:3:-1:-1:-1:-1:data:forward
1564111841:2:7:77:194:-1:-1:-1:-1:-1:2:3:193:data:send
1564111851:2:7:207:77:-1:-1:-1:-1:-1:1:2:207:data:recv
1564111851:3:2:207:77:1:-1:3:3:-1:-1:-1:-1:data:forward
1564111851:2:7:77:195:-1:-1:-1:-1:-1:2:3:194:data:send
1564111871:2:7:209:77:-1:-1:-1:-1:-1:1:2:209:data:recv
1564111871:3:2:209:77:1:-1:3:3:-1:-1:-1:-1:data:forward
1564111871:2:7:77:196:-1:-1:-1:-1:-1:2:3:195:data:send
1564111881:2:7:210:77:-1:-1:-1:-1:-1:1:2:210:data:recv
1564111881:3:2:210:77:1:-1:3:3:-1:-1:-1:-1:data:forward
1564111881:2:7:77:197:-1:-1:-1:-1:-1:2:3:196:data:send
1564111891:2:7:211:77:-1:-1:-1:-1:-1:1:2:211:data:recv
1564111891:3:2:211:77:1:-1:3:3:-1:-1:-1:-1:data:forward
1564111891:2:7:77:198:-1:-1:-1:-1:-1:2:3:197:data:send
1564111901:2:7:212:77:-1:-1:-1:-1:-1:1:2:212:data:recv
1564111901:3:2:212:77:1:-1:3:3:-1:-1:-1:-1:data:forward
1564111901:2:7:77:199:-1:-1:-1:-1:-1:2:3:198:data:send
1564111911:2:7:213:77:-1:-1:-1:-1:-1:1:2:213:data:recv
1564111911:3:2:213:77:1:-1:3:3:-1:-1:-1:-1:data:forward
1564111911:2:7:77:200:-1:-1:-1:-1:-1:2:3:199:data:send
1564111921:2:7:214:77:-1:-1:-1:-1:-1:1:2:214:data:recv
1564111921:3:2:214:77:1:-1:3:3:-1:-1:-1:-1:data:forward
1564111921:2:7:77:201:-1:-1:-1:-1:-1:2:3:200:data:send
1564111931:2:7:215:77:-1:-1:-1:-1:-1:1:2:215:data:recv
1564111931:3:2:215:77:1:-1:3:3:-1:-1:-1:-1:data:forward
1564111931:2:7:77:202:-1:-1:-1:-1:-1:2:3:201:data:send
1564111941:2:7:216:77:-1:-1:-1:-1:-1:1:2:216:data:recv
1564111941:3:2:216:77:1:-1:3:3:-1:-1:-1:-1:data:forward
1564111941:2:7:77:203:-1:-1:-1:-1:-1:2:3:202:data:send
1564111944:2:7:1:9:-1:-1:-1:-1:-1:3:2:1:data:recv
1564111944:2:7:-1:-1:-1:-1:-1:-1:-1:2:3:1:ack:send
1564111944:3:2:1:9:3:-1:1:1:-1:-1:-1:-1:data:forward
1564111944:2:7:9:204:-1:-1:-1:-1:-1:2:1:203:data:send
1564111946:2:7:-1:-1:-1:-1:-1:-1:-1:1:2:203:ack:recv
1564111951:2:7:217:77:-1:-1:-1:-1:-1:1:2:217:data:recv
1564111951:3:2:217:77:1:-1:3:3:-1:-1:-1:-1:data:forward
1564111951:2:7:77:205:-1:-1:-1:-1:-1:2:3:204:data:send
