=========================Fri Jul 26 10:55:43 2019
1564109765:2:7:0:10:-1:-1:-1:-1:-1:2:3:0:data:recv
1564109765:2:7:-1:-1:-1:-1:-1:-1:-1:3:2:0:ack:send
1564109765:3:2:0:10:1:-1:3:3:-1:-1:-1:-1:data:sendUp
1564109765:3:2:0:9:3:-1:2:1:-1:-1:-1:-1:data:send
1564109765:2:7:9:1:-1:-1:-1:-1:-1:3:2:0:data:send
1564109767:2:7:-1:-1:-1:-1:-1:-1:-1:2:3:0:ack:recv
1564109790:2:7:2:77:-1:-1:-1:-1:-1:2:3:2:data:recv
1564109790:3:2:1:77:1:-1:3:3:-1:-1:-1:-1:data:sendUp
1564109800:2:7:3:77:-1:-1:-1:-1:-1:2:3:3:data:recv
1564109800:3:2:2:77:1:-1:3:3:-1:-1:-1:-1:data:sendUp
1564109810:2:7:4:77:-1:-1:-1:-1:-1:2:3:4:data:recv
1564109810:3:2:3:77:1:-1:3:3:-1:-1:-1:-1:data:sendUp
1564109820:2:7:5:77:-1:-1:-1:-1:-1:2:3:5:data:recv
1564109820:3:2:4:77:1:-1:3:3:-1:-1:-1:-1:data:sendUp
1564109830:2:7:6:77:-1:-1:-1:-1:-1:2:3:6:data:recv
1564109830:3:2:5:77:1:-1:3:3:-1:-1:-1:-1:data:sendUp
1564109840:2:7:7:77:-1:-1:-1:-1:-1:2:3:7:data:recv
1564109840:3:2:6:77:1:-1:3:3:-1:-1:-1:-1:data:sendUp
1564109850:2:7:8:77:-1:-1:-1:-1:-1:2:3:8:data:recv
1564109850:3:2:7:77:1:-1:3:3:-1:-1:-1:-1:data:sendUp
1564109860:2:7:9:77:-1:-1:-1:-1:-1:2:3:9:data:recv
1564109860:3:2:8:77:1:-1:3:3:-1:-1:-1:-1:data:sendUp
1564109870:2:7:10:77:-1:-1:-1:-1:-1:2:3:10:data:recv
1564109870:3:2:9:77:1:-1:3:3:-1:-1:-1:-1:data:sendUp
1564109880:2:7:11:77:-1:-1:-1:-1:-1:2:3:11:data:recv
1564109880:3:2:10:77:1:-1:3:3:-1:-1:-1:-1:data:sendUp
1564109890:2:7:12:77:-1:-1:-1:-1:-1:2:3:12:data:recv
1564109890:3:2:11:77:1:-1:3:3:-1:-1:-1:-1:data:sendUp
1564109900:2:7:13:77:-1:-1:-1:-1:-1:2:3:13:data:recv
1564109900:3:2:12:77:1:-1:3:3:-1:-1:-1:-1:data:sendUp
1564109910:2:7:14:77:-1:-1:-1:-1:-1:2:3:14:data:recv
1564109910:3:2:13:77:1:-1:3:3:-1:-1:-1:-1:data:sendUp
1564109920:2:7:15:77:-1:-1:-1:-1:-1:2:3:15:data:recv
1564109920:3:2:14:77:1:-1:3:3:-1:-1:-1:-1:data:sendUp
1564109930:2:7:16:77:-1:-1:-1:-1:-1:2:3:16:data:recv
1564109930:3:2:15:77:1:-1:3:3:-1:-1:-1:-1:data:sendUp
1564109960:2:7:17:77:-1:-1:-1:-1:-1:2:3:17:data:recv
1564109960:3:2:18:77:1:-1:3:3:-1:-1:-1:-1:data:sendUp
1564109980:2:7:19:77:-1:-1:-1:-1:-1:2:3:19:data:recv
1564109980:3:2:20:77:1:-1:3:3:-1:-1:-1:-1:data:sendUp
1564109990:2:7:20:77:-1:-1:-1:-1:-1:2:3:20:data:recv
1564109990:3:2:21:77:1:-1:3:3:-1:-1:-1:-1:data:sendUp
1564110000:2:7:21:77:-1:-1:-1:-1:-1:2:3:21:data:recv
1564110000:3:2:22:77:1:-1:3:3:-1:-1:-1:-1:data:sendUp
1564110010:2:7:22:77:-1:-1:-1:-1:-1:2:3:22:data:recv
1564110010:3:2:23:77:1:-1:3:3:-1:-1:-1:-1:data:sendUp
1564110020:2:7:23:77:-1:-1:-1:-1:-1:2:3:23:data:recv
1564110020:3:2:24:77:1:-1:3:3:-1:-1:-1:-1:data:sendUp
1564110030:2:7:24:77:-1:-1:-1:-1:-1:2:3:24:data:recv
1564110030:3:2:25:77:1:-1:3:3:-1:-1:-1:-1:data:sendUp
1564110040:2:7:25:77:-1:-1:-1:-1:-1:2:3:25:data:recv
1564110040:3:2:26:77:1:-1:3:3:-1:-1:-1:-1:data:sendUp
1564110050:2:7:26:77:-1:-1:-1:-1:-1:2:3:26:data:recv
1564110050:3:2:27:77:1:-1:3:3:-1:-1:-1:-1:data:sendUp
1564110060:2:7:27:77:-1:-1:-1:-1:-1:2:3:27:data:recv
1564110060:3:2:28:77:1:-1:3:3:-1:-1:-1:-1:data:sendUp
1564110070:2:7:28:77:-1:-1:-1:-1:-1:2:3:28:data:recv
1564110070:3:2:29:77:1:-1:3:3:-1:-1:-1:-1:data:sendUp
1564110080:2:7:29:77:-1:-1:-1:-1:-1:2:3:29:data:recv
1564110080:3:2:30:77:1:-1:3:3:-1:-1:-1:-1:data:sendUp
1564110090:2:7:30:77:-1:-1:-1:-1:-1:2:3:30:data:recv
1564110090:3:2:31:77:1:-1:3:3:-1:-1:-1:-1:data:sendUp
1564110100:2:7:31:77:-1:-1:-1:-1:-1:2:3:31:data:recv
1564110100:3:2:32:77:1:-1:3:3:-1:-1:-1:-1:data:sendUp
1564110110:2:7:32:77:-1:-1:-1:-1:-1:2:3:32:data:recv
1564110110:3:2:33:77:1:-1:3:3:-1:-1:-1:-1:data:sendUp
1564110120:2:7:33:77:-1:-1:-1:-1:-1:2:3:33:data:recv
1564110120:3:2:34:77:1:-1:3:3:-1:-1:-1:-1:data:sendUp
1564110130:2:7:34:77:-1:-1:-1:-1:-1:2:3:34:data:recv
1564110130:3:2:35:77:1:-1:3:3:-1:-1:-1:-1:data:sendUp
1564110140:2:7:35:77:-1:-1:-1:-1:-1:2:3:35:data:recv
1564110140:3:2:36:77:1:-1:3:3:-1:-1:-1:-1:data:sendUp
1564110150:2:7:36:77:-1:-1:-1:-1:-1:2:3:36:data:recv
1564110150:3:2:37:77:1:-1:3:3:-1:-1:-1:-1:data:sendUp
1564110160:2:7:37:77:-1:-1:-1:-1:-1:2:3:37:data:recv
1564110160:3:2:38:77:1:-1:3:3:-1:-1:-1:-1:data:sendUp
1564110170:2:7:38:77:-1:-1:-1:-1:-1:2:3:38:data:recv
1564110170:3:2:39:77:1:-1:3:3:-1:-1:-1:-1:data:sendUp
1564110180:2:7:39:77:-1:-1:-1:-1:-1:2:3:39:data:recv
1564110180:3:2:40:77:1:-1:3:3:-1:-1:-1:-1:data:sendUp
1564110200:2:7:40:77:-1:-1:-1:-1:-1:2:3:40:data:recv
1564110200:3:2:42:77:1:-1:3:3:-1:-1:-1:-1:data:sendUp
1564110220:2:7:41:77:-1:-1:-1:-1:-1:2:3:41:data:recv
1564110220:3:2:44:77:1:-1:3:3:-1:-1:-1:-1:data:sendUp
1564110230:2:7:42:77:-1:-1:-1:-1:-1:2:3:42:data:recv
1564110230:3:2:45:77:1:-1:3:3:-1:-1:-1:-1:data:sendUp
1564110240:2:7:43:77:-1:-1:-1:-1:-1:2:3:43:data:recv
1564110240:3:2:46:77:1:-1:3:3:-1:-1:-1:-1:data:sendUp
1564110250:2:7:44:77:-1:-1:-1:-1:-1:2:3:44:data:recv
1564110250:3:2:47:77:1:-1:3:3:-1:-1:-1:-1:data:sendUp
1564110260:2:7:45:77:-1:-1:-1:-1:-1:2:3:45:data:recv
1564110260:3:2:48:77:1:-1:3:3:-1:-1:-1:-1:data:sendUp
1564110271:2:7:46:77:-1:-1:-1:-1:-1:2:3:46:data:recv
1564110271:3:2:49:77:1:-1:3:3:-1:-1:-1:-1:data:sendUp
1564110281:2:7:47:77:-1:-1:-1:-1:-1:2:3:47:data:recv
1564110281:3:2:50:77:1:-1:3:3:-1:-1:-1:-1:data:sendUp
1564110291:2:7:48:77:-1:-1:-1:-1:-1:2:3:48:data:recv
1564110291:3:2:51:77:1:-1:3:3:-1:-1:-1:-1:data:sendUp
1564110301:2:7:49:77:-1:-1:-1:-1:-1:2:3:49:data:recv
1564110301:3:2:52:77:1:-1:3:3:-1:-1:-1:-1:data:sendUp
1564110311:2:7:50:77:-1:-1:-1:-1:-1:2:3:50:data:recv
1564110311:3:2:53:77:1:-1:3:3:-1:-1:-1:-1:data:sendUp
1564110341:2:7:52:77:-1:-1:-1:-1:-1:2:3:52:data:recv
1564110341:3:2:56:77:1:-1:3:3:-1:-1:-1:-1:data:sendUp
1564110351:2:7:53:77:-1:-1:-1:-1:-1:2:3:53:data:recv
1564110351:3:2:57:77:1:-1:3:3:-1:-1:-1:-1:data:sendUp
1564110361:2:7:54:77:-1:-1:-1:-1:-1:2:3:54:data:recv
1564110361:3:2:58:77:1:-1:3:3:-1:-1:-1:-1:data:sendUp
1564110381:2:7:56:77:-1:-1:-1:-1:-1:2:3:56:data:recv
1564110381:3:2:60:77:1:-1:3:3:-1:-1:-1:-1:data:sendUp
1564110391:2:7:57:77:-1:-1:-1:-1:-1:2:3:57:data:recv
1564110391:3:2:61:77:1:-1:3:3:-1:-1:-1:-1:data:sendUp
1564110401:2:7:58:77:-1:-1:-1:-1:-1:2:3:58:data:recv
1564110401:3:2:62:77:1:-1:3:3:-1:-1:-1:-1:data:sendUp
1564110411:2:7:59:77:-1:-1:-1:-1:-1:2:3:59:data:recv
1564110411:3:2:63:77:1:-1:3:3:-1:-1:-1:-1:data:sendUp
1564110421:2:7:60:77:-1:-1:-1:-1:-1:2:3:60:data:recv
1564110421:3:2:64:77:1:-1:3:3:-1:-1:-1:-1:data:sendUp
1564110431:2:7:61:77:-1:-1:-1:-1:-1:2:3:61:data:recv
1564110431:3:2:65:77:1:-1:3:3:-1:-1:-1:-1:data:sendUp
1564110441:2:7:62:77:-1:-1:-1:-1:-1:2:3:62:data:recv
1564110441:3:2:66:77:1:-1:3:3:-1:-1:-1:-1:data:sendUp
1564110461:2:7:63:77:-1:-1:-1:-1:-1:2:3:63:data:recv
1564110461:3:2:68:77:1:-1:3:3:-1:-1:-1:-1:data:sendUp
1564110481:2:7:64:77:-1:-1:-1:-1:-1:2:3:64:data:recv
1564110481:3:2:70:77:1:-1:3:3:-1:-1:-1:-1:data:sendUp
1564110491:2:7:65:77:-1:-1:-1:-1:-1:2:3:65:data:recv
1564110491:3:2:71:77:1:-1:3:3:-1:-1:-1:-1:data:sendUp
1564110501:2:7:66:77:-1:-1:-1:-1:-1:2:3:66:data:recv
1564110501:3:2:72:77:1:-1:3:3:-1:-1:-1:-1:data:sendUp
1564110511:2:7:67:77:-1:-1:-1:-1:-1:2:3:67:data:recv
1564110511:3:2:73:77:1:-1:3:3:-1:-1:-1:-1:data:sendUp
1564110521:2:7:68:77:-1:-1:-1:-1:-1:2:3:68:data:recv
1564110521:3:2:74:77:1:-1:3:3:-1:-1:-1:-1:data:sendUp
1564110531:2:7:69:77:-1:-1:-1:-1:-1:2:3:69:data:recv
1564110531:3:2:75:77:1:-1:3:3:-1:-1:-1:-1:data:sendUp
1564110551:2:7:71:77:-1:-1:-1:-1:-1:2:3:71:data:recv
1564110551:3:2:77:77:1:-1:3:3:-1:-1:-1:-1:data:sendUp
1564110561:2:7:72:77:-1:-1:-1:-1:-1:2:3:72:data:recv
1564110561:3:2:78:77:1:-1:3:3:-1:-1:-1:-1:data:sendUp
1564110571:2:7:73:77:-1:-1:-1:-1:-1:2:3:73:data:recv
1564110571:3:2:79:77:1:-1:3:3:-1:-1:-1:-1:data:sendUp
1564110581:2:7:74:77:-1:-1:-1:-1:-1:2:3:74:data:recv
1564110581:3:2:80:77:1:-1:3:3:-1:-1:-1:-1:data:sendUp
1564110591:2:7:75:77:-1:-1:-1:-1:-1:2:3:75:data:recv
1564110591:3:2:81:77:1:-1:3:3:-1:-1:-1:-1:data:sendUp
1564110601:2:7:76:77:-1:-1:-1:-1:-1:2:3:76:data:recv
1564110601:3:2:82:77:1:-1:3:3:-1:-1:-1:-1:data:sendUp
1564110611:2:7:77:77:-1:-1:-1:-1:-1:2:3:77:data:recv
1564110611:3:2:83:77:1:-1:3:3:-1:-1:-1:-1:data:sendUp
1564110621:2:7:78:77:-1:-1:-1:-1:-1:2:3:78:data:recv
1564110621:3:2:84:77:1:-1:3:3:-1:-1:-1:-1:data:sendUp
1564110631:2:7:79:77:-1:-1:-1:-1:-1:2:3:79:data:recv
1564110631:3:2:85:77:1:-1:3:3:-1:-1:-1:-1:data:sendUp
1564110641:2:7:80:77:-1:-1:-1:-1:-1:2:3:80:data:recv
1564110641:3:2:86:77:1:-1:3:3:-1:-1:-1:-1:data:sendUp
1564110651:2:7:81:77:-1:-1:-1:-1:-1:2:3:81:data:recv
1564110651:3:2:87:77:1:-1:3:3:-1:-1:-1:-1:data:sendUp
1564110661:2:7:82:77:-1:-1:-1:-1:-1:2:3:82:data:recv
1564110661:3:2:88:77:1:-1:3:3:-1:-1:-1:-1:data:sendUp
1564110671:2:7:83:77:-1:-1:-1:-1:-1:2:3:83:data:recv
1564110671:3:2:89:77:1:-1:3:3:-1:-1:-1:-1:data:sendUp
1564110681:2:7:84:77:-1:-1:-1:-1:-1:2:3:84:data:recv
1564110681:3:2:90:77:1:-1:3:3:-1:-1:-1:-1:data:sendUp
1564110691:2:7:85:77:-1:-1:-1:-1:-1:2:3:85:data:recv
1564110691:3:2:91:77:1:-1:3:3:-1:-1:-1:-1:data:sendUp
1564110701:2:7:86:77:-1:-1:-1:-1:-1:2:3:86:data:recv
1564110701:3:2:92:77:1:-1:3:3:-1:-1:-1:-1:data:sendUp
1564110711:2:7:87:77:-1:-1:-1:-1:-1:2:3:87:data:recv
1564110711:3:2:93:77:1:-1:3:3:-1:-1:-1:-1:data:sendUp
1564110721:2:7:88:77:-1:-1:-1:-1:-1:2:3:88:data:recv
1564110721:3:2:94:77:1:-1:3:3:-1:-1:-1:-1:data:sendUp
1564110731:2:7:89:77:-1:-1:-1:-1:-1:2:3:89:data:recv
1564110731:3:2:95:77:1:-1:3:3:-1:-1:-1:-1:data:sendUp
1564110741:2:7:90:77:-1:-1:-1:-1:-1:2:3:90:data:recv
1564110741:3:2:96:77:1:-1:3:3:-1:-1:-1:-1:data:sendUp
1564110751:2:7:91:77:-1:-1:-1:-1:-1:2:3:91:data:recv
1564110751:3:2:97:77:1:-1:3:3:-1:-1:-1:-1:data:sendUp
1564110761:2:7:92:77:-1:-1:-1:-1:-1:2:3:92:data:recv
1564110761:3:2:98:77:1:-1:3:3:-1:-1:-1:-1:data:sendUp
1564110781:2:7:93:77:-1:-1:-1:-1:-1:2:3:93:data:recv
1564110781:3:2:100:77:1:-1:3:3:-1:-1:-1:-1:data:sendUp
1564110791:2:7:94:77:-1:-1:-1:-1:-1:2:3:94:data:recv
1564110791:3:2:101:77:1:-1:3:3:-1:-1:-1:-1:data:sendUp
1564110801:2:7:95:77:-1:-1:-1:-1:-1:2:3:95:data:recv
1564110801:3:2:102:77:1:-1:3:3:-1:-1:-1:-1:data:sendUp
1564110811:2:7:96:77:-1:-1:-1:-1:-1:2:3:96:data:recv
1564110811:3:2:103:77:1:-1:3:3:-1:-1:-1:-1:data:sendUp
1564110821:2:7:97:77:-1:-1:-1:-1:-1:2:3:97:data:recv
1564110821:3:2:104:77:1:-1:3:3:-1:-1:-1:-1:data:sendUp
1564110831:2:7:98:77:-1:-1:-1:-1:-1:2:3:98:data:recv
1564110831:3:2:105:77:1:-1:3:3:-1:-1:-1:-1:data:sendUp
1564110841:2:7:99:77:-1:-1:-1:-1:-1:2:3:99:data:recv
1564110841:3:2:106:77:1:-1:3:3:-1:-1:-1:-1:data:sendUp
1564110851:2:7:100:77:-1:-1:-1:-1:-1:2:3:100:data:recv
1564110851:3:2:107:77:1:-1:3:3:-1:-1:-1:-1:data:sendUp
1564110861:2:7:101:77:-1:-1:-1:-1:-1:2:3:101:data:recv
1564110861:3:2:108:77:1:-1:3:3:-1:-1:-1:-1:data:sendUp
1564110871:2:7:102:77:-1:-1:-1:-1:-1:2:3:102:data:recv
1564110871:3:2:109:77:1:-1:3:3:-1:-1:-1:-1:data:sendUp
1564110881:2:7:103:77:-1:-1:-1:-1:-1:2:3:103:data:recv
1564110881:3:2:110:77:1:-1:3:3:-1:-1:-1:-1:data:sendUp
1564110891:2:7:104:77:-1:-1:-1:-1:-1:2:3:104:data:recv
1564110891:3:2:111:77:1:-1:3:3:-1:-1:-1:-1:data:sendUp
1564110901:2:7:105:77:-1:-1:-1:-1:-1:2:3:105:data:recv
1564110901:3:2:112:77:1:-1:3:3:-1:-1:-1:-1:data:sendUp
1564110921:2:7:107:77:-1:-1:-1:-1:-1:2:3:107:data:recv
1564110921:3:2:114:77:1:-1:3:3:-1:-1:-1:-1:data:sendUp
1564110931:2:7:108:77:-1:-1:-1:-1:-1:2:3:108:data:recv
1564110931:3:2:115:77:1:-1:3:3:-1:-1:-1:-1:data:sendUp
1564110941:2:7:109:77:-1:-1:-1:-1:-1:2:3:109:data:recv
1564110941:3:2:116:77:1:-1:3:3:-1:-1:-1:-1:data:sendUp
1564110951:2:7:110:77:-1:-1:-1:-1:-1:2:3:110:data:recv
1564110951:3:2:117:77:1:-1:3:3:-1:-1:-1:-1:data:sendUp
1564110961:2:7:111:77:-1:-1:-1:-1:-1:2:3:111:data:recv
1564110961:3:2:118:77:1:-1:3:3:-1:-1:-1:-1:data:sendUp
1564110971:2:7:112:77:-1:-1:-1:-1:-1:2:3:112:data:recv
1564110971:3:2:119:77:1:-1:3:3:-1:-1:-1:-1:data:sendUp
1564110981:2:7:113:77:-1:-1:-1:-1:-1:2:3:113:data:recv
1564110981:3:2:120:77:1:-1:3:3:-1:-1:-1:-1:data:sendUp
1564110991:2:7:114:77:-1:-1:-1:-1:-1:2:3:114:data:recv
1564110991:3:2:121:77:1:-1:3:3:-1:-1:-1:-1:data:sendUp
1564111001:2:7:115:77:-1:-1:-1:-1:-1:2:3:115:data:recv
1564111001:3:2:122:77:1:-1:3:3:-1:-1:-1:-1:data:sendUp
1564111021:2:7:116:77:-1:-1:-1:-1:-1:2:3:116:data:recv
1564111021:3:2:124:77:1:-1:3:3:-1:-1:-1:-1:data:sendUp
1564111031:2:7:117:77:-1:-1:-1:-1:-1:2:3:117:data:recv
1564111031:3:2:125:77:1:-1:3:3:-1:-1:-1:-1:data:sendUp
1564111041:2:7:118:77:-1:-1:-1:-1:-1:2:3:118:data:recv
1564111041:3:2:126:77:1:-1:3:3:-1:-1:-1:-1:data:sendUp
1564111051:2:7:119:77:-1:-1:-1:-1:-1:2:3:119:data:recv
1564111051:3:2:127:77:1:-1:3:3:-1:-1:-1:-1:data:sendUp
1564111062:2:7:120:77:-1:-1:-1:-1:-1:2:3:120:data:recv
1564111062:3:2:128:77:1:-1:3:3:-1:-1:-1:-1:data:sendUp
1564111072:2:7:121:77:-1:-1:-1:-1:-1:2:3:121:data:recv
1564111072:3:2:129:77:1:-1:3:3:-1:-1:-1:-1:data:sendUp
1564111082:2:7:122:77:-1:-1:-1:-1:-1:2:3:122:data:recv
1564111082:3:2:130:77:1:-1:3:3:-1:-1:-1:-1:data:sendUp
1564111092:2:7:123:77:-1:-1:-1:-1:-1:2:3:123:data:recv
1564111092:3:2:131:77:1:-1:3:3:-1:-1:-1:-1:data:sendUp
1564111102:2:7:124:77:-1:-1:-1:-1:-1:2:3:124:data:recv
1564111102:3:2:132:77:1:-1:3:3:-1:-1:-1:-1:data:sendUp
1564111112:2:7:125:77:-1:-1:-1:-1:-1:2:3:125:data:recv
1564111112:3:2:133:77:1:-1:3:3:-1:-1:-1:-1:data:sendUp
1564111122:2:7:126:77:-1:-1:-1:-1:-1:2:3:126:data:recv
1564111122:3:2:134:77:1:-1:3:3:-1:-1:-1:-1:data:sendUp
1564111132:2:7:127:77:-1:-1:-1:-1:-1:2:3:127:data:recv
1564111132:3:2:135:77:1:-1:3:3:-1:-1:-1:-1:data:sendUp
1564111142:2:7:128:77:-1:-1:-1:-1:-1:2:3:128:data:recv
1564111142:3:2:136:77:1:-1:3:3:-1:-1:-1:-1:data:sendUp
1564111152:2:7:129:77:-1:-1:-1:-1:-1:2:3:129:data:recv
1564111152:3:2:137:77:1:-1:3:3:-1:-1:-1:-1:data:sendUp
1564111162:2:7:130:77:-1:-1:-1:-1:-1:2:3:130:data:recv
1564111162:3:2:138:77:1:-1:3:3:-1:-1:-1:-1:data:sendUp
1564111172:2:7:131:77:-1:-1:-1:-1:-1:2:3:131:data:recv
1564111172:3:2:139:77:1:-1:3:3:-1:-1:-1:-1:data:sendUp
1564111182:2:7:132:77:-1:-1:-1:-1:-1:2:3:132:data:recv
1564111182:3:2:140:77:1:-1:3:3:-1:-1:-1:-1:data:sendUp
1564111192:2:7:133:77:-1:-1:-1:-1:-1:2:3:133:data:recv
1564111192:3:2:141:77:1:-1:3:3:-1:-1:-1:-1:data:sendUp
1564111202:2:7:134:77:-1:-1:-1:-1:-1:2:3:134:data:recv
1564111202:3:2:142:77:1:-1:3:3:-1:-1:-1:-1:data:sendUp
1564111212:2:7:135:77:-1:-1:-1:-1:-1:2:3:135:data:recv
1564111212:3:2:143:77:1:-1:3:3:-1:-1:-1:-1:data:sendUp
1564111222:2:7:136:77:-1:-1:-1:-1:-1:2:3:136:data:recv
1564111222:3:2:144:77:1:-1:3:3:-1:-1:-1:-1:data:sendUp
1564111232:2:7:137:77:-1:-1:-1:-1:-1:2:3:137:data:recv
1564111232:3:2:145:77:1:-1:3:3:-1:-1:-1:-1:data:sendUp
1564111242:2:7:138:77:-1:-1:-1:-1:-1:2:3:138:data:recv
1564111242:3:2:146:77:1:-1:3:3:-1:-1:-1:-1:data:sendUp
1564111252:2:7:139:77:-1:-1:-1:-1:-1:2:3:139:data:recv
1564111252:3:2:147:77:1:-1:3:3:-1:-1:-1:-1:data:sendUp
1564111272:2:7:140:77:-1:-1:-1:-1:-1:2:3:140:data:recv
1564111272:3:2:149:77:1:-1:3:3:-1:-1:-1:-1:data:sendUp
1564111282:2:7:141:77:-1:-1:-1:-1:-1:2:3:141:data:recv
1564111282:3:2:150:77:1:-1:3:3:-1:-1:-1:-1:data:sendUp
1564111292:2:7:142:77:-1:-1:-1:-1:-1:2:3:142:data:recv
1564111292:3:2:151:77:1:-1:3:3:-1:-1:-1:-1:data:sendUp
1564111302:2:7:143:77:-1:-1:-1:-1:-1:2:3:143:data:recv
1564111302:3:2:152:77:1:-1:3:3:-1:-1:-1:-1:data:sendUp
1564111312:2:7:144:77:-1:-1:-1:-1:-1:2:3:144:data:recv
1564111312:3:2:153:77:1:-1:3:3:-1:-1:-1:-1:data:sendUp
1564111322:2:7:145:77:-1:-1:-1:-1:-1:2:3:145:data:recv
1564111322:3:2:154:77:1:-1:3:3:-1:-1:-1:-1:data:sendUp
1564111332:2:7:146:77:-1:-1:-1:-1:-1:2:3:146:data:recv
1564111332:3:2:155:77:1:-1:3:3:-1:-1:-1:-1:data:sendUp
1564111352:2:7:147:77:-1:-1:-1:-1:-1:2:3:147:data:recv
1564111352:3:2:157:77:1:-1:3:3:-1:-1:-1:-1:data:sendUp
1564111362:2:7:148:77:-1:-1:-1:-1:-1:2:3:148:data:recv
1564111362:3:2:158:77:1:-1:3:3:-1:-1:-1:-1:data:sendUp
1564111372:2:7:149:77:-1:-1:-1:-1:-1:2:3:149:data:recv
1564111372:3:2:159:77:1:-1:3:3:-1:-1:-1:-1:data:sendUp
1564111382:2:7:150:77:-1:-1:-1:-1:-1:2:3:150:data:recv
1564111382:3:2:160:77:1:-1:3:3:-1:-1:-1:-1:data:sendUp
1564111392:2:7:151:77:-1:-1:-1:-1:-1:2:3:151:data:recv
1564111392:3:2:161:77:1:-1:3:3:-1:-1:-1:-1:data:sendUp
1564111402:2:7:152:77:-1:-1:-1:-1:-1:2:3:152:data:recv
1564111402:3:2:162:77:1:-1:3:3:-1:-1:-1:-1:data:sendUp
1564111412:2:7:153:77:-1:-1:-1:-1:-1:2:3:153:data:recv
1564111412:3:2:163:77:1:-1:3:3:-1:-1:-1:-1:data:sendUp
1564111422:2:7:154:77:-1:-1:-1:-1:-1:2:3:154:data:recv
1564111422:3:2:164:77:1:-1:3:3:-1:-1:-1:-1:data:sendUp
1564111432:2:7:155:77:-1:-1:-1:-1:-1:2:3:155:data:recv
1564111432:3:2:165:77:1:-1:3:3:-1:-1:-1:-1:data:sendUp
1564111442:2:7:156:77:-1:-1:-1:-1:-1:2:3:156:data:recv
1564111442:3:2:166:77:1:-1:3:3:-1:-1:-1:-1:data:sendUp
1564111452:2:7:157:77:-1:-1:-1:-1:-1:2:3:157:data:recv
1564111452:3:2:167:77:1:-1:3:3:-1:-1:-1:-1:data:sendUp
1564111462:2:7:158:77:-1:-1:-1:-1:-1:2:3:158:data:recv
1564111462:3:2:168:77:1:-1:3:3:-1:-1:-1:-1:data:sendUp
1564111472:2:7:159:77:-1:-1:-1:-1:-1:2:3:159:data:recv
1564111472:3:2:169:77:1:-1:3:3:-1:-1:-1:-1:data:sendUp
1564111482:2:7:160:77:-1:-1:-1:-1:-1:2:3:160:data:recv
1564111482:3:2:170:77:1:-1:3:3:-1:-1:-1:-1:data:sendUp
1564111492:2:7:161:77:-1:-1:-1:-1:-1:2:3:161:data:recv
1564111492:3:2:171:77:1:-1:3:3:-1:-1:-1:-1:data:sendUp
1564111502:2:7:162:77:-1:-1:-1:-1:-1:2:3:162:data:recv
1564111502:3:2:172:77:1:-1:3:3:-1:-1:-1:-1:data:sendUp
1564111512:2:7:163:77:-1:-1:-1:-1:-1:2:3:163:data:recv
1564111512:3:2:173:77:1:-1:3:3:-1:-1:-1:-1:data:sendUp
1564111522:2:7:164:77:-1:-1:-1:-1:-1:2:3:164:data:recv
1564111522:3:2:174:77:1:-1:3:3:-1:-1:-1:-1:data:sendUp
1564111542:2:7:165:77:-1:-1:-1:-1:-1:2:3:165:data:recv
1564111542:3:2:176:77:1:-1:3:3:-1:-1:-1:-1:data:sendUp
1564111552:2:7:166:77:-1:-1:-1:-1:-1:2:3:166:data:recv
1564111552:3:2:177:77:1:-1:3:3:-1:-1:-1:-1:data:sendUp
1564111572:2:7:168:77:-1:-1:-1:-1:-1:2:3:168:data:recv
1564111572:3:2:179:77:1:-1:3:3:-1:-1:-1:-1:data:sendUp
1564111582:2:7:169:77:-1:-1:-1:-1:-1:2:3:169:data:recv
1564111582:3:2:180:77:1:-1:3:3:-1:-1:-1:-1:data:sendUp
1564111602:2:7:171:77:-1:-1:-1:-1:-1:2:3:171:data:recv
1564111602:3:2:182:77:1:-1:3:3:-1:-1:-1:-1:data:sendUp
1564111612:2:7:172:77:-1:-1:-1:-1:-1:2:3:172:data:recv
1564111612:3:2:183:77:1:-1:3:3:-1:-1:-1:-1:data:sendUp
1564111622:2:7:173:77:-1:-1:-1:-1:-1:2:3:173:data:recv
1564111622:3:2:184:77:1:-1:3:3:-1:-1:-1:-1:data:sendUp
1564111632:2:7:174:77:-1:-1:-1:-1:-1:2:3:174:data:recv
1564111632:3:2:185:77:1:-1:3:3:-1:-1:-1:-1:data:sendUp
1564111642:2:7:175:77:-1:-1:-1:-1:-1:2:3:175:data:recv
1564111642:3:2:186:77:1:-1:3:3:-1:-1:-1:-1:data:sendUp
1564111652:2:7:176:77:-1:-1:-1:-1:-1:2:3:176:data:recv
1564111652:3:2:187:77:1:-1:3:3:-1:-1:-1:-1:data:sendUp
1564111662:2:7:177:77:-1:-1:-1:-1:-1:2:3:177:data:recv
1564111662:3:2:188:77:1:-1:3:3:-1:-1:-1:-1:data:sendUp
1564111682:2:7:179:77:-1:-1:-1:-1:-1:2:3:179:data:recv
1564111682:3:2:190:77:1:-1:3:3:-1:-1:-1:-1:data:sendUp
1564111692:2:7:180:77:-1:-1:-1:-1:-1:2:3:180:data:recv
1564111692:3:2:191:77:1:-1:3:3:-1:-1:-1:-1:data:sendUp
1564111722:2:7:182:77:-1:-1:-1:-1:-1:2:3:182:data:recv
1564111722:3:2:194:77:1:-1:3:3:-1:-1:-1:-1:data:sendUp
1564111732:2:7:183:77:-1:-1:-1:-1:-1:2:3:183:data:recv
1564111732:3:2:195:77:1:-1:3:3:-1:-1:-1:-1:data:sendUp
1564111742:2:7:184:77:-1:-1:-1:-1:-1:2:3:184:data:recv
1564111742:3:2:196:77:1:-1:3:3:-1:-1:-1:-1:data:sendUp
1564111752:2:7:185:77:-1:-1:-1:-1:-1:2:3:185:data:recv
1564111752:3:2:197:77:1:-1:3:3:-1:-1:-1:-1:data:sendUp
1564111762:2:7:186:77:-1:-1:-1:-1:-1:2:3:186:data:recv
1564111762:3:2:198:77:1:-1:3:3:-1:-1:-1:-1:data:sendUp
1564111772:2:7:187:77:-1:-1:-1:-1:-1:2:3:187:data:recv
1564111772:3:2:199:77:1:-1:3:3:-1:-1:-1:-1:data:sendUp
1564111782:2:7:188:77:-1:-1:-1:-1:-1:2:3:188:data:recv
1564111782:3:2:200:77:1:-1:3:3:-1:-1:-1:-1:data:sendUp
1564111803:2:7:189:77:-1:-1:-1:-1:-1:2:3:189:data:recv
1564111803:3:2:202:77:1:-1:3:3:-1:-1:-1:-1:data:sendUp
1564111813:2:7:190:77:-1:-1:-1:-1:-1:2:3:190:data:recv
1564111813:3:2:203:77:1:-1:3:3:-1:-1:-1:-1:data:sendUp
1564111823:2:7:191:77:-1:-1:-1:-1:-1:2:3:191:data:recv
1564111823:3:2:204:77:1:-1:3:3:-1:-1:-1:-1:data:sendUp
1564111833:2:7:192:77:-1:-1:-1:-1:-1:2:3:192:data:recv
1564111833:3:2:205:77:1:-1:3:3:-1:-1:-1:-1:data:sendUp
1564111843:2:7:193:77:-1:-1:-1:-1:-1:2:3:193:data:recv
1564111843:3:2:206:77:1:-1:3:3:-1:-1:-1:-1:data:sendUp
1564111853:2:7:194:77:-1:-1:-1:-1:-1:2:3:194:data:recv
1564111853:3:2:207:77:1:-1:3:3:-1:-1:-1:-1:data:sendUp
1564111873:2:7:195:77:-1:-1:-1:-1:-1:2:3:195:data:recv
1564111873:3:2:209:77:1:-1:3:3:-1:-1:-1:-1:data:sendUp
1564111883:2:7:196:77:-1:-1:-1:-1:-1:2:3:196:data:recv
1564111883:3:2:210:77:1:-1:3:3:-1:-1:-1:-1:data:sendUp
1564111893:2:7:197:77:-1:-1:-1:-1:-1:2:3:197:data:recv
1564111893:3:2:211:77:1:-1:3:3:-1:-1:-1:-1:data:sendUp
1564111903:2:7:198:77:-1:-1:-1:-1:-1:2:3:198:data:recv
1564111903:3:2:212:77:1:-1:3:3:-1:-1:-1:-1:data:sendUp
1564111913:2:7:199:77:-1:-1:-1:-1:-1:2:3:199:data:recv
1564111913:3:2:213:77:1:-1:3:3:-1:-1:-1:-1:data:sendUp
1564111923:2:7:200:77:-1:-1:-1:-1:-1:2:3:200:data:recv
1564111923:3:2:214:77:1:-1:3:3:-1:-1:-1:-1:data:sendUp
1564111933:2:7:201:77:-1:-1:-1:-1:-1:2:3:201:data:recv
1564111933:3:2:215:77:1:-1:3:3:-1:-1:-1:-1:data:sendUp
1564111943:2:7:202:77:-1:-1:-1:-1:-1:2:3:202:data:recv
1564111943:3:2:216:77:1:-1:3:3:-1:-1:-1:-1:data:sendUp
1564111943:3:2:1:9:3:-1:2:1:-1:-1:-1:-1:data:send
1564111943:2:7:9:2:-1:-1:-1:-1:-1:3:2:1:data:send
1564111945:2:7:-1:-1:-1:-1:-1:-1:-1:2:3:1:ack:recv
1564111953:2:7:204:77:-1:-1:-1:-1:-1:2:3:204:data:recv
1564111953:3:2:217:77:1:-1:3:3:-1:-1:-1:-1:data:sendUp
