=========================Fri Jul 26 10:04:30 2019
1564106763:3:2:0:10:1:-1:2:2:-1:-1:-1:-1:data:send
1564106763:2:7:10:1:-1:-1:-1:-1:-1:1:2:0:data:send
1564106764:2:7:-1:-1:-1:-1:-1:-1:-1:2:1:0:ack:recv
1564106764:2:7:0:9:-1:-1:-1:-1:-1:2:1:0:data:recv
1564106764:2:7:-1:-1:-1:-1:-1:-1:-1:1:2:0:ack:send
1564106764:3:2:0:9:2:-1:1:1:-1:-1:-1:-1:data:sendUp
1564106769:3:2:1:77:1:-1:2:2:-1:-1:-1:-1:data:send
1564106769:2:7:77:2:-1:-1:-1:-1:-1:1:2:1:data:send
1564106774:3:2:2:77:1:-1:2:2:-1:-1:-1:-1:data:send
1564106774:2:7:77:3:-1:-1:-1:-1:-1:1:2:2:data:send
1564106779:3:2:3:77:1:-1:2:2:-1:-1:-1:-1:data:send
1564106779:2:7:77:4:-1:-1:-1:-1:-1:1:2:3:data:send
1564106784:3:2:4:77:1:-1:2:2:-1:-1:-1:-1:data:send
1564106784:2:7:77:5:-1:-1:-1:-1:-1:1:2:4:data:send
1564106789:3:2:5:77:1:-1:2:2:-1:-1:-1:-1:data:send
1564106789:2:7:77:6:-1:-1:-1:-1:-1:1:2:5:data:send
1564106794:3:2:6:77:1:-1:2:2:-1:-1:-1:-1:data:send
1564106794:2:7:77:7:-1:-1:-1:-1:-1:1:2:6:data:send
1564106799:3:2:7:77:1:-1:2:2:-1:-1:-1:-1:data:send
1564106799:2:7:77:8:-1:-1:-1:-1:-1:1:2:7:data:send
1564106804:3:2:8:77:1:-1:2:2:-1:-1:-1:-1:data:send
1564106804:2:7:77:9:-1:-1:-1:-1:-1:1:2:8:data:send
1564106809:3:2:9:77:1:-1:2:2:-1:-1:-1:-1:data:send
1564106809:2:7:77:10:-1:-1:-1:-1:-1:1:2:9:data:send
1564106814:3:2:10:77:1:-1:2:2:-1:-1:-1:-1:data:send
1564106814:2:7:77:11:-1:-1:-1:-1:-1:1:2:10:data:send
1564106819:3:2:11:77:1:-1:2:2:-1:-1:-1:-1:data:send
1564106819:2:7:77:12:-1:-1:-1:-1:-1:1:2:11:data:send
1564106824:3:2:12:77:1:-1:2:2:-1:-1:-1:-1:data:send
1564106824:2:7:77:13:-1:-1:-1:-1:-1:1:2:12:data:send
1564106829:3:2:13:77:1:-1:2:2:-1:-1:-1:-1:data:send
1564106829:2:7:77:14:-1:-1:-1:-1:-1:1:2:13:data:send
1564106834:3:2:14:77:1:-1:2:2:-1:-1:-1:-1:data:send
1564106834:2:7:77:15:-1:-1:-1:-1:-1:1:2:14:data:send
1564106840:3:2:15:77:1:-1:2:2:-1:-1:-1:-1:data:send
1564106840:2:7:77:16:-1:-1:-1:-1:-1:1:2:15:data:send
1564106845:3:2:16:77:1:-1:2:2:-1:-1:-1:-1:data:send
1564106845:2:7:77:17:-1:-1:-1:-1:-1:1:2:16:data:send
1564106850:3:2:17:77:1:-1:2:2:-1:-1:-1:-1:data:send
1564106850:2:7:77:18:-1:-1:-1:-1:-1:1:2:17:data:send
1564106855:3:2:18:77:1:-1:2:2:-1:-1:-1:-1:data:send
1564106855:2:7:77:19:-1:-1:-1:-1:-1:1:2:18:data:send
1564106860:3:2:19:77:1:-1:2:2:-1:-1:-1:-1:data:send
1564106860:2:7:77:20:-1:-1:-1:-1:-1:1:2:19:data:send
1564106865:3:2:20:77:1:-1:2:2:-1:-1:-1:-1:data:send
1564106865:2:7:77:21:-1:-1:-1:-1:-1:1:2:20:data:send
1564106870:3:2:21:77:1:-1:2:2:-1:-1:-1:-1:data:send
1564106870:2:7:77:22:-1:-1:-1:-1:-1:1:2:21:data:send
1564106875:3:2:22:77:1:-1:2:2:-1:-1:-1:-1:data:send
1564106875:2:7:77:23:-1:-1:-1:-1:-1:1:2:22:data:send
1564106880:3:2:23:77:1:-1:2:2:-1:-1:-1:-1:data:send
1564106880:2:7:77:24:-1:-1:-1:-1:-1:1:2:23:data:send
1564106885:3:2:24:77:1:-1:2:2:-1:-1:-1:-1:data:send
1564106885:2:7:77:25:-1:-1:-1:-1:-1:1:2:24:data:send
1564106890:3:2:25:77:1:-1:2:2:-1:-1:-1:-1:data:send
1564106890:2:7:77:26:-1:-1:-1:-1:-1:1:2:25:data:send
1564106895:3:2:26:77:1:-1:2:2:-1:-1:-1:-1:data:send
1564106895:2:7:77:27:-1:-1:-1:-1:-1:1:2:26:data:send
1564106900:3:2:27:77:1:-1:2:2:-1:-1:-1:-1:data:send
1564106900:2:7:77:28:-1:-1:-1:-1:-1:1:2:27:data:send
1564106905:3:2:28:77:1:-1:2:2:-1:-1:-1:-1:data:send
1564106905:2:7:77:29:-1:-1:-1:-1:-1:1:2:28:data:send
1564106910:3:2:29:77:1:-1:2:2:-1:-1:-1:-1:data:send
1564106910:2:7:77:30:-1:-1:-1:-1:-1:1:2:29:data:send
1564106915:3:2:30:77:1:-1:2:2:-1:-1:-1:-1:data:send
1564106915:2:7:77:31:-1:-1:-1:-1:-1:1:2:30:data:send
1564106920:3:2:31:77:1:-1:2:2:-1:-1:-1:-1:data:send
1564106920:2:7:77:32:-1:-1:-1:-1:-1:1:2:31:data:send
1564106925:3:2:32:77:1:-1:2:2:-1:-1:-1:-1:data:send
1564106925:2:7:77:33:-1:-1:-1:-1:-1:1:2:32:data:send
1564106930:3:2:33:77:1:-1:2:2:-1:-1:-1:-1:data:send
1564106930:2:7:77:34:-1:-1:-1:-1:-1:1:2:33:data:send
1564106935:3:2:34:77:1:-1:2:2:-1:-1:-1:-1:data:send
1564106935:2:7:77:35:-1:-1:-1:-1:-1:1:2:34:data:send
1564106940:3:2:35:77:1:-1:2:2:-1:-1:-1:-1:data:send
1564106940:2:7:77:36:-1:-1:-1:-1:-1:1:2:35:data:send
1564106945:3:2:36:77:1:-1:2:2:-1:-1:-1:-1:data:send
1564106945:2:7:77:37:-1:-1:-1:-1:-1:1:2:36:data:send
1564106950:3:2:37:77:1:-1:2:2:-1:-1:-1:-1:data:send
1564106950:2:7:77:38:-1:-1:-1:-1:-1:1:2:37:data:send
1564106955:3:2:38:77:1:-1:2:2:-1:-1:-1:-1:data:send
1564106955:2:7:77:39:-1:-1:-1:-1:-1:1:2:38:data:send
1564106960:3:2:39:77:1:-1:2:2:-1:-1:-1:-1:data:send
1564106960:2:7:77:40:-1:-1:-1:-1:-1:1:2:39:data:send
1564106965:3:2:40:77:1:-1:2:2:-1:-1:-1:-1:data:send
1564106965:2:7:77:41:-1:-1:-1:-1:-1:1:2:40:data:send
1564106970:3:2:41:77:1:-1:2:2:-1:-1:-1:-1:data:send
1564106970:2:7:77:42:-1:-1:-1:-1:-1:1:2:41:data:send
1564106975:3:2:42:77:1:-1:2:2:-1:-1:-1:-1:data:send
1564106975:2:7:77:43:-1:-1:-1:-1:-1:1:2:42:data:send
1564106980:3:2:43:77:1:-1:2:2:-1:-1:-1:-1:data:send
1564106980:2:7:77:44:-1:-1:-1:-1:-1:1:2:43:data:send
1564106985:3:2:44:77:1:-1:2:2:-1:-1:-1:-1:data:send
1564106985:2:7:77:45:-1:-1:-1:-1:-1:1:2:44:data:send
1564106990:3:2:45:77:1:-1:2:2:-1:-1:-1:-1:data:send
1564106990:2:7:77:46:-1:-1:-1:-1:-1:1:2:45:data:send
1564106995:3:2:46:77:1:-1:2:2:-1:-1:-1:-1:data:send
1564106995:2:7:77:47:-1:-1:-1:-1:-1:1:2:46:data:send
1564107000:3:2:47:77:1:-1:2:2:-1:-1:-1:-1:data:send
1564107000:2:7:77:48:-1:-1:-1:-1:-1:1:2:47:data:send
1564107005:3:2:48:77:1:-1:2:2:-1:-1:-1:-1:data:send
1564107005:2:7:77:49:-1:-1:-1:-1:-1:1:2:48:data:send
1564107010:3:2:49:77:1:-1:2:2:-1:-1:-1:-1:data:send
1564107010:2:7:77:50:-1:-1:-1:-1:-1:1:2:49:data:send
1564107015:3:2:50:77:1:-1:2:2:-1:-1:-1:-1:data:send
1564107015:2:7:77:51:-1:-1:-1:-1:-1:1:2:50:data:send
1564107020:3:2:51:77:1:-1:2:2:-1:-1:-1:-1:data:send
1564107020:2:7:77:52:-1:-1:-1:-1:-1:1:2:51:data:send
1564107025:3:2:52:77:1:-1:2:2:-1:-1:-1:-1:data:send
1564107025:2:7:77:53:-1:-1:-1:-1:-1:1:2:52:data:send
1564107030:3:2:53:77:1:-1:2:2:-1:-1:-1:-1:data:send
1564107030:2:7:77:54:-1:-1:-1:-1:-1:1:2:53:data:send
1564107035:3:2:54:77:1:-1:2:2:-1:-1:-1:-1:data:send
1564107035:2:7:77:55:-1:-1:-1:-1:-1:1:2:54:data:send
1564107040:3:2:55:77:1:-1:2:2:-1:-1:-1:-1:data:send
1564107040:2:7:77:56:-1:-1:-1:-1:-1:1:2:55:data:send
1564107045:3:2:56:77:1:-1:2:2:-1:-1:-1:-1:data:send
1564107045:2:7:77:57:-1:-1:-1:-1:-1:1:2:56:data:send
1564107050:3:2:57:77:1:-1:2:2:-1:-1:-1:-1:data:send
1564107050:2:7:77:58:-1:-1:-1:-1:-1:1:2:57:data:send
1564107055:3:2:58:77:1:-1:2:2:-1:-1:-1:-1:data:send
1564107055:2:7:77:59:-1:-1:-1:-1:-1:1:2:58:data:send
1564107060:3:2:59:77:1:-1:2:2:-1:-1:-1:-1:data:send
1564107060:2:7:77:60:-1:-1:-1:-1:-1:1:2:59:data:send
1564107065:3:2:60:77:1:-1:2:2:-1:-1:-1:-1:data:send
1564107065:2:7:77:61:-1:-1:-1:-1:-1:1:2:60:data:send
1564107070:3:2:61:77:1:-1:2:2:-1:-1:-1:-1:data:send
1564107070:2:7:77:62:-1:-1:-1:-1:-1:1:2:61:data:send
1564107075:3:2:62:77:1:-1:2:2:-1:-1:-1:-1:data:send
1564107075:2:7:77:63:-1:-1:-1:-1:-1:1:2:62:data:send
1564107080:3:2:63:77:1:-1:2:2:-1:-1:-1:-1:data:send
1564107080:2:7:77:64:-1:-1:-1:-1:-1:1:2:63:data:send
1564107085:3:2:64:77:1:-1:2:2:-1:-1:-1:-1:data:send
1564107085:2:7:77:65:-1:-1:-1:-1:-1:1:2:64:data:send
1564107090:3:2:65:77:1:-1:2:2:-1:-1:-1:-1:data:send
1564107090:2:7:77:66:-1:-1:-1:-1:-1:1:2:65:data:send
1564107095:3:2:66:77:1:-1:2:2:-1:-1:-1:-1:data:send
1564107095:2:7:77:67:-1:-1:-1:-1:-1:1:2:66:data:send
1564107100:3:2:67:77:1:-1:2:2:-1:-1:-1:-1:data:send
1564107100:2:7:77:68:-1:-1:-1:-1:-1:1:2:67:data:send
1564107105:3:2:68:77:1:-1:2:2:-1:-1:-1:-1:data:send
1564107105:2:7:77:69:-1:-1:-1:-1:-1:1:2:68:data:send
1564107110:3:2:69:77:1:-1:2:2:-1:-1:-1:-1:data:send
1564107110:2:7:77:70:-1:-1:-1:-1:-1:1:2:69:data:send
1564107115:3:2:70:77:1:-1:2:2:-1:-1:-1:-1:data:send
1564107115:2:7:77:71:-1:-1:-1:-1:-1:1:2:70:data:send
1564107120:3:2:71:77:1:-1:2:2:-1:-1:-1:-1:data:send
1564107120:2:7:77:72:-1:-1:-1:-1:-1:1:2:71:data:send
1564107125:3:2:72:77:1:-1:2:2:-1:-1:-1:-1:data:send
1564107125:2:7:77:73:-1:-1:-1:-1:-1:1:2:72:data:send
1564107130:3:2:73:77:1:-1:2:2:-1:-1:-1:-1:data:send
1564107130:2:7:77:74:-1:-1:-1:-1:-1:1:2:73:data:send
1564107135:3:2:74:77:1:-1:2:2:-1:-1:-1:-1:data:send
1564107135:2:7:77:75:-1:-1:-1:-1:-1:1:2:74:data:send
1564107140:3:2:75:77:1:-1:2:2:-1:-1:-1:-1:data:send
1564107140:2:7:77:76:-1:-1:-1:-1:-1:1:2:75:data:send
1564107145:3:2:76:77:1:-1:2:2:-1:-1:-1:-1:data:send
1564107145:2:7:77:77:-1:-1:-1:-1:-1:1:2:76:data:send
1564107150:3:2:77:77:1:-1:2:2:-1:-1:-1:-1:data:send
1564107150:2:7:77:78:-1:-1:-1:-1:-1:1:2:77:data:send
1564107155:3:2:78:77:1:-1:2:2:-1:-1:-1:-1:data:send
1564107155:2:7:77:79:-1:-1:-1:-1:-1:1:2:78:data:send
1564107160:3:2:79:77:1:-1:2:2:-1:-1:-1:-1:data:send
1564107160:2:7:77:80:-1:-1:-1:-1:-1:1:2:79:data:send
1564107165:3:2:80:77:1:-1:2:2:-1:-1:-1:-1:data:send
1564107165:2:7:77:81:-1:-1:-1:-1:-1:1:2:80:data:send
1564107170:3:2:81:77:1:-1:2:2:-1:-1:-1:-1:data:send
1564107170:2:7:77:82:-1:-1:-1:-1:-1:1:2:81:data:send
1564107175:3:2:82:77:1:-1:2:2:-1:-1:-1:-1:data:send
1564107175:2:7:77:83:-1:-1:-1:-1:-1:1:2:82:data:send
1564107180:3:2:83:77:1:-1:2:2:-1:-1:-1:-1:data:send
1564107180:2:7:77:84:-1:-1:-1:-1:-1:1:2:83:data:send
1564107185:3:2:84:77:1:-1:2:2:-1:-1:-1:-1:data:send
1564107185:2:7:77:85:-1:-1:-1:-1:-1:1:2:84:data:send
1564107190:3:2:85:77:1:-1:2:2:-1:-1:-1:-1:data:send
1564107190:2:7:77:86:-1:-1:-1:-1:-1:1:2:85:data:send
1564107195:3:2:86:77:1:-1:2:2:-1:-1:-1:-1:data:send
1564107195:2:7:77:87:-1:-1:-1:-1:-1:1:2:86:data:send
1564107200:3:2:87:77:1:-1:2:2:-1:-1:-1:-1:data:send
1564107200:2:7:77:88:-1:-1:-1:-1:-1:1:2:87:data:send
1564107205:3:2:88:77:1:-1:2:2:-1:-1:-1:-1:data:send
1564107205:2:7:77:89:-1:-1:-1:-1:-1:1:2:88:data:send
1564107210:3:2:89:77:1:-1:2:2:-1:-1:-1:-1:data:send
1564107210:2:7:77:90:-1:-1:-1:-1:-1:1:2:89:data:send
1564107215:3:2:90:77:1:-1:2:2:-1:-1:-1:-1:data:send
1564107215:2:7:77:91:-1:-1:-1:-1:-1:1:2:90:data:send
1564107220:3:2:91:77:1:-1:2:2:-1:-1:-1:-1:data:send
1564107220:2:7:77:92:-1:-1:-1:-1:-1:1:2:91:data:send
1564107225:3:2:92:77:1:-1:2:2:-1:-1:-1:-1:data:send
1564107225:2:7:77:93:-1:-1:-1:-1:-1:1:2:92:data:send
1564107230:3:2:93:77:1:-1:2:2:-1:-1:-1:-1:data:send
1564107230:2:7:77:94:-1:-1:-1:-1:-1:1:2:93:data:send
1564107235:3:2:94:77:1:-1:2:2:-1:-1:-1:-1:data:send
1564107235:2:7:77:95:-1:-1:-1:-1:-1:1:2:94:data:send
1564107240:3:2:95:77:1:-1:2:2:-1:-1:-1:-1:data:send
1564107240:2:7:77:96:-1:-1:-1:-1:-1:1:2:95:data:send
1564107245:3:2:96:77:1:-1:2:2:-1:-1:-1:-1:data:send
1564107245:2:7:77:97:-1:-1:-1:-1:-1:1:2:96:data:send
1564107250:3:2:97:77:1:-1:2:2:-1:-1:-1:-1:data:send
1564107250:2:7:77:98:-1:-1:-1:-1:-1:1:2:97:data:send
1564107255:3:2:98:77:1:-1:2:2:-1:-1:-1:-1:data:send
1564107255:2:7:77:99:-1:-1:-1:-1:-1:1:2:98:data:send
1564107260:3:2:99:77:1:-1:2:2:-1:-1:-1:-1:data:send
1564107260:2:7:77:100:-1:-1:-1:-1:-1:1:2:99:data:send
1564107265:3:2:100:77:1:-1:2:2:-1:-1:-1:-1:data:send
1564107265:2:7:77:101:-1:-1:-1:-1:-1:1:2:100:data:send
1564107270:3:2:101:77:1:-1:2:2:-1:-1:-1:-1:data:send
1564107270:2:7:77:102:-1:-1:-1:-1:-1:1:2:101:data:send
1564107275:3:2:102:77:1:-1:2:2:-1:-1:-1:-1:data:send
1564107275:2:7:77:103:-1:-1:-1:-1:-1:1:2:102:data:send
1564107280:3:2:103:77:1:-1:2:2:-1:-1:-1:-1:data:send
1564107280:2:7:77:104:-1:-1:-1:-1:-1:1:2:103:data:send
1564107285:3:2:104:77:1:-1:2:2:-1:-1:-1:-1:data:send
1564107285:2:7:77:105:-1:-1:-1:-1:-1:1:2:104:data:send
1564107290:3:2:105:77:1:-1:2:2:-1:-1:-1:-1:data:send
1564107290:2:7:77:106:-1:-1:-1:-1:-1:1:2:105:data:send
1564107295:3:2:106:77:1:-1:2:2:-1:-1:-1:-1:data:send
1564107295:2:7:77:107:-1:-1:-1:-1:-1:1:2:106:data:send
1564107300:3:2:107:77:1:-1:2:2:-1:-1:-1:-1:data:send
1564107300:2:7:77:108:-1:-1:-1:-1:-1:1:2:107:data:send
1564107305:3:2:108:77:1:-1:2:2:-1:-1:-1:-1:data:send
1564107305:2:7:77:109:-1:-1:-1:-1:-1:1:2:108:data:send
1564107310:3:2:109:77:1:-1:2:2:-1:-1:-1:-1:data:send
1564107310:2:7:77:110:-1:-1:-1:-1:-1:1:2:109:data:send
1564107315:3:2:110:77:1:-1:2:2:-1:-1:-1:-1:data:send
1564107315:2:7:77:111:-1:-1:-1:-1:-1:1:2:110:data:send
1564107320:3:2:111:77:1:-1:2:2:-1:-1:-1:-1:data:send
1564107320:2:7:77:112:-1:-1:-1:-1:-1:1:2:111:data:send
1564107325:3:2:112:77:1:-1:2:2:-1:-1:-1:-1:data:send
1564107325:2:7:77:113:-1:-1:-1:-1:-1:1:2:112:data:send
1564107330:3:2:113:77:1:-1:2:2:-1:-1:-1:-1:data:send
1564107330:2:7:77:114:-1:-1:-1:-1:-1:1:2:113:data:send
1564107335:3:2:114:77:1:-1:2:2:-1:-1:-1:-1:data:send
1564107335:2:7:77:115:-1:-1:-1:-1:-1:1:2:114:data:send
1564107340:3:2:115:77:1:-1:2:2:-1:-1:-1:-1:data:send
1564107340:2:7:77:116:-1:-1:-1:-1:-1:1:2:115:data:send
1564107345:3:2:116:77:1:-1:2:2:-1:-1:-1:-1:data:send
1564107345:2:7:77:117:-1:-1:-1:-1:-1:1:2:116:data:send
1564107350:3:2:117:77:1:-1:2:2:-1:-1:-1:-1:data:send
1564107350:2:7:77:118:-1:-1:-1:-1:-1:1:2:117:data:send
1564107355:3:2:118:77:1:-1:2:2:-1:-1:-1:-1:data:send
1564107355:2:7:77:119:-1:-1:-1:-1:-1:1:2:118:data:send
1564107360:3:2:119:77:1:-1:2:2:-1:-1:-1:-1:data:send
1564107360:2:7:77:120:-1:-1:-1:-1:-1:1:2:119:data:send
1564107365:3:2:120:77:1:-1:2:2:-1:-1:-1:-1:data:send
1564107365:2:7:77:121:-1:-1:-1:-1:-1:1:2:120:data:send
1564107370:3:2:121:77:1:-1:2:2:-1:-1:-1:-1:data:send
1564107370:2:7:77:122:-1:-1:-1:-1:-1:1:2:121:data:send
1564107375:3:2:122:77:1:-1:2:2:-1:-1:-1:-1:data:send
1564107375:2:7:77:123:-1:-1:-1:-1:-1:1:2:122:data:send
1564107380:3:2:123:77:1:-1:2:2:-1:-1:-1:-1:data:send
1564107380:2:7:77:124:-1:-1:-1:-1:-1:1:2:123:data:send
1564107385:3:2:124:77:1:-1:2:2:-1:-1:-1:-1:data:send
1564107385:2:7:77:125:-1:-1:-1:-1:-1:1:2:124:data:send
1564107390:3:2:125:77:1:-1:2:2:-1:-1:-1:-1:data:send
1564107390:2:7:77:126:-1:-1:-1:-1:-1:1:2:125:data:send
1564107395:3:2:126:77:1:-1:2:2:-1:-1:-1:-1:data:send
1564107395:2:7:77:127:-1:-1:-1:-1:-1:1:2:126:data:send
1564107400:3:2:127:77:1:-1:2:2:-1:-1:-1:-1:data:send
1564107400:2:7:77:128:-1:-1:-1:-1:-1:1:2:127:data:send
1564107405:3:2:128:77:1:-1:2:2:-1:-1:-1:-1:data:send
1564107405:2:7:77:129:-1:-1:-1:-1:-1:1:2:128:data:send
1564107410:3:2:129:77:1:-1:2:2:-1:-1:-1:-1:data:send
1564107410:2:7:77:130:-1:-1:-1:-1:-1:1:2:129:data:send
1564107415:3:2:130:77:1:-1:2:2:-1:-1:-1:-1:data:send
1564107415:2:7:77:131:-1:-1:-1:-1:-1:1:2:130:data:send
1564107420:3:2:131:77:1:-1:2:2:-1:-1:-1:-1:data:send
1564107420:2:7:77:132:-1:-1:-1:-1:-1:1:2:131:data:send
1564107425:3:2:132:77:1:-1:2:2:-1:-1:-1:-1:data:send
1564107425:2:7:77:133:-1:-1:-1:-1:-1:1:2:132:data:send
1564107431:3:2:133:77:1:-1:2:2:-1:-1:-1:-1:data:send
1564107431:2:7:77:134:-1:-1:-1:-1:-1:1:2:133:data:send
1564107436:3:2:134:77:1:-1:2:2:-1:-1:-1:-1:data:send
1564107436:2:7:77:135:-1:-1:-1:-1:-1:1:2:134:data:send
1564107441:3:2:135:77:1:-1:2:2:-1:-1:-1:-1:data:send
1564107441:2:7:77:136:-1:-1:-1:-1:-1:1:2:135:data:send
1564107446:3:2:136:77:1:-1:2:2:-1:-1:-1:-1:data:send
1564107446:2:7:77:137:-1:-1:-1:-1:-1:1:2:136:data:send
1564107451:3:2:137:77:1:-1:2:2:-1:-1:-1:-1:data:send
1564107451:2:7:77:138:-1:-1:-1:-1:-1:1:2:137:data:send
1564107456:3:2:138:77:1:-1:2:2:-1:-1:-1:-1:data:send
1564107456:2:7:77:139:-1:-1:-1:-1:-1:1:2:138:data:send
1564107461:3:2:139:77:1:-1:2:2:-1:-1:-1:-1:data:send
1564107461:2:7:77:140:-1:-1:-1:-1:-1:1:2:139:data:send
1564107466:3:2:140:77:1:-1:2:2:-1:-1:-1:-1:data:send
1564107466:2:7:77:141:-1:-1:-1:-1:-1:1:2:140:data:send
1564107471:3:2:141:77:1:-1:2:2:-1:-1:-1:-1:data:send
1564107471:2:7:77:142:-1:-1:-1:-1:-1:1:2:141:data:send
1564107476:3:2:142:77:1:-1:2:2:-1:-1:-1:-1:data:send
1564107476:2:7:77:143:-1:-1:-1:-1:-1:1:2:142:data:send
1564107481:3:2:143:77:1:-1:2:2:-1:-1:-1:-1:data:send
1564107481:2:7:77:144:-1:-1:-1:-1:-1:1:2:143:data:send
1564107486:3:2:144:77:1:-1:2:2:-1:-1:-1:-1:data:send
1564107486:2:7:77:145:-1:-1:-1:-1:-1:1:2:144:data:send
1564107491:3:2:145:77:1:-1:2:2:-1:-1:-1:-1:data:send
1564107491:2:7:77:146:-1:-1:-1:-1:-1:1:2:145:data:send
1564107496:3:2:146:77:1:-1:2:2:-1:-1:-1:-1:data:send
1564107496:2:7:77:147:-1:-1:-1:-1:-1:1:2:146:data:send
1564107501:3:2:147:77:1:-1:2:2:-1:-1:-1:-1:data:send
1564107501:2:7:77:148:-1:-1:-1:-1:-1:1:2:147:data:send
1564107506:3:2:148:77:1:-1:2:2:-1:-1:-1:-1:data:send
1564107506:2:7:77:149:-1:-1:-1:-1:-1:1:2:148:data:send
1564107511:3:2:149:77:1:-1:2:2:-1:-1:-1:-1:data:send
1564107511:2:7:77:150:-1:-1:-1:-1:-1:1:2:149:data:send
1564107516:3:2:150:77:1:-1:2:2:-1:-1:-1:-1:data:send
1564107516:2:7:77:151:-1:-1:-1:-1:-1:1:2:150:data:send
1564107521:3:2:151:77:1:-1:2:2:-1:-1:-1:-1:data:send
1564107521:2:7:77:152:-1:-1:-1:-1:-1:1:2:151:data:send
1564107526:3:2:152:77:1:-1:2:2:-1:-1:-1:-1:data:send
1564107526:2:7:77:153:-1:-1:-1:-1:-1:1:2:152:data:send
1564107531:3:2:153:77:1:-1:2:2:-1:-1:-1:-1:data:send
1564107531:2:7:77:154:-1:-1:-1:-1:-1:1:2:153:data:send
1564107536:3:2:154:77:1:-1:2:2:-1:-1:-1:-1:data:send
1564107536:2:7:77:155:-1:-1:-1:-1:-1:1:2:154:data:send
1564107541:3:2:155:77:1:-1:2:2:-1:-1:-1:-1:data:send
1564107541:2:7:77:156:-1:-1:-1:-1:-1:1:2:155:data:send
1564107546:3:2:156:77:1:-1:2:2:-1:-1:-1:-1:data:send
1564107546:2:7:77:157:-1:-1:-1:-1:-1:1:2:156:data:send
1564107551:3:2:157:77:1:-1:2:2:-1:-1:-1:-1:data:send
1564107551:2:7:77:158:-1:-1:-1:-1:-1:1:2:157:data:send
1564107556:3:2:158:77:1:-1:2:2:-1:-1:-1:-1:data:send
1564107556:2:7:77:159:-1:-1:-1:-1:-1:1:2:158:data:send
1564107561:3:2:159:77:1:-1:2:2:-1:-1:-1:-1:data:send
1564107561:2:7:77:160:-1:-1:-1:-1:-1:1:2:159:data:send
1564107566:3:2:160:77:1:-1:2:2:-1:-1:-1:-1:data:send
1564107566:2:7:77:161:-1:-1:-1:-1:-1:1:2:160:data:send
1564107571:3:2:161:77:1:-1:2:2:-1:-1:-1:-1:data:send
1564107571:2:7:77:162:-1:-1:-1:-1:-1:1:2:161:data:send
1564107576:3:2:162:77:1:-1:2:2:-1:-1:-1:-1:data:send
1564107576:2:7:77:163:-1:-1:-1:-1:-1:1:2:162:data:send
1564107581:3:2:163:77:1:-1:2:2:-1:-1:-1:-1:data:send
1564107581:2:7:77:164:-1:-1:-1:-1:-1:1:2:163:data:send
1564107586:3:2:164:77:1:-1:2:2:-1:-1:-1:-1:data:send
1564107586:2:7:77:165:-1:-1:-1:-1:-1:1:2:164:data:send
1564107591:3:2:165:77:1:-1:2:2:-1:-1:-1:-1:data:send
1564107591:2:7:77:166:-1:-1:-1:-1:-1:1:2:165:data:send
1564107596:3:2:166:77:1:-1:2:2:-1:-1:-1:-1:data:send
1564107596:2:7:77:167:-1:-1:-1:-1:-1:1:2:166:data:send
1564107601:3:2:167:77:1:-1:2:2:-1:-1:-1:-1:data:send
1564107601:2:7:77:168:-1:-1:-1:-1:-1:1:2:167:data:send
1564107606:3:2:168:77:1:-1:2:2:-1:-1:-1:-1:data:send
1564107606:2:7:77:169:-1:-1:-1:-1:-1:1:2:168:data:send
1564107611:3:2:169:77:1:-1:2:2:-1:-1:-1:-1:data:send
1564107611:2:7:77:170:-1:-1:-1:-1:-1:1:2:169:data:send
1564107616:3:2:170:77:1:-1:2:2:-1:-1:-1:-1:data:send
1564107616:2:7:77:171:-1:-1:-1:-1:-1:1:2:170:data:send
1564107621:3:2:171:77:1:-1:2:2:-1:-1:-1:-1:data:send
1564107621:2:7:77:172:-1:-1:-1:-1:-1:1:2:171:data:send
1564107626:3:2:172:77:1:-1:2:2:-1:-1:-1:-1:data:send
1564107626:2:7:77:173:-1:-1:-1:-1:-1:1:2:172:data:send
1564107631:3:2:173:77:1:-1:2:2:-1:-1:-1:-1:data:send
1564107631:2:7:77:174:-1:-1:-1:-1:-1:1:2:173:data:send
1564107636:3:2:174:77:1:-1:2:2:-1:-1:-1:-1:data:send
1564107636:2:7:77:175:-1:-1:-1:-1:-1:1:2:174:data:send
1564107641:3:2:175:77:1:-1:2:2:-1:-1:-1:-1:data:send
1564107641:2:7:77:176:-1:-1:-1:-1:-1:1:2:175:data:send
1564107646:3:2:176:77:1:-1:2:2:-1:-1:-1:-1:data:send
1564107646:2:7:77:177:-1:-1:-1:-1:-1:1:2:176:data:send
1564107651:3:2:177:77:1:-1:2:2:-1:-1:-1:-1:data:send
1564107651:2:7:77:178:-1:-1:-1:-1:-1:1:2:177:data:send
1564107656:3:2:178:77:1:-1:2:2:-1:-1:-1:-1:data:send
1564107656:2:7:77:179:-1:-1:-1:-1:-1:1:2:178:data:send
1564107661:3:2:179:77:1:-1:2:2:-1:-1:-1:-1:data:send
1564107661:2:7:77:180:-1:-1:-1:-1:-1:1:2:179:data:send
1564107666:3:2:180:77:1:-1:2:2:-1:-1:-1:-1:data:send
1564107666:2:7:77:181:-1:-1:-1:-1:-1:1:2:180:data:send
1564107671:3:2:181:77:1:-1:2:2:-1:-1:-1:-1:data:send
1564107671:2:7:77:182:-1:-1:-1:-1:-1:1:2:181:data:send
1564107676:3:2:182:77:1:-1:2:2:-1:-1:-1:-1:data:send
1564107676:2:7:77:183:-1:-1:-1:-1:-1:1:2:182:data:send
1564107681:3:2:183:77:1:-1:2:2:-1:-1:-1:-1:data:send
1564107681:2:7:77:184:-1:-1:-1:-1:-1:1:2:183:data:send
1564107684:2:7:1:9:-1:-1:-1:-1:-1:2:1:1:data:recv
1564107684:2:7:-1:-1:-1:-1:-1:-1:-1:1:2:1:ack:send
1564107684:3:2:1:9:2:-1:1:1:-1:-1:-1:-1:data:sendUp
1564107686:3:2:184:77:1:-1:2:2:-1:-1:-1:-1:data:send
1564107686:2:7:77:185:-1:-1:-1:-1:-1:1:2:184:data:send
