=========================Fri Jul 26 10:04:31 2019
1564106764:2:7:0:10:-1:-1:-1:-1:-1:1:2:0:data:recv
1564106764:2:7:-1:-1:-1:-1:-1:-1:-1:2:1:0:ack:send
1564106764:3:2:0:10:1:-1:2:2:-1:-1:-1:-1:data:sendUp
1564106764:3:2:0:9:2:-1:1:1:-1:-1:-1:-1:data:send
1564106764:2:7:9:1:-1:-1:-1:-1:-1:2:1:0:data:send
1564106765:2:7:-1:-1:-1:-1:-1:-1:-1:1:2:0:ack:recv
1564106771:2:7:1:77:-1:-1:-1:-1:-1:1:2:1:data:recv
1564106771:3:2:1:77:1:-1:2:2:-1:-1:-1:-1:data:sendUp
1564106776:2:7:2:77:-1:-1:-1:-1:-1:1:2:2:data:recv
1564106776:3:2:2:77:1:-1:2:2:-1:-1:-1:-1:data:sendUp
1564106781:2:7:3:77:-1:-1:-1:-1:-1:1:2:3:data:recv
1564106781:3:2:3:77:1:-1:2:2:-1:-1:-1:-1:data:sendUp
1564106786:2:7:4:77:-1:-1:-1:-1:-1:1:2:4:data:recv
1564106786:3:2:4:77:1:-1:2:2:-1:-1:-1:-1:data:sendUp
1564106791:2:7:5:77:-1:-1:-1:-1:-1:1:2:5:data:recv
1564106791:3:2:5:77:1:-1:2:2:-1:-1:-1:-1:data:sendUp
1564106796:2:7:6:77:-1:-1:-1:-1:-1:1:2:6:data:recv
1564106796:3:2:6:77:1:-1:2:2:-1:-1:-1:-1:data:sendUp
1564106801:2:7:7:77:-1:-1:-1:-1:-1:1:2:7:data:recv
1564106801:3:2:7:77:1:-1:2:2:-1:-1:-1:-1:data:sendUp
1564106811:2:7:9:77:-1:-1:-1:-1:-1:1:2:9:data:recv
1564106811:3:2:9:77:1:-1:2:2:-1:-1:-1:-1:data:sendUp
1564106816:2:7:10:77:-1:-1:-1:-1:-1:1:2:10:data:recv
1564106816:3:2:10:77:1:-1:2:2:-1:-1:-1:-1:data:sendUp
1564106821:2:7:11:77:-1:-1:-1:-1:-1:1:2:11:data:recv
1564106821:3:2:11:77:1:-1:2:2:-1:-1:-1:-1:data:sendUp
1564106826:2:7:12:77:-1:-1:-1:-1:-1:1:2:12:data:recv
1564106826:3:2:12:77:1:-1:2:2:-1:-1:-1:-1:data:sendUp
1564106831:2:7:13:77:-1:-1:-1:-1:-1:1:2:13:data:recv
1564106831:3:2:13:77:1:-1:2:2:-1:-1:-1:-1:data:sendUp
1564106836:2:7:14:77:-1:-1:-1:-1:-1:1:2:14:data:recv
1564106836:3:2:14:77:1:-1:2:2:-1:-1:-1:-1:data:sendUp
1564106841:2:7:15:77:-1:-1:-1:-1:-1:1:2:15:data:recv
1564106841:3:2:15:77:1:-1:2:2:-1:-1:-1:-1:data:sendUp
1564106846:2:7:16:77:-1:-1:-1:-1:-1:1:2:16:data:recv
1564106846:3:2:16:77:1:-1:2:2:-1:-1:-1:-1:data:sendUp
1564106851:2:7:17:77:-1:-1:-1:-1:-1:1:2:17:data:recv
1564106851:3:2:17:77:1:-1:2:2:-1:-1:-1:-1:data:sendUp
1564106856:2:7:18:77:-1:-1:-1:-1:-1:1:2:18:data:recv
1564106856:3:2:18:77:1:-1:2:2:-1:-1:-1:-1:data:sendUp
1564106861:2:7:19:77:-1:-1:-1:-1:-1:1:2:19:data:recv
1564106861:3:2:19:77:1:-1:2:2:-1:-1:-1:-1:data:sendUp
1564106866:2:7:20:77:-1:-1:-1:-1:-1:1:2:20:data:recv
1564106866:3:2:20:77:1:-1:2:2:-1:-1:-1:-1:data:sendUp
1564106871:2:7:21:77:-1:-1:-1:-1:-1:1:2:21:data:recv
1564106871:3:2:21:77:1:-1:2:2:-1:-1:-1:-1:data:sendUp
1564106876:2:7:22:77:-1:-1:-1:-1:-1:1:2:22:data:recv
1564106876:3:2:22:77:1:-1:2:2:-1:-1:-1:-1:data:sendUp
1564106881:2:7:23:77:-1:-1:-1:-1:-1:1:2:23:data:recv
1564106881:3:2:23:77:1:-1:2:2:-1:-1:-1:-1:data:sendUp
1564106886:2:7:24:77:-1:-1:-1:-1:-1:1:2:24:data:recv
1564106886:3:2:24:77:1:-1:2:2:-1:-1:-1:-1:data:sendUp
1564106891:2:7:25:77:-1:-1:-1:-1:-1:1:2:25:data:recv
1564106891:3:2:25:77:1:-1:2:2:-1:-1:-1:-1:data:sendUp
1564106896:2:7:26:77:-1:-1:-1:-1:-1:1:2:26:data:recv
1564106896:3:2:26:77:1:-1:2:2:-1:-1:-1:-1:data:sendUp
1564106901:2:7:27:77:-1:-1:-1:-1:-1:1:2:27:data:recv
1564106901:3:2:27:77:1:-1:2:2:-1:-1:-1:-1:data:sendUp
1564106906:2:7:28:77:-1:-1:-1:-1:-1:1:2:28:data:recv
1564106906:3:2:28:77:1:-1:2:2:-1:-1:-1:-1:data:sendUp
1564106911:2:7:29:77:-1:-1:-1:-1:-1:1:2:29:data:recv
1564106911:3:2:29:77:1:-1:2:2:-1:-1:-1:-1:data:sendUp
1564106916:2:7:30:77:-1:-1:-1:-1:-1:1:2:30:data:recv
1564106916:3:2:30:77:1:-1:2:2:-1:-1:-1:-1:data:sendUp
1564106921:2:7:31:77:-1:-1:-1:-1:-1:1:2:31:data:recv
1564106921:3:2:31:77:1:-1:2:2:-1:-1:-1:-1:data:sendUp
1564106926:2:7:32:77:-1:-1:-1:-1:-1:1:2:32:data:recv
1564106926:3:2:32:77:1:-1:2:2:-1:-1:-1:-1:data:sendUp
1564106931:2:7:33:77:-1:-1:-1:-1:-1:1:2:33:data:recv
1564106931:3:2:33:77:1:-1:2:2:-1:-1:-1:-1:data:sendUp
1564106941:2:7:35:77:-1:-1:-1:-1:-1:1:2:35:data:recv
1564106941:3:2:35:77:1:-1:2:2:-1:-1:-1:-1:data:sendUp
1564106946:2:7:36:77:-1:-1:-1:-1:-1:1:2:36:data:recv
1564106946:3:2:36:77:1:-1:2:2:-1:-1:-1:-1:data:sendUp
1564106951:2:7:37:77:-1:-1:-1:-1:-1:1:2:37:data:recv
1564106951:3:2:37:77:1:-1:2:2:-1:-1:-1:-1:data:sendUp
1564106961:2:7:39:77:-1:-1:-1:-1:-1:1:2:39:data:recv
1564106961:3:2:39:77:1:-1:2:2:-1:-1:-1:-1:data:sendUp
1564106966:2:7:40:77:-1:-1:-1:-1:-1:1:2:40:data:recv
1564106966:3:2:40:77:1:-1:2:2:-1:-1:-1:-1:data:sendUp
1564106971:2:7:41:77:-1:-1:-1:-1:-1:1:2:41:data:recv
1564106971:3:2:41:77:1:-1:2:2:-1:-1:-1:-1:data:sendUp
1564106976:2:7:42:77:-1:-1:-1:-1:-1:1:2:42:data:recv
1564106976:3:2:42:77:1:-1:2:2:-1:-1:-1:-1:data:sendUp
1564106981:2:7:43:77:-1:-1:-1:-1:-1:1:2:43:data:recv
1564106981:3:2:43:77:1:-1:2:2:-1:-1:-1:-1:data:sendUp
1564106986:2:7:44:77:-1:-1:-1:-1:-1:1:2:44:data:recv
1564106986:3:2:44:77:1:-1:2:2:-1:-1:-1:-1:data:sendUp
1564106991:2:7:45:77:-1:-1:-1:-1:-1:1:2:45:data:recv
1564106991:3:2:45:77:1:-1:2:2:-1:-1:-1:-1:data:sendUp
1564106996:2:7:46:77:-1:-1:-1:-1:-1:1:2:46:data:recv
1564106996:3:2:46:77:1:-1:2:2:-1:-1:-1:-1:data:sendUp
1564107001:2:7:47:77:-1:-1:-1:-1:-1:1:2:47:data:recv
1564107001:3:2:47:77:1:-1:2:2:-1:-1:-1:-1:data:sendUp
1564107006:2:7:48:77:-1:-1:-1:-1:-1:1:2:48:data:recv
1564107006:3:2:48:77:1:-1:2:2:-1:-1:-1:-1:data:sendUp
1564107011:2:7:49:77:-1:-1:-1:-1:-1:1:2:49:data:recv
1564107011:3:2:49:77:1:-1:2:2:-1:-1:-1:-1:data:sendUp
1564107016:2:7:50:77:-1:-1:-1:-1:-1:1:2:50:data:recv
1564107016:3:2:50:77:1:-1:2:2:-1:-1:-1:-1:data:sendUp
1564107021:2:7:51:77:-1:-1:-1:-1:-1:1:2:51:data:recv
1564107021:3:2:51:77:1:-1:2:2:-1:-1:-1:-1:data:sendUp
1564107026:2:7:52:77:-1:-1:-1:-1:-1:1:2:52:data:recv
1564107026:3:2:52:77:1:-1:2:2:-1:-1:-1:-1:data:sendUp
1564107031:2:7:53:77:-1:-1:-1:-1:-1:1:2:53:data:recv
1564107031:3:2:53:77:1:-1:2:2:-1:-1:-1:-1:data:sendUp
1564107036:2:7:54:77:-1:-1:-1:-1:-1:1:2:54:data:recv
1564107036:3:2:54:77:1:-1:2:2:-1:-1:-1:-1:data:sendUp
1564107041:2:7:55:77:-1:-1:-1:-1:-1:1:2:55:data:recv
1564107041:3:2:55:77:1:-1:2:2:-1:-1:-1:-1:data:sendUp
1564107046:2:7:56:77:-1:-1:-1:-1:-1:1:2:56:data:recv
1564107046:3:2:56:77:1:-1:2:2:-1:-1:-1:-1:data:sendUp
1564107051:2:7:57:77:-1:-1:-1:-1:-1:1:2:57:data:recv
1564107051:3:2:57:77:1:-1:2:2:-1:-1:-1:-1:data:sendUp
1564107061:2:7:59:77:-1:-1:-1:-1:-1:1:2:59:data:recv
1564107061:3:2:59:77:1:-1:2:2:-1:-1:-1:-1:data:sendUp
1564107066:2:7:60:77:-1:-1:-1:-1:-1:1:2:60:data:recv
1564107066:3:2:60:77:1:-1:2:2:-1:-1:-1:-1:data:sendUp
1564107071:2:7:61:77:-1:-1:-1:-1:-1:1:2:61:data:recv
1564107071:3:2:61:77:1:-1:2:2:-1:-1:-1:-1:data:sendUp
1564107076:2:7:62:77:-1:-1:-1:-1:-1:1:2:62:data:recv
1564107076:3:2:62:77:1:-1:2:2:-1:-1:-1:-1:data:sendUp
1564107081:2:7:63:77:-1:-1:-1:-1:-1:1:2:63:data:recv
1564107081:3:2:63:77:1:-1:2:2:-1:-1:-1:-1:data:sendUp
1564107086:2:7:64:77:-1:-1:-1:-1:-1:1:2:64:data:recv
1564107086:3:2:64:77:1:-1:2:2:-1:-1:-1:-1:data:sendUp
1564107091:2:7:65:77:-1:-1:-1:-1:-1:1:2:65:data:recv
1564107091:3:2:65:77:1:-1:2:2:-1:-1:-1:-1:data:sendUp
1564107096:2:7:66:77:-1:-1:-1:-1:-1:1:2:66:data:recv
1564107096:3:2:66:77:1:-1:2:2:-1:-1:-1:-1:data:sendUp
1564107101:2:7:67:77:-1:-1:-1:-1:-1:1:2:67:data:recv
1564107101:3:2:67:77:1:-1:2:2:-1:-1:-1:-1:data:sendUp
1564107106:2:7:68:77:-1:-1:-1:-1:-1:1:2:68:data:recv
1564107106:3:2:68:77:1:-1:2:2:-1:-1:-1:-1:data:sendUp
1564107112:2:7:69:77:-1:-1:-1:-1:-1:1:2:69:data:recv
1564107112:3:2:69:77:1:-1:2:2:-1:-1:-1:-1:data:sendUp
1564107117:2:7:70:77:-1:-1:-1:-1:-1:1:2:70:data:recv
1564107117:3:2:70:77:1:-1:2:2:-1:-1:-1:-1:data:sendUp
1564107122:2:7:71:77:-1:-1:-1:-1:-1:1:2:71:data:recv
1564107122:3:2:71:77:1:-1:2:2:-1:-1:-1:-1:data:sendUp
1564107127:2:7:72:77:-1:-1:-1:-1:-1:1:2:72:data:recv
1564107127:3:2:72:77:1:-1:2:2:-1:-1:-1:-1:data:sendUp
1564107132:2:7:73:77:-1:-1:-1:-1:-1:1:2:73:data:recv
1564107132:3:2:73:77:1:-1:2:2:-1:-1:-1:-1:data:sendUp
1564107137:2:7:74:77:-1:-1:-1:-1:-1:1:2:74:data:recv
1564107137:3:2:74:77:1:-1:2:2:-1:-1:-1:-1:data:sendUp
1564107142:2:7:75:77:-1:-1:-1:-1:-1:1:2:75:data:recv
1564107142:3:2:75:77:1:-1:2:2:-1:-1:-1:-1:data:sendUp
1564107147:2:7:76:77:-1:-1:-1:-1:-1:1:2:76:data:recv
1564107147:3:2:76:77:1:-1:2:2:-1:-1:-1:-1:data:sendUp
1564107152:2:7:77:77:-1:-1:-1:-1:-1:1:2:77:data:recv
1564107152:3:2:77:77:1:-1:2:2:-1:-1:-1:-1:data:sendUp
1564107157:2:7:78:77:-1:-1:-1:-1:-1:1:2:78:data:recv
1564107157:3:2:78:77:1:-1:2:2:-1:-1:-1:-1:data:sendUp
1564107162:2:7:79:77:-1:-1:-1:-1:-1:1:2:79:data:recv
1564107162:3:2:79:77:1:-1:2:2:-1:-1:-1:-1:data:sendUp
1564107167:2:7:80:77:-1:-1:-1:-1:-1:1:2:80:data:recv
1564107167:3:2:80:77:1:-1:2:2:-1:-1:-1:-1:data:sendUp
1564107172:2:7:81:77:-1:-1:-1:-1:-1:1:2:81:data:recv
1564107172:3:2:81:77:1:-1:2:2:-1:-1:-1:-1:data:sendUp
1564107177:2:7:82:77:-1:-1:-1:-1:-1:1:2:82:data:recv
1564107177:3:2:82:77:1:-1:2:2:-1:-1:-1:-1:data:sendUp
1564107182:2:7:83:77:-1:-1:-1:-1:-1:1:2:83:data:recv
1564107182:3:2:83:77:1:-1:2:2:-1:-1:-1:-1:data:sendUp
1564107187:2:7:84:77:-1:-1:-1:-1:-1:1:2:84:data:recv
1564107187:3:2:84:77:1:-1:2:2:-1:-1:-1:-1:data:sendUp
1564107192:2:7:85:77:-1:-1:-1:-1:-1:1:2:85:data:recv
1564107192:3:2:85:77:1:-1:2:2:-1:-1:-1:-1:data:sendUp
1564107197:2:7:86:77:-1:-1:-1:-1:-1:1:2:86:data:recv
1564107197:3:2:86:77:1:-1:2:2:-1:-1:-1:-1:data:sendUp
1564107202:2:7:87:77:-1:-1:-1:-1:-1:1:2:87:data:recv
1564107202:3:2:87:77:1:-1:2:2:-1:-1:-1:-1:data:sendUp
1564107207:2:7:88:77:-1:-1:-1:-1:-1:1:2:88:data:recv
1564107207:3:2:88:77:1:-1:2:2:-1:-1:-1:-1:data:sendUp
1564107212:2:7:89:77:-1:-1:-1:-1:-1:1:2:89:data:recv
1564107212:3:2:89:77:1:-1:2:2:-1:-1:-1:-1:data:sendUp
1564107217:2:7:90:77:-1:-1:-1:-1:-1:1:2:90:data:recv
1564107217:3:2:90:77:1:-1:2:2:-1:-1:-1:-1:data:sendUp
1564107222:2:7:91:77:-1:-1:-1:-1:-1:1:2:91:data:recv
1564107222:3:2:91:77:1:-1:2:2:-1:-1:-1:-1:data:sendUp
1564107227:2:7:92:77:-1:-1:-1:-1:-1:1:2:92:data:recv
1564107227:3:2:92:77:1:-1:2:2:-1:-1:-1:-1:data:sendUp
1564107232:2:7:93:77:-1:-1:-1:-1:-1:1:2:93:data:recv
1564107232:3:2:93:77:1:-1:2:2:-1:-1:-1:-1:data:sendUp
1564107237:2:7:94:77:-1:-1:-1:-1:-1:1:2:94:data:recv
1564107237:3:2:94:77:1:-1:2:2:-1:-1:-1:-1:data:sendUp
1564107242:2:7:95:77:-1:-1:-1:-1:-1:1:2:95:data:recv
1564107242:3:2:95:77:1:-1:2:2:-1:-1:-1:-1:data:sendUp
1564107247:2:7:96:77:-1:-1:-1:-1:-1:1:2:96:data:recv
1564107247:3:2:96:77:1:-1:2:2:-1:-1:-1:-1:data:sendUp
1564107252:2:7:97:77:-1:-1:-1:-1:-1:1:2:97:data:recv
1564107252:3:2:97:77:1:-1:2:2:-1:-1:-1:-1:data:sendUp
1564107262:2:7:99:77:-1:-1:-1:-1:-1:1:2:99:data:recv
1564107262:3:2:99:77:1:-1:2:2:-1:-1:-1:-1:data:sendUp
1564107267:2:7:100:77:-1:-1:-1:-1:-1:1:2:100:data:recv
1564107267:3:2:100:77:1:-1:2:2:-1:-1:-1:-1:data:sendUp
1564107272:2:7:101:77:-1:-1:-1:-1:-1:1:2:101:data:recv
1564107272:3:2:101:77:1:-1:2:2:-1:-1:-1:-1:data:sendUp
1564107277:2:7:102:77:-1:-1:-1:-1:-1:1:2:102:data:recv
1564107277:3:2:102:77:1:-1:2:2:-1:-1:-1:-1:data:sendUp
1564107282:2:7:103:77:-1:-1:-1:-1:-1:1:2:103:data:recv
1564107282:3:2:103:77:1:-1:2:2:-1:-1:-1:-1:data:sendUp
1564107287:2:7:104:77:-1:-1:-1:-1:-1:1:2:104:data:recv
1564107287:3:2:104:77:1:-1:2:2:-1:-1:-1:-1:data:sendUp
1564107292:2:7:105:77:-1:-1:-1:-1:-1:1:2:105:data:recv
1564107292:3:2:105:77:1:-1:2:2:-1:-1:-1:-1:data:sendUp
1564107297:2:7:106:77:-1:-1:-1:-1:-1:1:2:106:data:recv
1564107297:3:2:106:77:1:-1:2:2:-1:-1:-1:-1:data:sendUp
1564107302:2:7:107:77:-1:-1:-1:-1:-1:1:2:107:data:recv
1564107302:3:2:107:77:1:-1:2:2:-1:-1:-1:-1:data:sendUp
1564107307:2:7:108:77:-1:-1:-1:-1:-1:1:2:108:data:recv
1564107307:3:2:108:77:1:-1:2:2:-1:-1:-1:-1:data:sendUp
1564107312:2:7:109:77:-1:-1:-1:-1:-1:1:2:109:data:recv
1564107312:3:2:109:77:1:-1:2:2:-1:-1:-1:-1:data:sendUp
1564107322:2:7:111:77:-1:-1:-1:-1:-1:1:2:111:data:recv
1564107322:3:2:111:77:1:-1:2:2:-1:-1:-1:-1:data:sendUp
1564107327:2:7:112:77:-1:-1:-1:-1:-1:1:2:112:data:recv
1564107327:3:2:112:77:1:-1:2:2:-1:-1:-1:-1:data:sendUp
1564107332:2:7:113:77:-1:-1:-1:-1:-1:1:2:113:data:recv
1564107332:3:2:113:77:1:-1:2:2:-1:-1:-1:-1:data:sendUp
1564107347:2:7:116:77:-1:-1:-1:-1:-1:1:2:116:data:recv
1564107347:3:2:116:77:1:-1:2:2:-1:-1:-1:-1:data:sendUp
1564107352:2:7:117:77:-1:-1:-1:-1:-1:1:2:117:data:recv
1564107352:3:2:117:77:1:-1:2:2:-1:-1:-1:-1:data:sendUp
1564107362:2:7:119:77:-1:-1:-1:-1:-1:1:2:119:data:recv
1564107362:3:2:119:77:1:-1:2:2:-1:-1:-1:-1:data:sendUp
1564107367:2:7:120:77:-1:-1:-1:-1:-1:1:2:120:data:recv
1564107367:3:2:120:77:1:-1:2:2:-1:-1:-1:-1:data:sendUp
1564107372:2:7:121:77:-1:-1:-1:-1:-1:1:2:121:data:recv
1564107372:3:2:121:77:1:-1:2:2:-1:-1:-1:-1:data:sendUp
1564107377:2:7:122:77:-1:-1:-1:-1:-1:1:2:122:data:recv
1564107377:3:2:122:77:1:-1:2:2:-1:-1:-1:-1:data:sendUp
1564107382:2:7:123:77:-1:-1:-1:-1:-1:1:2:123:data:recv
1564107382:3:2:123:77:1:-1:2:2:-1:-1:-1:-1:data:sendUp
1564107387:2:7:124:77:-1:-1:-1:-1:-1:1:2:124:data:recv
1564107387:3:2:124:77:1:-1:2:2:-1:-1:-1:-1:data:sendUp
1564107392:2:7:125:77:-1:-1:-1:-1:-1:1:2:125:data:recv
1564107392:3:2:125:77:1:-1:2:2:-1:-1:-1:-1:data:sendUp
1564107402:2:7:127:77:-1:-1:-1:-1:-1:1:2:127:data:recv
1564107402:3:2:127:77:1:-1:2:2:-1:-1:-1:-1:data:sendUp
1564107407:2:7:128:77:-1:-1:-1:-1:-1:1:2:128:data:recv
1564107407:3:2:128:77:1:-1:2:2:-1:-1:-1:-1:data:sendUp
1564107412:2:7:129:77:-1:-1:-1:-1:-1:1:2:129:data:recv
1564107412:3:2:129:77:1:-1:2:2:-1:-1:-1:-1:data:sendUp
1564107417:2:7:130:77:-1:-1:-1:-1:-1:1:2:130:data:recv
1564107417:3:2:130:77:1:-1:2:2:-1:-1:-1:-1:data:sendUp
1564107422:2:7:131:77:-1:-1:-1:-1:-1:1:2:131:data:recv
1564107422:3:2:131:77:1:-1:2:2:-1:-1:-1:-1:data:sendUp
1564107427:2:7:132:77:-1:-1:-1:-1:-1:1:2:132:data:recv
1564107427:3:2:132:77:1:-1:2:2:-1:-1:-1:-1:data:sendUp
1564107432:2:7:133:77:-1:-1:-1:-1:-1:1:2:133:data:recv
1564107432:3:2:133:77:1:-1:2:2:-1:-1:-1:-1:data:sendUp
1564107437:2:7:134:77:-1:-1:-1:-1:-1:1:2:134:data:recv
1564107437:3:2:134:77:1:-1:2:2:-1:-1:-1:-1:data:sendUp
1564107442:2:7:135:77:-1:-1:-1:-1:-1:1:2:135:data:recv
1564107442:3:2:135:77:1:-1:2:2:-1:-1:-1:-1:data:sendUp
1564107447:2:7:136:77:-1:-1:-1:-1:-1:1:2:136:data:recv
1564107447:3:2:136:77:1:-1:2:2:-1:-1:-1:-1:data:sendUp
1564107452:2:7:137:77:-1:-1:-1:-1:-1:1:2:137:data:recv
1564107452:3:2:137:77:1:-1:2:2:-1:-1:-1:-1:data:sendUp
1564107457:2:7:138:77:-1:-1:-1:-1:-1:1:2:138:data:recv
1564107457:3:2:138:77:1:-1:2:2:-1:-1:-1:-1:data:sendUp
1564107462:2:7:139:77:-1:-1:-1:-1:-1:1:2:139:data:recv
1564107462:3:2:139:77:1:-1:2:2:-1:-1:-1:-1:data:sendUp
1564107467:2:7:140:77:-1:-1:-1:-1:-1:1:2:140:data:recv
1564107467:3:2:140:77:1:-1:2:2:-1:-1:-1:-1:data:sendUp
1564107472:2:7:141:77:-1:-1:-1:-1:-1:1:2:141:data:recv
1564107472:3:2:141:77:1:-1:2:2:-1:-1:-1:-1:data:sendUp
1564107477:2:7:142:77:-1:-1:-1:-1:-1:1:2:142:data:recv
1564107477:3:2:142:77:1:-1:2:2:-1:-1:-1:-1:data:sendUp
1564107482:2:7:143:77:-1:-1:-1:-1:-1:1:2:143:data:recv
1564107482:3:2:143:77:1:-1:2:2:-1:-1:-1:-1:data:sendUp
1564107487:2:7:144:77:-1:-1:-1:-1:-1:1:2:144:data:recv
1564107487:3:2:144:77:1:-1:2:2:-1:-1:-1:-1:data:sendUp
1564107492:2:7:145:77:-1:-1:-1:-1:-1:1:2:145:data:recv
1564107492:3:2:145:77:1:-1:2:2:-1:-1:-1:-1:data:sendUp
1564107497:2:7:146:77:-1:-1:-1:-1:-1:1:2:146:data:recv
1564107497:3:2:146:77:1:-1:2:2:-1:-1:-1:-1:data:sendUp
1564107502:2:7:147:77:-1:-1:-1:-1:-1:1:2:147:data:recv
1564107502:3:2:147:77:1:-1:2:2:-1:-1:-1:-1:data:sendUp
1564107507:2:7:148:77:-1:-1:-1:-1:-1:1:2:148:data:recv
1564107507:3:2:148:77:1:-1:2:2:-1:-1:-1:-1:data:sendUp
1564107512:2:7:149:77:-1:-1:-1:-1:-1:1:2:149:data:recv
1564107512:3:2:149:77:1:-1:2:2:-1:-1:-1:-1:data:sendUp
1564107517:2:7:150:77:-1:-1:-1:-1:-1:1:2:150:data:recv
1564107517:3:2:150:77:1:-1:2:2:-1:-1:-1:-1:data:sendUp
1564107522:2:7:151:77:-1:-1:-1:-1:-1:1:2:151:data:recv
1564107522:3:2:151:77:1:-1:2:2:-1:-1:-1:-1:data:sendUp
1564107532:2:7:153:77:-1:-1:-1:-1:-1:1:2:153:data:recv
1564107532:3:2:153:77:1:-1:2:2:-1:-1:-1:-1:data:sendUp
1564107537:2:7:154:77:-1:-1:-1:-1:-1:1:2:154:data:recv
1564107537:3:2:154:77:1:-1:2:2:-1:-1:-1:-1:data:sendUp
1564107542:2:7:155:77:-1:-1:-1:-1:-1:1:2:155:data:recv
1564107542:3:2:155:77:1:-1:2:2:-1:-1:-1:-1:data:sendUp
1564107547:2:7:156:77:-1:-1:-1:-1:-1:1:2:156:data:recv
1564107547:3:2:156:77:1:-1:2:2:-1:-1:-1:-1:data:sendUp
1564107552:2:7:157:77:-1:-1:-1:-1:-1:1:2:157:data:recv
1564107552:3:2:157:77:1:-1:2:2:-1:-1:-1:-1:data:sendUp
1564107557:2:7:158:77:-1:-1:-1:-1:-1:1:2:158:data:recv
1564107557:3:2:158:77:1:-1:2:2:-1:-1:-1:-1:data:sendUp
1564107567:2:7:160:77:-1:-1:-1:-1:-1:1:2:160:data:recv
1564107567:3:2:160:77:1:-1:2:2:-1:-1:-1:-1:data:sendUp
1564107572:2:7:161:77:-1:-1:-1:-1:-1:1:2:161:data:recv
1564107572:3:2:161:77:1:-1:2:2:-1:-1:-1:-1:data:sendUp
1564107577:2:7:162:77:-1:-1:-1:-1:-1:1:2:162:data:recv
1564107577:3:2:162:77:1:-1:2:2:-1:-1:-1:-1:data:sendUp
1564107582:2:7:163:77:-1:-1:-1:-1:-1:1:2:163:data:recv
1564107582:3:2:163:77:1:-1:2:2:-1:-1:-1:-1:data:sendUp
1564107587:2:7:164:77:-1:-1:-1:-1:-1:1:2:164:data:recv
1564107587:3:2:164:77:1:-1:2:2:-1:-1:-1:-1:data:sendUp
1564107592:2:7:165:77:-1:-1:-1:-1:-1:1:2:165:data:recv
1564107592:3:2:165:77:1:-1:2:2:-1:-1:-1:-1:data:sendUp
1564107597:2:7:166:77:-1:-1:-1:-1:-1:1:2:166:data:recv
1564107597:3:2:166:77:1:-1:2:2:-1:-1:-1:-1:data:sendUp
1564107602:2:7:167:77:-1:-1:-1:-1:-1:1:2:167:data:recv
1564107602:3:2:167:77:1:-1:2:2:-1:-1:-1:-1:data:sendUp
1564107607:2:7:168:77:-1:-1:-1:-1:-1:1:2:168:data:recv
1564107607:3:2:168:77:1:-1:2:2:-1:-1:-1:-1:data:sendUp
1564107612:2:7:169:77:-1:-1:-1:-1:-1:1:2:169:data:recv
1564107612:3:2:169:77:1:-1:2:2:-1:-1:-1:-1:data:sendUp
1564107617:2:7:170:77:-1:-1:-1:-1:-1:1:2:170:data:recv
1564107617:3:2:170:77:1:-1:2:2:-1:-1:-1:-1:data:sendUp
1564107622:2:7:171:77:-1:-1:-1:-1:-1:1:2:171:data:recv
1564107622:3:2:171:77:1:-1:2:2:-1:-1:-1:-1:data:sendUp
1564107627:2:7:172:77:-1:-1:-1:-1:-1:1:2:172:data:recv
1564107627:3:2:172:77:1:-1:2:2:-1:-1:-1:-1:data:sendUp
1564107632:2:7:173:77:-1:-1:-1:-1:-1:1:2:173:data:recv
1564107632:3:2:173:77:1:-1:2:2:-1:-1:-1:-1:data:sendUp
1564107637:2:7:174:77:-1:-1:-1:-1:-1:1:2:174:data:recv
1564107637:3:2:174:77:1:-1:2:2:-1:-1:-1:-1:data:sendUp
1564107642:2:7:175:77:-1:-1:-1:-1:-1:1:2:175:data:recv
1564107642:3:2:175:77:1:-1:2:2:-1:-1:-1:-1:data:sendUp
1564107647:2:7:176:77:-1:-1:-1:-1:-1:1:2:176:data:recv
1564107647:3:2:176:77:1:-1:2:2:-1:-1:-1:-1:data:sendUp
1564107652:2:7:177:77:-1:-1:-1:-1:-1:1:2:177:data:recv
1564107652:3:2:177:77:1:-1:2:2:-1:-1:-1:-1:data:sendUp
1564107657:2:7:178:77:-1:-1:-1:-1:-1:1:2:178:data:recv
1564107657:3:2:178:77:1:-1:2:2:-1:-1:-1:-1:data:sendUp
1564107667:2:7:180:77:-1:-1:-1:-1:-1:1:2:180:data:recv
1564107667:3:2:180:77:1:-1:2:2:-1:-1:-1:-1:data:sendUp
1564107672:2:7:181:77:-1:-1:-1:-1:-1:1:2:181:data:recv
1564107672:3:2:181:77:1:-1:2:2:-1:-1:-1:-1:data:sendUp
1564107678:2:7:182:77:-1:-1:-1:-1:-1:1:2:182:data:recv
1564107678:3:2:182:77:1:-1:2:2:-1:-1:-1:-1:data:sendUp
1564107683:2:7:183:77:-1:-1:-1:-1:-1:1:2:183:data:recv
1564107683:3:2:183:77:1:-1:2:2:-1:-1:-1:-1:data:sendUp
1564107683:3:2:1:9:2:-1:1:1:-1:-1:-1:-1:data:send
1564107683:2:7:9:2:-1:-1:-1:-1:-1:2:1:1:data:send
1564107685:2:7:-1:-1:-1:-1:-1:-1:-1:1:2:1:ack:recv
1564107688:2:7:184:77:-1:-1:-1:-1:-1:1:2:184:data:recv
1564107688:3:2:184:77:1:-1:2:2:-1:-1:-1:-1:data:sendUp
